Using pre-set license
Built from '2021.3/staging' branch; Version is '2021.3.10f1 (1c7d0df0160b) revision 1867021'; Using compiler version '192829333'; Build Type 'Release'
OS: 'Windows 11  (10.0.22000) 64bit Core' Language: 'zh' Physical Memory: 32429 MB
BatchMode: 1, IsHumanControllingUs: 0, StartBugReporterOnCrash: 0, Is64bit: 1, IsPro: 1

COMMAND LINE ARGUMENTS:
D:\2021.3.10f1\Editor\Unity.exe
-adb2
-batchMode
-noUpm
-name
AssetImportWorker8
-projectPath
D:/unity/My project (9)
-logFile
Logs/AssetImportWorker8.log
-srvPort
62299
Successfully changed project path to: D:/unity/My project (9)
D:/unity/My project (9)
[UnityMemory] Configuration Parameters - Can be set up in boot.config
    "memorysetup-bucket-allocator-granularity=16"
    "memorysetup-bucket-allocator-bucket-count=8"
    "memorysetup-bucket-allocator-block-size=33554432"
    "memorysetup-bucket-allocator-block-count=8"
    "memorysetup-main-allocator-block-size=16777216"
    "memorysetup-thread-allocator-block-size=16777216"
    "memorysetup-gfx-main-allocator-block-size=16777216"
    "memorysetup-gfx-thread-allocator-block-size=16777216"
    "memorysetup-cache-allocator-block-size=4194304"
    "memorysetup-typetree-allocator-block-size=2097152"
    "memorysetup-profiler-bucket-allocator-granularity=16"
    "memorysetup-profiler-bucket-allocator-bucket-count=8"
    "memorysetup-profiler-bucket-allocator-block-size=33554432"
    "memorysetup-profiler-bucket-allocator-block-count=8"
    "memorysetup-profiler-allocator-block-size=16777216"
    "memorysetup-profiler-editor-allocator-block-size=1048576"
    "memorysetup-temp-allocator-size-main=16777216"
    "memorysetup-job-temp-allocator-block-size=2097152"
    "memorysetup-job-temp-allocator-block-size-background=1048576"
    "memorysetup-job-temp-allocator-reduction-small-platforms=262144"
    "memorysetup-temp-allocator-size-background-worker=32768"
    "memorysetup-temp-allocator-size-job-worker=262144"
    "memorysetup-temp-allocator-size-preload-manager=33554432"
    "memorysetup-temp-allocator-size-nav-mesh-worker=65536"
    "memorysetup-temp-allocator-size-audio-worker=65536"
    "memorysetup-temp-allocator-size-cloud-worker=32768"
    "memorysetup-temp-allocator-size-gi-baking-worker=262144"
    "memorysetup-temp-allocator-size-gfx=262144"
Refreshing native plugins compatible for Editor in 69.19 ms, found 3 plugins.
Preloading 0 native plugins for Editor in 0.00 ms.
Initialize engine version: 2021.3.10f1 (1c7d0df0160b)
[Subsystems] Discovering subsystems at path D:/2021.3.10f1/Editor/Data/Resources/UnitySubsystems
[Subsystems] Discovering subsystems at path D:/unity/My project (9)/Assets
GfxDevice: creating device client; threaded=0; jobified=0
Direct3D:
    Version:  Direct3D 11.0 [level 11.1]
    Renderer: NVIDIA GeForce RTX 3080 Laptop GPU (ID=0x24dc)
    Vendor:   NVIDIA
    VRAM:     16202 MB
    Driver:   31.0.15.1659
Shader 'IL3DN/Terrain First-Pass': dependency 'BaseMapShader' shader 'ASESampleShaders/SimpleTerrainBase' not found
Initialize mono
Mono path[0] = 'D:/2021.3.10f1/Editor/Data/Managed'
Mono path[1] = 'D:/2021.3.10f1/Editor/Data/MonoBleedingEdge/lib/mono/unityjit-win32'
Mono config path = 'D:/2021.3.10f1/Editor/Data/MonoBleedingEdge/etc'
Using monoOptions --debugger-agent=transport=dt_socket,embedding=1,server=y,suspend=n,address=127.0.0.1:56552
Begin MonoManager ReloadAssembly
Registering precompiled unity dll's ...
Register platform support module: D:/2021.3.10f1/Editor/Data/PlaybackEngines/WebGLSupport/UnityEditor.WebGL.Extensions.dll
Register platform support module: D:/2021.3.10f1/Editor/Data/PlaybackEngines/AndroidPlayer/UnityEditor.Android.Extensions.dll
Register platform support module: D:/2021.3.10f1/Editor/Data/PlaybackEngines/WindowsStandaloneSupport/UnityEditor.WindowsStandalone.Extensions.dll
Registered in 0.001302 seconds.
Native extension for WindowsStandalone target not found
Native extension for Android target not found
Native extension for WebGL target not found
Refreshing native plugins compatible for Editor in 61.70 ms, found 3 plugins.
Preloading 0 native plugins for Editor in 0.00 ms.
Mono: successfully reloaded assembly
- Completed reload, in  0.487 seconds
Domain Reload Profiling:
	ReloadAssembly (488ms)
		BeginReloadAssembly (51ms)
			ExecutionOrderSort (0ms)
			DisableScriptedObjects (0ms)
			BackupInstance (0ms)
			ReleaseScriptingObjects (0ms)
			CreateAndSetChildDomain (1ms)
		EndReloadAssembly (364ms)
			LoadAssemblies (51ms)
			RebuildTransferFunctionScriptingTraits (0ms)
			SetupTypeCache (88ms)
			ReleaseScriptCaches (0ms)
			RebuildScriptCaches (29ms)
			SetupLoadedEditorAssemblies (213ms)
				LogAssemblyErrors (0ms)
				InitializePlatformSupportModulesInManaged (41ms)
				SetLoadedEditorAssemblies (0ms)
				RefreshPlugins (62ms)
				BeforeProcessingInitializeOnLoad (1ms)
				ProcessInitializeOnLoadAttributes (77ms)
				ProcessInitializeOnLoadMethodAttributes (32ms)
				AfterProcessingInitializeOnLoad (0ms)
				EditorAssembliesLoaded (0ms)
			ExecutionOrderSort2 (0ms)
			AwakeInstancesAfterBackupRestoration (0ms)
Platform modules already initialized, skipping
Registering precompiled user dll's ...
Registered in 0.002135 seconds.
Begin MonoManager ReloadAssembly
Symbol file LoadedFromMemory doesn't match image D:\unity\My project (9)\Library\PackageCache\com.unity.visualscripting@1.7.8\Editor\VisualScripting.Core\Dependencies\YamlDotNet\Unity.VisualScripting.YamlDotNet.dll
Symbol file LoadedFromMemory doesn't match image D:\unity\My project (9)\Library\PackageCache\com.unity.visualscripting@1.7.8\Editor\VisualScripting.Core\Dependencies\DotNetZip\Unity.VisualScripting.IonicZip.dll
Native extension for WindowsStandalone target not found
Native extension for Android target not found
Native extension for WebGL target not found
Refreshing native plugins compatible for Editor in 0.55 ms, found 3 plugins.
Preloading 0 native plugins for Editor in 0.00 ms.
Mono: successfully reloaded assembly
- Completed reload, in  0.888 seconds
Domain Reload Profiling:
	ReloadAssembly (888ms)
		BeginReloadAssembly (201ms)
			ExecutionOrderSort (0ms)
			DisableScriptedObjects (5ms)
			BackupInstance (0ms)
			ReleaseScriptingObjects (0ms)
			CreateAndSetChildDomain (125ms)
		EndReloadAssembly (603ms)
			LoadAssemblies (59ms)
			RebuildTransferFunctionScriptingTraits (0ms)
			SetupTypeCache (202ms)
			ReleaseScriptCaches (1ms)
			RebuildScriptCaches (41ms)
			SetupLoadedEditorAssemblies (275ms)
				LogAssemblyErrors (0ms)
				InitializePlatformSupportModulesInManaged (10ms)
				SetLoadedEditorAssemblies (0ms)
				RefreshPlugins (1ms)
				BeforeProcessingInitializeOnLoad (58ms)
				ProcessInitializeOnLoadAttributes (181ms)
				ProcessInitializeOnLoadMethodAttributes (24ms)
				AfterProcessingInitializeOnLoad (1ms)
				EditorAssembliesLoaded (0ms)
			ExecutionOrderSort2 (0ms)
			AwakeInstancesAfterBackupRestoration (4ms)
Platform modules already initialized, skipping
========================================================================
Worker process is ready to serve import requests
Shader 'IL3DN/Terrain First-Pass': dependency 'BaseMapShader' shader 'ASESampleShaders/SimpleTerrainBase' not found
Launched and connected shader compiler UnityShaderCompiler.exe after 0.03 seconds
Refreshing native plugins compatible for Editor in 0.93 ms, found 3 plugins.
Preloading 0 native plugins for Editor in 0.00 ms.
Unloading 3433 Unused Serialized files (Serialized files now loaded: 0)
Unloading 25 unused Assets / (59.1 KB). Loaded Objects now: 3919.
Memory consumption went from 146.4 MB to 146.4 MB.
Total: 2.847600 ms (FindLiveObjects: 0.251100 ms CreateObjectMapping: 0.079800 ms MarkObjects: 2.363100 ms  DeleteObjects: 0.152700 ms)

AssetImportParameters requested are different than current active one (requested -> active):
  custom:video-decoder-ogg-theora: a1e56fd34408186e4bbccfd4996cb3dc -> 
  custom:container-muxer-webm: aa71ff27fc2769a1b78a27578f13a17b -> 
  custom:container-demuxer-webm: 4f35f7cbe854078d1ac9338744f61a02 -> 
  custom:video-encoder-webm-vp8: eb34c28f22e8b96e1ab97ce403110664 -> 
  custom:video-codec-MediaFoundation-h265: 746d11721c4dcdbdad8f713fa42b33f4 -> 
  custom:audio-encoder-webm-vorbis: bf7c407c2cedff20999df2af8eb42d56 -> 
  custom:framework-win-MediaFoundation: 216162199b28c13a410421893ffa2e32 -> 
  custom:container-demuxer-ogg: 62fdf1f143b41e24485cea50d1cbac27 -> 
  custom:video-decoder-webm-vp8: 9c59270c3fd7afecdb556c50c9e8de78 -> 
  custom:audio-decoder-ogg-vorbis: bf7c407c2cedff20999df2af8eb42d56 -> 
========================================================================
Received Import Request.
  Time since last request: 94688.499746 seconds.
  path: Assets/Jiayu's assets/OrdosFX/PortalsPackage#2/Textures/_343-.png
  artifactKey: Guid(51c18d449cd12ce4aa29e53da1383802) Importer(815301076,1909f56bfc062723c751e8b465ee728b)
Start importing Assets/Jiayu's assets/OrdosFX/PortalsPackage#2/Textures/_343-.png using Guid(51c18d449cd12ce4aa29e53da1383802) Importer(815301076,1909f56bfc062723c751e8b465ee728b)  -> (artifact id: 'd54fac895d29d90689382a4ee2002805') in 0.120801 seconds 
========================================================================
Received Import Request.
  Time since last request: 0.000026 seconds.
  path: Assets/Jiayu's assets/OrdosFX/PortalsPackage#2/Textures/Side.png
  artifactKey: Guid(f4c5a12f05e7242419250771d09571eb) Importer(815301076,1909f56bfc062723c751e8b465ee728b)
Start importing Assets/Jiayu's assets/OrdosFX/PortalsPackage#2/Textures/Side.png using Guid(f4c5a12f05e7242419250771d09571eb) Importer(815301076,1909f56bfc062723c751e8b465ee728b)  -> (artifact id: 'af704c1eec077014a89cee4eed1dea88') in 0.017887 seconds 
========================================================================
Received Import Request.
  Time since last request: 0.000022 seconds.
  path: Assets/Jiayu's assets/OrdosFX/PortalsPackage#2/Textures/Shine.png
  artifactKey: Guid(f5e0584f5ccb65d4399fdbe4de35df48) Importer(815301076,1909f56bfc062723c751e8b465ee728b)
Start importing Assets/Jiayu's assets/OrdosFX/PortalsPackage#2/Textures/Shine.png using Guid(f5e0584f5ccb65d4399fdbe4de35df48) Importer(815301076,1909f56bfc062723c751e8b465ee728b)  -> (artifact id: 'e5987c44df4e970fce3929350e4b6b11') in 0.013997 seconds 
========================================================================
Received Import Request.
  Time since last request: 0.000023 seconds.
  path: Assets/Jiayu's assets/OrdosFX/PortalsPackage#2/Textures/compass2.png
  artifactKey: Guid(899ad5d7f3067b54a8502ead4a8abfba) Importer(815301076,1909f56bfc062723c751e8b465ee728b)
Start importing Assets/Jiayu's assets/OrdosFX/PortalsPackage#2/Textures/compass2.png using Guid(899ad5d7f3067b54a8502ead4a8abfba) Importer(815301076,1909f56bfc062723c751e8b465ee728b)  -> (artifact id: 'e0b3589e5f332af148622b0de41755c7') in 0.019896 seconds 
========================================================================
Received Import Request.
  Time since last request: 13.693732 seconds.
  path: Assets/Jiayu's assets/OrdosFX/PortalsPackage#2/Prefabs/Portal1.prefab
  artifactKey: Guid(79c07edbbba40324790425ba5d425e4a) Importer(815301076,1909f56bfc062723c751e8b465ee728b)
Start importing Assets/Jiayu's assets/OrdosFX/PortalsPackage#2/Prefabs/Portal1.prefab using Guid(79c07edbbba40324790425ba5d425e4a) Importer(815301076,1909f56bfc062723c751e8b465ee728b)  -> (artifact id: '1a7ca958dd183a68e298da908ee3a6e3') in 0.026695 seconds 
========================================================================
Received Import Request.
  Time since last request: 0.000018 seconds.
  path: Assets/Jiayu's assets/OrdosFX/PortalsPackage#2/Prefabs/Portal5.prefab
  artifactKey: Guid(fc9b5fc3ed71a2540b1d13c814e546d6) Importer(815301076,1909f56bfc062723c751e8b465ee728b)
Start importing Assets/Jiayu's assets/OrdosFX/PortalsPackage#2/Prefabs/Portal5.prefab using Guid(fc9b5fc3ed71a2540b1d13c814e546d6) Importer(815301076,1909f56bfc062723c751e8b465ee728b)  -> (artifact id: '0e6603386e6665edddf7115b6be391c2') in 0.029988 seconds 
========================================================================
Received Import Request.
  Time since last request: 0.000016 seconds.
  path: Assets/Jiayu's assets/OrdosFX/PortalsPackage#2/Prefabs/Portal6.prefab
  artifactKey: Guid(7f9f0a0ba3c8cc646931a65ede7ab1fd) Importer(815301076,1909f56bfc062723c751e8b465ee728b)
Start importing Assets/Jiayu's assets/OrdosFX/PortalsPackage#2/Prefabs/Portal6.prefab using Guid(7f9f0a0ba3c8cc646931a65ede7ab1fd) Importer(815301076,1909f56bfc062723c751e8b465ee728b)  -> (artifact id: '24b796ee93eb50a4644ce040bf1f7b4b') in 0.010598 seconds 
========================================================================
Received Import Request.
  Time since last request: 0.000019 seconds.
  path: Assets/Jiayu's assets/OrdosFX/PortalsPackage#2/Prefabs/Portal8.prefab
  artifactKey: Guid(1c64e07fc7169d34c96e89d93478b5d0) Importer(815301076,1909f56bfc062723c751e8b465ee728b)
Start importing Assets/Jiayu's assets/OrdosFX/PortalsPackage#2/Prefabs/Portal8.prefab using Guid(1c64e07fc7169d34c96e89d93478b5d0) Importer(815301076,1909f56bfc062723c751e8b465ee728b)  -> (artifact id: '18944ab0324782588d3f26c8ee3dab09') in 0.076220 seconds 
========================================================================
Received Prepare
Registering precompiled user dll's ...
Registered in 0.002179 seconds.
Begin MonoManager ReloadAssembly
Symbol file LoadedFromMemory doesn't match image D:\unity\My project (9)\Library\PackageCache\com.unity.visualscripting@1.7.8\Editor\VisualScripting.Core\Dependencies\YamlDotNet\Unity.VisualScripting.YamlDotNet.dll
Symbol file LoadedFromMemory doesn't match image D:\unity\My project (9)\Library\PackageCache\com.unity.visualscripting@1.7.8\Editor\VisualScripting.Core\Dependencies\DotNetZip\Unity.VisualScripting.IonicZip.dll
Native extension for WindowsStandalone target not found
Native extension for Android target not found
Native extension for WebGL target not found
Refreshing native plugins compatible for Editor in 0.92 ms, found 3 plugins.
Preloading 0 native plugins for Editor in 0.00 ms.
Mono: successfully reloaded assembly
- Completed reload, in  0.818 seconds
Domain Reload Profiling:
	ReloadAssembly (818ms)
		BeginReloadAssembly (101ms)
			ExecutionOrderSort (0ms)
			DisableScriptedObjects (4ms)
			BackupInstance (0ms)
			ReleaseScriptingObjects (0ms)
			CreateAndSetChildDomain (35ms)
		EndReloadAssembly (646ms)
			LoadAssemblies (50ms)
			RebuildTransferFunctionScriptingTraits (0ms)
			SetupTypeCache (221ms)
			ReleaseScriptCaches (1ms)
			RebuildScriptCaches (33ms)
			SetupLoadedEditorAssemblies (297ms)
				LogAssemblyErrors (0ms)
				InitializePlatformSupportModulesInManaged (20ms)
				SetLoadedEditorAssemblies (1ms)
				RefreshPlugins (1ms)
				BeforeProcessingInitializeOnLoad (48ms)
				ProcessInitializeOnLoadAttributes (200ms)
				ProcessInitializeOnLoadMethodAttributes (26ms)
				AfterProcessingInitializeOnLoad (2ms)
				EditorAssembliesLoaded (0ms)
			ExecutionOrderSort2 (0ms)
			AwakeInstancesAfterBackupRestoration (6ms)
Platform modules already initialized, skipping
Shader 'IL3DN/Terrain First-Pass': dependency 'BaseMapShader' shader 'ASESampleShaders/SimpleTerrainBase' not found
Refreshing native plugins compatible for Editor in 2.68 ms, found 3 plugins.
Preloading 0 native plugins for Editor in 0.00 ms.
Unloading 3405 Unused Serialized files (Serialized files now loaded: 0)
Unloading 19 unused Assets / (24.8 KB). Loaded Objects now: 3960.
Memory consumption went from 148.9 MB to 148.9 MB.
Total: 3.781200 ms (FindLiveObjects: 0.347500 ms CreateObjectMapping: 0.204600 ms MarkObjects: 3.149400 ms  DeleteObjects: 0.078500 ms)

AssetImportParameters requested are different than current active one (requested -> active):
  custom:video-decoder-ogg-theora: a1e56fd34408186e4bbccfd4996cb3dc -> 
  custom:container-muxer-webm: aa71ff27fc2769a1b78a27578f13a17b -> 
  custom:container-demuxer-webm: 4f35f7cbe854078d1ac9338744f61a02 -> 
  custom:video-encoder-webm-vp8: eb34c28f22e8b96e1ab97ce403110664 -> 
  custom:video-codec-MediaFoundation-h265: 746d11721c4dcdbdad8f713fa42b33f4 -> 
  custom:audio-encoder-webm-vorbis: bf7c407c2cedff20999df2af8eb42d56 -> 
  custom:framework-win-MediaFoundation: 216162199b28c13a410421893ffa2e32 -> 
  custom:container-demuxer-ogg: 62fdf1f143b41e24485cea50d1cbac27 -> 
  custom:video-decoder-webm-vp8: 9c59270c3fd7afecdb556c50c9e8de78 -> 
  custom:audio-decoder-ogg-vorbis: bf7c407c2cedff20999df2af8eb42d56 -> 
========================================================================
Received Prepare
Registering precompiled user dll's ...
Registered in 0.002365 seconds.
Begin MonoManager ReloadAssembly
Symbol file LoadedFromMemory doesn't match image D:\unity\My project (9)\Library\PackageCache\com.unity.visualscripting@1.7.8\Editor\VisualScripting.Core\Dependencies\YamlDotNet\Unity.VisualScripting.YamlDotNet.dll
Symbol file LoadedFromMemory doesn't match image D:\unity\My project (9)\Library\PackageCache\com.unity.visualscripting@1.7.8\Editor\VisualScripting.Core\Dependencies\DotNetZip\Unity.VisualScripting.IonicZip.dll
Native extension for WindowsStandalone target not found
Native extension for Android target not found
Native extension for WebGL target not found
Refreshing native plugins compatible for Editor in 0.73 ms, found 3 plugins.
Preloading 0 native plugins for Editor in 0.00 ms.
Mono: successfully reloaded assembly
- Completed reload, in  0.882 seconds
Domain Reload Profiling:
	ReloadAssembly (882ms)
		BeginReloadAssembly (106ms)
			ExecutionOrderSort (0ms)
			DisableScriptedObjects (7ms)
			BackupInstance (0ms)
			ReleaseScriptingObjects (0ms)
			CreateAndSetChildDomain (34ms)
		EndReloadAssembly (683ms)
			LoadAssemblies (53ms)
			RebuildTransferFunctionScriptingTraits (0ms)
			SetupTypeCache (231ms)
			ReleaseScriptCaches (1ms)
			RebuildScriptCaches (34ms)
			SetupLoadedEditorAssemblies (314ms)
				LogAssemblyErrors (0ms)
				InitializePlatformSupportModulesInManaged (19ms)
				SetLoadedEditorAssemblies (0ms)
				RefreshPlugins (1ms)
				BeforeProcessingInitializeOnLoad (48ms)
				ProcessInitializeOnLoadAttributes (210ms)
				ProcessInitializeOnLoadMethodAttributes (32ms)
				AfterProcessingInitializeOnLoad (2ms)
				EditorAssembliesLoaded (0ms)
			ExecutionOrderSort2 (0ms)
			AwakeInstancesAfterBackupRestoration (6ms)
Platform modules already initialized, skipping
Shader 'IL3DN/Terrain First-Pass': dependency 'BaseMapShader' shader 'ASESampleShaders/SimpleTerrainBase' not found
Refreshing native plugins compatible for Editor in 1.96 ms, found 3 plugins.
Preloading 0 native plugins for Editor in 0.00 ms.
Unloading 3405 Unused Serialized files (Serialized files now loaded: 0)
Unloading 18 unused Assets / (24.7 KB). Loaded Objects now: 3963.
Memory consumption went from 148.9 MB to 148.9 MB.
Total: 2.905100 ms (FindLiveObjects: 0.256600 ms CreateObjectMapping: 0.127300 ms MarkObjects: 2.491300 ms  DeleteObjects: 0.029200 ms)

AssetImportParameters requested are different than current active one (requested -> active):
  custom:video-decoder-ogg-theora: a1e56fd34408186e4bbccfd4996cb3dc -> 
  custom:container-muxer-webm: aa71ff27fc2769a1b78a27578f13a17b -> 
  custom:container-demuxer-webm: 4f35f7cbe854078d1ac9338744f61a02 -> 
  custom:video-encoder-webm-vp8: eb34c28f22e8b96e1ab97ce403110664 -> 
  custom:video-codec-MediaFoundation-h265: 746d11721c4dcdbdad8f713fa42b33f4 -> 
  custom:audio-encoder-webm-vorbis: bf7c407c2cedff20999df2af8eb42d56 -> 
  custom:framework-win-MediaFoundation: 216162199b28c13a410421893ffa2e32 -> 
  custom:container-demuxer-ogg: 62fdf1f143b41e24485cea50d1cbac27 -> 
  custom:video-decoder-webm-vp8: 9c59270c3fd7afecdb556c50c9e8de78 -> 
  custom:audio-decoder-ogg-vorbis: bf7c407c2cedff20999df2af8eb42d56 -> 
========================================================================
Received Prepare
Registering precompiled user dll's ...
Registered in 0.002231 seconds.
Begin MonoManager ReloadAssembly
Symbol file LoadedFromMemory doesn't match image D:\unity\My project (9)\Library\PackageCache\com.unity.visualscripting@1.7.8\Editor\VisualScripting.Core\Dependencies\YamlDotNet\Unity.VisualScripting.YamlDotNet.dll
Symbol file LoadedFromMemory doesn't match image D:\unity\My project (9)\Library\PackageCache\com.unity.visualscripting@1.7.8\Editor\VisualScripting.Core\Dependencies\DotNetZip\Unity.VisualScripting.IonicZip.dll
Native extension for WindowsStandalone target not found
Native extension for Android target not found
Native extension for WebGL target not found
Refreshing native plugins compatible for Editor in 0.64 ms, found 3 plugins.
Preloading 0 native plugins for Editor in 0.00 ms.
Mono: successfully reloaded assembly
- Completed reload, in  0.755 seconds
Domain Reload Profiling:
	ReloadAssembly (756ms)
		BeginReloadAssembly (98ms)
			ExecutionOrderSort (0ms)
			DisableScriptedObjects (4ms)
			BackupInstance (0ms)
			ReleaseScriptingObjects (0ms)
			CreateAndSetChildDomain (31ms)
		EndReloadAssembly (593ms)
			LoadAssemblies (49ms)
			RebuildTransferFunctionScriptingTraits (0ms)
			SetupTypeCache (194ms)
			ReleaseScriptCaches (1ms)
			RebuildScriptCaches (28ms)
			SetupLoadedEditorAssemblies (287ms)
				LogAssemblyErrors (0ms)
				InitializePlatformSupportModulesInManaged (17ms)
				SetLoadedEditorAssemblies (0ms)
				RefreshPlugins (1ms)
				BeforeProcessingInitializeOnLoad (44ms)
				ProcessInitializeOnLoadAttributes (195ms)
				ProcessInitializeOnLoadMethodAttributes (26ms)
				AfterProcessingInitializeOnLoad (4ms)
				EditorAssembliesLoaded (0ms)
			ExecutionOrderSort2 (0ms)
			AwakeInstancesAfterBackupRestoration (5ms)
Platform modules already initialized, skipping
Shader 'IL3DN/Terrain First-Pass': dependency 'BaseMapShader' shader 'ASESampleShaders/SimpleTerrainBase' not found
Refreshing native plugins compatible for Editor in 1.50 ms, found 3 plugins.
Preloading 0 native plugins for Editor in 0.00 ms.
Unloading 3405 Unused Serialized files (Serialized files now loaded: 0)
Unloading 18 unused Assets / (24.6 KB). Loaded Objects now: 3966.
Memory consumption went from 148.9 MB to 148.8 MB.
Total: 3.236200 ms (FindLiveObjects: 0.361300 ms CreateObjectMapping: 0.103900 ms MarkObjects: 2.747300 ms  DeleteObjects: 0.022500 ms)

AssetImportParameters requested are different than current active one (requested -> active):
  custom:video-decoder-ogg-theora: a1e56fd34408186e4bbccfd4996cb3dc -> 
  custom:container-muxer-webm: aa71ff27fc2769a1b78a27578f13a17b -> 
  custom:container-demuxer-webm: 4f35f7cbe854078d1ac9338744f61a02 -> 
  custom:video-encoder-webm-vp8: eb34c28f22e8b96e1ab97ce403110664 -> 
  custom:video-codec-MediaFoundation-h265: 746d11721c4dcdbdad8f713fa42b33f4 -> 
  custom:audio-encoder-webm-vorbis: bf7c407c2cedff20999df2af8eb42d56 -> 
  custom:framework-win-MediaFoundation: 216162199b28c13a410421893ffa2e32 -> 
  custom:container-demuxer-ogg: 62fdf1f143b41e24485cea50d1cbac27 -> 
  custom:video-decoder-webm-vp8: 9c59270c3fd7afecdb556c50c9e8de78 -> 
  custom:audio-decoder-ogg-vorbis: bf7c407c2cedff20999df2af8eb42d56 -> 
========================================================================
Received Prepare
Registering precompiled user dll's ...
Registered in 0.002183 seconds.
Begin MonoManager ReloadAssembly
Symbol file LoadedFromMemory doesn't match image D:\unity\My project (9)\Library\PackageCache\com.unity.visualscripting@1.7.8\Editor\VisualScripting.Core\Dependencies\YamlDotNet\Unity.VisualScripting.YamlDotNet.dll
Symbol file LoadedFromMemory doesn't match image D:\unity\My project (9)\Library\PackageCache\com.unity.visualscripting@1.7.8\Editor\VisualScripting.Core\Dependencies\DotNetZip\Unity.VisualScripting.IonicZip.dll
Native extension for WindowsStandalone target not found
Native extension for Android target not found
Native extension for WebGL target not found
Refreshing native plugins compatible for Editor in 0.72 ms, found 3 plugins.
Preloading 0 native plugins for Editor in 0.00 ms.
Mono: successfully reloaded assembly
- Completed reload, in  0.767 seconds
Domain Reload Profiling:
	ReloadAssembly (768ms)
		BeginReloadAssembly (99ms)
			ExecutionOrderSort (0ms)
			DisableScriptedObjects (4ms)
			BackupInstance (0ms)
			ReleaseScriptingObjects (0ms)
			CreateAndSetChildDomain (35ms)
		EndReloadAssembly (597ms)
			LoadAssemblies (47ms)
			RebuildTransferFunctionScriptingTraits (0ms)
			SetupTypeCache (219ms)
			ReleaseScriptCaches (1ms)
			RebuildScriptCaches (32ms)
			SetupLoadedEditorAssemblies (258ms)
				LogAssemblyErrors (0ms)
				InitializePlatformSupportModulesInManaged (18ms)
				SetLoadedEditorAssemblies (0ms)
				RefreshPlugins (1ms)
				BeforeProcessingInitializeOnLoad (48ms)
				ProcessInitializeOnLoadAttributes (167ms)
				ProcessInitializeOnLoadMethodAttributes (22ms)
				AfterProcessingInitializeOnLoad (1ms)
				EditorAssembliesLoaded (0ms)
			ExecutionOrderSort2 (0ms)
			AwakeInstancesAfterBackupRestoration (5ms)
Platform modules already initialized, skipping
Shader 'IL3DN/Terrain First-Pass': dependency 'BaseMapShader' shader 'ASESampleShaders/SimpleTerrainBase' not found
Refreshing native plugins compatible for Editor in 1.77 ms, found 3 plugins.
Preloading 0 native plugins for Editor in 0.00 ms.
Unloading 3405 Unused Serialized files (Serialized files now loaded: 0)
Unloading 18 unused Assets / (24.6 KB). Loaded Objects now: 3969.
Memory consumption went from 149.0 MB to 148.9 MB.
Total: 3.191700 ms (FindLiveObjects: 0.237100 ms CreateObjectMapping: 0.083800 ms MarkObjects: 2.845400 ms  DeleteObjects: 0.024400 ms)

AssetImportParameters requested are different than current active one (requested -> active):
  custom:video-decoder-ogg-theora: a1e56fd34408186e4bbccfd4996cb3dc -> 
  custom:container-muxer-webm: aa71ff27fc2769a1b78a27578f13a17b -> 
  custom:container-demuxer-webm: 4f35f7cbe854078d1ac9338744f61a02 -> 
  custom:video-encoder-webm-vp8: eb34c28f22e8b96e1ab97ce403110664 -> 
  custom:video-codec-MediaFoundation-h265: 746d11721c4dcdbdad8f713fa42b33f4 -> 
  custom:audio-encoder-webm-vorbis: bf7c407c2cedff20999df2af8eb42d56 -> 
  custom:framework-win-MediaFoundation: 216162199b28c13a410421893ffa2e32 -> 
  custom:container-demuxer-ogg: 62fdf1f143b41e24485cea50d1cbac27 -> 
  custom:video-decoder-webm-vp8: 9c59270c3fd7afecdb556c50c9e8de78 -> 
  custom:audio-decoder-ogg-vorbis: bf7c407c2cedff20999df2af8eb42d56 -> 
========================================================================
Received Prepare
Registering precompiled user dll's ...
Registered in 0.001829 seconds.
Begin MonoManager ReloadAssembly
Symbol file LoadedFromMemory doesn't match image D:\unity\My project (9)\Library\PackageCache\com.unity.visualscripting@1.7.8\Editor\VisualScripting.Core\Dependencies\YamlDotNet\Unity.VisualScripting.YamlDotNet.dll
Symbol file LoadedFromMemory doesn't match image D:\unity\My project (9)\Library\PackageCache\com.unity.visualscripting@1.7.8\Editor\VisualScripting.Core\Dependencies\DotNetZip\Unity.VisualScripting.IonicZip.dll
Native extension for WindowsStandalone target not found
Native extension for Android target not found
Native extension for WebGL target not found
Refreshing native plugins compatible for Editor in 0.61 ms, found 3 plugins.
Preloading 0 native plugins for Editor in 0.00 ms.
Mono: successfully reloaded assembly
- Completed reload, in  0.767 seconds
Domain Reload Profiling:
	ReloadAssembly (768ms)
		BeginReloadAssembly (101ms)
			ExecutionOrderSort (0ms)
			DisableScriptedObjects (4ms)
			BackupInstance (0ms)
			ReleaseScriptingObjects (0ms)
			CreateAndSetChildDomain (31ms)
		EndReloadAssembly (596ms)
			LoadAssemblies (54ms)
			RebuildTransferFunctionScriptingTraits (0ms)
			SetupTypeCache (198ms)
			ReleaseScriptCaches (1ms)
			RebuildScriptCaches (29ms)
			SetupLoadedEditorAssemblies (278ms)
				LogAssemblyErrors (0ms)
				InitializePlatformSupportModulesInManaged (19ms)
				SetLoadedEditorAssemblies (0ms)
				RefreshPlugins (1ms)
				BeforeProcessingInitializeOnLoad (45ms)
				ProcessInitializeOnLoadAttributes (185ms)
				ProcessInitializeOnLoadMethodAttributes (27ms)
				AfterProcessingInitializeOnLoad (2ms)
				EditorAssembliesLoaded (0ms)
			ExecutionOrderSort2 (0ms)
			AwakeInstancesAfterBackupRestoration (6ms)
Platform modules already initialized, skipping
Shader 'IL3DN/Terrain First-Pass': dependency 'BaseMapShader' shader 'ASESampleShaders/SimpleTerrainBase' not found
Refreshing native plugins compatible for Editor in 1.85 ms, found 3 plugins.
Preloading 0 native plugins for Editor in 0.00 ms.
Unloading 3405 Unused Serialized files (Serialized files now loaded: 0)
Unloading 18 unused Assets / (24.7 KB). Loaded Objects now: 3972.
Memory consumption went from 149.0 MB to 148.9 MB.
Total: 3.520500 ms (FindLiveObjects: 0.315500 ms CreateObjectMapping: 0.181400 ms MarkObjects: 2.991200 ms  DeleteObjects: 0.031600 ms)

AssetImportParameters requested are different than current active one (requested -> active):
  custom:video-decoder-ogg-theora: a1e56fd34408186e4bbccfd4996cb3dc -> 
  custom:container-muxer-webm: aa71ff27fc2769a1b78a27578f13a17b -> 
  custom:container-demuxer-webm: 4f35f7cbe854078d1ac9338744f61a02 -> 
  custom:video-encoder-webm-vp8: eb34c28f22e8b96e1ab97ce403110664 -> 
  custom:video-codec-MediaFoundation-h265: 746d11721c4dcdbdad8f713fa42b33f4 -> 
  custom:audio-encoder-webm-vorbis: bf7c407c2cedff20999df2af8eb42d56 -> 
  custom:framework-win-MediaFoundation: 216162199b28c13a410421893ffa2e32 -> 
  custom:container-demuxer-ogg: 62fdf1f143b41e24485cea50d1cbac27 -> 
  custom:video-decoder-webm-vp8: 9c59270c3fd7afecdb556c50c9e8de78 -> 
  custom:audio-decoder-ogg-vorbis: bf7c407c2cedff20999df2af8eb42d56 -> 
========================================================================
Received Prepare
Registering precompiled user dll's ...
Registered in 0.001979 seconds.
Begin MonoManager ReloadAssembly
Symbol file LoadedFromMemory doesn't match image D:\unity\My project (9)\Library\PackageCache\com.unity.visualscripting@1.7.8\Editor\VisualScripting.Core\Dependencies\YamlDotNet\Unity.VisualScripting.YamlDotNet.dll
Symbol file LoadedFromMemory doesn't match image D:\unity\My project (9)\Library\PackageCache\com.unity.visualscripting@1.7.8\Editor\VisualScripting.Core\Dependencies\DotNetZip\Unity.VisualScripting.IonicZip.dll
Native extension for WindowsStandalone target not found
Native extension for Android target not found
Native extension for WebGL target not found
Refreshing native plugins compatible for Editor in 0.62 ms, found 3 plugins.
Preloading 0 native plugins for Editor in 0.00 ms.
Mono: successfully reloaded assembly
- Completed reload, in  0.758 seconds
Domain Reload Profiling:
	ReloadAssembly (759ms)
		BeginReloadAssembly (92ms)
			ExecutionOrderSort (0ms)
			DisableScriptedObjects (4ms)
			BackupInstance (0ms)
			ReleaseScriptingObjects (0ms)
			CreateAndSetChildDomain (29ms)
		EndReloadAssembly (602ms)
			LoadAssemblies (48ms)
			RebuildTransferFunctionScriptingTraits (0ms)
			SetupTypeCache (199ms)
			ReleaseScriptCaches (1ms)
			RebuildScriptCaches (30ms)
			SetupLoadedEditorAssemblies (280ms)
				LogAssemblyErrors (0ms)
				InitializePlatformSupportModulesInManaged (16ms)
				SetLoadedEditorAssemblies (0ms)
				RefreshPlugins (1ms)
				BeforeProcessingInitializeOnLoad (47ms)
				ProcessInitializeOnLoadAttributes (188ms)
				ProcessInitializeOnLoadMethodAttributes (26ms)
				AfterProcessingInitializeOnLoad (2ms)
				EditorAssembliesLoaded (0ms)
			ExecutionOrderSort2 (0ms)
			AwakeInstancesAfterBackupRestoration (5ms)
Platform modules already initialized, skipping
Shader 'IL3DN/Terrain First-Pass': dependency 'BaseMapShader' shader 'ASESampleShaders/SimpleTerrainBase' not found
Refreshing native plugins compatible for Editor in 1.46 ms, found 3 plugins.
Preloading 0 native plugins for Editor in 0.00 ms.
Unloading 3405 Unused Serialized files (Serialized files now loaded: 0)
Unloading 18 unused Assets / (24.7 KB). Loaded Objects now: 3975.
Memory consumption went from 148.9 MB to 148.9 MB.
Total: 2.848400 ms (FindLiveObjects: 0.264900 ms CreateObjectMapping: 0.202100 ms MarkObjects: 2.357400 ms  DeleteObjects: 0.023200 ms)

AssetImportParameters requested are different than current active one (requested -> active):
  custom:video-decoder-ogg-theora: a1e56fd34408186e4bbccfd4996cb3dc -> 
  custom:container-muxer-webm: aa71ff27fc2769a1b78a27578f13a17b -> 
  custom:container-demuxer-webm: 4f35f7cbe854078d1ac9338744f61a02 -> 
  custom:video-encoder-webm-vp8: eb34c28f22e8b96e1ab97ce403110664 -> 
  custom:video-codec-MediaFoundation-h265: 746d11721c4dcdbdad8f713fa42b33f4 -> 
  custom:audio-encoder-webm-vorbis: bf7c407c2cedff20999df2af8eb42d56 -> 
  custom:framework-win-MediaFoundation: 216162199b28c13a410421893ffa2e32 -> 
  custom:container-demuxer-ogg: 62fdf1f143b41e24485cea50d1cbac27 -> 
  custom:video-decoder-webm-vp8: 9c59270c3fd7afecdb556c50c9e8de78 -> 
  custom:audio-decoder-ogg-vorbis: bf7c407c2cedff20999df2af8eb42d56 -> 
========================================================================
Received Import Request.
  Time since last request: 184.723671 seconds.
  path: Assets/Jiayu's assets/OrdosFX/PortalsPackage#2/Materials/Portal6/ColorTrails 1.mat
  artifactKey: Guid(aab5272981b97134ea9a0883469ea6be) Importer(815301076,1909f56bfc062723c751e8b465ee728b)
Start importing Assets/Jiayu's assets/OrdosFX/PortalsPackage#2/Materials/Portal6/ColorTrails 1.mat using Guid(aab5272981b97134ea9a0883469ea6be) Importer(815301076,1909f56bfc062723c751e8b465ee728b)  -> (artifact id: 'db385ba1737ff98b81770b37a6656ecc') in 0.074280 seconds 
========================================================================
Received Import Request.
  Time since last request: 2.028406 seconds.
  path: Assets/Jiayu's assets/OrdosFX/PortalsPackage#2/Materials/Portal6/ColorParticles 5.mat
  artifactKey: Guid(896e69b013f4d2d4cbd4b7235b672848) Importer(815301076,1909f56bfc062723c751e8b465ee728b)
Start importing Assets/Jiayu's assets/OrdosFX/PortalsPackage#2/Materials/Portal6/ColorParticles 5.mat using Guid(896e69b013f4d2d4cbd4b7235b672848) Importer(815301076,1909f56bfc062723c751e8b465ee728b)  -> (artifact id: '392253e00b1430ee96f258f51ffe35d8') in 0.011475 seconds 
========================================================================
Received Import Request.
  Time since last request: 0.361569 seconds.
  path: Assets/Jiayu's assets/OrdosFX/PortalsPackage#2/Materials/Portal6/ColorParticles 4.mat
  artifactKey: Guid(f94b90ffd9a28204cb5f90732436c3af) Importer(815301076,1909f56bfc062723c751e8b465ee728b)
Start importing Assets/Jiayu's assets/OrdosFX/PortalsPackage#2/Materials/Portal6/ColorParticles 4.mat using Guid(f94b90ffd9a28204cb5f90732436c3af) Importer(815301076,1909f56bfc062723c751e8b465ee728b)  -> (artifact id: '7791cb35b5ffe064d663defee702ab62') in 0.010951 seconds 
========================================================================
Received Import Request.
  Time since last request: 0.582064 seconds.
  path: Assets/Jiayu's assets/OrdosFX/PortalsPackage#2/Materials/Portal6/we.mat
  artifactKey: Guid(1c7d04d42451bc143bdb4668609935dd) Importer(815301076,1909f56bfc062723c751e8b465ee728b)
Start importing Assets/Jiayu's assets/OrdosFX/PortalsPackage#2/Materials/Portal6/we.mat using Guid(1c7d04d42451bc143bdb4668609935dd) Importer(815301076,1909f56bfc062723c751e8b465ee728b)  -> (artifact id: 'e2a54afee9263bbaac0946eec6dc21ed') in 0.019499 seconds 
========================================================================
Received Prepare
Registering precompiled user dll's ...
Registered in 0.002723 seconds.
Begin MonoManager ReloadAssembly
Symbol file LoadedFromMemory doesn't match image D:\unity\My project (9)\Library\PackageCache\com.unity.visualscripting@1.7.8\Editor\VisualScripting.Core\Dependencies\YamlDotNet\Unity.VisualScripting.YamlDotNet.dll
Symbol file LoadedFromMemory doesn't match image D:\unity\My project (9)\Library\PackageCache\com.unity.visualscripting@1.7.8\Editor\VisualScripting.Core\Dependencies\DotNetZip\Unity.VisualScripting.IonicZip.dll
Native extension for WindowsStandalone target not found
Native extension for Android target not found
Native extension for WebGL target not found
Refreshing native plugins compatible for Editor in 0.69 ms, found 3 plugins.
Preloading 0 native plugins for Editor in 0.00 ms.
Mono: successfully reloaded assembly
- Completed reload, in  0.809 seconds
Domain Reload Profiling:
	ReloadAssembly (810ms)
		BeginReloadAssembly (108ms)
			ExecutionOrderSort (0ms)
			DisableScriptedObjects (3ms)
			BackupInstance (0ms)
			ReleaseScriptingObjects (0ms)
			CreateAndSetChildDomain (37ms)
		EndReloadAssembly (634ms)
			LoadAssemblies (58ms)
			RebuildTransferFunctionScriptingTraits (0ms)
			SetupTypeCache (215ms)
			ReleaseScriptCaches (1ms)
			RebuildScriptCaches (39ms)
			SetupLoadedEditorAssemblies (278ms)
				LogAssemblyErrors (0ms)
				InitializePlatformSupportModulesInManaged (18ms)
				SetLoadedEditorAssemblies (0ms)
				RefreshPlugins (1ms)
				BeforeProcessingInitializeOnLoad (46ms)
				ProcessInitializeOnLoadAttributes (183ms)
				ProcessInitializeOnLoadMethodAttributes (27ms)
				AfterProcessingInitializeOnLoad (2ms)
				EditorAssembliesLoaded (0ms)
			ExecutionOrderSort2 (0ms)
			AwakeInstancesAfterBackupRestoration (5ms)
Platform modules already initialized, skipping
Shader 'IL3DN/Terrain First-Pass': dependency 'BaseMapShader' shader 'ASESampleShaders/SimpleTerrainBase' not found
Refreshing native plugins compatible for Editor in 1.72 ms, found 3 plugins.
Preloading 0 native plugins for Editor in 0.00 ms.
Unloading 3405 Unused Serialized files (Serialized files now loaded: 0)
Unloading 18 unused Assets / (24.6 KB). Loaded Objects now: 3987.
Memory consumption went from 149.0 MB to 149.0 MB.
Total: 2.593500 ms (FindLiveObjects: 0.246900 ms CreateObjectMapping: 0.101100 ms MarkObjects: 2.223300 ms  DeleteObjects: 0.021200 ms)

AssetImportParameters requested are different than current active one (requested -> active):
  custom:video-decoder-ogg-theora: a1e56fd34408186e4bbccfd4996cb3dc -> 
  custom:container-muxer-webm: aa71ff27fc2769a1b78a27578f13a17b -> 
  custom:container-demuxer-webm: 4f35f7cbe854078d1ac9338744f61a02 -> 
  custom:video-encoder-webm-vp8: eb34c28f22e8b96e1ab97ce403110664 -> 
  custom:video-codec-MediaFoundation-h265: 746d11721c4dcdbdad8f713fa42b33f4 -> 
  custom:audio-encoder-webm-vorbis: bf7c407c2cedff20999df2af8eb42d56 -> 
  custom:framework-win-MediaFoundation: 216162199b28c13a410421893ffa2e32 -> 
  custom:container-demuxer-ogg: 62fdf1f143b41e24485cea50d1cbac27 -> 
  custom:video-decoder-webm-vp8: 9c59270c3fd7afecdb556c50c9e8de78 -> 
  custom:audio-decoder-ogg-vorbis: bf7c407c2cedff20999df2af8eb42d56 -> 
========================================================================
Received Prepare
Registering precompiled user dll's ...
Registered in 0.001803 seconds.
Begin MonoManager ReloadAssembly
Symbol file LoadedFromMemory doesn't match image D:\unity\My project (9)\Library\PackageCache\com.unity.visualscripting@1.7.8\Editor\VisualScripting.Core\Dependencies\YamlDotNet\Unity.VisualScripting.YamlDotNet.dll
Symbol file LoadedFromMemory doesn't match image D:\unity\My project (9)\Library\PackageCache\com.unity.visualscripting@1.7.8\Editor\VisualScripting.Core\Dependencies\DotNetZip\Unity.VisualScripting.IonicZip.dll
Native extension for WindowsStandalone target not found
Native extension for Android target not found
Native extension for WebGL target not found
Refreshing native plugins compatible for Editor in 0.80 ms, found 3 plugins.
Preloading 0 native plugins for Editor in 0.00 ms.
Mono: successfully reloaded assembly
- Completed reload, in  0.771 seconds
Domain Reload Profiling:
	ReloadAssembly (771ms)
		BeginReloadAssembly (101ms)
			ExecutionOrderSort (0ms)
			DisableScriptedObjects (4ms)
			BackupInstance (0ms)
			ReleaseScriptingObjects (0ms)
			CreateAndSetChildDomain (29ms)
		EndReloadAssembly (601ms)
			LoadAssemblies (61ms)
			RebuildTransferFunctionScriptingTraits (0ms)
			SetupTypeCache (213ms)
			ReleaseScriptCaches (2ms)
			RebuildScriptCaches (34ms)
			SetupLoadedEditorAssemblies (258ms)
				LogAssemblyErrors (0ms)
				InitializePlatformSupportModulesInManaged (18ms)
				SetLoadedEditorAssemblies (0ms)
				RefreshPlugins (1ms)
				BeforeProcessingInitializeOnLoad (49ms)
				ProcessInitializeOnLoadAttributes (169ms)
				ProcessInitializeOnLoadMethodAttributes (20ms)
				AfterProcessingInitializeOnLoad (1ms)
				EditorAssembliesLoaded (0ms)
			ExecutionOrderSort2 (0ms)
			AwakeInstancesAfterBackupRestoration (4ms)
Platform modules already initialized, skipping
Shader 'IL3DN/Terrain First-Pass': dependency 'BaseMapShader' shader 'ASESampleShaders/SimpleTerrainBase' not found
Refreshing native plugins compatible for Editor in 1.49 ms, found 3 plugins.
Preloading 0 native plugins for Editor in 0.00 ms.
Unloading 3396 Unused Serialized files (Serialized files now loaded: 0)
Unloading 27 unused Assets / (24.7 KB). Loaded Objects now: 3981.
Memory consumption went from 148.7 MB to 148.7 MB.
Total: 2.355500 ms (FindLiveObjects: 0.221900 ms CreateObjectMapping: 0.080500 ms MarkObjects: 2.015700 ms  DeleteObjects: 0.036400 ms)

AssetImportParameters requested are different than current active one (requested -> active):
  custom:video-decoder-ogg-theora: a1e56fd34408186e4bbccfd4996cb3dc -> 
  custom:container-muxer-webm: aa71ff27fc2769a1b78a27578f13a17b -> 
  custom:container-demuxer-webm: 4f35f7cbe854078d1ac9338744f61a02 -> 
  custom:video-encoder-webm-vp8: eb34c28f22e8b96e1ab97ce403110664 -> 
  custom:video-codec-MediaFoundation-h265: 746d11721c4dcdbdad8f713fa42b33f4 -> 
  custom:audio-encoder-webm-vorbis: bf7c407c2cedff20999df2af8eb42d56 -> 
  custom:framework-win-MediaFoundation: 216162199b28c13a410421893ffa2e32 -> 
  custom:container-demuxer-ogg: 62fdf1f143b41e24485cea50d1cbac27 -> 
  custom:video-decoder-webm-vp8: 9c59270c3fd7afecdb556c50c9e8de78 -> 
  custom:audio-decoder-ogg-vorbis: bf7c407c2cedff20999df2af8eb42d56 -> 
========================================================================
Received Import Request.
  Time since last request: 185.996803 seconds.
  path: Assets/unity魔法粒子特效Magic Arsenal 2.52_爱给网_aigei_com/unity魔法粒子特效Magic Arsenal 2.52
  artifactKey: Guid(c5e3e08b4fb1c3c4f9f84e2190e19c2e) Importer(815301076,1909f56bfc062723c751e8b465ee728b)
Start importing Assets/unity魔法粒子特效Magic Arsenal 2.52_爱给网_aigei_com/unity魔法粒子特效Magic Arsenal 2.52 using Guid(c5e3e08b4fb1c3c4f9f84e2190e19c2e) Importer(815301076,1909f56bfc062723c751e8b465ee728b)  -> (artifact id: 'c0218555257b0637bcadea1407c185b3') in 0.009603 seconds 
========================================================================
Received Import Request.
  Time since last request: 0.440525 seconds.
  path: Assets/unity魔法粒子特效Magic Arsenal 2.52_爱给网_aigei_com/unity魔法粒子特效Magic Arsenal 2.52/Magic Arsenal 2.52.unitypackage
  artifactKey: Guid(4f5b9bc045c033040b094f5648169ffa) Importer(815301076,1909f56bfc062723c751e8b465ee728b)
Start importing Assets/unity魔法粒子特效Magic Arsenal 2.52_爱给网_aigei_com/unity魔法粒子特效Magic Arsenal 2.52/Magic Arsenal 2.52.unitypackage using Guid(4f5b9bc045c033040b094f5648169ffa) Importer(815301076,1909f56bfc062723c751e8b465ee728b)  -> (artifact id: '3dda9af451d14589128f8361c1ef671b') in 0.023576 seconds 
========================================================================
Received Prepare
Registering precompiled user dll's ...
Registered in 0.002210 seconds.
Begin MonoManager ReloadAssembly
Symbol file LoadedFromMemory doesn't match image D:\unity\My project (9)\Library\PackageCache\com.unity.visualscripting@1.7.8\Editor\VisualScripting.Core\Dependencies\YamlDotNet\Unity.VisualScripting.YamlDotNet.dll
Symbol file LoadedFromMemory doesn't match image D:\unity\My project (9)\Library\PackageCache\com.unity.visualscripting@1.7.8\Editor\VisualScripting.Core\Dependencies\DotNetZip\Unity.VisualScripting.IonicZip.dll
Native extension for WindowsStandalone target not found
Native extension for Android target not found
Native extension for WebGL target not found
Refreshing native plugins compatible for Editor in 0.59 ms, found 3 plugins.
Preloading 0 native plugins for Editor in 0.00 ms.
Mono: successfully reloaded assembly
- Completed reload, in  0.734 seconds
Domain Reload Profiling:
	ReloadAssembly (735ms)
		BeginReloadAssembly (107ms)
			ExecutionOrderSort (0ms)
			DisableScriptedObjects (4ms)
			BackupInstance (0ms)
			ReleaseScriptingObjects (0ms)
			CreateAndSetChildDomain (35ms)
		EndReloadAssembly (560ms)
			LoadAssemblies (57ms)
			RebuildTransferFunctionScriptingTraits (0ms)
			SetupTypeCache (213ms)
			ReleaseScriptCaches (2ms)
			RebuildScriptCaches (35ms)
			SetupLoadedEditorAssemblies (226ms)
				LogAssemblyErrors (0ms)
				InitializePlatformSupportModulesInManaged (15ms)
				SetLoadedEditorAssemblies (0ms)
				RefreshPlugins (1ms)
				BeforeProcessingInitializeOnLoad (41ms)
				ProcessInitializeOnLoadAttributes (148ms)
				ProcessInitializeOnLoadMethodAttributes (19ms)
				AfterProcessingInitializeOnLoad (1ms)
				EditorAssembliesLoaded (0ms)
			ExecutionOrderSort2 (0ms)
			AwakeInstancesAfterBackupRestoration (4ms)
Platform modules already initialized, skipping
Shader 'IL3DN/Terrain First-Pass': dependency 'BaseMapShader' shader 'ASESampleShaders/SimpleTerrainBase' not found
Refreshing native plugins compatible for Editor in 1.31 ms, found 3 plugins.
Preloading 0 native plugins for Editor in 0.00 ms.
Unloading 3405 Unused Serialized files (Serialized files now loaded: 0)
Unloading 18 unused Assets / (24.7 KB). Loaded Objects now: 3994.
Memory consumption went from 149.4 MB to 149.4 MB.
Total: 2.292400 ms (FindLiveObjects: 0.219600 ms CreateObjectMapping: 0.072200 ms MarkObjects: 1.981400 ms  DeleteObjects: 0.018400 ms)

AssetImportParameters requested are different than current active one (requested -> active):
  custom:video-decoder-ogg-theora: a1e56fd34408186e4bbccfd4996cb3dc -> 
  custom:container-muxer-webm: aa71ff27fc2769a1b78a27578f13a17b -> 
  custom:container-demuxer-webm: 4f35f7cbe854078d1ac9338744f61a02 -> 
  custom:video-encoder-webm-vp8: eb34c28f22e8b96e1ab97ce403110664 -> 
  custom:video-codec-MediaFoundation-h265: 746d11721c4dcdbdad8f713fa42b33f4 -> 
  custom:audio-encoder-webm-vorbis: bf7c407c2cedff20999df2af8eb42d56 -> 
  custom:framework-win-MediaFoundation: 216162199b28c13a410421893ffa2e32 -> 
  custom:container-demuxer-ogg: 62fdf1f143b41e24485cea50d1cbac27 -> 
  custom:video-decoder-webm-vp8: 9c59270c3fd7afecdb556c50c9e8de78 -> 
  custom:audio-decoder-ogg-vorbis: bf7c407c2cedff20999df2af8eb42d56 -> 
========================================================================
Received Import Request.
  Time since last request: 43.970251 seconds.
  path: Assets/MagicArsenal/Demo
  artifactKey: Guid(335dae17206a0e248b2c4d3651009259) Importer(815301076,1909f56bfc062723c751e8b465ee728b)
Start importing Assets/MagicArsenal/Demo using Guid(335dae17206a0e248b2c4d3651009259) Importer(815301076,1909f56bfc062723c751e8b465ee728b)  -> (artifact id: '9f6cbdb365857527bdb11f6592a2292c') in 0.011077 seconds 
========================================================================
Received Import Request.
  Time since last request: 6.687101 seconds.
  path: Assets/MagicArsenal/Effects/Prefabs
  artifactKey: Guid(72634127c2d690e4fb296a4319563f6e) Importer(815301076,1909f56bfc062723c751e8b465ee728b)
Start importing Assets/MagicArsenal/Effects/Prefabs using Guid(72634127c2d690e4fb296a4319563f6e) Importer(815301076,1909f56bfc062723c751e8b465ee728b)  -> (artifact id: '9208eef0a69587c54c1f673d9d474141') in 0.004582 seconds 
========================================================================
Received Import Request.
  Time since last request: 1.760009 seconds.
  path: Assets/MagicArsenal/Effects/Prefabs/Aura
  artifactKey: Guid(dc627c04120b1914db2abf2b631fd4fe) Importer(815301076,1909f56bfc062723c751e8b465ee728b)
Start importing Assets/MagicArsenal/Effects/Prefabs/Aura using Guid(dc627c04120b1914db2abf2b631fd4fe) Importer(815301076,1909f56bfc062723c751e8b465ee728b)  -> (artifact id: 'ffd41d499494c35b5853d8e98f16c153') in 0.004751 seconds 
========================================================================
Received Import Request.
  Time since last request: 0.752296 seconds.
  path: Assets/MagicArsenal/Effects/Prefabs/Aura/AuraRing
  artifactKey: Guid(c1940370d40abc9478fdf4264995dc93) Importer(815301076,1909f56bfc062723c751e8b465ee728b)
Start importing Assets/MagicArsenal/Effects/Prefabs/Aura/AuraRing using Guid(c1940370d40abc9478fdf4264995dc93) Importer(815301076,1909f56bfc062723c751e8b465ee728b)  -> (artifact id: '878c388947cd194933b69548c2fddce9') in 0.004898 seconds 
========================================================================
Received Import Request.
  Time since last request: 0.046168 seconds.
  path: Assets/MagicArsenal/Effects/Prefabs/Aura/AuraRing/AuraRingArcane.prefab
  artifactKey: Guid(c34a02a9677f6bb47b7aef417e2828be) Importer(815301076,1909f56bfc062723c751e8b465ee728b)
Start importing Assets/MagicArsenal/Effects/Prefabs/Aura/AuraRing/AuraRingArcane.prefab using Guid(c34a02a9677f6bb47b7aef417e2828be) Importer(815301076,1909f56bfc062723c751e8b465ee728b)  -> (artifact id: 'aa26b90c792b2e9f1e6504d882f445e3') in 0.092010 seconds 
========================================================================
Received Import Request.
  Time since last request: 0.000023 seconds.
  path: Assets/MagicArsenal/Effects/Prefabs/Aura/AuraRing/AuraRingLightning.prefab
  artifactKey: Guid(3ad6bfa98890e2f428a6d97d2453b26c) Importer(815301076,1909f56bfc062723c751e8b465ee728b)
Start importing Assets/MagicArsenal/Effects/Prefabs/Aura/AuraRing/AuraRingLightning.prefab using Guid(3ad6bfa98890e2f428a6d97d2453b26c) Importer(815301076,1909f56bfc062723c751e8b465ee728b)  -> (artifact id: '20e658dd7ff84ba2e570eb0868a78e60') in 0.023149 seconds 
========================================================================
Received Import Request.
  Time since last request: 0.000044 seconds.
  path: Assets/MagicArsenal/Effects/Prefabs/Aura/AuraRing/AuraRingLife.prefab
  artifactKey: Guid(40d8995d37b228c419637bcf1dade8bf) Importer(815301076,1909f56bfc062723c751e8b465ee728b)
Start importing Assets/MagicArsenal/Effects/Prefabs/Aura/AuraRing/AuraRingLife.prefab using Guid(40d8995d37b228c419637bcf1dade8bf) Importer(815301076,1909f56bfc062723c751e8b465ee728b)  -> (artifact id: '316d704f5c9057373c84420a74130785') in 0.017753 seconds 
========================================================================
Received Import Request.
  Time since last request: 0.000024 seconds.
  path: Assets/MagicArsenal/Effects/Prefabs/Aura/AuraRing/AuraRingLight.prefab
  artifactKey: Guid(b0a7c039263a459439f74cfba0685d31) Importer(815301076,1909f56bfc062723c751e8b465ee728b)
Start importing Assets/MagicArsenal/Effects/Prefabs/Aura/AuraRing/AuraRingLight.prefab using Guid(b0a7c039263a459439f74cfba0685d31) Importer(815301076,1909f56bfc062723c751e8b465ee728b)  -> (artifact id: 'bbd2dcc9ac826379a5a54e74a0a278e4') in 0.016994 seconds 
========================================================================
Received Import Request.
  Time since last request: 0.000021 seconds.
  path: Assets/MagicArsenal/Effects/Prefabs/Aura/AuraRing/AuraRingShadow.prefab
  artifactKey: Guid(6faa3eed7e2c129489adbf91a75040ee) Importer(815301076,1909f56bfc062723c751e8b465ee728b)
Start importing Assets/MagicArsenal/Effects/Prefabs/Aura/AuraRing/AuraRingShadow.prefab using Guid(6faa3eed7e2c129489adbf91a75040ee) Importer(815301076,1909f56bfc062723c751e8b465ee728b)  -> (artifact id: '5b82a31c17fa63056b4625e78d6bd63d') in 0.039439 seconds 
========================================================================
Received Import Request.
  Time since last request: 0.000025 seconds.
  path: Assets/MagicArsenal/Effects/Prefabs/Aura/AuraRing/AuraRingWater.prefab
  artifactKey: Guid(4b04e2b7526deed47be4f17dd96b9aa9) Importer(815301076,1909f56bfc062723c751e8b465ee728b)
Start importing Assets/MagicArsenal/Effects/Prefabs/Aura/AuraRing/AuraRingWater.prefab using Guid(4b04e2b7526deed47be4f17dd96b9aa9) Importer(815301076,1909f56bfc062723c751e8b465ee728b)  -> (artifact id: '74357caa713fc89d6826fa9e54735d85') in 0.023118 seconds 
========================================================================
Received Import Request.
  Time since last request: 6.782499 seconds.
  path: Assets/MagicArsenal/Effects/Models/aura_inward.FBX
  artifactKey: Guid(537b947558f551449a20c6aaff89328b) Importer(815301076,1909f56bfc062723c751e8b465ee728b)
Start importing Assets/MagicArsenal/Effects/Models/aura_inward.FBX using Guid(537b947558f551449a20c6aaff89328b) Importer(815301076,1909f56bfc062723c751e8b465ee728b)  -> (artifact id: '92119102bc780df8f69c397e5f1e2232') in 0.073837 seconds 
========================================================================
Received Import Request.
  Time since last request: 0.000024 seconds.
  path: Assets/MagicArsenal/Effects/Models/mp_tallrock.FBX
  artifactKey: Guid(ab695d0ee7e3b254cbf45440aa806481) Importer(815301076,1909f56bfc062723c751e8b465ee728b)
Start importing Assets/MagicArsenal/Effects/Models/mp_tallrock.FBX using Guid(ab695d0ee7e3b254cbf45440aa806481) Importer(815301076,1909f56bfc062723c751e8b465ee728b)  -> (artifact id: '269607eaa34e3507f8e8b505c6a1c597') in 0.045390 seconds 
========================================================================
Received Import Request.
  Time since last request: 7.391381 seconds.
  path: Assets/MagicArsenal/Effects/Materials/cleave_arcane.mat
  artifactKey: Guid(c6724d73f4c8d394dacce9f124f055a4) Importer(815301076,1909f56bfc062723c751e8b465ee728b)
Start importing Assets/MagicArsenal/Effects/Materials/cleave_arcane.mat using Guid(c6724d73f4c8d394dacce9f124f055a4) Importer(815301076,1909f56bfc062723c751e8b465ee728b)  -> (artifact id: '0d298355228a6d03ab2d123dd52089f9') in 0.022162 seconds 
========================================================================
Received Import Request.
  Time since last request: 0.000025 seconds.
  path: Assets/MagicArsenal/Effects/Materials/ShieldModularStarCloud.mat
  artifactKey: Guid(08f6b534a51580e48a5046faee86c3e3) Importer(815301076,1909f56bfc062723c751e8b465ee728b)
Start importing Assets/MagicArsenal/Effects/Materials/ShieldModularStarCloud.mat using Guid(08f6b534a51580e48a5046faee86c3e3) Importer(815301076,1909f56bfc062723c751e8b465ee728b)  -> (artifact id: 'e22cad8235ebb2aa782ddd9990f8ef55') in 0.019417 seconds 
========================================================================
Received Import Request.
  Time since last request: 0.000064 seconds.
  path: Assets/MagicArsenal/Effects/Materials/ShieldModularSmoothDark.mat
  artifactKey: Guid(98f8b38a3d64ab84eb38596f728288e2) Importer(815301076,1909f56bfc062723c751e8b465ee728b)
Start importing Assets/MagicArsenal/Effects/Materials/ShieldModularSmoothDark.mat using Guid(98f8b38a3d64ab84eb38596f728288e2) Importer(815301076,1909f56bfc062723c751e8b465ee728b)  -> (artifact id: 'bd214cfd79641bfd47f2274c8567c2f1') in 0.014008 seconds 
========================================================================
Received Import Request.
  Time since last request: 0.000019 seconds.
  path: Assets/MagicArsenal/Effects/Materials/cleave_life.mat
  artifactKey: Guid(8289d653baea06b418cceae1b3cecca7) Importer(815301076,1909f56bfc062723c751e8b465ee728b)
Start importing Assets/MagicArsenal/Effects/Materials/cleave_life.mat using Guid(8289d653baea06b418cceae1b3cecca7) Importer(815301076,1909f56bfc062723c751e8b465ee728b)  -> (artifact id: '02533c43c1de89f4da37b6fcb602d803') in 0.011085 seconds 
========================================================================
Received Import Request.
  Time since last request: 0.000021 seconds.
  path: Assets/MagicArsenal/Effects/Materials/ShieldRock.mat
  artifactKey: Guid(b7f90ba83247ac145856640c358c0a58) Importer(815301076,1909f56bfc062723c751e8b465ee728b)
Start importing Assets/MagicArsenal/Effects/Materials/ShieldRock.mat using Guid(b7f90ba83247ac145856640c358c0a58) Importer(815301076,1909f56bfc062723c751e8b465ee728b)  -> (artifact id: '6960849002b84a0d08e9f7656aa072b1') in 0.014879 seconds 
========================================================================
Received Import Request.
  Time since last request: 0.000023 seconds.
  path: Assets/MagicArsenal/Effects/Materials/cleave_shadow.mat
  artifactKey: Guid(6b426047bcbb1614dbbf8c0e5565f5ac) Importer(815301076,1909f56bfc062723c751e8b465ee728b)
Start importing Assets/MagicArsenal/Effects/Materials/cleave_shadow.mat using Guid(6b426047bcbb1614dbbf8c0e5565f5ac) Importer(815301076,1909f56bfc062723c751e8b465ee728b)  -> (artifact id: '16cbbc6c0bf63acd2c262c6a2cf7a6f5') in 0.010823 seconds 
========================================================================
Received Import Request.
  Time since last request: 0.000020 seconds.
  path: Assets/MagicArsenal/Effects/Materials/stormbeam.mat
  artifactKey: Guid(31a9f608da30c6a44a434fecd74465f6) Importer(815301076,1909f56bfc062723c751e8b465ee728b)
Start importing Assets/MagicArsenal/Effects/Materials/stormbeam.mat using Guid(31a9f608da30c6a44a434fecd74465f6) Importer(815301076,1909f56bfc062723c751e8b465ee728b)  -> (artifact id: 'b97c0c447f5dc417be2f562ba6376bed') in 0.024296 seconds 
========================================================================
Received Import Request.
  Time since last request: 0.000025 seconds.
  path: Assets/MagicArsenal/Effects/Materials/modular_aura05_dark.mat
  artifactKey: Guid(c62d66acfebcd7b4187b2cd8bdcf30f8) Importer(815301076,1909f56bfc062723c751e8b465ee728b)
Start importing Assets/MagicArsenal/Effects/Materials/modular_aura05_dark.mat using Guid(c62d66acfebcd7b4187b2cd8bdcf30f8) Importer(815301076,1909f56bfc062723c751e8b465ee728b)  -> (artifact id: '61f880d0e7fd7508c92ac9b86a0e06cd') in 0.011127 seconds 
========================================================================
Received Import Request.
  Time since last request: 0.000023 seconds.
  path: Assets/MagicArsenal/Effects/Materials/ShieldFire02.mat
  artifactKey: Guid(77cbbb8df1bbabb41bcfbc3a451d041b) Importer(815301076,1909f56bfc062723c751e8b465ee728b)
Start importing Assets/MagicArsenal/Effects/Materials/ShieldFire02.mat using Guid(77cbbb8df1bbabb41bcfbc3a451d041b) Importer(815301076,1909f56bfc062723c751e8b465ee728b)  -> (artifact id: '354916e3a9da76ba2b5355457870e12b') in 0.015554 seconds 
========================================================================
Received Import Request.
  Time since last request: 0.000018 seconds.
  path: Assets/MagicArsenal/Effects/Materials/waterbeam.mat
  artifactKey: Guid(6519acead99df80428ea63461e83b878) Importer(815301076,1909f56bfc062723c751e8b465ee728b)
Start importing Assets/MagicArsenal/Effects/Materials/waterbeam.mat using Guid(6519acead99df80428ea63461e83b878) Importer(815301076,1909f56bfc062723c751e8b465ee728b)  -> (artifact id: '86a4ccb9c4e0aa4d2176000aad0009d5') in 0.013102 seconds 
========================================================================
Received Import Request.
  Time since last request: 0.000020 seconds.
  path: Assets/MagicArsenal/Effects/Materials/ShieldArcane.mat
  artifactKey: Guid(e65f7229ed2321148a4f5a7fd10a4bd6) Importer(815301076,1909f56bfc062723c751e8b465ee728b)
Start importing Assets/MagicArsenal/Effects/Materials/ShieldArcane.mat using Guid(e65f7229ed2321148a4f5a7fd10a4bd6) Importer(815301076,1909f56bfc062723c751e8b465ee728b)  -> (artifact id: '98c4a81cbc190fcb021ea630410712c6') in 0.012946 seconds 
========================================================================
Received Import Request.
  Time since last request: 0.000018 seconds.
  path: Assets/MagicArsenal/Effects/Materials/lightningbeam.mat
  artifactKey: Guid(60d0e555fe88cb34385e74ca5a84481b) Importer(815301076,1909f56bfc062723c751e8b465ee728b)
Start importing Assets/MagicArsenal/Effects/Materials/lightningbeam.mat using Guid(60d0e555fe88cb34385e74ca5a84481b) Importer(815301076,1909f56bfc062723c751e8b465ee728b)  -> (artifact id: '2ecbc437d7b2ef5d51e821f9254bfca2') in 0.012859 seconds 
========================================================================
Received Import Request.
  Time since last request: 0.000020 seconds.
  path: Assets/MagicArsenal/Effects/Materials/ShieldStorm02.mat
  artifactKey: Guid(a970e956711e3a44baef1bebdff4fac2) Importer(815301076,1909f56bfc062723c751e8b465ee728b)
Start importing Assets/MagicArsenal/Effects/Materials/ShieldStorm02.mat using Guid(a970e956711e3a44baef1bebdff4fac2) Importer(815301076,1909f56bfc062723c751e8b465ee728b)  -> (artifact id: 'eda287a71cc39f11d7d7dc7606f5554a') in 0.013046 seconds 
========================================================================
Received Import Request.
  Time since last request: 0.000023 seconds.
  path: Assets/MagicArsenal/Effects/Materials/VerticalGlow01.mat
  artifactKey: Guid(c3682c76e53081b4d83b3754440fa0d9) Importer(815301076,1909f56bfc062723c751e8b465ee728b)
Start importing Assets/MagicArsenal/Effects/Materials/VerticalGlow01.mat using Guid(c3682c76e53081b4d83b3754440fa0d9) Importer(815301076,1909f56bfc062723c751e8b465ee728b)  -> (artifact id: 'bc801cc8ed9c18b979a8b36d30010711') in 0.012853 seconds 
========================================================================
Received Import Request.
  Time since last request: 0.000026 seconds.
  path: Assets/MagicArsenal/Effects/Materials/magicslash_spritesheet.mat
  artifactKey: Guid(cebdb9855ef64e04db43073e790e9a29) Importer(815301076,1909f56bfc062723c751e8b465ee728b)
Start importing Assets/MagicArsenal/Effects/Materials/magicslash_spritesheet.mat using Guid(cebdb9855ef64e04db43073e790e9a29) Importer(815301076,1909f56bfc062723c751e8b465ee728b)  -> (artifact id: '043be952621228eba375943aa68f1583') in 0.013558 seconds 
========================================================================
Received Import Request.
  Time since last request: 0.000024 seconds.
  path: Assets/MagicArsenal/Effects/Materials/lifebeam.mat
  artifactKey: Guid(1efe0fb91c4482149b5b5740d4860583) Importer(815301076,1909f56bfc062723c751e8b465ee728b)
Start importing Assets/MagicArsenal/Effects/Materials/lifebeam.mat using Guid(1efe0fb91c4482149b5b5740d4860583) Importer(815301076,1909f56bfc062723c751e8b465ee728b)  -> (artifact id: '3af5a81cae82faa24d45f2cc04288bbf') in 0.010521 seconds 
========================================================================
Received Prepare
Registering precompiled user dll's ...
Registered in 0.001929 seconds.
Begin MonoManager ReloadAssembly
Symbol file LoadedFromMemory doesn't match image D:\unity\My project (9)\Library\PackageCache\com.unity.visualscripting@1.7.8\Editor\VisualScripting.Core\Dependencies\YamlDotNet\Unity.VisualScripting.YamlDotNet.dll
Symbol file LoadedFromMemory doesn't match image D:\unity\My project (9)\Library\PackageCache\com.unity.visualscripting@1.7.8\Editor\VisualScripting.Core\Dependencies\DotNetZip\Unity.VisualScripting.IonicZip.dll
Native extension for WindowsStandalone target not found
Native extension for Android target not found
Native extension for WebGL target not found
Refreshing native plugins compatible for Editor in 0.82 ms, found 3 plugins.
Preloading 0 native plugins for Editor in 0.00 ms.
Mono: successfully reloaded assembly
- Completed reload, in  0.850 seconds
Domain Reload Profiling:
	ReloadAssembly (850ms)
		BeginReloadAssembly (105ms)
			ExecutionOrderSort (0ms)
			DisableScriptedObjects (3ms)
			BackupInstance (0ms)
			ReleaseScriptingObjects (0ms)
			CreateAndSetChildDomain (31ms)
		EndReloadAssembly (660ms)
			LoadAssemblies (65ms)
			RebuildTransferFunctionScriptingTraits (0ms)
			SetupTypeCache (257ms)
			ReleaseScriptCaches (2ms)
			RebuildScriptCaches (38ms)
			SetupLoadedEditorAssemblies (265ms)
				LogAssemblyErrors (0ms)
				InitializePlatformSupportModulesInManaged (21ms)
				SetLoadedEditorAssemblies (0ms)
				RefreshPlugins (1ms)
				BeforeProcessingInitializeOnLoad (52ms)
				ProcessInitializeOnLoadAttributes (169ms)
				ProcessInitializeOnLoadMethodAttributes (20ms)
				AfterProcessingInitializeOnLoad (1ms)
				EditorAssembliesLoaded (0ms)
			ExecutionOrderSort2 (0ms)
			AwakeInstancesAfterBackupRestoration (4ms)
Platform modules already initialized, skipping
Shader 'IL3DN/Terrain First-Pass': dependency 'BaseMapShader' shader 'ASESampleShaders/SimpleTerrainBase' not found
Refreshing native plugins compatible for Editor in 2.29 ms, found 3 plugins.
Preloading 0 native plugins for Editor in 0.00 ms.
Unloading 3399 Unused Serialized files (Serialized files now loaded: 0)
Unloading 24 unused Assets / (24.7 KB). Loaded Objects now: 3997.
Memory consumption went from 149.6 MB to 149.6 MB.
Total: 2.443200 ms (FindLiveObjects: 0.210900 ms CreateObjectMapping: 0.083200 ms MarkObjects: 2.127200 ms  DeleteObjects: 0.021100 ms)

AssetImportParameters requested are different than current active one (requested -> active):
  custom:video-decoder-ogg-theora: a1e56fd34408186e4bbccfd4996cb3dc -> 
  custom:container-muxer-webm: aa71ff27fc2769a1b78a27578f13a17b -> 
  custom:container-demuxer-webm: 4f35f7cbe854078d1ac9338744f61a02 -> 
  custom:video-encoder-webm-vp8: eb34c28f22e8b96e1ab97ce403110664 -> 
  custom:video-codec-MediaFoundation-h265: 746d11721c4dcdbdad8f713fa42b33f4 -> 
  custom:audio-encoder-webm-vorbis: bf7c407c2cedff20999df2af8eb42d56 -> 
  custom:framework-win-MediaFoundation: 216162199b28c13a410421893ffa2e32 -> 
  custom:container-demuxer-ogg: 62fdf1f143b41e24485cea50d1cbac27 -> 
  custom:video-decoder-webm-vp8: 9c59270c3fd7afecdb556c50c9e8de78 -> 
  custom:audio-decoder-ogg-vorbis: bf7c407c2cedff20999df2af8eb42d56 -> 
========================================================================
Received Import Request.
  Time since last request: 14.408241 seconds.
  path: Assets/MagicArsenal/Effects/Icons/Materials/Earth.mat
  artifactKey: Guid(dae8957b5ca414540b4836022cf6084b) Importer(815301076,1909f56bfc062723c751e8b465ee728b)
Start importing Assets/MagicArsenal/Effects/Icons/Materials/Earth.mat using Guid(dae8957b5ca414540b4836022cf6084b) Importer(815301076,1909f56bfc062723c751e8b465ee728b)  -> (artifact id: 'baa6dc1b04a7079ad0a31e6e7d7705a1') in 0.055104 seconds 
========================================================================
Received Import Request.
  Time since last request: 0.000021 seconds.
  path: Assets/MagicArsenal/Effects/Icons/Materials/Water.mat
  artifactKey: Guid(95ef606b503b3064b9dc6e11bc1f7ac2) Importer(815301076,1909f56bfc062723c751e8b465ee728b)
Start importing Assets/MagicArsenal/Effects/Icons/Materials/Water.mat using Guid(95ef606b503b3064b9dc6e11bc1f7ac2) Importer(815301076,1909f56bfc062723c751e8b465ee728b)  -> (artifact id: 'e07662c9cb3fd349cb661e0c16ad8a88') in 0.011677 seconds 
========================================================================
Received Import Request.
  Time since last request: 0.000022 seconds.
  path: Assets/MagicArsenal/Effects/Icons/Materials/Lightning.mat
  artifactKey: Guid(21e7528f4f08ea940af5790669580f9b) Importer(815301076,1909f56bfc062723c751e8b465ee728b)
Start importing Assets/MagicArsenal/Effects/Icons/Materials/Lightning.mat using Guid(21e7528f4f08ea940af5790669580f9b) Importer(815301076,1909f56bfc062723c751e8b465ee728b)  -> (artifact id: '2eecb604ca06a704fc5e4de46d1f2157') in 0.012023 seconds 
========================================================================
Received Import Request.
  Time since last request: 2.428494 seconds.
  path: Assets/MagicArsenal/Effects/Icons/Textures/earth.png
  artifactKey: Guid(72e59091762dbd04c8d15bb1964d8ee7) Importer(815301076,1909f56bfc062723c751e8b465ee728b)
Start importing Assets/MagicArsenal/Effects/Icons/Textures/earth.png using Guid(72e59091762dbd04c8d15bb1964d8ee7) Importer(815301076,1909f56bfc062723c751e8b465ee728b)  -> (artifact id: '323bc7a63739252fdd656db4d9368964') in 0.015995 seconds 
========================================================================
Received Import Request.
  Time since last request: 0.000017 seconds.
  path: Assets/MagicArsenal/Effects/Icons/Textures/storm.png
  artifactKey: Guid(07ba602ad4450ea48b3f49f924110fba) Importer(815301076,1909f56bfc062723c751e8b465ee728b)
Start importing Assets/MagicArsenal/Effects/Icons/Textures/storm.png using Guid(07ba602ad4450ea48b3f49f924110fba) Importer(815301076,1909f56bfc062723c751e8b465ee728b)  -> (artifact id: '9dfb771cec53666cdb9909951dc24046') in 0.016883 seconds 
========================================================================
Received Import Request.
  Time since last request: 0.000032 seconds.
  path: Assets/MagicArsenal/Effects/Icons/Textures/lightning.png
  artifactKey: Guid(a51f67d16d73832409dcc367bc618728) Importer(815301076,1909f56bfc062723c751e8b465ee728b)
Start importing Assets/MagicArsenal/Effects/Icons/Textures/lightning.png using Guid(a51f67d16d73832409dcc367bc618728) Importer(815301076,1909f56bfc062723c751e8b465ee728b)  -> (artifact id: '9489fdcec34a4feb181f7d0bed874ae3') in 0.010375 seconds 
========================================================================
Received Import Request.
  Time since last request: 14.684062 seconds.
  path: Assets/MagicArsenal/Effects/Prefabs/Muzzleflash/Normal/EarthMuzzleNormal.prefab
  artifactKey: Guid(49ba090546afdc040ae11d4fc54617e3) Importer(815301076,1909f56bfc062723c751e8b465ee728b)
Start importing Assets/MagicArsenal/Effects/Prefabs/Muzzleflash/Normal/EarthMuzzleNormal.prefab using Guid(49ba090546afdc040ae11d4fc54617e3) Importer(815301076,1909f56bfc062723c751e8b465ee728b)  -> (artifact id: 'f781c80f341588fabd3bcc035e03029e') in 0.024185 seconds 
========================================================================
Received Import Request.
  Time since last request: 0.000018 seconds.
  path: Assets/MagicArsenal/Effects/Prefabs/Muzzleflash/Normal/LifeMuzzleNormal.prefab
  artifactKey: Guid(dec1beee8eef19a44a40ed39446bebe2) Importer(815301076,1909f56bfc062723c751e8b465ee728b)
Start importing Assets/MagicArsenal/Effects/Prefabs/Muzzleflash/Normal/LifeMuzzleNormal.prefab using Guid(dec1beee8eef19a44a40ed39446bebe2) Importer(815301076,1909f56bfc062723c751e8b465ee728b)  -> (artifact id: 'c672b7f64ab4f30fe563ecd90d72456f') in 0.016474 seconds 
========================================================================
Received Import Request.
  Time since last request: 0.000024 seconds.
  path: Assets/MagicArsenal/Effects/Prefabs/Muzzleflash/Normal/LightningMuzzleNormal.prefab
  artifactKey: Guid(23a47ac4f30f1d84ab3979b1b31cfb3d) Importer(815301076,1909f56bfc062723c751e8b465ee728b)
Start importing Assets/MagicArsenal/Effects/Prefabs/Muzzleflash/Normal/LightningMuzzleNormal.prefab using Guid(23a47ac4f30f1d84ab3979b1b31cfb3d) Importer(815301076,1909f56bfc062723c751e8b465ee728b)  -> (artifact id: '99f76972e89bfe95950f74b1fbd1bff2') in 0.019279 seconds 
========================================================================
Received Import Request.
  Time since last request: 16.015756 seconds.
  path: Assets/MagicArsenal/Effects/Prefabs/Charge/EarthCharge.prefab
  artifactKey: Guid(a583915a301f96547af39944bc1ec634) Importer(815301076,1909f56bfc062723c751e8b465ee728b)
Start importing Assets/MagicArsenal/Effects/Prefabs/Charge/EarthCharge.prefab using Guid(a583915a301f96547af39944bc1ec634) Importer(815301076,1909f56bfc062723c751e8b465ee728b)  -> (artifact id: 'ab129b47ba99f1127ff223b4132d73ed') in 0.032764 seconds 
========================================================================
Received Import Request.
  Time since last request: 0.000019 seconds.
  path: Assets/MagicArsenal/Effects/Prefabs/Charge/WaterCharge.prefab
  artifactKey: Guid(879465c710faf26498c43fec1e4bbbcc) Importer(815301076,1909f56bfc062723c751e8b465ee728b)
Start importing Assets/MagicArsenal/Effects/Prefabs/Charge/WaterCharge.prefab using Guid(879465c710faf26498c43fec1e4bbbcc) Importer(815301076,1909f56bfc062723c751e8b465ee728b)  -> (artifact id: '0a8713efe7efc5c250e2cb14dac913a8') in 0.027871 seconds 
========================================================================
Received Import Request.
  Time since last request: 1.253777 seconds.
  path: Assets/MagicArsenal/Effects/Prefabs/Cleave/EarthCleave.prefab
  artifactKey: Guid(c8de862bb6863924cb9ce1f2682532e8) Importer(815301076,1909f56bfc062723c751e8b465ee728b)
Start importing Assets/MagicArsenal/Effects/Prefabs/Cleave/EarthCleave.prefab using Guid(c8de862bb6863924cb9ce1f2682532e8) Importer(815301076,1909f56bfc062723c751e8b465ee728b)  -> (artifact id: '3af63a1749003fcc187123fa35aa0fc6') in 0.061412 seconds 
========================================================================
Received Import Request.
  Time since last request: 35.588954 seconds.
  path: Assets/MagicArsenal/Effects/Prefabs/Enchant/EarthEnchant.prefab
  artifactKey: Guid(f91543e36f6694b41b8ee288537ed90c) Importer(815301076,1909f56bfc062723c751e8b465ee728b)
Start importing Assets/MagicArsenal/Effects/Prefabs/Enchant/EarthEnchant.prefab using Guid(f91543e36f6694b41b8ee288537ed90c) Importer(815301076,1909f56bfc062723c751e8b465ee728b)  -> (artifact id: '0c6657c07b70ff14a07d6ef6032a53b3') in 0.024559 seconds 
========================================================================
Received Import Request.
  Time since last request: 0.000016 seconds.
  path: Assets/MagicArsenal/Effects/Prefabs/Enchant/LightEnchant.prefab
  artifactKey: Guid(5611d36819a49ef419d0a000b4f6627e) Importer(815301076,1909f56bfc062723c751e8b465ee728b)
Start importing Assets/MagicArsenal/Effects/Prefabs/Enchant/LightEnchant.prefab using Guid(5611d36819a49ef419d0a000b4f6627e) Importer(815301076,1909f56bfc062723c751e8b465ee728b)  -> (artifact id: '4b96ae168f527bd3f555af0076ff18d4') in 0.017957 seconds 
========================================================================
Received Import Request.
  Time since last request: 6.800987 seconds.
  path: Assets/MagicArsenal/Effects/Prefabs/MeshGlow/EarthMeshGlow.prefab
  artifactKey: Guid(3935e8efc2cda6940a1a351d3be7c3eb) Importer(815301076,1909f56bfc062723c751e8b465ee728b)
Start importing Assets/MagicArsenal/Effects/Prefabs/MeshGlow/EarthMeshGlow.prefab using Guid(3935e8efc2cda6940a1a351d3be7c3eb) Importer(815301076,1909f56bfc062723c751e8b465ee728b)  -> (artifact id: '76e66f8961f3e156c297855853ca4b36') in 0.015447 seconds 
========================================================================
Received Import Request.
  Time since last request: 0.000017 seconds.
  path: Assets/MagicArsenal/Effects/Prefabs/MeshGlow/LightMeshGlow.prefab
  artifactKey: Guid(0bd054f6281f9b24db66239ea586ac0a) Importer(815301076,1909f56bfc062723c751e8b465ee728b)
Start importing Assets/MagicArsenal/Effects/Prefabs/MeshGlow/LightMeshGlow.prefab using Guid(0bd054f6281f9b24db66239ea586ac0a) Importer(815301076,1909f56bfc062723c751e8b465ee728b)  -> (artifact id: 'a6e9a87afa91068f32ac0f138025158b') in 0.025005 seconds 
========================================================================
Received Import Request.
  Time since last request: 0.000019 seconds.
  path: Assets/MagicArsenal/Effects/Prefabs/MeshGlow/WaterMeshGlow.prefab
  artifactKey: Guid(23c9247fb25ccd1408c231aa729016e0) Importer(815301076,1909f56bfc062723c751e8b465ee728b)
Start importing Assets/MagicArsenal/Effects/Prefabs/MeshGlow/WaterMeshGlow.prefab using Guid(23c9247fb25ccd1408c231aa729016e0) Importer(815301076,1909f56bfc062723c751e8b465ee728b)  -> (artifact id: '636fa7c051607dfc07f0d3f300c9b330') in 0.015800 seconds 
========================================================================
Received Import Request.
  Time since last request: 17.761260 seconds.
  path: Assets/MagicArsenal/Effects/Prefabs/Beams/Beam/Earth Beam.prefab
  artifactKey: Guid(3827d5026e528924493e36340309f078) Importer(815301076,1909f56bfc062723c751e8b465ee728b)
Start importing Assets/MagicArsenal/Effects/Prefabs/Beams/Beam/Earth Beam.prefab using Guid(3827d5026e528924493e36340309f078) Importer(815301076,1909f56bfc062723c751e8b465ee728b)  -> (artifact id: '9c7110ef1a7b680f03cbca71eb14f21e') in 0.018294 seconds 
========================================================================
Received Import Request.
  Time since last request: 0.000016 seconds.
  path: Assets/MagicArsenal/Effects/Prefabs/Beams/Beam/Lightning Beam.prefab
  artifactKey: Guid(4cda6df8f00347b4f9a35657fe9374d3) Importer(815301076,1909f56bfc062723c751e8b465ee728b)
Start importing Assets/MagicArsenal/Effects/Prefabs/Beams/Beam/Lightning Beam.prefab using Guid(4cda6df8f00347b4f9a35657fe9374d3) Importer(815301076,1909f56bfc062723c751e8b465ee728b)  -> (artifact id: 'd57296563f1d9ad7319780ad7f1159b3') in 0.019856 seconds 
========================================================================
Received Import Request.
  Time since last request: 0.000022 seconds.
  path: Assets/MagicArsenal/Effects/Prefabs/Beams/Beam/Shadow Beam.prefab
  artifactKey: Guid(f8910e850e9dcdc44bb3454608bf7f64) Importer(815301076,1909f56bfc062723c751e8b465ee728b)
Start importing Assets/MagicArsenal/Effects/Prefabs/Beams/Beam/Shadow Beam.prefab using Guid(f8910e850e9dcdc44bb3454608bf7f64) Importer(815301076,1909f56bfc062723c751e8b465ee728b)  -> (artifact id: 'ffdf647d83f32fa7d6b2df05eb6d690e') in 0.022482 seconds 
========================================================================
Received Prepare
Registering precompiled user dll's ...
Registered in 0.003142 seconds.
Begin MonoManager ReloadAssembly
Symbol file LoadedFromMemory doesn't match image D:\unity\My project (9)\Library\PackageCache\com.unity.visualscripting@1.7.8\Editor\VisualScripting.Core\Dependencies\YamlDotNet\Unity.VisualScripting.YamlDotNet.dll
Symbol file LoadedFromMemory doesn't match image D:\unity\My project (9)\Library\PackageCache\com.unity.visualscripting@1.7.8\Editor\VisualScripting.Core\Dependencies\DotNetZip\Unity.VisualScripting.IonicZip.dll
Native extension for WindowsStandalone target not found
Native extension for Android target not found
Native extension for WebGL target not found
Refreshing native plugins compatible for Editor in 0.93 ms, found 3 plugins.
Preloading 0 native plugins for Editor in 0.00 ms.
Mono: successfully reloaded assembly
- Completed reload, in  0.832 seconds
Domain Reload Profiling:
	ReloadAssembly (833ms)
		BeginReloadAssembly (107ms)
			ExecutionOrderSort (0ms)
			DisableScriptedObjects (3ms)
			BackupInstance (0ms)
			ReleaseScriptingObjects (0ms)
			CreateAndSetChildDomain (39ms)
		EndReloadAssembly (658ms)
			LoadAssemblies (53ms)
			RebuildTransferFunctionScriptingTraits (0ms)
			SetupTypeCache (227ms)
			ReleaseScriptCaches (2ms)
			RebuildScriptCaches (33ms)
			SetupLoadedEditorAssemblies (301ms)
				LogAssemblyErrors (0ms)
				InitializePlatformSupportModulesInManaged (17ms)
				SetLoadedEditorAssemblies (1ms)
				RefreshPlugins (1ms)
				BeforeProcessingInitializeOnLoad (58ms)
				ProcessInitializeOnLoadAttributes (194ms)
				ProcessInitializeOnLoadMethodAttributes (30ms)
				AfterProcessingInitializeOnLoad (2ms)
				EditorAssembliesLoaded (0ms)
			ExecutionOrderSort2 (0ms)
			AwakeInstancesAfterBackupRestoration (5ms)
Platform modules already initialized, skipping
Shader 'IL3DN/Terrain First-Pass': dependency 'BaseMapShader' shader 'ASESampleShaders/SimpleTerrainBase' not found
Refreshing native plugins compatible for Editor in 2.14 ms, found 3 plugins.
Preloading 0 native plugins for Editor in 0.00 ms.
Unloading 3399 Unused Serialized files (Serialized files now loaded: 0)
Unloading 20 unused Assets / (25.7 KB). Loaded Objects now: 4003.
Memory consumption went from 149.9 MB to 149.9 MB.
Total: 2.883500 ms (FindLiveObjects: 0.245800 ms CreateObjectMapping: 0.084300 ms MarkObjects: 2.501600 ms  DeleteObjects: 0.050700 ms)

AssetImportParameters requested are different than current active one (requested -> active):
  custom:video-decoder-ogg-theora: a1e56fd34408186e4bbccfd4996cb3dc -> 
  custom:container-muxer-webm: aa71ff27fc2769a1b78a27578f13a17b -> 
  custom:container-demuxer-webm: 4f35f7cbe854078d1ac9338744f61a02 -> 
  custom:video-encoder-webm-vp8: eb34c28f22e8b96e1ab97ce403110664 -> 
  custom:video-codec-MediaFoundation-h265: 746d11721c4dcdbdad8f713fa42b33f4 -> 
  custom:audio-encoder-webm-vorbis: bf7c407c2cedff20999df2af8eb42d56 -> 
  custom:framework-win-MediaFoundation: 216162199b28c13a410421893ffa2e32 -> 
  custom:container-demuxer-ogg: 62fdf1f143b41e24485cea50d1cbac27 -> 
  custom:video-decoder-webm-vp8: 9c59270c3fd7afecdb556c50c9e8de78 -> 
  custom:audio-decoder-ogg-vorbis: bf7c407c2cedff20999df2af8eb42d56 -> 
========================================================================
Received Prepare
Registering precompiled user dll's ...
Registered in 0.002109 seconds.
Begin MonoManager ReloadAssembly
Symbol file LoadedFromMemory doesn't match image D:\unity\My project (9)\Library\PackageCache\com.unity.visualscripting@1.7.8\Editor\VisualScripting.Core\Dependencies\YamlDotNet\Unity.VisualScripting.YamlDotNet.dll
Symbol file LoadedFromMemory doesn't match image D:\unity\My project (9)\Library\PackageCache\com.unity.visualscripting@1.7.8\Editor\VisualScripting.Core\Dependencies\DotNetZip\Unity.VisualScripting.IonicZip.dll
Native extension for WindowsStandalone target not found
Native extension for Android target not found
Native extension for WebGL target not found
Refreshing native plugins compatible for Editor in 0.68 ms, found 3 plugins.
Preloading 0 native plugins for Editor in 0.00 ms.
Mono: successfully reloaded assembly
- Completed reload, in  0.785 seconds
Domain Reload Profiling:
	ReloadAssembly (785ms)
		BeginReloadAssembly (106ms)
			ExecutionOrderSort (0ms)
			DisableScriptedObjects (4ms)
			BackupInstance (0ms)
			ReleaseScriptingObjects (0ms)
			CreateAndSetChildDomain (34ms)
		EndReloadAssembly (608ms)
			LoadAssemblies (57ms)
			RebuildTransferFunctionScriptingTraits (0ms)
			SetupTypeCache (200ms)
			ReleaseScriptCaches (1ms)
			RebuildScriptCaches (32ms)
			SetupLoadedEditorAssemblies (282ms)
				LogAssemblyErrors (0ms)
				InitializePlatformSupportModulesInManaged (15ms)
				SetLoadedEditorAssemblies (0ms)
				RefreshPlugins (1ms)
				BeforeProcessingInitializeOnLoad (46ms)
				ProcessInitializeOnLoadAttributes (189ms)
				ProcessInitializeOnLoadMethodAttributes (29ms)
				AfterProcessingInitializeOnLoad (2ms)
				EditorAssembliesLoaded (0ms)
			ExecutionOrderSort2 (0ms)
			AwakeInstancesAfterBackupRestoration (6ms)
Platform modules already initialized, skipping
Shader 'IL3DN/Terrain First-Pass': dependency 'BaseMapShader' shader 'ASESampleShaders/SimpleTerrainBase' not found
Refreshing native plugins compatible for Editor in 1.94 ms, found 3 plugins.
Preloading 0 native plugins for Editor in 0.00 ms.
Unloading 3399 Unused Serialized files (Serialized files now loaded: 0)
Unloading 18 unused Assets / (24.7 KB). Loaded Objects now: 4006.
Memory consumption went from 149.9 MB to 149.9 MB.
Total: 2.916900 ms (FindLiveObjects: 0.249200 ms CreateObjectMapping: 0.219700 ms MarkObjects: 2.421900 ms  DeleteObjects: 0.024800 ms)

AssetImportParameters requested are different than current active one (requested -> active):
  custom:video-decoder-ogg-theora: a1e56fd34408186e4bbccfd4996cb3dc -> 
  custom:container-muxer-webm: aa71ff27fc2769a1b78a27578f13a17b -> 
  custom:container-demuxer-webm: 4f35f7cbe854078d1ac9338744f61a02 -> 
  custom:video-encoder-webm-vp8: eb34c28f22e8b96e1ab97ce403110664 -> 
  custom:video-codec-MediaFoundation-h265: 746d11721c4dcdbdad8f713fa42b33f4 -> 
  custom:audio-encoder-webm-vorbis: bf7c407c2cedff20999df2af8eb42d56 -> 
  custom:framework-win-MediaFoundation: 216162199b28c13a410421893ffa2e32 -> 
  custom:container-demuxer-ogg: 62fdf1f143b41e24485cea50d1cbac27 -> 
  custom:video-decoder-webm-vp8: 9c59270c3fd7afecdb556c50c9e8de78 -> 
  custom:audio-decoder-ogg-vorbis: bf7c407c2cedff20999df2af8eb42d56 -> 
========================================================================
Received Import Request.
  Time since last request: 42.765052 seconds.
  path: Assets/MagicArsenal/Effects/Prefabs/Modular/ElegantSparks.prefab
  artifactKey: Guid(559789cccd4f731498b76d1a7cf1587a) Importer(815301076,1909f56bfc062723c751e8b465ee728b)
Start importing Assets/MagicArsenal/Effects/Prefabs/Modular/ElegantSparks.prefab using Guid(559789cccd4f731498b76d1a7cf1587a) Importer(815301076,1909f56bfc062723c751e8b465ee728b)  -> (artifact id: 'db562b16c7ab7ec9f7f11b36e1e01755') in 0.055661 seconds 
========================================================================
Received Import Request.
  Time since last request: 0.000020 seconds.
  path: Assets/MagicArsenal/Effects/Prefabs/Modular/MezmerisingDust.prefab
  artifactKey: Guid(052beafad41fe7c46bd0e9b1d07f8bef) Importer(815301076,1909f56bfc062723c751e8b465ee728b)
Start importing Assets/MagicArsenal/Effects/Prefabs/Modular/MezmerisingDust.prefab using Guid(052beafad41fe7c46bd0e9b1d07f8bef) Importer(815301076,1909f56bfc062723c751e8b465ee728b)  -> (artifact id: 'a8eecd3a1218f28bc100798d1fe300fc') in 0.012517 seconds 
========================================================================
Received Import Request.
  Time since last request: 0.000021 seconds.
  path: Assets/MagicArsenal/Effects/Prefabs/Modular/SmoothPop.prefab
  artifactKey: Guid(885a576a1424ce04696a7cc79502ec59) Importer(815301076,1909f56bfc062723c751e8b465ee728b)
Start importing Assets/MagicArsenal/Effects/Prefabs/Modular/SmoothPop.prefab using Guid(885a576a1424ce04696a7cc79502ec59) Importer(815301076,1909f56bfc062723c751e8b465ee728b)  -> (artifact id: '5da37d5408af57b3ae8bd19cac753a82') in 0.013239 seconds 
========================================================================
Received Import Request.
  Time since last request: 0.000021 seconds.
  path: Assets/MagicArsenal/Effects/Prefabs/Modular/UnstableCharge.prefab
  artifactKey: Guid(644bf35c3c58e074fbed6206df2c2189) Importer(815301076,1909f56bfc062723c751e8b465ee728b)
Start importing Assets/MagicArsenal/Effects/Prefabs/Modular/UnstableCharge.prefab using Guid(644bf35c3c58e074fbed6206df2c2189) Importer(815301076,1909f56bfc062723c751e8b465ee728b)  -> (artifact id: '8d1ce16279b37226d767879b01832fc4') in 0.011951 seconds 
========================================================================
Received Import Request.
  Time since last request: 9.948916 seconds.
  path: Assets/MagicArsenal/Effects/Prefabs/Pillar Blast/EarthPillarBlast.prefab
  artifactKey: Guid(5d0c6afdcfb9c8440840b5b6f53792a5) Importer(815301076,1909f56bfc062723c751e8b465ee728b)
Start importing Assets/MagicArsenal/Effects/Prefabs/Pillar Blast/EarthPillarBlast.prefab using Guid(5d0c6afdcfb9c8440840b5b6f53792a5) Importer(815301076,1909f56bfc062723c751e8b465ee728b)  -> (artifact id: 'c67f77cad9bc7b5d3e0732b17b886970') in 0.030078 seconds 
========================================================================
Received Import Request.
  Time since last request: 0.000021 seconds.
  path: Assets/MagicArsenal/Effects/Prefabs/Pillar Blast/StormPillarBlast.prefab
  artifactKey: Guid(5741fc0e8c2edfd4c8bd5b2b540f65d6) Importer(815301076,1909f56bfc062723c751e8b465ee728b)
Start importing Assets/MagicArsenal/Effects/Prefabs/Pillar Blast/StormPillarBlast.prefab using Guid(5741fc0e8c2edfd4c8bd5b2b540f65d6) Importer(815301076,1909f56bfc062723c751e8b465ee728b)  -> (artifact id: '42cc9bf74dfdde214572391143ed53a0') in 0.024793 seconds 
========================================================================
Received Import Request.
  Time since last request: 6.064213 seconds.
  path: Assets/MagicArsenal/Effects/Prefabs/Slash/EarthSlash.prefab
  artifactKey: Guid(ea687209fd90aaa46a1538b4066b0cda) Importer(815301076,1909f56bfc062723c751e8b465ee728b)
Start importing Assets/MagicArsenal/Effects/Prefabs/Slash/EarthSlash.prefab using Guid(ea687209fd90aaa46a1538b4066b0cda) Importer(815301076,1909f56bfc062723c751e8b465ee728b)  -> (artifact id: '15ed8941d766531bc4d32f384c6d49f5') in 0.017260 seconds 
========================================================================
Received Import Request.
  Time since last request: 0.000017 seconds.
  path: Assets/MagicArsenal/Effects/Prefabs/Slash/LightningSlash.prefab
  artifactKey: Guid(65ccfa097d79dac4389db6b496dc920e) Importer(815301076,1909f56bfc062723c751e8b465ee728b)
Start importing Assets/MagicArsenal/Effects/Prefabs/Slash/LightningSlash.prefab using Guid(65ccfa097d79dac4389db6b496dc920e) Importer(815301076,1909f56bfc062723c751e8b465ee728b)  -> (artifact id: 'c3a3a15788e3ccf0c929f303cfbe1e73') in 0.042319 seconds 
========================================================================
Received Import Request.
  Time since last request: 5.416656 seconds.
  path: Assets/MagicArsenal/Effects/Prefabs/Walls/Circular Wall/EarthWallCircle.prefab
  artifactKey: Guid(de07493b52a2cb94eab1c6a4bd7bdd0a) Importer(815301076,1909f56bfc062723c751e8b465ee728b)
Start importing Assets/MagicArsenal/Effects/Prefabs/Walls/Circular Wall/EarthWallCircle.prefab using Guid(de07493b52a2cb94eab1c6a4bd7bdd0a) Importer(815301076,1909f56bfc062723c751e8b465ee728b)  -> (artifact id: '313c135482ed404b8b283f944c7ee655') in 0.020928 seconds 
========================================================================
Received Import Request.
  Time since last request: 0.000026 seconds.
  path: Assets/MagicArsenal/Effects/Prefabs/Walls/Circular Wall/LifeWallCircle.prefab
  artifactKey: Guid(2ad7e47eced116d44904bf1932190776) Importer(815301076,1909f56bfc062723c751e8b465ee728b)
Start importing Assets/MagicArsenal/Effects/Prefabs/Walls/Circular Wall/LifeWallCircle.prefab using Guid(2ad7e47eced116d44904bf1932190776) Importer(815301076,1909f56bfc062723c751e8b465ee728b)  -> (artifact id: '2a5051403d4843b22f14e5c949731e2b') in 0.021236 seconds 
========================================================================
Received Prepare
Registering precompiled user dll's ...
Registered in 0.002090 seconds.
Begin MonoManager ReloadAssembly
Symbol file LoadedFromMemory doesn't match image D:\unity\My project (9)\Library\PackageCache\com.unity.visualscripting@1.7.8\Editor\VisualScripting.Core\Dependencies\YamlDotNet\Unity.VisualScripting.YamlDotNet.dll
Symbol file LoadedFromMemory doesn't match image D:\unity\My project (9)\Library\PackageCache\com.unity.visualscripting@1.7.8\Editor\VisualScripting.Core\Dependencies\DotNetZip\Unity.VisualScripting.IonicZip.dll
Native extension for WindowsStandalone target not found
Native extension for Android target not found
Native extension for WebGL target not found
Refreshing native plugins compatible for Editor in 0.63 ms, found 3 plugins.
Preloading 0 native plugins for Editor in 0.00 ms.
Mono: successfully reloaded assembly
- Completed reload, in  0.817 seconds
Domain Reload Profiling:
	ReloadAssembly (817ms)
		BeginReloadAssembly (113ms)
			ExecutionOrderSort (0ms)
			DisableScriptedObjects (3ms)
			BackupInstance (0ms)
			ReleaseScriptingObjects (0ms)
			CreateAndSetChildDomain (38ms)
		EndReloadAssembly (624ms)
			LoadAssemblies (66ms)
			RebuildTransferFunctionScriptingTraits (0ms)
			SetupTypeCache (204ms)
			ReleaseScriptCaches (2ms)
			RebuildScriptCaches (37ms)
			SetupLoadedEditorAssemblies (279ms)
				LogAssemblyErrors (0ms)
				InitializePlatformSupportModulesInManaged (15ms)
				SetLoadedEditorAssemblies (0ms)
				RefreshPlugins (1ms)
				BeforeProcessingInitializeOnLoad (47ms)
				ProcessInitializeOnLoadAttributes (187ms)
				ProcessInitializeOnLoadMethodAttributes (27ms)
				AfterProcessingInitializeOnLoad (2ms)
				EditorAssembliesLoaded (0ms)
			ExecutionOrderSort2 (0ms)
			AwakeInstancesAfterBackupRestoration (5ms)
Platform modules already initialized, skipping
Shader 'IL3DN/Terrain First-Pass': dependency 'BaseMapShader' shader 'ASESampleShaders/SimpleTerrainBase' not found
Refreshing native plugins compatible for Editor in 2.32 ms, found 3 plugins.
Preloading 0 native plugins for Editor in 0.00 ms.
Unloading 3399 Unused Serialized files (Serialized files now loaded: 0)
Unloading 18 unused Assets / (24.7 KB). Loaded Objects now: 4009.
Memory consumption went from 149.9 MB to 149.9 MB.
Total: 3.389000 ms (FindLiveObjects: 0.485400 ms CreateObjectMapping: 0.268200 ms MarkObjects: 2.602500 ms  DeleteObjects: 0.031600 ms)

AssetImportParameters requested are different than current active one (requested -> active):
  custom:video-decoder-ogg-theora: a1e56fd34408186e4bbccfd4996cb3dc -> 
  custom:container-muxer-webm: aa71ff27fc2769a1b78a27578f13a17b -> 
  custom:container-demuxer-webm: 4f35f7cbe854078d1ac9338744f61a02 -> 
  custom:video-encoder-webm-vp8: eb34c28f22e8b96e1ab97ce403110664 -> 
  custom:video-codec-MediaFoundation-h265: 746d11721c4dcdbdad8f713fa42b33f4 -> 
  custom:audio-encoder-webm-vorbis: bf7c407c2cedff20999df2af8eb42d56 -> 
  custom:framework-win-MediaFoundation: 216162199b28c13a410421893ffa2e32 -> 
  custom:container-demuxer-ogg: 62fdf1f143b41e24485cea50d1cbac27 -> 
  custom:video-decoder-webm-vp8: 9c59270c3fd7afecdb556c50c9e8de78 -> 
  custom:audio-decoder-ogg-vorbis: bf7c407c2cedff20999df2af8eb42d56 -> 
Editor requested this worker to shutdown with reason: Scaling down because of idle timeout
AssetImportWorker is now disconnected from the server
Process exiting
Exiting without the bug reporter. Application will terminate with return code 0