Using pre-set license
Built from '2021.3/staging' branch; Version is '2021.3.10f1 (1c7d0df0160b) revision 1867021'; Using compiler version '192829333'; Build Type 'Release'
OS: 'Windows 11  (10.0.22000) 64bit Core' Language: 'zh' Physical Memory: 32429 MB
BatchMode: 1, IsHumanControllingUs: 0, StartBugReporterOnCrash: 0, Is64bit: 1, IsPro: 1

COMMAND LINE ARGUMENTS:
D:\2021.3.10f1\Editor\Unity.exe
-adb2
-batchMode
-noUpm
-name
AssetImportWorker1
-projectPath
D:/unity/My project (9)
-logFile
Logs/AssetImportWorker1.log
-srvPort
56460
Successfully changed project path to: D:/unity/My project (9)
D:/unity/My project (9)
[UnityMemory] Configuration Parameters - Can be set up in boot.config
    "memorysetup-bucket-allocator-granularity=16"
    "memorysetup-bucket-allocator-bucket-count=8"
    "memorysetup-bucket-allocator-block-size=33554432"
    "memorysetup-bucket-allocator-block-count=8"
    "memorysetup-main-allocator-block-size=16777216"
    "memorysetup-thread-allocator-block-size=16777216"
    "memorysetup-gfx-main-allocator-block-size=16777216"
    "memorysetup-gfx-thread-allocator-block-size=16777216"
    "memorysetup-cache-allocator-block-size=4194304"
    "memorysetup-typetree-allocator-block-size=2097152"
    "memorysetup-profiler-bucket-allocator-granularity=16"
    "memorysetup-profiler-bucket-allocator-bucket-count=8"
    "memorysetup-profiler-bucket-allocator-block-size=33554432"
    "memorysetup-profiler-bucket-allocator-block-count=8"
    "memorysetup-profiler-allocator-block-size=16777216"
    "memorysetup-profiler-editor-allocator-block-size=1048576"
    "memorysetup-temp-allocator-size-main=16777216"
    "memorysetup-job-temp-allocator-block-size=2097152"
    "memorysetup-job-temp-allocator-block-size-background=1048576"
    "memorysetup-job-temp-allocator-reduction-small-platforms=262144"
    "memorysetup-temp-allocator-size-background-worker=32768"
    "memorysetup-temp-allocator-size-job-worker=262144"
    "memorysetup-temp-allocator-size-preload-manager=33554432"
    "memorysetup-temp-allocator-size-nav-mesh-worker=65536"
    "memorysetup-temp-allocator-size-audio-worker=65536"
    "memorysetup-temp-allocator-size-cloud-worker=32768"
    "memorysetup-temp-allocator-size-gi-baking-worker=262144"
    "memorysetup-temp-allocator-size-gfx=262144"
Refreshing native plugins compatible for Editor in 86.97 ms, found 3 plugins.
Preloading 0 native plugins for Editor in 0.00 ms.
Initialize engine version: 2021.3.10f1 (1c7d0df0160b)
[Subsystems] Discovering subsystems at path D:/2021.3.10f1/Editor/Data/Resources/UnitySubsystems
[Subsystems] Discovering subsystems at path D:/unity/My project (9)/Assets
GfxDevice: creating device client; threaded=0; jobified=0
Direct3D:
    Version:  Direct3D 11.0 [level 11.1]
    Renderer: NVIDIA GeForce RTX 3080 Laptop GPU (ID=0x24dc)
    Vendor:   NVIDIA
    VRAM:     16202 MB
    Driver:   31.0.15.1659
Shader 'IL3DN/Terrain First-Pass': dependency 'BaseMapShader' shader 'ASESampleShaders/SimpleTerrainBase' not found
Initialize mono
Mono path[0] = 'D:/2021.3.10f1/Editor/Data/Managed'
Mono path[1] = 'D:/2021.3.10f1/Editor/Data/MonoBleedingEdge/lib/mono/unityjit-win32'
Mono config path = 'D:/2021.3.10f1/Editor/Data/MonoBleedingEdge/etc'
Using monoOptions --debugger-agent=transport=dt_socket,embedding=1,server=y,suspend=n,address=127.0.0.1:56868
Begin MonoManager ReloadAssembly
Registering precompiled unity dll's ...
Register platform support module: D:/2021.3.10f1/Editor/Data/PlaybackEngines/WebGLSupport/UnityEditor.WebGL.Extensions.dll
Register platform support module: D:/2021.3.10f1/Editor/Data/PlaybackEngines/AndroidPlayer/UnityEditor.Android.Extensions.dll
Register platform support module: D:/2021.3.10f1/Editor/Data/PlaybackEngines/WindowsStandaloneSupport/UnityEditor.WindowsStandalone.Extensions.dll
Registered in 0.001810 seconds.
Native extension for WindowsStandalone target not found
Native extension for Android target not found
Native extension for WebGL target not found
Refreshing native plugins compatible for Editor in 79.70 ms, found 3 plugins.
Preloading 0 native plugins for Editor in 0.00 ms.
Mono: successfully reloaded assembly
- Completed reload, in  0.511 seconds
Domain Reload Profiling:
	ReloadAssembly (512ms)
		BeginReloadAssembly (50ms)
			ExecutionOrderSort (0ms)
			DisableScriptedObjects (0ms)
			BackupInstance (0ms)
			ReleaseScriptingObjects (0ms)
			CreateAndSetChildDomain (1ms)
		EndReloadAssembly (382ms)
			LoadAssemblies (49ms)
			RebuildTransferFunctionScriptingTraits (0ms)
			SetupTypeCache (81ms)
			ReleaseScriptCaches (0ms)
			RebuildScriptCaches (22ms)
			SetupLoadedEditorAssemblies (240ms)
				LogAssemblyErrors (0ms)
				InitializePlatformSupportModulesInManaged (45ms)
				SetLoadedEditorAssemblies (0ms)
				RefreshPlugins (80ms)
				BeforeProcessingInitializeOnLoad (1ms)
				ProcessInitializeOnLoadAttributes (78ms)
				ProcessInitializeOnLoadMethodAttributes (36ms)
				AfterProcessingInitializeOnLoad (0ms)
				EditorAssembliesLoaded (0ms)
			ExecutionOrderSort2 (0ms)
			AwakeInstancesAfterBackupRestoration (0ms)
Platform modules already initialized, skipping
Registering precompiled user dll's ...
Registered in 0.002405 seconds.
Begin MonoManager ReloadAssembly
Symbol file LoadedFromMemory doesn't match image D:\unity\My project (9)\Library\PackageCache\com.unity.visualscripting@1.7.8\Editor\VisualScripting.Core\Dependencies\YamlDotNet\Unity.VisualScripting.YamlDotNet.dll
Symbol file LoadedFromMemory doesn't match image D:\unity\My project (9)\Library\PackageCache\com.unity.visualscripting@1.7.8\Editor\VisualScripting.Core\Dependencies\DotNetZip\Unity.VisualScripting.IonicZip.dll
Native extension for WindowsStandalone target not found
Native extension for Android target not found
Native extension for WebGL target not found
Refreshing native plugins compatible for Editor in 1.30 ms, found 3 plugins.
Preloading 0 native plugins for Editor in 0.00 ms.
Mono: successfully reloaded assembly
- Completed reload, in  1.160 seconds
Domain Reload Profiling:
	ReloadAssembly (1161ms)
		BeginReloadAssembly (231ms)
			ExecutionOrderSort (0ms)
			DisableScriptedObjects (9ms)
			BackupInstance (0ms)
			ReleaseScriptingObjects (0ms)
			CreateAndSetChildDomain (142ms)
		EndReloadAssembly (819ms)
			LoadAssemblies (67ms)
			RebuildTransferFunctionScriptingTraits (0ms)
			SetupTypeCache (284ms)
			ReleaseScriptCaches (1ms)
			RebuildScriptCaches (57ms)
			SetupLoadedEditorAssemblies (368ms)
				LogAssemblyErrors (0ms)
				InitializePlatformSupportModulesInManaged (15ms)
				SetLoadedEditorAssemblies (0ms)
				RefreshPlugins (1ms)
				BeforeProcessingInitializeOnLoad (79ms)
				ProcessInitializeOnLoadAttributes (240ms)
				ProcessInitializeOnLoadMethodAttributes (30ms)
				AfterProcessingInitializeOnLoad (2ms)
				EditorAssembliesLoaded (0ms)
			ExecutionOrderSort2 (0ms)
			AwakeInstancesAfterBackupRestoration (5ms)
Platform modules already initialized, skipping
========================================================================
Worker process is ready to serve import requests
Shader 'IL3DN/Terrain First-Pass': dependency 'BaseMapShader' shader 'ASESampleShaders/SimpleTerrainBase' not found
Launched and connected shader compiler UnityShaderCompiler.exe after 0.03 seconds
Refreshing native plugins compatible for Editor in 1.52 ms, found 3 plugins.
Preloading 0 native plugins for Editor in 0.00 ms.
Unloading 3616 Unused Serialized files (Serialized files now loaded: 0)
Unloading 37 unused Assets / (1.3 MB). Loaded Objects now: 4093.
Memory consumption went from 161.0 MB to 159.7 MB.
Total: 4.690600 ms (FindLiveObjects: 0.355700 ms CreateObjectMapping: 0.201000 ms MarkObjects: 3.687400 ms  DeleteObjects: 0.444900 ms)

AssetImportParameters requested are different than current active one (requested -> active):
  custom:video-decoder-ogg-theora: a1e56fd34408186e4bbccfd4996cb3dc -> 
  custom:container-muxer-webm: aa71ff27fc2769a1b78a27578f13a17b -> 
  custom:container-demuxer-webm: 4f35f7cbe854078d1ac9338744f61a02 -> 
  custom:video-encoder-webm-vp8: eb34c28f22e8b96e1ab97ce403110664 -> 
  custom:video-codec-MediaFoundation-h265: 746d11721c4dcdbdad8f713fa42b33f4 -> 
  custom:audio-encoder-webm-vorbis: bf7c407c2cedff20999df2af8eb42d56 -> 
  custom:framework-win-MediaFoundation: 216162199b28c13a410421893ffa2e32 -> 
  custom:container-demuxer-ogg: 62fdf1f143b41e24485cea50d1cbac27 -> 
  custom:video-decoder-webm-vp8: 9c59270c3fd7afecdb556c50c9e8de78 -> 
  custom:audio-decoder-ogg-vorbis: bf7c407c2cedff20999df2af8eb42d56 -> 
========================================================================
Received Import Request.
  Time since last request: 153208.084541 seconds.
  path: Assets/Jiayu's assets/01_AssetStore/DoorPackFree/Meshes/Door001/Materials/13 - Default.mat
  artifactKey: Guid(0b4e30bcf72a1e249b8400c32f01eb2b) Importer(815301076,1909f56bfc062723c751e8b465ee728b)
Start importing Assets/Jiayu's assets/01_AssetStore/DoorPackFree/Meshes/Door001/Materials/13 - Default.mat using Guid(0b4e30bcf72a1e249b8400c32f01eb2b) Importer(815301076,1909f56bfc062723c751e8b465ee728b)  -> (artifact id: '9933cb45384f15d3aa9056033836c340') in 0.185153 seconds 
========================================================================
Received Import Request.
  Time since last request: 0.000027 seconds.
  path: Assets/Jiayu's assets/MagicArsenal/Effects/Materials/Pre-Colored Rings/AuraFire.mat
  artifactKey: Guid(6b25379b7449ba642878b359944098b7) Importer(815301076,1909f56bfc062723c751e8b465ee728b)
Start importing Assets/Jiayu's assets/MagicArsenal/Effects/Materials/Pre-Colored Rings/AuraFire.mat using Guid(6b25379b7449ba642878b359944098b7) Importer(815301076,1909f56bfc062723c751e8b465ee728b)  -> (artifact id: '6260797be9c20bf01845a2294be0a7fc') in 0.029465 seconds 
========================================================================
Received Import Request.
  Time since last request: 0.000034 seconds.
  path: Assets/Brick Project Studio/Apartment Kit/Common/Materials/Surface/Antique.mat
  artifactKey: Guid(7a2c0b18d3d81384a9318118e5c1c9ae) Importer(815301076,1909f56bfc062723c751e8b465ee728b)
Start importing Assets/Brick Project Studio/Apartment Kit/Common/Materials/Surface/Antique.mat using Guid(7a2c0b18d3d81384a9318118e5c1c9ae) Importer(815301076,1909f56bfc062723c751e8b465ee728b)  -> (artifact id: '63f3ae0de4f376e2c3118218f4b3c13c') in 0.013052 seconds 
========================================================================
Received Import Request.
  Time since last request: 0.000043 seconds.
  path: Assets/_GhoulZombie/Black.mat
  artifactKey: Guid(5cd795b281bbe8c4b9a49869782d03ee) Importer(815301076,1909f56bfc062723c751e8b465ee728b)
Start importing Assets/_GhoulZombie/Black.mat using Guid(5cd795b281bbe8c4b9a49869782d03ee) Importer(815301076,1909f56bfc062723c751e8b465ee728b)  -> (artifact id: 'b6fffc17662b2ac1ebc4285a6f39508c') in 0.030796 seconds 
========================================================================
Received Import Request.
  Time since last request: 0.000035 seconds.
  path: Assets/Brick Project Studio/Apartment Kit/Common/Materials/Surface/BR_Tile_02.mat
  artifactKey: Guid(10c8542d4324afc4bb4d61e51e00800e) Importer(815301076,1909f56bfc062723c751e8b465ee728b)
Start importing Assets/Brick Project Studio/Apartment Kit/Common/Materials/Surface/BR_Tile_02.mat using Guid(10c8542d4324afc4bb4d61e51e00800e) Importer(815301076,1909f56bfc062723c751e8b465ee728b)  -> (artifact id: '52974c03b5c5f49caff66b0e2d21f8dc') in 0.020472 seconds 
========================================================================
Received Import Request.
  Time since last request: 0.000024 seconds.
  path: Assets/Brick Project Studio/Apartment Kit/Common/Materials/Surface/Brushed Metal_Gold.mat
  artifactKey: Guid(84a1ffeca40e4c6439b0a1f93b4d287c) Importer(815301076,1909f56bfc062723c751e8b465ee728b)
Start importing Assets/Brick Project Studio/Apartment Kit/Common/Materials/Surface/Brushed Metal_Gold.mat using Guid(84a1ffeca40e4c6439b0a1f93b4d287c) Importer(815301076,1909f56bfc062723c751e8b465ee728b)  -> (artifact id: 'd6da5e9a3381f957b78b5c219062439e') in 0.018805 seconds 
========================================================================
Received Import Request.
  Time since last request: 0.000047 seconds.
  path: Assets/Brick Project Studio/Apartment Kit/Common/Materials/Surface/Adler Light Wood.mat
  artifactKey: Guid(4e3472c094b8146469870886e7ccf1a0) Importer(815301076,1909f56bfc062723c751e8b465ee728b)
Start importing Assets/Brick Project Studio/Apartment Kit/Common/Materials/Surface/Adler Light Wood.mat using Guid(4e3472c094b8146469870886e7ccf1a0) Importer(815301076,1909f56bfc062723c751e8b465ee728b)  -> (artifact id: '81c6af207c795b66cecbd42a0cd4daea') in 0.032211 seconds 
========================================================================
Received Import Request.
  Time since last request: 0.000023 seconds.
  path: Assets/Jiayu's assets/MagicArsenal/Effects/Materials/Projectiles/Trails/arcanetrail.mat
  artifactKey: Guid(42f2ac475273c164688b930eee016f03) Importer(815301076,1909f56bfc062723c751e8b465ee728b)
Start importing Assets/Jiayu's assets/MagicArsenal/Effects/Materials/Projectiles/Trails/arcanetrail.mat using Guid(42f2ac475273c164688b930eee016f03) Importer(815301076,1909f56bfc062723c751e8b465ee728b)  -> (artifact id: '3615559fda95b3843b7af52751cddbc0') in 0.010807 seconds 
========================================================================
Received Import Request.
  Time since last request: 0.000022 seconds.
  path: Assets/Jiayu's assets/MagicArsenal/Effects/Materials/cleave_fire.mat
  artifactKey: Guid(421574077a747b146a6a5aba20f8f839) Importer(815301076,1909f56bfc062723c751e8b465ee728b)
Start importing Assets/Jiayu's assets/MagicArsenal/Effects/Materials/cleave_fire.mat using Guid(421574077a747b146a6a5aba20f8f839) Importer(815301076,1909f56bfc062723c751e8b465ee728b)  -> (artifact id: '6618add99de6dfcb806cab4077b77e02') in 0.018175 seconds 
========================================================================
Received Import Request.
  Time since last request: 0.000029 seconds.
  path: Assets/Brick Project Studio/Apartment Kit/_BPS Basic Assets/Common/Materials/Basic Assets/BA_Glow_White_01.mat
  artifactKey: Guid(823f8d5383d173a4fb4153a73427684f) Importer(815301076,1909f56bfc062723c751e8b465ee728b)
Start importing Assets/Brick Project Studio/Apartment Kit/_BPS Basic Assets/Common/Materials/Basic Assets/BA_Glow_White_01.mat using Guid(823f8d5383d173a4fb4153a73427684f) Importer(815301076,1909f56bfc062723c751e8b465ee728b)  -> (artifact id: '94f427aa6f7bbf0dc9c781519ea68b10') in 0.010254 seconds 
========================================================================
Received Import Request.
  Time since last request: 0.000022 seconds.
  path: Assets/Brick Project Studio/Apartment Kit/_BPS Basic Assets/Common/Materials/Basic Assets/BA_Metal_Gold_01.mat
  artifactKey: Guid(e000cf84e00aa6f4aac76474f809a621) Importer(815301076,1909f56bfc062723c751e8b465ee728b)
Start importing Assets/Brick Project Studio/Apartment Kit/_BPS Basic Assets/Common/Materials/Basic Assets/BA_Metal_Gold_01.mat using Guid(e000cf84e00aa6f4aac76474f809a621) Importer(815301076,1909f56bfc062723c751e8b465ee728b)  -> (artifact id: '0280ba4c06c070b312cdb3774e73b0d4') in 0.015176 seconds 
========================================================================
Received Import Request.
  Time since last request: 0.000024 seconds.
  path: Assets/Jiayu's assets/MagicArsenal/Effects/Materials/Projectiles/Arcane/arcane_twirl.mat
  artifactKey: Guid(6a89627430d3b5b44b6f33272c5af5e0) Importer(815301076,1909f56bfc062723c751e8b465ee728b)
Start importing Assets/Jiayu's assets/MagicArsenal/Effects/Materials/Projectiles/Arcane/arcane_twirl.mat using Guid(6a89627430d3b5b44b6f33272c5af5e0) Importer(815301076,1909f56bfc062723c751e8b465ee728b)  -> (artifact id: 'daf53336e299fa797f9af361a3f04f64') in 0.010281 seconds 
========================================================================
Received Import Request.
  Time since last request: 0.000023 seconds.
  path: Assets/Jiayu's assets/MagicArsenal/Effects/Materials/Multi-Purpose/Aura03.mat
  artifactKey: Guid(a2996aec2ad807e4fb2392e43f688415) Importer(815301076,1909f56bfc062723c751e8b465ee728b)
Start importing Assets/Jiayu's assets/MagicArsenal/Effects/Materials/Multi-Purpose/Aura03.mat using Guid(a2996aec2ad807e4fb2392e43f688415) Importer(815301076,1909f56bfc062723c751e8b465ee728b)  -> (artifact id: '179e9f683e435b8a573171f525e2ea53') in 0.019703 seconds 
========================================================================
Received Import Request.
  Time since last request: 0.000031 seconds.
  path: Assets/Brick Project Studio/Apartment Kit/_BPS Basic Assets/Common/Materials/Basic Assets/BA_Marble_01.mat
  artifactKey: Guid(cb77271ecd71cbd4599aa533ebf5cc1e) Importer(815301076,1909f56bfc062723c751e8b465ee728b)
Start importing Assets/Brick Project Studio/Apartment Kit/_BPS Basic Assets/Common/Materials/Basic Assets/BA_Marble_01.mat using Guid(cb77271ecd71cbd4599aa533ebf5cc1e) Importer(815301076,1909f56bfc062723c751e8b465ee728b)  -> (artifact id: '27475d00d170f51273836496b04faa8e') in 0.017629 seconds 
========================================================================
Received Import Request.
  Time since last request: 0.000028 seconds.
  path: Assets/Jiayu's assets/MagicArsenal/Effects/Materials/arcanebeam.mat
  artifactKey: Guid(6b27fba9c4dfa454caf8f3aa92c28a87) Importer(815301076,1909f56bfc062723c751e8b465ee728b)
Start importing Assets/Jiayu's assets/MagicArsenal/Effects/Materials/arcanebeam.mat using Guid(6b27fba9c4dfa454caf8f3aa92c28a87) Importer(815301076,1909f56bfc062723c751e8b465ee728b)  -> (artifact id: '3ead00856dce20df1213ac3c5521b142') in 0.018301 seconds 
========================================================================
Received Import Request.
  Time since last request: 0.000024 seconds.
  path: Assets/Jiayu's assets/MagicArsenal/Effects/Materials/Pre-Colored Rings/AuraStorm.mat
  artifactKey: Guid(fa7ec51fd191b3b4f86a6fc775741602) Importer(815301076,1909f56bfc062723c751e8b465ee728b)
Start importing Assets/Jiayu's assets/MagicArsenal/Effects/Materials/Pre-Colored Rings/AuraStorm.mat using Guid(fa7ec51fd191b3b4f86a6fc775741602) Importer(815301076,1909f56bfc062723c751e8b465ee728b)  -> (artifact id: 'a73580cd5b5ceb679d4b43ca994c07a9') in 0.020113 seconds 
========================================================================
Received Import Request.
  Time since last request: 0.000029 seconds.
  path: Assets/Jiayu's assets/MagicArsenal/Effects/Materials/Pre-Colored Rings/AuraArcane.mat
  artifactKey: Guid(becd8defa3b65a046a622f51a9a8db72) Importer(815301076,1909f56bfc062723c751e8b465ee728b)
Start importing Assets/Jiayu's assets/MagicArsenal/Effects/Materials/Pre-Colored Rings/AuraArcane.mat using Guid(becd8defa3b65a046a622f51a9a8db72) Importer(815301076,1909f56bfc062723c751e8b465ee728b)  -> (artifact id: 'e0665e0c9430217d69615d7fe1fa6e6d') in 0.018776 seconds 
========================================================================
Received Import Request.
  Time since last request: 0.000018 seconds.
  path: Assets/Brick Project Studio/Apartment Kit/_BPS Basic Assets/Common/Materials/Basic Assets/BA_Glass_03.mat
  artifactKey: Guid(266fb6016862b8b4ba1eec482c572c21) Importer(815301076,1909f56bfc062723c751e8b465ee728b)
Start importing Assets/Brick Project Studio/Apartment Kit/_BPS Basic Assets/Common/Materials/Basic Assets/BA_Glass_03.mat using Guid(266fb6016862b8b4ba1eec482c572c21) Importer(815301076,1909f56bfc062723c751e8b465ee728b)  -> (artifact id: '736deb91bdf6f396af2477500847821f') in 0.039921 seconds 
========================================================================
Received Import Request.
  Time since last request: 0.000019 seconds.
  path: Assets/Brick Project Studio/Apartment Kit/Common/Materials/Misc/Blender_01_A.mat
  artifactKey: Guid(ea4d64c9747ed7b479f9198da3e78cd7) Importer(815301076,1909f56bfc062723c751e8b465ee728b)
Start importing Assets/Brick Project Studio/Apartment Kit/Common/Materials/Misc/Blender_01_A.mat using Guid(ea4d64c9747ed7b479f9198da3e78cd7) Importer(815301076,1909f56bfc062723c751e8b465ee728b)  -> (artifact id: '8353269695516b9d9424ef3beb98c9bf') in 0.015485 seconds 
========================================================================
Received Import Request.
  Time since last request: 0.000032 seconds.
  path: Assets/Brick Project Studio/Apartment Kit/Common/Materials/Surface/Brushed Metal_Brass.mat
  artifactKey: Guid(b9c5d6ba92c526a43991da07d41229bc) Importer(815301076,1909f56bfc062723c751e8b465ee728b)
Start importing Assets/Brick Project Studio/Apartment Kit/Common/Materials/Surface/Brushed Metal_Brass.mat using Guid(b9c5d6ba92c526a43991da07d41229bc) Importer(815301076,1909f56bfc062723c751e8b465ee728b)  -> (artifact id: 'dd3b58aebaf63a6ddb5794888f6e6872') in 0.011282 seconds 
========================================================================
Received Import Request.
  Time since last request: 0.000027 seconds.
  path: Assets/Jiayu's assets/MagicArsenal/Effects/Materials/Pre-Colored Rings/AuraShadow.mat
  artifactKey: Guid(73f87da0bf581a242b1e06b3dced4457) Importer(815301076,1909f56bfc062723c751e8b465ee728b)
Start importing Assets/Jiayu's assets/MagicArsenal/Effects/Materials/Pre-Colored Rings/AuraShadow.mat using Guid(73f87da0bf581a242b1e06b3dced4457) Importer(815301076,1909f56bfc062723c751e8b465ee728b)  -> (artifact id: '8fbf5a7d05c75ff93b6d00a7fd731618') in 0.019625 seconds 
========================================================================
Received Import Request.
  Time since last request: 2.074910 seconds.
  path: Assets/Jiayu's assets/MagicArsenal/Effects/Materials/cleave_light.mat
  artifactKey: Guid(1ae0f5f2147b3a145bfdd1f561f55835) Importer(815301076,1909f56bfc062723c751e8b465ee728b)
Start importing Assets/Jiayu's assets/MagicArsenal/Effects/Materials/cleave_light.mat using Guid(1ae0f5f2147b3a145bfdd1f561f55835) Importer(815301076,1909f56bfc062723c751e8b465ee728b)  -> (artifact id: '08c68504f6c9b856243ede517446fa7a') in 0.018141 seconds 
========================================================================
Received Import Request.
  Time since last request: 0.000025 seconds.
  path: Assets/_DLNK/Demon Girl/Source/Materials/DG_body.mat
  artifactKey: Guid(611c8bd340618634a8d2585917895e4a) Importer(815301076,1909f56bfc062723c751e8b465ee728b)
Start importing Assets/_DLNK/Demon Girl/Source/Materials/DG_body.mat using Guid(611c8bd340618634a8d2585917895e4a) Importer(815301076,1909f56bfc062723c751e8b465ee728b)  -> (artifact id: 'ba09e591ff1bac1da604ebbfe30fc486') in 0.026420 seconds 
========================================================================
Received Import Request.
  Time since last request: 0.000026 seconds.
  path: Assets/Brick Project Studio/Apartment Kit/Common/Materials/Misc/Controller Screen_01.mat
  artifactKey: Guid(a89efc085b210d34fb9c6f0b7b0f669a) Importer(815301076,1909f56bfc062723c751e8b465ee728b)
Start importing Assets/Brick Project Studio/Apartment Kit/Common/Materials/Misc/Controller Screen_01.mat using Guid(a89efc085b210d34fb9c6f0b7b0f669a) Importer(815301076,1909f56bfc062723c751e8b465ee728b)  -> (artifact id: '90a4d52583d2da15b978b0c32b20933a') in 0.014969 seconds 
========================================================================
Received Import Request.
  Time since last request: 0.000021 seconds.
  path: Assets/Jiayu's assets/MagicArsenal/Effects/Materials/Projectiles/Earth/EarthDust.mat
  artifactKey: Guid(2100a057a8eb4d64e82373dc15870933) Importer(815301076,1909f56bfc062723c751e8b465ee728b)
Start importing Assets/Jiayu's assets/MagicArsenal/Effects/Materials/Projectiles/Earth/EarthDust.mat using Guid(2100a057a8eb4d64e82373dc15870933) Importer(815301076,1909f56bfc062723c751e8b465ee728b)  -> (artifact id: 'b77aebf38c3c106cf12a7d253ed640f0') in 0.025521 seconds 
========================================================================
Received Import Request.
  Time since last request: 0.000024 seconds.
  path: Assets/Jiayu's assets/Image/Materials/Exit_crop-420x229.mat
  artifactKey: Guid(2fc8616c46468ef47a48b1c39de021c1) Importer(815301076,1909f56bfc062723c751e8b465ee728b)
Start importing Assets/Jiayu's assets/Image/Materials/Exit_crop-420x229.mat using Guid(2fc8616c46468ef47a48b1c39de021c1) Importer(815301076,1909f56bfc062723c751e8b465ee728b)  -> (artifact id: '1619646896d46e7573f28d22943c108b') in 0.012886 seconds 
========================================================================
Received Import Request.
  Time since last request: 0.000027 seconds.
  path: Assets/Jiayu's assets/MagicArsenal/Effects/Materials/Projectiles/Earth/EarthSpray.mat
  artifactKey: Guid(7be7ee3392cbde542a8d7555ab4f983e) Importer(815301076,1909f56bfc062723c751e8b465ee728b)
Start importing Assets/Jiayu's assets/MagicArsenal/Effects/Materials/Projectiles/Earth/EarthSpray.mat using Guid(7be7ee3392cbde542a8d7555ab4f983e) Importer(815301076,1909f56bfc062723c751e8b465ee728b)  -> (artifact id: '290eb120fef5c1cd5205fef2bdcf785c') in 0.022717 seconds 
========================================================================
Received Import Request.
  Time since last request: 0.000030 seconds.
  path: Assets/Brick Project Studio/Apartment Kit/Common/Materials/Misc/DoorMat_01.mat
  artifactKey: Guid(cca629179fca3a14ab08d0f1cc0ecce3) Importer(815301076,1909f56bfc062723c751e8b465ee728b)
Start importing Assets/Brick Project Studio/Apartment Kit/Common/Materials/Misc/DoorMat_01.mat using Guid(cca629179fca3a14ab08d0f1cc0ecce3) Importer(815301076,1909f56bfc062723c751e8b465ee728b)  -> (artifact id: '916f1f0a1af9698853ca075620b0b35c') in 0.020262 seconds 
========================================================================
Received Import Request.
  Time since last request: 0.000021 seconds.
  path: Assets/_DLNK/Demon Girl/Source/Materials/dlnk_DemonGirl_hairpiece_op.mat
  artifactKey: Guid(cadd5e23ac0333f448cd7ceee9f15865) Importer(815301076,1909f56bfc062723c751e8b465ee728b)
Start importing Assets/_DLNK/Demon Girl/Source/Materials/dlnk_DemonGirl_hairpiece_op.mat using Guid(cadd5e23ac0333f448cd7ceee9f15865) Importer(815301076,1909f56bfc062723c751e8b465ee728b)  -> (artifact id: '20e7a4fd43428237dc465b8f4019dda2') in 0.018705 seconds 
========================================================================
Received Import Request.
  Time since last request: 0.000028 seconds.
  path: Assets/Jiayu's assets/MagicArsenal/Effects/Materials/Modular/droplets02.mat
  artifactKey: Guid(b30fb0ab07ab1704bbc181ee729a6301) Importer(815301076,1909f56bfc062723c751e8b465ee728b)
Start importing Assets/Jiayu's assets/MagicArsenal/Effects/Materials/Modular/droplets02.mat using Guid(b30fb0ab07ab1704bbc181ee729a6301) Importer(815301076,1909f56bfc062723c751e8b465ee728b)  -> (artifact id: '9b73dd42a22ed737dffb964ef6e4cfcd') in 0.017446 seconds 
========================================================================
Received Import Request.
  Time since last request: 0.000021 seconds.
  path: Assets/_DLNK/Demon Girl/Source/Materials/DG_cloth.mat
  artifactKey: Guid(1abe1ff80e2e6fa43b203b424c1ed3ff) Importer(815301076,1909f56bfc062723c751e8b465ee728b)
Start importing Assets/_DLNK/Demon Girl/Source/Materials/DG_cloth.mat using Guid(1abe1ff80e2e6fa43b203b424c1ed3ff) Importer(815301076,1909f56bfc062723c751e8b465ee728b)  -> (artifact id: '324d35ad043a99a9de9e819d6b140eab') in 0.028261 seconds 
========================================================================
Received Import Request.
  Time since last request: 0.000024 seconds.
  path: Assets/Brick Project Studio/Apartment Kit/Common/Materials/Surface/Fabric_01_Blue.mat
  artifactKey: Guid(0e43f5a20c0c0184da573df09c6c1d40) Importer(815301076,1909f56bfc062723c751e8b465ee728b)
Start importing Assets/Brick Project Studio/Apartment Kit/Common/Materials/Surface/Fabric_01_Blue.mat using Guid(0e43f5a20c0c0184da573df09c6c1d40) Importer(815301076,1909f56bfc062723c751e8b465ee728b)  -> (artifact id: '7feac0e15d4e3a326306d9157986c2e4') in 0.017149 seconds 
========================================================================
Received Import Request.
  Time since last request: 0.000039 seconds.
  path: Assets/Brick Project Studio/Apartment Kit/Common/Materials/Surface/DarkGlass.mat
  artifactKey: Guid(64463c6a7652f604b8996718d7515215) Importer(815301076,1909f56bfc062723c751e8b465ee728b)
Start importing Assets/Brick Project Studio/Apartment Kit/Common/Materials/Surface/DarkGlass.mat using Guid(64463c6a7652f604b8996718d7515215) Importer(815301076,1909f56bfc062723c751e8b465ee728b)  -> (artifact id: '9d46a0a3eaed7facbc34d5bef07496ea') in 0.011186 seconds 
========================================================================
Received Import Request.
  Time since last request: 0.000019 seconds.
  path: Assets/Brick Project Studio/Apartment Kit/_BPS Basic Assets/Common/Materials/Fire/Fire_Alpha_01.mat
  artifactKey: Guid(cdb5cf50c86c5e1479a217fd032beff8) Importer(815301076,1909f56bfc062723c751e8b465ee728b)
Start importing Assets/Brick Project Studio/Apartment Kit/_BPS Basic Assets/Common/Materials/Fire/Fire_Alpha_01.mat using Guid(cdb5cf50c86c5e1479a217fd032beff8) Importer(815301076,1909f56bfc062723c751e8b465ee728b)  -> (artifact id: '041c21c6c30f304e67944dc357985db3') in 0.014462 seconds 
========================================================================
Received Import Request.
  Time since last request: 0.000026 seconds.
  path: Assets/Brick Project Studio/Apartment Kit/_BPS Basic Assets/Common/Materials/Fire/Fire_Alpha_02.mat
  artifactKey: Guid(fafce5ad41639d14d9cfadc181485ec9) Importer(815301076,1909f56bfc062723c751e8b465ee728b)
Start importing Assets/Brick Project Studio/Apartment Kit/_BPS Basic Assets/Common/Materials/Fire/Fire_Alpha_02.mat using Guid(fafce5ad41639d14d9cfadc181485ec9) Importer(815301076,1909f56bfc062723c751e8b465ee728b)  -> (artifact id: '4aa6846937c618c22b5c0574974b2956') in 0.014539 seconds 
========================================================================
Received Import Request.
  Time since last request: 0.000022 seconds.
  path: Assets/Jiayu's assets/MagicArsenal/Effects/Materials/Projectiles/Frost/FrostPowder.mat
  artifactKey: Guid(8e3103ae22f23204e9c4cc3e05820fa0) Importer(815301076,1909f56bfc062723c751e8b465ee728b)
Start importing Assets/Jiayu's assets/MagicArsenal/Effects/Materials/Projectiles/Frost/FrostPowder.mat using Guid(8e3103ae22f23204e9c4cc3e05820fa0) Importer(815301076,1909f56bfc062723c751e8b465ee728b)  -> (artifact id: '37f4282e4a6fad540fabea06b5964764') in 0.016164 seconds 
========================================================================
Received Import Request.
  Time since last request: 0.000025 seconds.
  path: Assets/_GhoulZombie/Floor.mat
  artifactKey: Guid(0d0901b97e99da84797b3b9b6f9ef2ea) Importer(815301076,1909f56bfc062723c751e8b465ee728b)
Start importing Assets/_GhoulZombie/Floor.mat using Guid(0d0901b97e99da84797b3b9b6f9ef2ea) Importer(815301076,1909f56bfc062723c751e8b465ee728b)  -> (artifact id: 'cbb15fa34b8b9334426fbf34c25ba797') in 0.013841 seconds 
========================================================================
Received Import Request.
  Time since last request: 0.000023 seconds.
  path: Assets/TextMesh Pro/Fonts/LiberationSans.ttf
  artifactKey: Guid(e3265ab4bf004d28a9537516768c1c75) Importer(815301076,1909f56bfc062723c751e8b465ee728b)
Start importing Assets/TextMesh Pro/Fonts/LiberationSans.ttf using Guid(e3265ab4bf004d28a9537516768c1c75) Importer(815301076,1909f56bfc062723c751e8b465ee728b)  -> (artifact id: 'f3bd036785823e2281556a384dd6489b') in 0.022673 seconds 
========================================================================
Received Import Request.
  Time since last request: 0.000025 seconds.
  path: Assets/Jiayu's assets/MagicArsenal/Effects/Materials/frostbeam.mat
  artifactKey: Guid(4d1544f55d43c3c46b513cc64b5433c5) Importer(815301076,1909f56bfc062723c751e8b465ee728b)
Start importing Assets/Jiayu's assets/MagicArsenal/Effects/Materials/frostbeam.mat using Guid(4d1544f55d43c3c46b513cc64b5433c5) Importer(815301076,1909f56bfc062723c751e8b465ee728b)  -> (artifact id: 'fa182f99e46edb1d07f630a8b96d6ce7') in 0.016733 seconds 
========================================================================
Received Import Request.
  Time since last request: 0.000024 seconds.
  path: Assets/Brick Project Studio/Apartment Kit/_BPS Basic Assets/Common/Materials/Fire/Fire_Glow_01.mat
  artifactKey: Guid(9a0e2afa4dfa26744be17b68a3e1b98d) Importer(815301076,1909f56bfc062723c751e8b465ee728b)
Start importing Assets/Brick Project Studio/Apartment Kit/_BPS Basic Assets/Common/Materials/Fire/Fire_Glow_01.mat using Guid(9a0e2afa4dfa26744be17b68a3e1b98d) Importer(815301076,1909f56bfc062723c751e8b465ee728b)  -> (artifact id: '5a24b1a32e9f8dc5020a016b135e7c71') in 0.016632 seconds 
========================================================================
Received Import Request.
  Time since last request: 0.000023 seconds.
  path: Assets/Jiayu's assets/MagicArsenal/Effects/Materials/Projectiles/Frost/FrostCloud.mat
  artifactKey: Guid(9f36d24197196874ba276deaa7efccca) Importer(815301076,1909f56bfc062723c751e8b465ee728b)
Start importing Assets/Jiayu's assets/MagicArsenal/Effects/Materials/Projectiles/Frost/FrostCloud.mat using Guid(9f36d24197196874ba276deaa7efccca) Importer(815301076,1909f56bfc062723c751e8b465ee728b)  -> (artifact id: '76bc11b6d283f21254268950efe9de69') in 0.017292 seconds 
========================================================================
Received Import Request.
  Time since last request: 0.000032 seconds.
  path: Assets/Jiayu's assets/MagicArsenal/Effects/Materials/Projectiles/Fire/FireFlick.mat
  artifactKey: Guid(340f0ea52465d1c44be8123f5acf333a) Importer(815301076,1909f56bfc062723c751e8b465ee728b)
Start importing Assets/Jiayu's assets/MagicArsenal/Effects/Materials/Projectiles/Fire/FireFlick.mat using Guid(340f0ea52465d1c44be8123f5acf333a) Importer(815301076,1909f56bfc062723c751e8b465ee728b)  -> (artifact id: '573ba8df8515315ec7c92c3e2313a0ac') in 0.017414 seconds 
========================================================================
Received Import Request.
  Time since last request: 0.466460 seconds.
  path: Assets/_GhoulZombie/GhoulMaterial.mat
  artifactKey: Guid(7e013ff2514571042a1ac03d3b6f9eef) Importer(815301076,1909f56bfc062723c751e8b465ee728b)
Start importing Assets/_GhoulZombie/GhoulMaterial.mat using Guid(7e013ff2514571042a1ac03d3b6f9eef) Importer(815301076,1909f56bfc062723c751e8b465ee728b)  -> (artifact id: '04a747f4e911992264ac9ab263c4cfa6') in 0.038788 seconds 
========================================================================
Received Import Request.
  Time since last request: 0.000026 seconds.
  path: Assets/Jiayu's assets/MagicArsenal/Effects/Materials/GroundFire02.mat
  artifactKey: Guid(65f47b8759ca3e247b987627d526543b) Importer(815301076,1909f56bfc062723c751e8b465ee728b)
Start importing Assets/Jiayu's assets/MagicArsenal/Effects/Materials/GroundFire02.mat using Guid(65f47b8759ca3e247b987627d526543b) Importer(815301076,1909f56bfc062723c751e8b465ee728b)  -> (artifact id: '88670c196a1084bd746d5822ed8eb810') in 0.019018 seconds 
========================================================================
Received Import Request.
  Time since last request: 0.000023 seconds.
  path: Assets/Jiayu's assets/MagicArsenal/Effects/Materials/Modular/glowspiky_add.mat
  artifactKey: Guid(e15c425fc13c20a46b7985933309f0a6) Importer(815301076,1909f56bfc062723c751e8b465ee728b)
Start importing Assets/Jiayu's assets/MagicArsenal/Effects/Materials/Modular/glowspiky_add.mat using Guid(e15c425fc13c20a46b7985933309f0a6) Importer(815301076,1909f56bfc062723c751e8b465ee728b)  -> (artifact id: '9f1c4a5409fc8e89bcfc7d19b92dcabc') in 0.018601 seconds 
========================================================================
Received Import Request.
  Time since last request: 0.000019 seconds.
  path: Assets/Jiayu's assets/MagicArsenal/Effects/Materials/GroundEarthLight.mat
  artifactKey: Guid(9d3210ba7a1f6744a87c1037486b0797) Importer(815301076,1909f56bfc062723c751e8b465ee728b)
Start importing Assets/Jiayu's assets/MagicArsenal/Effects/Materials/GroundEarthLight.mat using Guid(9d3210ba7a1f6744a87c1037486b0797) Importer(815301076,1909f56bfc062723c751e8b465ee728b)  -> (artifact id: 'b12562c7d0191f7251ff14d4c73a30de') in 0.016866 seconds 
========================================================================
Received Import Request.
  Time since last request: 0.000033 seconds.
  path: Assets/Jiayu's assets/IL3DN/Graphics/Materials/IL3DN_Cards.mat
  artifactKey: Guid(0007dba6afb45374c88b62d209ed9c5e) Importer(815301076,1909f56bfc062723c751e8b465ee728b)
Start importing Assets/Jiayu's assets/IL3DN/Graphics/Materials/IL3DN_Cards.mat using Guid(0007dba6afb45374c88b62d209ed9c5e) Importer(815301076,1909f56bfc062723c751e8b465ee728b)  -> (artifact id: '1f10ef16c4771165dbeb0c847b775505') in 0.041234 seconds 
========================================================================
Received Import Request.
  Time since last request: 0.000036 seconds.
  path: Assets/Jiayu's assets/MagicArsenal/Effects/Materials/Modular/glowspiky2.mat
  artifactKey: Guid(a1fa149c2299e454badf7f47afef89b0) Importer(815301076,1909f56bfc062723c751e8b465ee728b)
Start importing Assets/Jiayu's assets/MagicArsenal/Effects/Materials/Modular/glowspiky2.mat using Guid(a1fa149c2299e454badf7f47afef89b0) Importer(815301076,1909f56bfc062723c751e8b465ee728b)  -> (artifact id: 'caf0b8d6bf60d6cf2b0838519915c4c4') in 0.023783 seconds 
========================================================================
Received Import Request.
  Time since last request: 0.000027 seconds.
  path: Assets/Jiayu's assets/MagicArsenal/Effects/Materials/Modular/glowsmooth.mat
  artifactKey: Guid(7a70e430f6cccf642816a3994983a529) Importer(815301076,1909f56bfc062723c751e8b465ee728b)
Start importing Assets/Jiayu's assets/MagicArsenal/Effects/Materials/Modular/glowsmooth.mat using Guid(7a70e430f6cccf642816a3994983a529) Importer(815301076,1909f56bfc062723c751e8b465ee728b)  -> (artifact id: '33911243d71cefdbbf7628105dc88a66') in 0.016663 seconds 
========================================================================
Received Import Request.
  Time since last request: 0.000051 seconds.
  path: Assets/Jiayu's assets/IL3DN/Graphics/Materials/IL3DN_Cards_TwoColorTest.mat
  artifactKey: Guid(352a8fcfc907e5f45badd439f38bcf56) Importer(815301076,1909f56bfc062723c751e8b465ee728b)
Start importing Assets/Jiayu's assets/IL3DN/Graphics/Materials/IL3DN_Cards_TwoColorTest.mat using Guid(352a8fcfc907e5f45badd439f38bcf56) Importer(815301076,1909f56bfc062723c751e8b465ee728b)  -> (artifact id: '4791e786deb939d114db1e38e6f2132f') in 0.051716 seconds 
========================================================================
Received Import Request.
  Time since last request: 0.000032 seconds.
  path: Assets/Brick Project Studio/Apartment Kit/Common/Materials/Surface/Glass Wine Bottle Wrapper 02.mat
  artifactKey: Guid(5d5f7ba22899a774081673e045e96cc5) Importer(815301076,1909f56bfc062723c751e8b465ee728b)
Start importing Assets/Brick Project Studio/Apartment Kit/Common/Materials/Surface/Glass Wine Bottle Wrapper 02.mat using Guid(5d5f7ba22899a774081673e045e96cc5) Importer(815301076,1909f56bfc062723c751e8b465ee728b)  -> (artifact id: 'a84c207d430f4c2b6a4df89dff660179') in 0.010305 seconds 
========================================================================
Received Import Request.
  Time since last request: 0.000022 seconds.
  path: Assets/Jiayu's assets/IL3DN/Graphics/Materials/IL3DN_Cloud.mat
  artifactKey: Guid(93a924b510ed64a488d5faffeefcf7cb) Importer(815301076,1909f56bfc062723c751e8b465ee728b)
Start importing Assets/Jiayu's assets/IL3DN/Graphics/Materials/IL3DN_Cloud.mat using Guid(93a924b510ed64a488d5faffeefcf7cb) Importer(815301076,1909f56bfc062723c751e8b465ee728b)  -> (artifact id: 'e09e42d73ad376ca8e6c8b9d5d4cd073') in 0.030826 seconds 
========================================================================
Received Import Request.
  Time since last request: 0.379187 seconds.
  path: Assets/Jiayu's assets/IL3DN/Graphics/Materials/IL3DN_HumanScale.mat
  artifactKey: Guid(6d27889a730aa6b44a182a2f4d1d2d9d) Importer(815301076,1909f56bfc062723c751e8b465ee728b)
Start importing Assets/Jiayu's assets/IL3DN/Graphics/Materials/IL3DN_HumanScale.mat using Guid(6d27889a730aa6b44a182a2f4d1d2d9d) Importer(815301076,1909f56bfc062723c751e8b465ee728b)  -> (artifact id: '9352d04578a1c4537064168b8b27d6c2') in 0.026260 seconds 
========================================================================
Received Import Request.
  Time since last request: 0.000020 seconds.
  path: Assets/Jiayu's assets/IL3DN/Graphics/Materials/IL3DN_Plant_Flower_Petal_03.mat
  artifactKey: Guid(856a2ac8937804e4e99a804faa0a61d5) Importer(815301076,1909f56bfc062723c751e8b465ee728b)
Start importing Assets/Jiayu's assets/IL3DN/Graphics/Materials/IL3DN_Plant_Flower_Petal_03.mat using Guid(856a2ac8937804e4e99a804faa0a61d5) Importer(815301076,1909f56bfc062723c751e8b465ee728b)  -> (artifact id: 'fcd8b26fd40f2a4027d1662e0e2de7b2') in 0.017672 seconds 
========================================================================
Received Import Request.
  Time since last request: 0.000037 seconds.
  path: Assets/Jiayu's assets/IL3DN/Graphics/Materials/IL3DN_Plant_Flower_Petal_01.mat
  artifactKey: Guid(51381b84eb87d3d4a8987d5206af840f) Importer(815301076,1909f56bfc062723c751e8b465ee728b)
Start importing Assets/Jiayu's assets/IL3DN/Graphics/Materials/IL3DN_Plant_Flower_Petal_01.mat using Guid(51381b84eb87d3d4a8987d5206af840f) Importer(815301076,1909f56bfc062723c751e8b465ee728b)  -> (artifact id: '11f3dcafec19d491299d47acd1d0f716') in 0.019372 seconds 
========================================================================
Received Import Request.
  Time since last request: 0.000020 seconds.
  path: Assets/Jiayu's assets/IL3DN/Graphics/Materials/IL3DN_Plant_Flower_Petal_02.mat
  artifactKey: Guid(e3ac01954a8b90b418546e44fa6011b2) Importer(815301076,1909f56bfc062723c751e8b465ee728b)
Start importing Assets/Jiayu's assets/IL3DN/Graphics/Materials/IL3DN_Plant_Flower_Petal_02.mat using Guid(e3ac01954a8b90b418546e44fa6011b2) Importer(815301076,1909f56bfc062723c751e8b465ee728b)  -> (artifact id: '4fe0fadc40eb445926532be1734a7ca0') in 0.017815 seconds 
========================================================================
Received Import Request.
  Time since last request: 0.000028 seconds.
  path: Assets/Jiayu's assets/IL3DN/Graphics/Materials/IL3DN_Plant_WaterLily.mat
  artifactKey: Guid(3be26af59ef83c14e916aa7874be867b) Importer(815301076,1909f56bfc062723c751e8b465ee728b)
Start importing Assets/Jiayu's assets/IL3DN/Graphics/Materials/IL3DN_Plant_WaterLily.mat using Guid(3be26af59ef83c14e916aa7874be867b) Importer(815301076,1909f56bfc062723c751e8b465ee728b)  -> (artifact id: 'a8acd75733127ad31afe7d27314f6c78') in 0.057084 seconds 
========================================================================
Received Import Request.
  Time since last request: 0.927705 seconds.
  path: Assets/Jiayu's assets/IL3DN/Graphics/Materials/IL3DN_Sky_Procedural_Night.mat
  artifactKey: Guid(ac22932ac7381fd4e9ed4bd20bb55d60) Importer(815301076,1909f56bfc062723c751e8b465ee728b)
Start importing Assets/Jiayu's assets/IL3DN/Graphics/Materials/IL3DN_Sky_Procedural_Night.mat using Guid(ac22932ac7381fd4e9ed4bd20bb55d60) Importer(815301076,1909f56bfc062723c751e8b465ee728b)  -> (artifact id: 'f0382073ae654e4fb7df688536cefe93') in 0.014876 seconds 
========================================================================
Received Import Request.
  Time since last request: 0.000022 seconds.
  path: Assets/Jiayu's assets/20 Ground Material Sets MAN MADE/INDOOR/Indoor 02 PBS.mat
  artifactKey: Guid(ccc15cb7ac0710d4086a96d47554db90) Importer(815301076,1909f56bfc062723c751e8b465ee728b)
Start importing Assets/Jiayu's assets/20 Ground Material Sets MAN MADE/INDOOR/Indoor 02 PBS.mat using Guid(ccc15cb7ac0710d4086a96d47554db90) Importer(815301076,1909f56bfc062723c751e8b465ee728b)  -> (artifact id: 'a95a3dd9879be563c34af72e2e0502e5') in 0.041360 seconds 
========================================================================
Received Import Request.
  Time since last request: 0.000029 seconds.
  path: Assets/Jiayu's assets/20 Ground Material Sets MAN MADE/INDOOR/Indoor 04 PBS.mat
  artifactKey: Guid(2ef54fb68ff4a714bbc74f4156fc4697) Importer(815301076,1909f56bfc062723c751e8b465ee728b)
Start importing Assets/Jiayu's assets/20 Ground Material Sets MAN MADE/INDOOR/Indoor 04 PBS.mat using Guid(2ef54fb68ff4a714bbc74f4156fc4697) Importer(815301076,1909f56bfc062723c751e8b465ee728b)  -> (artifact id: '2a2fa8fb899d3dc7bf3d5a6ae3e1104f') in 0.025916 seconds 
========================================================================
Received Import Request.
  Time since last request: 0.000023 seconds.
  path: Assets/Jiayu's assets/20 Ground Material Sets MAN MADE/INDOOR/Indoor 07 PBS.mat
  artifactKey: Guid(cfc37600fdb17d04b83d5818937307a2) Importer(815301076,1909f56bfc062723c751e8b465ee728b)
Start importing Assets/Jiayu's assets/20 Ground Material Sets MAN MADE/INDOOR/Indoor 07 PBS.mat using Guid(cfc37600fdb17d04b83d5818937307a2) Importer(815301076,1909f56bfc062723c751e8b465ee728b)  -> (artifact id: '4cbb46aa0e2577785a9fee50a782e2e7') in 0.017475 seconds 
========================================================================
Received Import Request.
  Time since last request: 0.000023 seconds.
  path: Assets/Jiayu's assets/20 Ground Material Sets MAN MADE/INDOOR/Indoor 10 PBS.mat
  artifactKey: Guid(4d0640d6c77aae345b3f366c388d8b6e) Importer(815301076,1909f56bfc062723c751e8b465ee728b)
Start importing Assets/Jiayu's assets/20 Ground Material Sets MAN MADE/INDOOR/Indoor 10 PBS.mat using Guid(4d0640d6c77aae345b3f366c388d8b6e) Importer(815301076,1909f56bfc062723c751e8b465ee728b)  -> (artifact id: '6da03a8fe53520d5afaa7940b6cd82cd') in 0.022986 seconds 
========================================================================
Received Import Request.
  Time since last request: 0.000059 seconds.
  path: Assets/Jiayu's assets/20 Ground Material Sets MAN MADE/INDOOR/Indoor 06 PBS.mat
  artifactKey: Guid(228f87cf739044f4091ad077a9397dd9) Importer(815301076,1909f56bfc062723c751e8b465ee728b)
Start importing Assets/Jiayu's assets/20 Ground Material Sets MAN MADE/INDOOR/Indoor 06 PBS.mat using Guid(228f87cf739044f4091ad077a9397dd9) Importer(815301076,1909f56bfc062723c751e8b465ee728b)  -> (artifact id: '42ef1c34cdad63624bfd619dbc8e9b42') in 0.029855 seconds 
========================================================================
Received Import Request.
  Time since last request: 0.000028 seconds.
  path: Assets/Jiayu's assets/IL3DN/Graphics/Materials/IL3DN_Tree_Pine_Card.mat
  artifactKey: Guid(d2714a991694e134c90f932d51b170dd) Importer(815301076,1909f56bfc062723c751e8b465ee728b)
Start importing Assets/Jiayu's assets/IL3DN/Graphics/Materials/IL3DN_Tree_Pine_Card.mat using Guid(d2714a991694e134c90f932d51b170dd) Importer(815301076,1909f56bfc062723c751e8b465ee728b)  -> (artifact id: 'cb043c77f49ab69f44f5a0ae1801b0f8') in 0.036534 seconds 
========================================================================
Received Import Request.
  Time since last request: 0.000020 seconds.
  path: Assets/Jiayu's assets/IL3DN/Graphics/Materials/IL3DN_Water.mat
  artifactKey: Guid(9b9fdaaebc85b1241bfb6f555b58ae15) Importer(815301076,1909f56bfc062723c751e8b465ee728b)
Start importing Assets/Jiayu's assets/IL3DN/Graphics/Materials/IL3DN_Water.mat using Guid(9b9fdaaebc85b1241bfb6f555b58ae15) Importer(815301076,1909f56bfc062723c751e8b465ee728b)  -> (artifact id: '95d30f0ed06a167689f2b7a9a9745f25') in 0.043915 seconds 
========================================================================
Received Import Request.
  Time since last request: 0.000020 seconds.
  path: Assets/Jiayu's assets/IL3DN/Graphics/Materials/IL3DN_Tree_Birch_Bark.mat
  artifactKey: Guid(0cd13747ec1c06b49bea7c9c495a9483) Importer(815301076,1909f56bfc062723c751e8b465ee728b)
Start importing Assets/Jiayu's assets/IL3DN/Graphics/Materials/IL3DN_Tree_Birch_Bark.mat using Guid(0cd13747ec1c06b49bea7c9c495a9483) Importer(815301076,1909f56bfc062723c751e8b465ee728b)  -> (artifact id: '6aa6b5c6e5111ca7d1f94919bfa30051') in 0.013584 seconds 
========================================================================
Received Import Request.
  Time since last request: 0.956565 seconds.
  path: Assets/Brick Project Studio/Apartment Kit/Common/Materials/Misc/Label.mat
  artifactKey: Guid(887cd0bd2b51873418b96f1bf6f04da4) Importer(815301076,1909f56bfc062723c751e8b465ee728b)
Start importing Assets/Brick Project Studio/Apartment Kit/Common/Materials/Misc/Label.mat using Guid(887cd0bd2b51873418b96f1bf6f04da4) Importer(815301076,1909f56bfc062723c751e8b465ee728b)  -> (artifact id: '05171e027e8d1f8837bf80ab3728be1f') in 0.030861 seconds 
========================================================================
Received Import Request.
  Time since last request: 0.000026 seconds.
  path: Assets/Brick Project Studio/Apartment Kit/Common/Materials/Surface/Leather_01.mat
  artifactKey: Guid(cd43f733a36e7fa459b71f33b2d0bb36) Importer(815301076,1909f56bfc062723c751e8b465ee728b)
Start importing Assets/Brick Project Studio/Apartment Kit/Common/Materials/Surface/Leather_01.mat using Guid(cd43f733a36e7fa459b71f33b2d0bb36) Importer(815301076,1909f56bfc062723c751e8b465ee728b)  -> (artifact id: 'bc39da484693eaf2457bd30153aa8749') in 0.023260 seconds 
========================================================================
Received Import Request.
  Time since last request: 0.000020 seconds.
  path: Assets/Brick Project Studio/Apartment Kit/Common/Materials/Misc/Lamp 02 Ceiling Shade - On.mat
  artifactKey: Guid(136beb9ca8a36994ca60918c49ee2767) Importer(815301076,1909f56bfc062723c751e8b465ee728b)
Start importing Assets/Brick Project Studio/Apartment Kit/Common/Materials/Misc/Lamp 02 Ceiling Shade - On.mat using Guid(136beb9ca8a36994ca60918c49ee2767) Importer(815301076,1909f56bfc062723c751e8b465ee728b)  -> (artifact id: '42da2204a384992b3e241335a3458bf1') in 0.020313 seconds 
========================================================================
Received Import Request.
  Time since last request: 0.000029 seconds.
  path: Assets/Brick Project Studio/Apartment Kit/Common/Materials/Surface/LampShade_On.mat
  artifactKey: Guid(b88360a072428ab458700f373aaa91ee) Importer(815301076,1909f56bfc062723c751e8b465ee728b)
Start importing Assets/Brick Project Studio/Apartment Kit/Common/Materials/Surface/LampShade_On.mat using Guid(b88360a072428ab458700f373aaa91ee) Importer(815301076,1909f56bfc062723c751e8b465ee728b)  -> (artifact id: '650a4a26f0e031b3989e637cf515e22d') in 0.013321 seconds 
========================================================================
Received Import Request.
  Time since last request: 0.406702 seconds.
  path: Assets/Jiayu's assets/MagicArsenal/Effects/Materials/lifebeam.mat
  artifactKey: Guid(1efe0fb91c4482149b5b5740d4860583) Importer(815301076,1909f56bfc062723c751e8b465ee728b)
Start importing Assets/Jiayu's assets/MagicArsenal/Effects/Materials/lifebeam.mat using Guid(1efe0fb91c4482149b5b5740d4860583) Importer(815301076,1909f56bfc062723c751e8b465ee728b)  -> (artifact id: '3af5a81cae82faa24d45f2cc04288bbf') in 0.017306 seconds 
========================================================================
Received Import Request.
  Time since last request: 0.000031 seconds.
  path: Assets/Jiayu's assets/MagicArsenal/Effects/Materials/Projectiles/Trails/lifetrail.mat
  artifactKey: Guid(6b9eb1eb8c455294e95226b87c3bb35f) Importer(815301076,1909f56bfc062723c751e8b465ee728b)
Start importing Assets/Jiayu's assets/MagicArsenal/Effects/Materials/Projectiles/Trails/lifetrail.mat using Guid(6b9eb1eb8c455294e95226b87c3bb35f) Importer(815301076,1909f56bfc062723c751e8b465ee728b)  -> (artifact id: 'ca463eb909ca518b72d930054669f312') in 0.021508 seconds 
========================================================================
Received Import Request.
  Time since last request: 0.000032 seconds.
  path: Assets/Jiayu's assets/MagicArsenal/Effects/Materials/Projectiles/Light/LightLensflare.mat
  artifactKey: Guid(80707ffb5f118624a8f977852c8a7d17) Importer(815301076,1909f56bfc062723c751e8b465ee728b)
Start importing Assets/Jiayu's assets/MagicArsenal/Effects/Materials/Projectiles/Light/LightLensflare.mat using Guid(80707ffb5f118624a8f977852c8a7d17) Importer(815301076,1909f56bfc062723c751e8b465ee728b)  -> (artifact id: '5b18eb32cdb63ca4628d8352ca79bf8f') in 0.017807 seconds 
========================================================================
Received Import Request.
  Time since last request: 0.000024 seconds.
  path: Assets/Jiayu's assets/MagicArsenal/Effects/Materials/Projectiles/Life/LifeCloud2.mat
  artifactKey: Guid(974a0d72eefb528459074ae39fe0276c) Importer(815301076,1909f56bfc062723c751e8b465ee728b)
Start importing Assets/Jiayu's assets/MagicArsenal/Effects/Materials/Projectiles/Life/LifeCloud2.mat using Guid(974a0d72eefb528459074ae39fe0276c) Importer(815301076,1909f56bfc062723c751e8b465ee728b)  -> (artifact id: 'c40b1a7473005985090ab2621a30f171') in 0.019040 seconds 
Editor requested this worker to shutdown with reason: Scaling down because of idle timeout
AssetImportWorker is now disconnected from the server
Process exiting
Exiting without the bug reporter. Application will terminate with return code 0