Using pre-set license
Built from '2021.3/staging' branch; Version is '2021.3.10f1 (1c7d0df0160b) revision 1867021'; Using compiler version '192829333'; Build Type 'Release'
OS: 'Windows 11  (10.0.22000) 64bit Core' Language: 'zh' Physical Memory: 32429 MB
BatchMode: 1, IsHumanControllingUs: 0, StartBugReporterOnCrash: 0, Is64bit: 1, IsPro: 1

COMMAND LINE ARGUMENTS:
D:\2021.3.10f1\Editor\Unity.exe
-adb2
-batchMode
-noUpm
-name
AssetImportWorker4
-projectPath
D:/unity/My project (9)
-logFile
Logs/AssetImportWorker4.log
-srvPort
61267
Successfully changed project path to: D:/unity/My project (9)
D:/unity/My project (9)
[UnityMemory] Configuration Parameters - Can be set up in boot.config
    "memorysetup-bucket-allocator-granularity=16"
    "memorysetup-bucket-allocator-bucket-count=8"
    "memorysetup-bucket-allocator-block-size=33554432"
    "memorysetup-bucket-allocator-block-count=8"
    "memorysetup-main-allocator-block-size=16777216"
    "memorysetup-thread-allocator-block-size=16777216"
    "memorysetup-gfx-main-allocator-block-size=16777216"
    "memorysetup-gfx-thread-allocator-block-size=16777216"
    "memorysetup-cache-allocator-block-size=4194304"
    "memorysetup-typetree-allocator-block-size=2097152"
    "memorysetup-profiler-bucket-allocator-granularity=16"
    "memorysetup-profiler-bucket-allocator-bucket-count=8"
    "memorysetup-profiler-bucket-allocator-block-size=33554432"
    "memorysetup-profiler-bucket-allocator-block-count=8"
    "memorysetup-profiler-allocator-block-size=16777216"
    "memorysetup-profiler-editor-allocator-block-size=1048576"
    "memorysetup-temp-allocator-size-main=16777216"
    "memorysetup-job-temp-allocator-block-size=2097152"
    "memorysetup-job-temp-allocator-block-size-background=1048576"
    "memorysetup-job-temp-allocator-reduction-small-platforms=262144"
    "memorysetup-temp-allocator-size-background-worker=32768"
    "memorysetup-temp-allocator-size-job-worker=262144"
    "memorysetup-temp-allocator-size-preload-manager=33554432"
    "memorysetup-temp-allocator-size-nav-mesh-worker=65536"
    "memorysetup-temp-allocator-size-audio-worker=65536"
    "memorysetup-temp-allocator-size-cloud-worker=32768"
    "memorysetup-temp-allocator-size-gi-baking-worker=262144"
    "memorysetup-temp-allocator-size-gfx=262144"
Refreshing native plugins compatible for Editor in 124.94 ms, found 3 plugins.
Preloading 0 native plugins for Editor in 0.00 ms.
Initialize engine version: 2021.3.10f1 (1c7d0df0160b)
[Subsystems] Discovering subsystems at path D:/2021.3.10f1/Editor/Data/Resources/UnitySubsystems
[Subsystems] Discovering subsystems at path D:/unity/My project (9)/Assets
GfxDevice: creating device client; threaded=0; jobified=0
Direct3D:
    Version:  Direct3D 11.0 [level 11.1]
    Renderer: NVIDIA GeForce RTX 3080 Laptop GPU (ID=0x24dc)
    Vendor:   NVIDIA
    VRAM:     16202 MB
    Driver:   31.0.15.1659
Shader 'IL3DN/Terrain First-Pass': dependency 'BaseMapShader' shader 'ASESampleShaders/SimpleTerrainBase' not found
Initialize mono
Mono path[0] = 'D:/2021.3.10f1/Editor/Data/Managed'
Mono path[1] = 'D:/2021.3.10f1/Editor/Data/MonoBleedingEdge/lib/mono/unityjit-win32'
Mono config path = 'D:/2021.3.10f1/Editor/Data/MonoBleedingEdge/etc'
Using monoOptions --debugger-agent=transport=dt_socket,embedding=1,server=y,suspend=n,address=127.0.0.1:56984
Begin MonoManager ReloadAssembly
Registering precompiled unity dll's ...
Register platform support module: D:/2021.3.10f1/Editor/Data/PlaybackEngines/WebGLSupport/UnityEditor.WebGL.Extensions.dll
Register platform support module: D:/2021.3.10f1/Editor/Data/PlaybackEngines/AndroidPlayer/UnityEditor.Android.Extensions.dll
Register platform support module: D:/2021.3.10f1/Editor/Data/PlaybackEngines/WindowsStandaloneSupport/UnityEditor.WindowsStandalone.Extensions.dll
Registered in 0.001201 seconds.
Native extension for WindowsStandalone target not found
Native extension for Android target not found
Native extension for WebGL target not found
Refreshing native plugins compatible for Editor in 102.18 ms, found 3 plugins.
Preloading 0 native plugins for Editor in 0.00 ms.
Mono: successfully reloaded assembly
- Completed reload, in  0.671 seconds
Domain Reload Profiling:
	ReloadAssembly (672ms)
		BeginReloadAssembly (64ms)
			ExecutionOrderSort (0ms)
			DisableScriptedObjects (0ms)
			BackupInstance (0ms)
			ReleaseScriptingObjects (0ms)
			CreateAndSetChildDomain (1ms)
		EndReloadAssembly (510ms)
			LoadAssemblies (64ms)
			RebuildTransferFunctionScriptingTraits (0ms)
			SetupTypeCache (118ms)
			ReleaseScriptCaches (0ms)
			RebuildScriptCaches (28ms)
			SetupLoadedEditorAssemblies (309ms)
				LogAssemblyErrors (0ms)
				InitializePlatformSupportModulesInManaged (57ms)
				SetLoadedEditorAssemblies (0ms)
				RefreshPlugins (102ms)
				BeforeProcessingInitializeOnLoad (1ms)
				ProcessInitializeOnLoadAttributes (103ms)
				ProcessInitializeOnLoadMethodAttributes (45ms)
				AfterProcessingInitializeOnLoad (0ms)
				EditorAssembliesLoaded (0ms)
			ExecutionOrderSort2 (0ms)
			AwakeInstancesAfterBackupRestoration (0ms)
Platform modules already initialized, skipping
Registering precompiled user dll's ...
Registered in 0.002893 seconds.
Begin MonoManager ReloadAssembly
Symbol file LoadedFromMemory doesn't match image D:\unity\My project (9)\Library\PackageCache\com.unity.visualscripting@1.7.8\Editor\VisualScripting.Core\Dependencies\YamlDotNet\Unity.VisualScripting.YamlDotNet.dll
Symbol file LoadedFromMemory doesn't match image D:\unity\My project (9)\Library\PackageCache\com.unity.visualscripting@1.7.8\Editor\VisualScripting.Core\Dependencies\DotNetZip\Unity.VisualScripting.IonicZip.dll
Native extension for WindowsStandalone target not found
Native extension for Android target not found
Native extension for WebGL target not found
Refreshing native plugins compatible for Editor in 0.80 ms, found 3 plugins.
Preloading 0 native plugins for Editor in 0.00 ms.
Mono: successfully reloaded assembly
- Completed reload, in  0.993 seconds
Domain Reload Profiling:
	ReloadAssembly (994ms)
		BeginReloadAssembly (211ms)
			ExecutionOrderSort (0ms)
			DisableScriptedObjects (6ms)
			BackupInstance (0ms)
			ReleaseScriptingObjects (0ms)
			CreateAndSetChildDomain (135ms)
		EndReloadAssembly (694ms)
			LoadAssemblies (63ms)
			RebuildTransferFunctionScriptingTraits (0ms)
			SetupTypeCache (226ms)
			ReleaseScriptCaches (1ms)
			RebuildScriptCaches (47ms)
			SetupLoadedEditorAssemblies (322ms)
				LogAssemblyErrors (0ms)
				InitializePlatformSupportModulesInManaged (10ms)
				SetLoadedEditorAssemblies (0ms)
				RefreshPlugins (1ms)
				BeforeProcessingInitializeOnLoad (63ms)
				ProcessInitializeOnLoadAttributes (214ms)
				ProcessInitializeOnLoadMethodAttributes (32ms)
				AfterProcessingInitializeOnLoad (2ms)
				EditorAssembliesLoaded (0ms)
			ExecutionOrderSort2 (0ms)
			AwakeInstancesAfterBackupRestoration (5ms)
Platform modules already initialized, skipping
========================================================================
Worker process is ready to serve import requests
Shader 'IL3DN/Terrain First-Pass': dependency 'BaseMapShader' shader 'ASESampleShaders/SimpleTerrainBase' not found
Launched and connected shader compiler UnityShaderCompiler.exe after 0.04 seconds
Refreshing native plugins compatible for Editor in 0.93 ms, found 3 plugins.
Preloading 0 native plugins for Editor in 0.00 ms.
Unloading 3623 Unused Serialized files (Serialized files now loaded: 0)
Unloading 37 unused Assets / (1.3 MB). Loaded Objects now: 4100.
Memory consumption went from 161.3 MB to 160.0 MB.
Total: 2.693500 ms (FindLiveObjects: 0.281900 ms CreateObjectMapping: 0.089100 ms MarkObjects: 2.076300 ms  DeleteObjects: 0.245200 ms)

AssetImportParameters requested are different than current active one (requested -> active):
  custom:video-decoder-ogg-theora: a1e56fd34408186e4bbccfd4996cb3dc -> 
  custom:container-muxer-webm: aa71ff27fc2769a1b78a27578f13a17b -> 
  custom:container-demuxer-webm: 4f35f7cbe854078d1ac9338744f61a02 -> 
  custom:video-encoder-webm-vp8: eb34c28f22e8b96e1ab97ce403110664 -> 
  custom:video-codec-MediaFoundation-h265: 746d11721c4dcdbdad8f713fa42b33f4 -> 
  custom:audio-encoder-webm-vorbis: bf7c407c2cedff20999df2af8eb42d56 -> 
  custom:framework-win-MediaFoundation: 216162199b28c13a410421893ffa2e32 -> 
  custom:container-demuxer-ogg: 62fdf1f143b41e24485cea50d1cbac27 -> 
  custom:video-decoder-webm-vp8: 9c59270c3fd7afecdb556c50c9e8de78 -> 
  custom:audio-decoder-ogg-vorbis: bf7c407c2cedff20999df2af8eb42d56 -> 
========================================================================
Received Import Request.
  Time since last request: 158341.394713 seconds.
  path: Assets/Brick Project Studio/Apartment Kit/Common/Materials/Misc/Painting.mat
  artifactKey: Guid(450760a940231c348ab7f9bfdc460276) Importer(815301076,1909f56bfc062723c751e8b465ee728b)
Start importing Assets/Brick Project Studio/Apartment Kit/Common/Materials/Misc/Painting.mat using Guid(450760a940231c348ab7f9bfdc460276) Importer(815301076,1909f56bfc062723c751e8b465ee728b)  -> (artifact id: '41f8027764f0350e80bf53896d9f76e3') in 0.134530 seconds 
========================================================================
Received Import Request.
  Time since last request: 0.000027 seconds.
  path: Assets/Fantasy Monster(wizard) Demo/Environment/Effects/Particle_smog_02_Alpha.mat
  artifactKey: Guid(0c1f1ff92ac55b14f94986b8416d3d00) Importer(815301076,1909f56bfc062723c751e8b465ee728b)
Start importing Assets/Fantasy Monster(wizard) Demo/Environment/Effects/Particle_smog_02_Alpha.mat using Guid(0c1f1ff92ac55b14f94986b8416d3d00) Importer(815301076,1909f56bfc062723c751e8b465ee728b)  -> (artifact id: 'b44ada3483188358a79cef3bdc8b69a8') in 0.011760 seconds 
========================================================================
Received Import Request.
  Time since last request: 0.235403 seconds.
  path: Assets/Jiayu's assets/Image/Materials/R.mat
  artifactKey: Guid(f8e3138ebaf3ef7418ff190c03f4ad79) Importer(815301076,1909f56bfc062723c751e8b465ee728b)
Start importing Assets/Jiayu's assets/Image/Materials/R.mat using Guid(f8e3138ebaf3ef7418ff190c03f4ad79) Importer(815301076,1909f56bfc062723c751e8b465ee728b)  -> (artifact id: '535f6b085a4ce69b0c1bc5b4554ab2cd') in 0.015178 seconds 
========================================================================
Received Import Request.
  Time since last request: 0.000046 seconds.
  path: Assets/Brick Project Studio/Apartment Kit/_BPS Basic Assets/Common/Materials/Restroom/RR_BathroomPaper.mat
  artifactKey: Guid(59f4361ca0482dc47b43305e31892b29) Importer(815301076,1909f56bfc062723c751e8b465ee728b)
Start importing Assets/Brick Project Studio/Apartment Kit/_BPS Basic Assets/Common/Materials/Restroom/RR_BathroomPaper.mat using Guid(59f4361ca0482dc47b43305e31892b29) Importer(815301076,1909f56bfc062723c751e8b465ee728b)  -> (artifact id: '590b3091ecd7242fd662b1a95ec6ad82') in 0.023503 seconds 
========================================================================
Received Import Request.
  Time since last request: 0.020118 seconds.
  path: Assets/Brick Project Studio/Apartment Kit/_BPS Basic Assets/Common/Materials/Restroom/RR_Panel_01.mat
  artifactKey: Guid(0dc30470004dae846a55ed5379ef2239) Importer(815301076,1909f56bfc062723c751e8b465ee728b)
Start importing Assets/Brick Project Studio/Apartment Kit/_BPS Basic Assets/Common/Materials/Restroom/RR_Panel_01.mat using Guid(0dc30470004dae846a55ed5379ef2239) Importer(815301076,1909f56bfc062723c751e8b465ee728b)  -> (artifact id: 'a80cbd821793286fddd594acf0e9b84f') in 0.017626 seconds 
========================================================================
Received Import Request.
  Time since last request: 0.000030 seconds.
  path: Assets/Jiayu's assets/MagicArsenal/Effects/Materials/ShieldArcane.mat
  artifactKey: Guid(e65f7229ed2321148a4f5a7fd10a4bd6) Importer(815301076,1909f56bfc062723c751e8b465ee728b)
Start importing Assets/Jiayu's assets/MagicArsenal/Effects/Materials/ShieldArcane.mat using Guid(e65f7229ed2321148a4f5a7fd10a4bd6) Importer(815301076,1909f56bfc062723c751e8b465ee728b)  -> (artifact id: '98c4a81cbc190fcb021ea630410712c6') in 0.019522 seconds 
========================================================================
Received Import Request.
  Time since last request: 0.000027 seconds.
  path: Assets/Brick Project Studio/Apartment Kit/Common/Materials/Misc/ScreenMonitor_01.mat
  artifactKey: Guid(be58df235057e3040b40406a31bcbf58) Importer(815301076,1909f56bfc062723c751e8b465ee728b)
Start importing Assets/Brick Project Studio/Apartment Kit/Common/Materials/Misc/ScreenMonitor_01.mat using Guid(be58df235057e3040b40406a31bcbf58) Importer(815301076,1909f56bfc062723c751e8b465ee728b)  -> (artifact id: 'f126a0ef869eb443c9c7b3bd84effbc2') in 0.020140 seconds 
========================================================================
Received Import Request.
  Time since last request: 0.000050 seconds.
  path: Assets/Jiayu's assets/MagicArsenal/Effects/Materials/Projectiles/Shadow/ShadowCloud.mat
  artifactKey: Guid(8470867e32af75e4b93ce05d8644eb75) Importer(815301076,1909f56bfc062723c751e8b465ee728b)
Start importing Assets/Jiayu's assets/MagicArsenal/Effects/Materials/Projectiles/Shadow/ShadowCloud.mat using Guid(8470867e32af75e4b93ce05d8644eb75) Importer(815301076,1909f56bfc062723c751e8b465ee728b)  -> (artifact id: '06aba7742d8ce3dc3f755429df319a21') in 0.023866 seconds 
========================================================================
Received Import Request.
  Time since last request: 0.257141 seconds.
  path: Assets/Jiayu's assets/MagicArsenal/Effects/Materials/ShieldArcane2.mat
  artifactKey: Guid(02be956f5fd2e6d4db962d532b9416bb) Importer(815301076,1909f56bfc062723c751e8b465ee728b)
Start importing Assets/Jiayu's assets/MagicArsenal/Effects/Materials/ShieldArcane2.mat using Guid(02be956f5fd2e6d4db962d532b9416bb) Importer(815301076,1909f56bfc062723c751e8b465ee728b)  -> (artifact id: '6209da1d5e53ce165c7bec59886194ee') in 0.019481 seconds 
========================================================================
Received Import Request.
  Time since last request: 0.000017 seconds.
  path: Assets/Jiayu's assets/MagicArsenal/Effects/Materials/ShieldFrost.mat
  artifactKey: Guid(e6f3e5235fc3b1d418e22d65d2221161) Importer(815301076,1909f56bfc062723c751e8b465ee728b)
Start importing Assets/Jiayu's assets/MagicArsenal/Effects/Materials/ShieldFrost.mat using Guid(e6f3e5235fc3b1d418e22d65d2221161) Importer(815301076,1909f56bfc062723c751e8b465ee728b)  -> (artifact id: '89c3d1998f4e2c13ca1595283cc23d11') in 0.021151 seconds 
========================================================================
Received Import Request.
  Time since last request: 0.000025 seconds.
  path: Assets/Jiayu's assets/MagicArsenal/Effects/Materials/ShieldWater.mat
  artifactKey: Guid(6b5758e6e2aad5241b6f90b765f20636) Importer(815301076,1909f56bfc062723c751e8b465ee728b)
Start importing Assets/Jiayu's assets/MagicArsenal/Effects/Materials/ShieldWater.mat using Guid(6b5758e6e2aad5241b6f90b765f20636) Importer(815301076,1909f56bfc062723c751e8b465ee728b)  -> (artifact id: '66ef0abbc48e47551fb19bad9c76bce2') in 0.044767 seconds 
========================================================================
Received Import Request.
  Time since last request: 0.000027 seconds.
  path: Assets/Jiayu's assets/MagicArsenal/Effects/Materials/ShieldModularSmooth.mat
  artifactKey: Guid(9142b6491e4113a46b3a0ebdb7db07f0) Importer(815301076,1909f56bfc062723c751e8b465ee728b)
Start importing Assets/Jiayu's assets/MagicArsenal/Effects/Materials/ShieldModularSmooth.mat using Guid(9142b6491e4113a46b3a0ebdb7db07f0) Importer(815301076,1909f56bfc062723c751e8b465ee728b)  -> (artifact id: 'd021d0786e90ba2959555e8304b2da73') in 0.014661 seconds 
========================================================================
Received Import Request.
  Time since last request: 0.609574 seconds.
  path: Assets/Brick Project Studio/Apartment Kit/Common/Materials/Surface/Shiny Metal_02.mat
  artifactKey: Guid(b73dbd0dbafdfa944ac875a3b40515e4) Importer(815301076,1909f56bfc062723c751e8b465ee728b)
Start importing Assets/Brick Project Studio/Apartment Kit/Common/Materials/Surface/Shiny Metal_02.mat using Guid(b73dbd0dbafdfa944ac875a3b40515e4) Importer(815301076,1909f56bfc062723c751e8b465ee728b)  -> (artifact id: '1e9836bdb0b942489604a922ff833120') in 0.015378 seconds 
========================================================================
Received Import Request.
  Time since last request: 0.000027 seconds.
  path: Assets/Jiayu's assets/MagicArsenal/Effects/Materials/Modular/smoke03.mat
  artifactKey: Guid(43cf4c5ff84f9f24d8891be34e96e074) Importer(815301076,1909f56bfc062723c751e8b465ee728b)
Start importing Assets/Jiayu's assets/MagicArsenal/Effects/Materials/Modular/smoke03.mat using Guid(43cf4c5ff84f9f24d8891be34e96e074) Importer(815301076,1909f56bfc062723c751e8b465ee728b)  -> (artifact id: '277fb98fba439a4307333481a82c994a') in 0.019445 seconds 
========================================================================
Received Import Request.
  Time since last request: 0.000022 seconds.
  path: Assets/Jiayu's assets/MagicArsenal/Effects/Materials/Modular/smallglow01.mat
  artifactKey: Guid(bafdb712bebb28d40988e5644ed9bf5b) Importer(815301076,1909f56bfc062723c751e8b465ee728b)
Start importing Assets/Jiayu's assets/MagicArsenal/Effects/Materials/Modular/smallglow01.mat using Guid(bafdb712bebb28d40988e5644ed9bf5b) Importer(815301076,1909f56bfc062723c751e8b465ee728b)  -> (artifact id: 'a21a7f3b5db491842a7ac4f9635a324f') in 0.019629 seconds 
========================================================================
Received Import Request.
  Time since last request: 0.000017 seconds.
  path: Assets/Jiayu's assets/MagicArsenal/Effects/Models/Materials/sphereshield.mat
  artifactKey: Guid(87c5a7c2fa3e6634ca5bd1b2b67465e6) Importer(815301076,1909f56bfc062723c751e8b465ee728b)
Start importing Assets/Jiayu's assets/MagicArsenal/Effects/Models/Materials/sphereshield.mat using Guid(87c5a7c2fa3e6634ca5bd1b2b67465e6) Importer(815301076,1909f56bfc062723c751e8b465ee728b)  -> (artifact id: '6ebbc33dfd3afed865efc3bd603267b1') in 0.017276 seconds 
========================================================================
Received Import Request.
  Time since last request: 0.062272 seconds.
  path: Assets/Jiayu's assets/MagicArsenal/Effects/Materials/Modular/spike02.mat
  artifactKey: Guid(19b0945400988134eb510b7b01ec8c7e) Importer(815301076,1909f56bfc062723c751e8b465ee728b)
Start importing Assets/Jiayu's assets/MagicArsenal/Effects/Materials/Modular/spike02.mat using Guid(19b0945400988134eb510b7b01ec8c7e) Importer(815301076,1909f56bfc062723c751e8b465ee728b)  -> (artifact id: 'c6ffbc708d4b506e6e385c7b25da8385') in 0.041065 seconds 
========================================================================
Received Import Request.
  Time since last request: 0.000024 seconds.
  path: Assets/Jiayu's assets/20 Ground Material Sets MAN MADE/STONE/Stone 1 PBS.mat
  artifactKey: Guid(6cd8d1ec86714d848883cb3c10592c98) Importer(815301076,1909f56bfc062723c751e8b465ee728b)
Start importing Assets/Jiayu's assets/20 Ground Material Sets MAN MADE/STONE/Stone 1 PBS.mat using Guid(6cd8d1ec86714d848883cb3c10592c98) Importer(815301076,1909f56bfc062723c751e8b465ee728b)  -> (artifact id: '95b0504b3da325639b5ccfa7d2dcada9') in 0.029796 seconds 
========================================================================
Received Import Request.
  Time since last request: 0.000018 seconds.
  path: Assets/Jiayu's assets/20 Ground Material Sets MAN MADE/STONE/Stone 2 PBS.mat
  artifactKey: Guid(16b688ed7a506b448a8321fc28f212a8) Importer(815301076,1909f56bfc062723c751e8b465ee728b)
Start importing Assets/Jiayu's assets/20 Ground Material Sets MAN MADE/STONE/Stone 2 PBS.mat using Guid(16b688ed7a506b448a8321fc28f212a8) Importer(815301076,1909f56bfc062723c751e8b465ee728b)  -> (artifact id: '128fde894d6133088df02950a237cca3') in 0.031072 seconds 
========================================================================
Received Import Request.
  Time since last request: 0.000022 seconds.
  path: Assets/Jiayu's assets/20 Ground Material Sets MAN MADE/STONE/Stone 3 PBS.mat
  artifactKey: Guid(9ce5d24bf2981184795a887bae02e666) Importer(815301076,1909f56bfc062723c751e8b465ee728b)
Start importing Assets/Jiayu's assets/20 Ground Material Sets MAN MADE/STONE/Stone 3 PBS.mat using Guid(9ce5d24bf2981184795a887bae02e666) Importer(815301076,1909f56bfc062723c751e8b465ee728b)  -> (artifact id: 'f21a23ba2c0d59a6d5c3a9e519517dc1') in 0.027866 seconds 
========================================================================
Received Import Request.
  Time since last request: 0.490855 seconds.
  path: Assets/Jiayu's assets/Fantasy stone/materials/stone_skeleton.mat
  artifactKey: Guid(981d5e00e3d4ef647be7448114998f9d) Importer(815301076,1909f56bfc062723c751e8b465ee728b)
Start importing Assets/Jiayu's assets/Fantasy stone/materials/stone_skeleton.mat using Guid(981d5e00e3d4ef647be7448114998f9d) Importer(815301076,1909f56bfc062723c751e8b465ee728b)  -> (artifact id: '2545b31f640beb3c0cd4949affd073d0') in 0.021313 seconds 
========================================================================
Received Import Request.
  Time since last request: 0.000016 seconds.
  path: Assets/Jiayu's assets/MagicArsenal/Effects/Materials/Projectiles/Storm/StormSwirl.mat
  artifactKey: Guid(3eb115dc75f8d41419bc844968d9e1b6) Importer(815301076,1909f56bfc062723c751e8b465ee728b)
Start importing Assets/Jiayu's assets/MagicArsenal/Effects/Materials/Projectiles/Storm/StormSwirl.mat using Guid(3eb115dc75f8d41419bc844968d9e1b6) Importer(815301076,1909f56bfc062723c751e8b465ee728b)  -> (artifact id: '03fd3c8e85c5f0bfc7ee60f05aac8835') in 0.021216 seconds 
========================================================================
Received Import Request.
  Time since last request: 0.000025 seconds.
  path: Assets/Jiayu's assets/MagicArsenal/Effects/Materials/Projectiles/Storm/StormCloud.mat
  artifactKey: Guid(1b3dc741307366f49963537f635ac1e5) Importer(815301076,1909f56bfc062723c751e8b465ee728b)
Start importing Assets/Jiayu's assets/MagicArsenal/Effects/Materials/Projectiles/Storm/StormCloud.mat using Guid(1b3dc741307366f49963537f635ac1e5) Importer(815301076,1909f56bfc062723c751e8b465ee728b)  -> (artifact id: 'a8510d8f73f65e37333555192aab3494') in 0.022002 seconds 
========================================================================
Received Import Request.
  Time since last request: 0.000020 seconds.
  path: Assets/Jiayu's assets/MagicArsenal/Effects/Materials/Modular/twirl06.mat
  artifactKey: Guid(bd224caee2546ca49bd6ac363747f298) Importer(815301076,1909f56bfc062723c751e8b465ee728b)
Start importing Assets/Jiayu's assets/MagicArsenal/Effects/Materials/Modular/twirl06.mat using Guid(bd224caee2546ca49bd6ac363747f298) Importer(815301076,1909f56bfc062723c751e8b465ee728b)  -> (artifact id: '5617162526a6bc866f7c5a1177ab6939') in 0.020997 seconds 
========================================================================
Received Import Request.
  Time since last request: 0.000022 seconds.
  path: Assets/Jiayu's assets/01_AssetStore/DoorPackFree/Meshes/Door001/Materials/V2.mat
  artifactKey: Guid(8bf0befb68296734682237e45c19dba2) Importer(815301076,1909f56bfc062723c751e8b465ee728b)
Start importing Assets/Jiayu's assets/01_AssetStore/DoorPackFree/Meshes/Door001/Materials/V2.mat using Guid(8bf0befb68296734682237e45c19dba2) Importer(815301076,1909f56bfc062723c751e8b465ee728b)  -> (artifact id: 'b60acfae1b4b5138c58f830fcd649d14') in 0.022924 seconds 
========================================================================
Received Import Request.
  Time since last request: 0.000052 seconds.
  path: Assets/Jiayu's assets/MagicArsenal/Effects/Materials/Projectiles/Storm/StormSharpSwirl.mat
  artifactKey: Guid(130bdc6151982754a8f7b5197f716c4e) Importer(815301076,1909f56bfc062723c751e8b465ee728b)
Start importing Assets/Jiayu's assets/MagicArsenal/Effects/Materials/Projectiles/Storm/StormSharpSwirl.mat using Guid(130bdc6151982754a8f7b5197f716c4e) Importer(815301076,1909f56bfc062723c751e8b465ee728b)  -> (artifact id: '76e13169b1ad92a75cc803a5f4660be0') in 0.027363 seconds 
========================================================================
Received Import Request.
  Time since last request: 0.000039 seconds.
  path: Assets/Jiayu's assets/MagicArsenal/Effects/Materials/Modular/twirlspike.mat
  artifactKey: Guid(fcf8ace8e7f4be146b23886bf1d1fbb3) Importer(815301076,1909f56bfc062723c751e8b465ee728b)
Start importing Assets/Jiayu's assets/MagicArsenal/Effects/Materials/Modular/twirlspike.mat using Guid(fcf8ace8e7f4be146b23886bf1d1fbb3) Importer(815301076,1909f56bfc062723c751e8b465ee728b)  -> (artifact id: 'cb012c9845bb35d5570cf124f12faffc') in 0.019298 seconds 
========================================================================
Received Import Request.
  Time since last request: 0.000022 seconds.
  path: Assets/Jiayu's assets/MagicArsenal/Effects/Materials/Modular/twirl05.mat
  artifactKey: Guid(8712955ff36a02349bcab91398e5182c) Importer(815301076,1909f56bfc062723c751e8b465ee728b)
Start importing Assets/Jiayu's assets/MagicArsenal/Effects/Materials/Modular/twirl05.mat using Guid(8712955ff36a02349bcab91398e5182c) Importer(815301076,1909f56bfc062723c751e8b465ee728b)  -> (artifact id: 'f88e9c5dd74b941e89cc190d78c94587') in 0.020872 seconds 
========================================================================
Received Import Request.
  Time since last request: 0.000030 seconds.
  path: Assets/Jiayu's assets/MagicArsenal/Effects/Materials/Modular/twirlsphere.mat
  artifactKey: Guid(e0d702752b7ec4a429c81798e1d783e2) Importer(815301076,1909f56bfc062723c751e8b465ee728b)
Start importing Assets/Jiayu's assets/MagicArsenal/Effects/Materials/Modular/twirlsphere.mat using Guid(e0d702752b7ec4a429c81798e1d783e2) Importer(815301076,1909f56bfc062723c751e8b465ee728b)  -> (artifact id: '7337f7cb08201a68b41d44ee1ca7ae06') in 0.023978 seconds 
========================================================================
Received Import Request.
  Time since last request: 1.138394 seconds.
  path: Assets/Jiayu's assets/01_AssetStore/DoorPackFree/Meshes/Door001/Materials/V3.mat
  artifactKey: Guid(1c826cebdd68dc546b6889791583ec7e) Importer(815301076,1909f56bfc062723c751e8b465ee728b)
Start importing Assets/Jiayu's assets/01_AssetStore/DoorPackFree/Meshes/Door001/Materials/V3.mat using Guid(1c826cebdd68dc546b6889791583ec7e) Importer(815301076,1909f56bfc062723c751e8b465ee728b)  -> (artifact id: 'b0371a258749b3bb8018f37dcb0164dd') in 0.047560 seconds 
========================================================================
Received Import Request.
  Time since last request: 0.000025 seconds.
  path: Assets/Jiayu's assets/MagicArsenal/Effects/Materials/Modular/verticalglow.mat
  artifactKey: Guid(4c93b3b8d2f7c714cb5c819fde287cb1) Importer(815301076,1909f56bfc062723c751e8b465ee728b)
Start importing Assets/Jiayu's assets/MagicArsenal/Effects/Materials/Modular/verticalglow.mat using Guid(4c93b3b8d2f7c714cb5c819fde287cb1) Importer(815301076,1909f56bfc062723c751e8b465ee728b)  -> (artifact id: '5dae9f22c24f4db983c6105e0906978c') in 0.019325 seconds 
========================================================================
Received Import Request.
  Time since last request: 0.000029 seconds.
  path: Assets/Jiayu's assets/MagicArsenal/Effects/Icons/Materials/Water.mat
  artifactKey: Guid(95ef606b503b3064b9dc6e11bc1f7ac2) Importer(815301076,1909f56bfc062723c751e8b465ee728b)
Start importing Assets/Jiayu's assets/MagicArsenal/Effects/Icons/Materials/Water.mat using Guid(95ef606b503b3064b9dc6e11bc1f7ac2) Importer(815301076,1909f56bfc062723c751e8b465ee728b)  -> (artifact id: 'e07662c9cb3fd349cb661e0c16ad8a88') in 0.017624 seconds 
========================================================================
Received Import Request.
  Time since last request: 0.000024 seconds.
  path: Assets/Jiayu's assets/MagicArsenal/Effects/Materials/Modular/verticalglow3.mat
  artifactKey: Guid(dbf65c0ce6084e34d8c736379de993fa) Importer(815301076,1909f56bfc062723c751e8b465ee728b)
Start importing Assets/Jiayu's assets/MagicArsenal/Effects/Materials/Modular/verticalglow3.mat using Guid(dbf65c0ce6084e34d8c736379de993fa) Importer(815301076,1909f56bfc062723c751e8b465ee728b)  -> (artifact id: '932d2414e0a7b796d9c491d899f4986f') in 0.019606 seconds 
========================================================================
Received Import Request.
  Time since last request: 0.189665 seconds.
  path: Assets/Jiayu's assets/MagicArsenal/Effects/Materials/waterbeam.mat
  artifactKey: Guid(6519acead99df80428ea63461e83b878) Importer(815301076,1909f56bfc062723c751e8b465ee728b)
Start importing Assets/Jiayu's assets/MagicArsenal/Effects/Materials/waterbeam.mat using Guid(6519acead99df80428ea63461e83b878) Importer(815301076,1909f56bfc062723c751e8b465ee728b)  -> (artifact id: '86a4ccb9c4e0aa4d2176000aad0009d5') in 0.021786 seconds 
========================================================================
Received Import Request.
  Time since last request: 0.000017 seconds.
  path: Assets/Jiayu's assets/MagicArsenal/Effects/Materials/Projectiles/Water/WaterSplash.mat
  artifactKey: Guid(37571c35d17cf4f48a9de79064559df8) Importer(815301076,1909f56bfc062723c751e8b465ee728b)
Start importing Assets/Jiayu's assets/MagicArsenal/Effects/Materials/Projectiles/Water/WaterSplash.mat using Guid(37571c35d17cf4f48a9de79064559df8) Importer(815301076,1909f56bfc062723c751e8b465ee728b)  -> (artifact id: 'e9179fae06ae08805373b02fd3bc4012') in 0.019565 seconds 
========================================================================
Received Import Request.
  Time since last request: 0.000032 seconds.
  path: Assets/Jiayu's assets/MagicArsenal/Effects/Materials/Modular/wavylight.mat
  artifactKey: Guid(58156333f2c01954fbc16793249a43a9) Importer(815301076,1909f56bfc062723c751e8b465ee728b)
Start importing Assets/Jiayu's assets/MagicArsenal/Effects/Materials/Modular/wavylight.mat using Guid(58156333f2c01954fbc16793249a43a9) Importer(815301076,1909f56bfc062723c751e8b465ee728b)  -> (artifact id: 'b801af38b43488ff7e2dde66f811c03c') in 0.022765 seconds 
========================================================================
Received Import Request.
  Time since last request: 0.000027 seconds.
  path: Assets/Fantasy Monster(wizard) Demo/Materials/wizard_weapon_01 DEMO.mat
  artifactKey: Guid(a267b501b822a7a4d8ad643ea81e410a) Importer(815301076,1909f56bfc062723c751e8b465ee728b)
Start importing Assets/Fantasy Monster(wizard) Demo/Materials/wizard_weapon_01 DEMO.mat using Guid(a267b501b822a7a4d8ad643ea81e410a) Importer(815301076,1909f56bfc062723c751e8b465ee728b)  -> (artifact id: '96bcaf3bb7e4078d469ddf751dfc178d') in 0.088055 seconds 
========================================================================
Received Prepare
Registering precompiled user dll's ...
Registered in 0.002003 seconds.
Begin MonoManager ReloadAssembly
Symbol file LoadedFromMemory doesn't match image D:\unity\My project (9)\Library\PackageCache\com.unity.visualscripting@1.7.8\Editor\VisualScripting.Core\Dependencies\YamlDotNet\Unity.VisualScripting.YamlDotNet.dll
Symbol file LoadedFromMemory doesn't match image D:\unity\My project (9)\Library\PackageCache\com.unity.visualscripting@1.7.8\Editor\VisualScripting.Core\Dependencies\DotNetZip\Unity.VisualScripting.IonicZip.dll
Native extension for WindowsStandalone target not found
Native extension for Android target not found
Native extension for WebGL target not found
Refreshing native plugins compatible for Editor in 0.72 ms, found 3 plugins.
Preloading 0 native plugins for Editor in 0.00 ms.
Mono: successfully reloaded assembly
- Completed reload, in  0.783 seconds
Domain Reload Profiling:
	ReloadAssembly (784ms)
		BeginReloadAssembly (106ms)
			ExecutionOrderSort (0ms)
			DisableScriptedObjects (3ms)
			BackupInstance (0ms)
			ReleaseScriptingObjects (0ms)
			CreateAndSetChildDomain (35ms)
		EndReloadAssembly (596ms)
			LoadAssemblies (55ms)
			RebuildTransferFunctionScriptingTraits (0ms)
			SetupTypeCache (207ms)
			ReleaseScriptCaches (1ms)
			RebuildScriptCaches (37ms)
			SetupLoadedEditorAssemblies (265ms)
				LogAssemblyErrors (0ms)
				InitializePlatformSupportModulesInManaged (15ms)
				SetLoadedEditorAssemblies (0ms)
				RefreshPlugins (1ms)
				BeforeProcessingInitializeOnLoad (44ms)
				ProcessInitializeOnLoadAttributes (179ms)
				ProcessInitializeOnLoadMethodAttributes (24ms)
				AfterProcessingInitializeOnLoad (2ms)
				EditorAssembliesLoaded (0ms)
			ExecutionOrderSort2 (0ms)
			AwakeInstancesAfterBackupRestoration (4ms)
Platform modules already initialized, skipping
Shader 'IL3DN/Terrain First-Pass': dependency 'BaseMapShader' shader 'ASESampleShaders/SimpleTerrainBase' not found
Refreshing native plugins compatible for Editor in 2.24 ms, found 3 plugins.
Preloading 0 native plugins for Editor in 0.00 ms.
Unloading 3559 Unused Serialized files (Serialized files now loaded: 0)
Unloading 30 unused Assets / (1.2 MB). Loaded Objects now: 4145.
Memory consumption went from 159.8 MB to 158.5 MB.
Total: 2.709400 ms (FindLiveObjects: 0.232300 ms CreateObjectMapping: 0.103500 ms MarkObjects: 2.217000 ms  DeleteObjects: 0.155800 ms)

AssetImportParameters requested are different than current active one (requested -> active):
  custom:video-decoder-ogg-theora: a1e56fd34408186e4bbccfd4996cb3dc -> 
  custom:container-muxer-webm: aa71ff27fc2769a1b78a27578f13a17b -> 
  custom:container-demuxer-webm: 4f35f7cbe854078d1ac9338744f61a02 -> 
  custom:video-encoder-webm-vp8: eb34c28f22e8b96e1ab97ce403110664 -> 
  custom:video-codec-MediaFoundation-h265: 746d11721c4dcdbdad8f713fa42b33f4 -> 
  custom:audio-encoder-webm-vorbis: bf7c407c2cedff20999df2af8eb42d56 -> 
  custom:framework-win-MediaFoundation: 216162199b28c13a410421893ffa2e32 -> 
  custom:container-demuxer-ogg: 62fdf1f143b41e24485cea50d1cbac27 -> 
  custom:video-decoder-webm-vp8: 9c59270c3fd7afecdb556c50c9e8de78 -> 
  custom:audio-decoder-ogg-vorbis: bf7c407c2cedff20999df2af8eb42d56 -> 
========================================================================
Received Prepare
Registering precompiled user dll's ...
Registered in 0.002418 seconds.
Begin MonoManager ReloadAssembly
Symbol file LoadedFromMemory doesn't match image D:\unity\My project (9)\Library\PackageCache\com.unity.visualscripting@1.7.8\Editor\VisualScripting.Core\Dependencies\YamlDotNet\Unity.VisualScripting.YamlDotNet.dll
Symbol file LoadedFromMemory doesn't match image D:\unity\My project (9)\Library\PackageCache\com.unity.visualscripting@1.7.8\Editor\VisualScripting.Core\Dependencies\DotNetZip\Unity.VisualScripting.IonicZip.dll
Native extension for WindowsStandalone target not found
Native extension for Android target not found
Native extension for WebGL target not found
Refreshing native plugins compatible for Editor in 1.16 ms, found 3 plugins.
Preloading 0 native plugins for Editor in 0.00 ms.
Mono: successfully reloaded assembly
- Completed reload, in  0.829 seconds
Domain Reload Profiling:
	ReloadAssembly (829ms)
		BeginReloadAssembly (113ms)
			ExecutionOrderSort (0ms)
			DisableScriptedObjects (4ms)
			BackupInstance (0ms)
			ReleaseScriptingObjects (0ms)
			CreateAndSetChildDomain (37ms)
		EndReloadAssembly (628ms)
			LoadAssemblies (58ms)
			RebuildTransferFunctionScriptingTraits (0ms)
			SetupTypeCache (228ms)
			ReleaseScriptCaches (2ms)
			RebuildScriptCaches (33ms)
			SetupLoadedEditorAssemblies (273ms)
				LogAssemblyErrors (0ms)
				InitializePlatformSupportModulesInManaged (18ms)
				SetLoadedEditorAssemblies (0ms)
				RefreshPlugins (1ms)
				BeforeProcessingInitializeOnLoad (48ms)
				ProcessInitializeOnLoadAttributes (176ms)
				ProcessInitializeOnLoadMethodAttributes (28ms)
				AfterProcessingInitializeOnLoad (2ms)
				EditorAssembliesLoaded (0ms)
			ExecutionOrderSort2 (0ms)
			AwakeInstancesAfterBackupRestoration (6ms)
Platform modules already initialized, skipping
Shader 'IL3DN/Terrain First-Pass': dependency 'BaseMapShader' shader 'ASESampleShaders/SimpleTerrainBase' not found
Refreshing native plugins compatible for Editor in 1.91 ms, found 3 plugins.
Preloading 0 native plugins for Editor in 0.00 ms.
Unloading 3559 Unused Serialized files (Serialized files now loaded: 0)
Unloading 30 unused Assets / (1.2 MB). Loaded Objects now: 4148.
Memory consumption went from 159.8 MB to 158.6 MB.
Total: 2.913600 ms (FindLiveObjects: 0.242200 ms CreateObjectMapping: 0.187600 ms MarkObjects: 2.302300 ms  DeleteObjects: 0.179200 ms)

AssetImportParameters requested are different than current active one (requested -> active):
  custom:video-decoder-ogg-theora: a1e56fd34408186e4bbccfd4996cb3dc -> 
  custom:container-muxer-webm: aa71ff27fc2769a1b78a27578f13a17b -> 
  custom:container-demuxer-webm: 4f35f7cbe854078d1ac9338744f61a02 -> 
  custom:video-encoder-webm-vp8: eb34c28f22e8b96e1ab97ce403110664 -> 
  custom:video-codec-MediaFoundation-h265: 746d11721c4dcdbdad8f713fa42b33f4 -> 
  custom:audio-encoder-webm-vorbis: bf7c407c2cedff20999df2af8eb42d56 -> 
  custom:framework-win-MediaFoundation: 216162199b28c13a410421893ffa2e32 -> 
  custom:container-demuxer-ogg: 62fdf1f143b41e24485cea50d1cbac27 -> 
  custom:video-decoder-webm-vp8: 9c59270c3fd7afecdb556c50c9e8de78 -> 
  custom:audio-decoder-ogg-vorbis: bf7c407c2cedff20999df2af8eb42d56 -> 
========================================================================
Received Prepare
Registering precompiled user dll's ...
Registered in 0.002731 seconds.
Begin MonoManager ReloadAssembly
Symbol file LoadedFromMemory doesn't match image D:\unity\My project (9)\Library\PackageCache\com.unity.visualscripting@1.7.8\Editor\VisualScripting.Core\Dependencies\YamlDotNet\Unity.VisualScripting.YamlDotNet.dll
Symbol file LoadedFromMemory doesn't match image D:\unity\My project (9)\Library\PackageCache\com.unity.visualscripting@1.7.8\Editor\VisualScripting.Core\Dependencies\DotNetZip\Unity.VisualScripting.IonicZip.dll
Native extension for WindowsStandalone target not found
Native extension for Android target not found
Native extension for WebGL target not found
Refreshing native plugins compatible for Editor in 0.83 ms, found 3 plugins.
Preloading 0 native plugins for Editor in 0.00 ms.
Mono: successfully reloaded assembly
- Completed reload, in  0.767 seconds
Domain Reload Profiling:
	ReloadAssembly (768ms)
		BeginReloadAssembly (110ms)
			ExecutionOrderSort (0ms)
			DisableScriptedObjects (5ms)
			BackupInstance (0ms)
			ReleaseScriptingObjects (0ms)
			CreateAndSetChildDomain (35ms)
		EndReloadAssembly (582ms)
			LoadAssemblies (57ms)
			RebuildTransferFunctionScriptingTraits (0ms)
			SetupTypeCache (201ms)
			ReleaseScriptCaches (2ms)
			RebuildScriptCaches (34ms)
			SetupLoadedEditorAssemblies (257ms)
				LogAssemblyErrors (0ms)
				InitializePlatformSupportModulesInManaged (16ms)
				SetLoadedEditorAssemblies (0ms)
				RefreshPlugins (1ms)
				BeforeProcessingInitializeOnLoad (46ms)
				ProcessInitializeOnLoadAttributes (164ms)
				ProcessInitializeOnLoadMethodAttributes (28ms)
				AfterProcessingInitializeOnLoad (2ms)
				EditorAssembliesLoaded (0ms)
			ExecutionOrderSort2 (0ms)
			AwakeInstancesAfterBackupRestoration (6ms)
Platform modules already initialized, skipping
Shader 'IL3DN/Terrain First-Pass': dependency 'BaseMapShader' shader 'ASESampleShaders/SimpleTerrainBase' not found
Refreshing native plugins compatible for Editor in 2.12 ms, found 3 plugins.
Preloading 0 native plugins for Editor in 0.00 ms.
Unloading 3559 Unused Serialized files (Serialized files now loaded: 0)
Unloading 30 unused Assets / (1.2 MB). Loaded Objects now: 4151.
Memory consumption went from 159.8 MB to 158.6 MB.
Total: 4.187500 ms (FindLiveObjects: 0.487700 ms CreateObjectMapping: 0.258400 ms MarkObjects: 2.973300 ms  DeleteObjects: 0.466000 ms)

AssetImportParameters requested are different than current active one (requested -> active):
  custom:video-decoder-ogg-theora: a1e56fd34408186e4bbccfd4996cb3dc -> 
  custom:container-muxer-webm: aa71ff27fc2769a1b78a27578f13a17b -> 
  custom:container-demuxer-webm: 4f35f7cbe854078d1ac9338744f61a02 -> 
  custom:video-encoder-webm-vp8: eb34c28f22e8b96e1ab97ce403110664 -> 
  custom:video-codec-MediaFoundation-h265: 746d11721c4dcdbdad8f713fa42b33f4 -> 
  custom:audio-encoder-webm-vorbis: bf7c407c2cedff20999df2af8eb42d56 -> 
  custom:framework-win-MediaFoundation: 216162199b28c13a410421893ffa2e32 -> 
  custom:container-demuxer-ogg: 62fdf1f143b41e24485cea50d1cbac27 -> 
  custom:video-decoder-webm-vp8: 9c59270c3fd7afecdb556c50c9e8de78 -> 
  custom:audio-decoder-ogg-vorbis: bf7c407c2cedff20999df2af8eb42d56 -> 
========================================================================
Received Prepare
Registering precompiled user dll's ...
Registered in 0.002084 seconds.
Begin MonoManager ReloadAssembly
Symbol file LoadedFromMemory doesn't match image D:\unity\My project (9)\Library\PackageCache\com.unity.visualscripting@1.7.8\Editor\VisualScripting.Core\Dependencies\YamlDotNet\Unity.VisualScripting.YamlDotNet.dll
Symbol file LoadedFromMemory doesn't match image D:\unity\My project (9)\Library\PackageCache\com.unity.visualscripting@1.7.8\Editor\VisualScripting.Core\Dependencies\DotNetZip\Unity.VisualScripting.IonicZip.dll
Native extension for WindowsStandalone target not found
Native extension for Android target not found
Native extension for WebGL target not found
Refreshing native plugins compatible for Editor in 1.08 ms, found 3 plugins.
Preloading 0 native plugins for Editor in 0.00 ms.
Mono: successfully reloaded assembly
- Completed reload, in  0.806 seconds
Domain Reload Profiling:
	ReloadAssembly (807ms)
		BeginReloadAssembly (104ms)
			ExecutionOrderSort (0ms)
			DisableScriptedObjects (4ms)
			BackupInstance (0ms)
			ReleaseScriptingObjects (0ms)
			CreateAndSetChildDomain (31ms)
		EndReloadAssembly (628ms)
			LoadAssemblies (57ms)
			RebuildTransferFunctionScriptingTraits (0ms)
			SetupTypeCache (217ms)
			ReleaseScriptCaches (1ms)
			RebuildScriptCaches (41ms)
			SetupLoadedEditorAssemblies (271ms)
				LogAssemblyErrors (0ms)
				InitializePlatformSupportModulesInManaged (16ms)
				SetLoadedEditorAssemblies (0ms)
				RefreshPlugins (1ms)
				BeforeProcessingInitializeOnLoad (52ms)
				ProcessInitializeOnLoadAttributes (174ms)
				ProcessInitializeOnLoadMethodAttributes (26ms)
				AfterProcessingInitializeOnLoad (2ms)
				EditorAssembliesLoaded (0ms)
			ExecutionOrderSort2 (0ms)
			AwakeInstancesAfterBackupRestoration (4ms)
Platform modules already initialized, skipping
Shader 'IL3DN/Terrain First-Pass': dependency 'BaseMapShader' shader 'ASESampleShaders/SimpleTerrainBase' not found
Refreshing native plugins compatible for Editor in 1.86 ms, found 3 plugins.
Preloading 0 native plugins for Editor in 0.00 ms.
Unloading 3559 Unused Serialized files (Serialized files now loaded: 0)
Unloading 30 unused Assets / (1.2 MB). Loaded Objects now: 4154.
Memory consumption went from 159.8 MB to 158.6 MB.
Total: 2.867100 ms (FindLiveObjects: 0.281100 ms CreateObjectMapping: 0.118400 ms MarkObjects: 2.304400 ms  DeleteObjects: 0.162100 ms)

AssetImportParameters requested are different than current active one (requested -> active):
  custom:video-decoder-ogg-theora: a1e56fd34408186e4bbccfd4996cb3dc -> 
  custom:container-muxer-webm: aa71ff27fc2769a1b78a27578f13a17b -> 
  custom:container-demuxer-webm: 4f35f7cbe854078d1ac9338744f61a02 -> 
  custom:video-encoder-webm-vp8: eb34c28f22e8b96e1ab97ce403110664 -> 
  custom:video-codec-MediaFoundation-h265: 746d11721c4dcdbdad8f713fa42b33f4 -> 
  custom:audio-encoder-webm-vorbis: bf7c407c2cedff20999df2af8eb42d56 -> 
  custom:framework-win-MediaFoundation: 216162199b28c13a410421893ffa2e32 -> 
  custom:container-demuxer-ogg: 62fdf1f143b41e24485cea50d1cbac27 -> 
  custom:video-decoder-webm-vp8: 9c59270c3fd7afecdb556c50c9e8de78 -> 
  custom:audio-decoder-ogg-vorbis: bf7c407c2cedff20999df2af8eb42d56 -> 
========================================================================
Received Import Request.
  Time since last request: 1300.487287 seconds.
  path: Assets/_GhoulZombie/Ghoul.prefab
  artifactKey: Guid(227ee07e9e5b7914ba8fbb8f430be9a5) Importer(815301076,1909f56bfc062723c751e8b465ee728b)
Start importing Assets/_GhoulZombie/Ghoul.prefab using Guid(227ee07e9e5b7914ba8fbb8f430be9a5) Importer(815301076,1909f56bfc062723c751e8b465ee728b)  -> (artifact id: 'ce823d7c4dd8138a37d547ef12ba0630') in 0.139185 seconds 
========================================================================
Received Import Request.
  Time since last request: 0.000033 seconds.
  path: Assets/_GhoulZombie/Ghoul_Volume4_gloss.png
  artifactKey: Guid(047a953b8df09e64b97dd542316e9c9c) Importer(815301076,1909f56bfc062723c751e8b465ee728b)
Start importing Assets/_GhoulZombie/Ghoul_Volume4_gloss.png using Guid(047a953b8df09e64b97dd542316e9c9c) Importer(815301076,1909f56bfc062723c751e8b465ee728b)  -> (artifact id: '7bbfbf1440dac11a0ffcd6fe3ca0fe2a') in 0.037346 seconds 
========================================================================
Received Import Request.
  Time since last request: 1.596344 seconds.
  path: Assets/Cradle_v1_L1.123cc567ab8b-90a5-4f5b-be10-1d5d9ffbb017/19854_Cradle_v1.obj
  artifactKey: Guid(9a253001f79df91478cd4d899992314b) Importer(815301076,1909f56bfc062723c751e8b465ee728b)
Start importing Assets/Cradle_v1_L1.123cc567ab8b-90a5-4f5b-be10-1d5d9ffbb017/19854_Cradle_v1.obj using Guid(9a253001f79df91478cd4d899992314b) Importer(815301076,1909f56bfc062723c751e8b465ee728b)  -> (artifact id: '46240883392e66c106b06d7a600f2587') in 0.046282 seconds 
Editor requested this worker to shutdown with reason: Scaling down because of idle timeout
AssetImportWorker is now disconnected from the server
Process exiting
Exiting without the bug reporter. Application will terminate with return code 0