Using pre-set license
Built from '2021.3/staging' branch; Version is '2021.3.10f1 (1c7d0df0160b) revision 1867021'; Using compiler version '192829333'; Build Type 'Release'
OS: 'Windows 11  (10.0.22000) 64bit Core' Language: 'zh' Physical Memory: 32429 MB
BatchMode: 1, IsHumanControllingUs: 0, StartBugReporterOnCrash: 0, Is64bit: 1, IsPro: 1

COMMAND LINE ARGUMENTS:
D:\2021.3.10f1\Editor\Unity.exe
-adb2
-batchMode
-noUpm
-name
AssetImportWorker4
-projectPath
D:/unity/My project (9)
-logFile
Logs/AssetImportWorker4.log
-srvPort
62299
Successfully changed project path to: D:/unity/My project (9)
D:/unity/My project (9)
[UnityMemory] Configuration Parameters - Can be set up in boot.config
    "memorysetup-bucket-allocator-granularity=16"
    "memorysetup-bucket-allocator-bucket-count=8"
    "memorysetup-bucket-allocator-block-size=33554432"
    "memorysetup-bucket-allocator-block-count=8"
    "memorysetup-main-allocator-block-size=16777216"
    "memorysetup-thread-allocator-block-size=16777216"
    "memorysetup-gfx-main-allocator-block-size=16777216"
    "memorysetup-gfx-thread-allocator-block-size=16777216"
    "memorysetup-cache-allocator-block-size=4194304"
    "memorysetup-typetree-allocator-block-size=2097152"
    "memorysetup-profiler-bucket-allocator-granularity=16"
    "memorysetup-profiler-bucket-allocator-bucket-count=8"
    "memorysetup-profiler-bucket-allocator-block-size=33554432"
    "memorysetup-profiler-bucket-allocator-block-count=8"
    "memorysetup-profiler-allocator-block-size=16777216"
    "memorysetup-profiler-editor-allocator-block-size=1048576"
    "memorysetup-temp-allocator-size-main=16777216"
    "memorysetup-job-temp-allocator-block-size=2097152"
    "memorysetup-job-temp-allocator-block-size-background=1048576"
    "memorysetup-job-temp-allocator-reduction-small-platforms=262144"
    "memorysetup-temp-allocator-size-background-worker=32768"
    "memorysetup-temp-allocator-size-job-worker=262144"
    "memorysetup-temp-allocator-size-preload-manager=33554432"
    "memorysetup-temp-allocator-size-nav-mesh-worker=65536"
    "memorysetup-temp-allocator-size-audio-worker=65536"
    "memorysetup-temp-allocator-size-cloud-worker=32768"
    "memorysetup-temp-allocator-size-gi-baking-worker=262144"
    "memorysetup-temp-allocator-size-gfx=262144"
Refreshing native plugins compatible for Editor in 67.44 ms, found 3 plugins.
Preloading 0 native plugins for Editor in 0.00 ms.
Initialize engine version: 2021.3.10f1 (1c7d0df0160b)
[Subsystems] Discovering subsystems at path D:/2021.3.10f1/Editor/Data/Resources/UnitySubsystems
[Subsystems] Discovering subsystems at path D:/unity/My project (9)/Assets
GfxDevice: creating device client; threaded=0; jobified=0
Direct3D:
    Version:  Direct3D 11.0 [level 11.1]
    Renderer: NVIDIA GeForce RTX 3080 Laptop GPU (ID=0x24dc)
    Vendor:   NVIDIA
    VRAM:     16202 MB
    Driver:   31.0.15.1659
Shader 'IL3DN/Terrain First-Pass': dependency 'BaseMapShader' shader 'ASESampleShaders/SimpleTerrainBase' not found
Initialize mono
Mono path[0] = 'D:/2021.3.10f1/Editor/Data/Managed'
Mono path[1] = 'D:/2021.3.10f1/Editor/Data/MonoBleedingEdge/lib/mono/unityjit-win32'
Mono config path = 'D:/2021.3.10f1/Editor/Data/MonoBleedingEdge/etc'
Using monoOptions --debugger-agent=transport=dt_socket,embedding=1,server=y,suspend=n,address=127.0.0.1:56704
Begin MonoManager ReloadAssembly
Registering precompiled unity dll's ...
Register platform support module: D:/2021.3.10f1/Editor/Data/PlaybackEngines/WebGLSupport/UnityEditor.WebGL.Extensions.dll
Register platform support module: D:/2021.3.10f1/Editor/Data/PlaybackEngines/AndroidPlayer/UnityEditor.Android.Extensions.dll
Register platform support module: D:/2021.3.10f1/Editor/Data/PlaybackEngines/WindowsStandaloneSupport/UnityEditor.WindowsStandalone.Extensions.dll
Registered in 0.001148 seconds.
Native extension for WindowsStandalone target not found
Native extension for Android target not found
Native extension for WebGL target not found
Refreshing native plugins compatible for Editor in 55.95 ms, found 3 plugins.
Preloading 0 native plugins for Editor in 0.00 ms.
Mono: successfully reloaded assembly
- Completed reload, in  0.455 seconds
Domain Reload Profiling:
	ReloadAssembly (456ms)
		BeginReloadAssembly (46ms)
			ExecutionOrderSort (0ms)
			DisableScriptedObjects (0ms)
			BackupInstance (0ms)
			ReleaseScriptingObjects (0ms)
			CreateAndSetChildDomain (0ms)
		EndReloadAssembly (340ms)
			LoadAssemblies (46ms)
			RebuildTransferFunctionScriptingTraits (0ms)
			SetupTypeCache (88ms)
			ReleaseScriptCaches (0ms)
			RebuildScriptCaches (19ms)
			SetupLoadedEditorAssemblies (200ms)
				LogAssemblyErrors (0ms)
				InitializePlatformSupportModulesInManaged (39ms)
				SetLoadedEditorAssemblies (0ms)
				RefreshPlugins (56ms)
				BeforeProcessingInitializeOnLoad (1ms)
				ProcessInitializeOnLoadAttributes (74ms)
				ProcessInitializeOnLoadMethodAttributes (29ms)
				AfterProcessingInitializeOnLoad (0ms)
				EditorAssembliesLoaded (0ms)
			ExecutionOrderSort2 (0ms)
			AwakeInstancesAfterBackupRestoration (0ms)
Platform modules already initialized, skipping
Registering precompiled user dll's ...
Registered in 0.001978 seconds.
Begin MonoManager ReloadAssembly
Symbol file LoadedFromMemory doesn't match image D:\unity\My project (9)\Library\PackageCache\com.unity.visualscripting@1.7.8\Editor\VisualScripting.Core\Dependencies\YamlDotNet\Unity.VisualScripting.YamlDotNet.dll
Symbol file LoadedFromMemory doesn't match image D:\unity\My project (9)\Library\PackageCache\com.unity.visualscripting@1.7.8\Editor\VisualScripting.Core\Dependencies\DotNetZip\Unity.VisualScripting.IonicZip.dll
Native extension for WindowsStandalone target not found
Native extension for Android target not found
Native extension for WebGL target not found
Refreshing native plugins compatible for Editor in 0.59 ms, found 3 plugins.
Preloading 0 native plugins for Editor in 0.00 ms.
Mono: successfully reloaded assembly
- Completed reload, in  1.027 seconds
Domain Reload Profiling:
	ReloadAssembly (1027ms)
		BeginReloadAssembly (187ms)
			ExecutionOrderSort (0ms)
			DisableScriptedObjects (5ms)
			BackupInstance (0ms)
			ReleaseScriptingObjects (0ms)
			CreateAndSetChildDomain (123ms)
		EndReloadAssembly (755ms)
			LoadAssemblies (61ms)
			RebuildTransferFunctionScriptingTraits (0ms)
			SetupTypeCache (248ms)
			ReleaseScriptCaches (1ms)
			RebuildScriptCaches (52ms)
			SetupLoadedEditorAssemblies (348ms)
				LogAssemblyErrors (0ms)
				InitializePlatformSupportModulesInManaged (12ms)
				SetLoadedEditorAssemblies (0ms)
				RefreshPlugins (1ms)
				BeforeProcessingInitializeOnLoad (73ms)
				ProcessInitializeOnLoadAttributes (229ms)
				ProcessInitializeOnLoadMethodAttributes (30ms)
				AfterProcessingInitializeOnLoad (2ms)
				EditorAssembliesLoaded (0ms)
			ExecutionOrderSort2 (0ms)
			AwakeInstancesAfterBackupRestoration (6ms)
Platform modules already initialized, skipping
========================================================================
Worker process is ready to serve import requests
Shader 'IL3DN/Terrain First-Pass': dependency 'BaseMapShader' shader 'ASESampleShaders/SimpleTerrainBase' not found
Launched and connected shader compiler UnityShaderCompiler.exe after 0.04 seconds
Refreshing native plugins compatible for Editor in 0.65 ms, found 3 plugins.
Preloading 0 native plugins for Editor in 0.00 ms.
Unloading 3418 Unused Serialized files (Serialized files now loaded: 0)
Unloading 25 unused Assets / (59.2 KB). Loaded Objects now: 3901.
Memory consumption went from 144.4 MB to 144.3 MB.
Total: 2.930500 ms (FindLiveObjects: 0.268800 ms CreateObjectMapping: 0.087600 ms MarkObjects: 2.459600 ms  DeleteObjects: 0.113700 ms)

AssetImportParameters requested are different than current active one (requested -> active):
  custom:video-decoder-ogg-theora: a1e56fd34408186e4bbccfd4996cb3dc -> 
  custom:container-muxer-webm: aa71ff27fc2769a1b78a27578f13a17b -> 
  custom:container-demuxer-webm: 4f35f7cbe854078d1ac9338744f61a02 -> 
  custom:video-encoder-webm-vp8: eb34c28f22e8b96e1ab97ce403110664 -> 
  custom:video-codec-MediaFoundation-h265: 746d11721c4dcdbdad8f713fa42b33f4 -> 
  custom:audio-encoder-webm-vorbis: bf7c407c2cedff20999df2af8eb42d56 -> 
  custom:framework-win-MediaFoundation: 216162199b28c13a410421893ffa2e32 -> 
  custom:container-demuxer-ogg: 62fdf1f143b41e24485cea50d1cbac27 -> 
  custom:video-decoder-webm-vp8: 9c59270c3fd7afecdb556c50c9e8de78 -> 
  custom:audio-decoder-ogg-vorbis: bf7c407c2cedff20999df2af8eb42d56 -> 
========================================================================
Received Import Request.
  Time since last request: 79972.188407 seconds.
  path: Assets/20 Ground Material Sets MAN MADE/STONE/Stone 1 PBS.mat
  artifactKey: Guid(6cd8d1ec86714d848883cb3c10592c98) Importer(815301076,1909f56bfc062723c751e8b465ee728b)
Start importing Assets/20 Ground Material Sets MAN MADE/STONE/Stone 1 PBS.mat using Guid(6cd8d1ec86714d848883cb3c10592c98) Importer(815301076,1909f56bfc062723c751e8b465ee728b)  -> (artifact id: '95b0504b3da325639b5ccfa7d2dcada9') in 0.122521 seconds 
========================================================================
Received Import Request.
  Time since last request: 41.400352 seconds.
  path: Assets/01_AssetStore/DoorPackFree
  artifactKey: Guid(444e19470f169aa43a84f6945b9ab1f1) Importer(815301076,1909f56bfc062723c751e8b465ee728b)
Start importing Assets/01_AssetStore/DoorPackFree using Guid(444e19470f169aa43a84f6945b9ab1f1) Importer(815301076,1909f56bfc062723c751e8b465ee728b)  -> (artifact id: '2364584e29980a808260b9ad230a081e') in 0.004954 seconds 
========================================================================
Received Import Request.
  Time since last request: 1.418370 seconds.
  path: Assets/01_AssetStore/DoorPackFree/Scenes
  artifactKey: Guid(1e90ea3e242c6f145a8b313c76a732e9) Importer(815301076,1909f56bfc062723c751e8b465ee728b)
Start importing Assets/01_AssetStore/DoorPackFree/Scenes using Guid(1e90ea3e242c6f145a8b313c76a732e9) Importer(815301076,1909f56bfc062723c751e8b465ee728b)  -> (artifact id: 'e1938cf28b76670cbc7b3d41a350e19b') in 0.004338 seconds 
========================================================================
Received Import Request.
  Time since last request: 0.223205 seconds.
  path: Assets/01_AssetStore/DoorPackFree/Scenes/Floor.mat
  artifactKey: Guid(bca819c7880d78245b09885ed9230437) Importer(815301076,1909f56bfc062723c751e8b465ee728b)
Start importing Assets/01_AssetStore/DoorPackFree/Scenes/Floor.mat using Guid(bca819c7880d78245b09885ed9230437) Importer(815301076,1909f56bfc062723c751e8b465ee728b)  -> (artifact id: 'f5694d681237839f18a20894ae61ce2a') in 0.020470 seconds 
========================================================================
Received Import Request.
  Time since last request: 6.575358 seconds.
  path: Assets/01_AssetStore/DoorPackFree/Prefab/DoorV1.prefab
  artifactKey: Guid(214b673e61a328f4b97a4c1f1bba63d3) Importer(815301076,1909f56bfc062723c751e8b465ee728b)
Start importing Assets/01_AssetStore/DoorPackFree/Prefab/DoorV1.prefab using Guid(214b673e61a328f4b97a4c1f1bba63d3) Importer(815301076,1909f56bfc062723c751e8b465ee728b)  -> (artifact id: '0cf3b5d89685bdd50f5752cb75c5e03f') in 0.200765 seconds 
========================================================================
Received Import Request.
  Time since last request: 0.000038 seconds.
  path: Assets/01_AssetStore/DoorPackFree/Prefab/Video intercomV1.prefab
  artifactKey: Guid(98859ffeeab916344bce9e52e502eac9) Importer(815301076,1909f56bfc062723c751e8b465ee728b)
Start importing Assets/01_AssetStore/DoorPackFree/Prefab/Video intercomV1.prefab using Guid(98859ffeeab916344bce9e52e502eac9) Importer(815301076,1909f56bfc062723c751e8b465ee728b)  -> (artifact id: 'ec960bb8a8fac4028153ef60c5332549') in 0.180290 seconds 
========================================================================
Received Prepare
Registering precompiled user dll's ...
Registered in 0.002053 seconds.
Begin MonoManager ReloadAssembly
Symbol file LoadedFromMemory doesn't match image D:\unity\My project (9)\Library\PackageCache\com.unity.visualscripting@1.7.8\Editor\VisualScripting.Core\Dependencies\YamlDotNet\Unity.VisualScripting.YamlDotNet.dll
Symbol file LoadedFromMemory doesn't match image D:\unity\My project (9)\Library\PackageCache\com.unity.visualscripting@1.7.8\Editor\VisualScripting.Core\Dependencies\DotNetZip\Unity.VisualScripting.IonicZip.dll
Native extension for WindowsStandalone target not found
Native extension for Android target not found
Native extension for WebGL target not found
Refreshing native plugins compatible for Editor in 0.63 ms, found 3 plugins.
Preloading 0 native plugins for Editor in 0.00 ms.
Mono: successfully reloaded assembly
- Completed reload, in  0.807 seconds
Domain Reload Profiling:
	ReloadAssembly (807ms)
		BeginReloadAssembly (106ms)
			ExecutionOrderSort (0ms)
			DisableScriptedObjects (5ms)
			BackupInstance (0ms)
			ReleaseScriptingObjects (0ms)
			CreateAndSetChildDomain (32ms)
		EndReloadAssembly (636ms)
			LoadAssemblies (57ms)
			RebuildTransferFunctionScriptingTraits (0ms)
			SetupTypeCache (215ms)
			ReleaseScriptCaches (1ms)
			RebuildScriptCaches (36ms)
			SetupLoadedEditorAssemblies (292ms)
				LogAssemblyErrors (0ms)
				InitializePlatformSupportModulesInManaged (20ms)
				SetLoadedEditorAssemblies (0ms)
				RefreshPlugins (1ms)
				BeforeProcessingInitializeOnLoad (51ms)
				ProcessInitializeOnLoadAttributes (194ms)
				ProcessInitializeOnLoadMethodAttributes (25ms)
				AfterProcessingInitializeOnLoad (2ms)
				EditorAssembliesLoaded (0ms)
			ExecutionOrderSort2 (0ms)
			AwakeInstancesAfterBackupRestoration (5ms)
Platform modules already initialized, skipping
Shader 'IL3DN/Terrain First-Pass': dependency 'BaseMapShader' shader 'ASESampleShaders/SimpleTerrainBase' not found
Refreshing native plugins compatible for Editor in 1.83 ms, found 3 plugins.
Preloading 0 native plugins for Editor in 0.00 ms.
Unloading 3396 Unused Serialized files (Serialized files now loaded: 0)
Unloading 18 unused Assets / (24.6 KB). Loaded Objects now: 3945.
Memory consumption went from 147.3 MB to 147.2 MB.
Total: 2.718100 ms (FindLiveObjects: 0.303600 ms CreateObjectMapping: 0.085200 ms MarkObjects: 2.296700 ms  DeleteObjects: 0.031400 ms)

AssetImportParameters requested are different than current active one (requested -> active):
  custom:video-decoder-ogg-theora: a1e56fd34408186e4bbccfd4996cb3dc -> 
  custom:container-muxer-webm: aa71ff27fc2769a1b78a27578f13a17b -> 
  custom:container-demuxer-webm: 4f35f7cbe854078d1ac9338744f61a02 -> 
  custom:video-encoder-webm-vp8: eb34c28f22e8b96e1ab97ce403110664 -> 
  custom:video-codec-MediaFoundation-h265: 746d11721c4dcdbdad8f713fa42b33f4 -> 
  custom:audio-encoder-webm-vorbis: bf7c407c2cedff20999df2af8eb42d56 -> 
  custom:framework-win-MediaFoundation: 216162199b28c13a410421893ffa2e32 -> 
  custom:container-demuxer-ogg: 62fdf1f143b41e24485cea50d1cbac27 -> 
  custom:video-decoder-webm-vp8: 9c59270c3fd7afecdb556c50c9e8de78 -> 
  custom:audio-decoder-ogg-vorbis: bf7c407c2cedff20999df2af8eb42d56 -> 
========================================================================
Received Prepare
Registering precompiled user dll's ...
Registered in 0.001930 seconds.
Begin MonoManager ReloadAssembly
Symbol file LoadedFromMemory doesn't match image D:\unity\My project (9)\Library\PackageCache\com.unity.visualscripting@1.7.8\Editor\VisualScripting.Core\Dependencies\YamlDotNet\Unity.VisualScripting.YamlDotNet.dll
Symbol file LoadedFromMemory doesn't match image D:\unity\My project (9)\Library\PackageCache\com.unity.visualscripting@1.7.8\Editor\VisualScripting.Core\Dependencies\DotNetZip\Unity.VisualScripting.IonicZip.dll
Native extension for WindowsStandalone target not found
Native extension for Android target not found
Native extension for WebGL target not found
Refreshing native plugins compatible for Editor in 0.89 ms, found 3 plugins.
Preloading 0 native plugins for Editor in 0.00 ms.
Mono: successfully reloaded assembly
- Completed reload, in  0.806 seconds
Domain Reload Profiling:
	ReloadAssembly (807ms)
		BeginReloadAssembly (99ms)
			ExecutionOrderSort (0ms)
			DisableScriptedObjects (4ms)
			BackupInstance (0ms)
			ReleaseScriptingObjects (0ms)
			CreateAndSetChildDomain (31ms)
		EndReloadAssembly (640ms)
			LoadAssemblies (54ms)
			RebuildTransferFunctionScriptingTraits (0ms)
			SetupTypeCache (221ms)
			ReleaseScriptCaches (1ms)
			RebuildScriptCaches (36ms)
			SetupLoadedEditorAssemblies (289ms)
				LogAssemblyErrors (0ms)
				InitializePlatformSupportModulesInManaged (22ms)
				SetLoadedEditorAssemblies (0ms)
				RefreshPlugins (1ms)
				BeforeProcessingInitializeOnLoad (52ms)
				ProcessInitializeOnLoadAttributes (187ms)
				ProcessInitializeOnLoadMethodAttributes (25ms)
				AfterProcessingInitializeOnLoad (2ms)
				EditorAssembliesLoaded (0ms)
			ExecutionOrderSort2 (0ms)
			AwakeInstancesAfterBackupRestoration (5ms)
Platform modules already initialized, skipping
Shader 'IL3DN/Terrain First-Pass': dependency 'BaseMapShader' shader 'ASESampleShaders/SimpleTerrainBase' not found
Refreshing native plugins compatible for Editor in 1.29 ms, found 3 plugins.
Preloading 0 native plugins for Editor in 0.00 ms.
Unloading 3396 Unused Serialized files (Serialized files now loaded: 0)
Unloading 18 unused Assets / (24.6 KB). Loaded Objects now: 3948.
Memory consumption went from 147.3 MB to 147.3 MB.
Total: 2.585600 ms (FindLiveObjects: 0.266200 ms CreateObjectMapping: 0.141500 ms MarkObjects: 2.147500 ms  DeleteObjects: 0.029400 ms)

AssetImportParameters requested are different than current active one (requested -> active):
  custom:video-decoder-ogg-theora: a1e56fd34408186e4bbccfd4996cb3dc -> 
  custom:container-muxer-webm: aa71ff27fc2769a1b78a27578f13a17b -> 
  custom:container-demuxer-webm: 4f35f7cbe854078d1ac9338744f61a02 -> 
  custom:video-encoder-webm-vp8: eb34c28f22e8b96e1ab97ce403110664 -> 
  custom:video-codec-MediaFoundation-h265: 746d11721c4dcdbdad8f713fa42b33f4 -> 
  custom:audio-encoder-webm-vorbis: bf7c407c2cedff20999df2af8eb42d56 -> 
  custom:framework-win-MediaFoundation: 216162199b28c13a410421893ffa2e32 -> 
  custom:container-demuxer-ogg: 62fdf1f143b41e24485cea50d1cbac27 -> 
  custom:video-decoder-webm-vp8: 9c59270c3fd7afecdb556c50c9e8de78 -> 
  custom:audio-decoder-ogg-vorbis: bf7c407c2cedff20999df2af8eb42d56 -> 
========================================================================
Received Prepare
Registering precompiled user dll's ...
Registered in 0.001948 seconds.
Begin MonoManager ReloadAssembly
Symbol file LoadedFromMemory doesn't match image D:\unity\My project (9)\Library\PackageCache\com.unity.visualscripting@1.7.8\Editor\VisualScripting.Core\Dependencies\YamlDotNet\Unity.VisualScripting.YamlDotNet.dll
Symbol file LoadedFromMemory doesn't match image D:\unity\My project (9)\Library\PackageCache\com.unity.visualscripting@1.7.8\Editor\VisualScripting.Core\Dependencies\DotNetZip\Unity.VisualScripting.IonicZip.dll
Native extension for WindowsStandalone target not found
Native extension for Android target not found
Native extension for WebGL target not found
Refreshing native plugins compatible for Editor in 0.61 ms, found 3 plugins.
Preloading 0 native plugins for Editor in 0.00 ms.
Mono: successfully reloaded assembly
- Completed reload, in  0.780 seconds
Domain Reload Profiling:
	ReloadAssembly (781ms)
		BeginReloadAssembly (98ms)
			ExecutionOrderSort (0ms)
			DisableScriptedObjects (4ms)
			BackupInstance (0ms)
			ReleaseScriptingObjects (0ms)
			CreateAndSetChildDomain (28ms)
		EndReloadAssembly (610ms)
			LoadAssemblies (56ms)
			RebuildTransferFunctionScriptingTraits (0ms)
			SetupTypeCache (197ms)
			ReleaseScriptCaches (1ms)
			RebuildScriptCaches (31ms)
			SetupLoadedEditorAssemblies (294ms)
				LogAssemblyErrors (0ms)
				InitializePlatformSupportModulesInManaged (16ms)
				SetLoadedEditorAssemblies (0ms)
				RefreshPlugins (1ms)
				BeforeProcessingInitializeOnLoad (48ms)
				ProcessInitializeOnLoadAttributes (198ms)
				ProcessInitializeOnLoadMethodAttributes (29ms)
				AfterProcessingInitializeOnLoad (2ms)
				EditorAssembliesLoaded (0ms)
			ExecutionOrderSort2 (0ms)
			AwakeInstancesAfterBackupRestoration (5ms)
Platform modules already initialized, skipping
Shader 'IL3DN/Terrain First-Pass': dependency 'BaseMapShader' shader 'ASESampleShaders/SimpleTerrainBase' not found
Refreshing native plugins compatible for Editor in 1.72 ms, found 3 plugins.
Preloading 0 native plugins for Editor in 0.00 ms.
Unloading 3396 Unused Serialized files (Serialized files now loaded: 0)
Unloading 18 unused Assets / (24.8 KB). Loaded Objects now: 3951.
Memory consumption went from 147.2 MB to 147.2 MB.
Total: 2.968800 ms (FindLiveObjects: 0.398400 ms CreateObjectMapping: 0.104500 ms MarkObjects: 2.440800 ms  DeleteObjects: 0.024400 ms)

AssetImportParameters requested are different than current active one (requested -> active):
  custom:video-decoder-ogg-theora: a1e56fd34408186e4bbccfd4996cb3dc -> 
  custom:container-muxer-webm: aa71ff27fc2769a1b78a27578f13a17b -> 
  custom:container-demuxer-webm: 4f35f7cbe854078d1ac9338744f61a02 -> 
  custom:video-encoder-webm-vp8: eb34c28f22e8b96e1ab97ce403110664 -> 
  custom:video-codec-MediaFoundation-h265: 746d11721c4dcdbdad8f713fa42b33f4 -> 
  custom:audio-encoder-webm-vorbis: bf7c407c2cedff20999df2af8eb42d56 -> 
  custom:framework-win-MediaFoundation: 216162199b28c13a410421893ffa2e32 -> 
  custom:container-demuxer-ogg: 62fdf1f143b41e24485cea50d1cbac27 -> 
  custom:video-decoder-webm-vp8: 9c59270c3fd7afecdb556c50c9e8de78 -> 
  custom:audio-decoder-ogg-vorbis: bf7c407c2cedff20999df2af8eb42d56 -> 
========================================================================
Received Prepare
Registering precompiled user dll's ...
Registered in 0.001933 seconds.
Begin MonoManager ReloadAssembly
Symbol file LoadedFromMemory doesn't match image D:\unity\My project (9)\Library\PackageCache\com.unity.visualscripting@1.7.8\Editor\VisualScripting.Core\Dependencies\YamlDotNet\Unity.VisualScripting.YamlDotNet.dll
Symbol file LoadedFromMemory doesn't match image D:\unity\My project (9)\Library\PackageCache\com.unity.visualscripting@1.7.8\Editor\VisualScripting.Core\Dependencies\DotNetZip\Unity.VisualScripting.IonicZip.dll
Native extension for WindowsStandalone target not found
Native extension for Android target not found
Native extension for WebGL target not found
Refreshing native plugins compatible for Editor in 0.71 ms, found 3 plugins.
Preloading 0 native plugins for Editor in 0.00 ms.
Mono: successfully reloaded assembly
- Completed reload, in  0.766 seconds
Domain Reload Profiling:
	ReloadAssembly (767ms)
		BeginReloadAssembly (93ms)
			ExecutionOrderSort (0ms)
			DisableScriptedObjects (4ms)
			BackupInstance (0ms)
			ReleaseScriptingObjects (0ms)
			CreateAndSetChildDomain (28ms)
		EndReloadAssembly (601ms)
			LoadAssemblies (52ms)
			RebuildTransferFunctionScriptingTraits (0ms)
			SetupTypeCache (198ms)
			ReleaseScriptCaches (1ms)
			RebuildScriptCaches (30ms)
			SetupLoadedEditorAssemblies (281ms)
				LogAssemblyErrors (0ms)
				InitializePlatformSupportModulesInManaged (16ms)
				SetLoadedEditorAssemblies (1ms)
				RefreshPlugins (1ms)
				BeforeProcessingInitializeOnLoad (47ms)
				ProcessInitializeOnLoadAttributes (188ms)
				ProcessInitializeOnLoadMethodAttributes (27ms)
				AfterProcessingInitializeOnLoad (2ms)
				EditorAssembliesLoaded (0ms)
			ExecutionOrderSort2 (0ms)
			AwakeInstancesAfterBackupRestoration (5ms)
Platform modules already initialized, skipping
Shader 'IL3DN/Terrain First-Pass': dependency 'BaseMapShader' shader 'ASESampleShaders/SimpleTerrainBase' not found
Refreshing native plugins compatible for Editor in 1.69 ms, found 3 plugins.
Preloading 0 native plugins for Editor in 0.00 ms.
Unloading 3396 Unused Serialized files (Serialized files now loaded: 0)
Unloading 18 unused Assets / (24.7 KB). Loaded Objects now: 3954.
Memory consumption went from 147.3 MB to 147.3 MB.
Total: 2.987500 ms (FindLiveObjects: 0.242000 ms CreateObjectMapping: 0.080800 ms MarkObjects: 2.636500 ms  DeleteObjects: 0.026600 ms)

AssetImportParameters requested are different than current active one (requested -> active):
  custom:video-decoder-ogg-theora: a1e56fd34408186e4bbccfd4996cb3dc -> 
  custom:container-muxer-webm: aa71ff27fc2769a1b78a27578f13a17b -> 
  custom:container-demuxer-webm: 4f35f7cbe854078d1ac9338744f61a02 -> 
  custom:video-encoder-webm-vp8: eb34c28f22e8b96e1ab97ce403110664 -> 
  custom:video-codec-MediaFoundation-h265: 746d11721c4dcdbdad8f713fa42b33f4 -> 
  custom:audio-encoder-webm-vorbis: bf7c407c2cedff20999df2af8eb42d56 -> 
  custom:framework-win-MediaFoundation: 216162199b28c13a410421893ffa2e32 -> 
  custom:container-demuxer-ogg: 62fdf1f143b41e24485cea50d1cbac27 -> 
  custom:video-decoder-webm-vp8: 9c59270c3fd7afecdb556c50c9e8de78 -> 
  custom:audio-decoder-ogg-vorbis: bf7c407c2cedff20999df2af8eb42d56 -> 
========================================================================
Received Prepare
Registering precompiled user dll's ...
Registered in 0.003029 seconds.
Begin MonoManager ReloadAssembly
Symbol file LoadedFromMemory doesn't match image D:\unity\My project (9)\Library\PackageCache\com.unity.visualscripting@1.7.8\Editor\VisualScripting.Core\Dependencies\YamlDotNet\Unity.VisualScripting.YamlDotNet.dll
Symbol file LoadedFromMemory doesn't match image D:\unity\My project (9)\Library\PackageCache\com.unity.visualscripting@1.7.8\Editor\VisualScripting.Core\Dependencies\DotNetZip\Unity.VisualScripting.IonicZip.dll
Native extension for WindowsStandalone target not found
Native extension for Android target not found
Native extension for WebGL target not found
Refreshing native plugins compatible for Editor in 0.66 ms, found 3 plugins.
Preloading 0 native plugins for Editor in 0.00 ms.
Mono: successfully reloaded assembly
- Completed reload, in  0.942 seconds
Domain Reload Profiling:
	ReloadAssembly (943ms)
		BeginReloadAssembly (130ms)
			ExecutionOrderSort (0ms)
			DisableScriptedObjects (7ms)
			BackupInstance (0ms)
			ReleaseScriptingObjects (0ms)
			CreateAndSetChildDomain (38ms)
		EndReloadAssembly (700ms)
			LoadAssemblies (71ms)
			RebuildTransferFunctionScriptingTraits (0ms)
			SetupTypeCache (237ms)
			ReleaseScriptCaches (2ms)
			RebuildScriptCaches (42ms)
			SetupLoadedEditorAssemblies (314ms)
				LogAssemblyErrors (0ms)
				InitializePlatformSupportModulesInManaged (21ms)
				SetLoadedEditorAssemblies (1ms)
				RefreshPlugins (1ms)
				BeforeProcessingInitializeOnLoad (58ms)
				ProcessInitializeOnLoadAttributes (201ms)
				ProcessInitializeOnLoadMethodAttributes (30ms)
				AfterProcessingInitializeOnLoad (2ms)
				EditorAssembliesLoaded (0ms)
			ExecutionOrderSort2 (0ms)
			AwakeInstancesAfterBackupRestoration (5ms)
Platform modules already initialized, skipping
Shader 'IL3DN/Terrain First-Pass': dependency 'BaseMapShader' shader 'ASESampleShaders/SimpleTerrainBase' not found
Refreshing native plugins compatible for Editor in 1.84 ms, found 3 plugins.
Preloading 0 native plugins for Editor in 0.00 ms.
Unloading 3396 Unused Serialized files (Serialized files now loaded: 0)
Unloading 18 unused Assets / (24.7 KB). Loaded Objects now: 3957.
Memory consumption went from 147.3 MB to 147.3 MB.
Total: 2.818700 ms (FindLiveObjects: 0.436800 ms CreateObjectMapping: 0.149700 ms MarkObjects: 2.198100 ms  DeleteObjects: 0.033000 ms)

AssetImportParameters requested are different than current active one (requested -> active):
  custom:video-decoder-ogg-theora: a1e56fd34408186e4bbccfd4996cb3dc -> 
  custom:container-muxer-webm: aa71ff27fc2769a1b78a27578f13a17b -> 
  custom:container-demuxer-webm: 4f35f7cbe854078d1ac9338744f61a02 -> 
  custom:video-encoder-webm-vp8: eb34c28f22e8b96e1ab97ce403110664 -> 
  custom:video-codec-MediaFoundation-h265: 746d11721c4dcdbdad8f713fa42b33f4 -> 
  custom:audio-encoder-webm-vorbis: bf7c407c2cedff20999df2af8eb42d56 -> 
  custom:framework-win-MediaFoundation: 216162199b28c13a410421893ffa2e32 -> 
  custom:container-demuxer-ogg: 62fdf1f143b41e24485cea50d1cbac27 -> 
  custom:video-decoder-webm-vp8: 9c59270c3fd7afecdb556c50c9e8de78 -> 
  custom:audio-decoder-ogg-vorbis: bf7c407c2cedff20999df2af8eb42d56 -> 
========================================================================
Received Import Request.
  Time since last request: 1568.071692 seconds.
  path: Assets/01_AssetStore/DoorPackFree/Scenes/Demo.unity
  artifactKey: Guid(d023fa21e226ff04abc05357e167a872) Importer(815301076,1909f56bfc062723c751e8b465ee728b)
Start importing Assets/01_AssetStore/DoorPackFree/Scenes/Demo.unity using Guid(d023fa21e226ff04abc05357e167a872) Importer(815301076,1909f56bfc062723c751e8b465ee728b)  -> (artifact id: '24829350f9e9a289e72a421f963d37bb') in 0.012774 seconds 
========================================================================
Received Import Request.
  Time since last request: 20.504950 seconds.
  path: Assets/Scenes/Jiayu.unity
  artifactKey: Guid(dfbf1cb2e3daf314aad3010f36d3476a) Importer(815301076,1909f56bfc062723c751e8b465ee728b)
Start importing Assets/Scenes/Jiayu.unity using Guid(dfbf1cb2e3daf314aad3010f36d3476a) Importer(815301076,1909f56bfc062723c751e8b465ee728b)  -> (artifact id: '14b3a233f93d3f045d8c126e187ceb67') in 0.004471 seconds 
========================================================================
Received Import Request.
  Time since last request: 20.394507 seconds.
  path: Assets/IL3DN/Scenes/TheIllustratedNature_Demo
  artifactKey: Guid(89184341b8c3df749acdd9b2611e59c6) Importer(815301076,1909f56bfc062723c751e8b465ee728b)
Start importing Assets/IL3DN/Scenes/TheIllustratedNature_Demo using Guid(89184341b8c3df749acdd9b2611e59c6) Importer(815301076,1909f56bfc062723c751e8b465ee728b)  -> (artifact id: '0678d80e126d918eed0ab5e9251467db') in 0.003990 seconds 
========================================================================
Received Import Request.
  Time since last request: 35.274733 seconds.
  path: Assets/Image
  artifactKey: Guid(ee5cae8a67a99ae45b495ac822773952) Importer(815301076,1909f56bfc062723c751e8b465ee728b)
Start importing Assets/Image using Guid(ee5cae8a67a99ae45b495ac822773952) Importer(815301076,1909f56bfc062723c751e8b465ee728b)  -> (artifact id: '3dc14e8df7d889b100c1f8c66d8dd826') in 0.004050 seconds 
========================================================================
Received Import Request.
  Time since last request: 0.089654 seconds.
  path: Assets/NanC Rose petal Particle
  artifactKey: Guid(3c3b3bfd644896342a95d9f4fb459259) Importer(815301076,1909f56bfc062723c751e8b465ee728b)
Start importing Assets/NanC Rose petal Particle using Guid(3c3b3bfd644896342a95d9f4fb459259) Importer(815301076,1909f56bfc062723c751e8b465ee728b)  -> (artifact id: 'c8743d6fe3bfe9b818f481da44225737') in 0.004024 seconds 
========================================================================
Received Import Request.
  Time since last request: 5.179691 seconds.
  path: Assets/Image/Exit_crop-420x229.png
  artifactKey: Guid(ccab53900f080b64f9701b1d43275b93) Importer(815301076,1909f56bfc062723c751e8b465ee728b)
Start importing Assets/Image/Exit_crop-420x229.png using Guid(ccab53900f080b64f9701b1d43275b93) Importer(815301076,1909f56bfc062723c751e8b465ee728b)  -> (artifact id: '40dbf499021bb43a4caa2e2e302b363a') in 0.066712 seconds 
========================================================================
Received Prepare
Registering precompiled user dll's ...
Registered in 0.001905 seconds.
Begin MonoManager ReloadAssembly
Symbol file LoadedFromMemory doesn't match image D:\unity\My project (9)\Library\PackageCache\com.unity.visualscripting@1.7.8\Editor\VisualScripting.Core\Dependencies\YamlDotNet\Unity.VisualScripting.YamlDotNet.dll
Symbol file LoadedFromMemory doesn't match image D:\unity\My project (9)\Library\PackageCache\com.unity.visualscripting@1.7.8\Editor\VisualScripting.Core\Dependencies\DotNetZip\Unity.VisualScripting.IonicZip.dll
Native extension for WindowsStandalone target not found
Native extension for Android target not found
Native extension for WebGL target not found
Refreshing native plugins compatible for Editor in 0.57 ms, found 3 plugins.
Preloading 0 native plugins for Editor in 0.00 ms.
Mono: successfully reloaded assembly
- Completed reload, in  0.771 seconds
Domain Reload Profiling:
	ReloadAssembly (772ms)
		BeginReloadAssembly (101ms)
			ExecutionOrderSort (0ms)
			DisableScriptedObjects (4ms)
			BackupInstance (0ms)
			ReleaseScriptingObjects (0ms)
			CreateAndSetChildDomain (33ms)
		EndReloadAssembly (603ms)
			LoadAssemblies (57ms)
			RebuildTransferFunctionScriptingTraits (0ms)
			SetupTypeCache (192ms)
			ReleaseScriptCaches (1ms)
			RebuildScriptCaches (39ms)
			SetupLoadedEditorAssemblies (274ms)
				LogAssemblyErrors (0ms)
				InitializePlatformSupportModulesInManaged (19ms)
				SetLoadedEditorAssemblies (0ms)
				RefreshPlugins (1ms)
				BeforeProcessingInitializeOnLoad (44ms)
				ProcessInitializeOnLoadAttributes (181ms)
				ProcessInitializeOnLoadMethodAttributes (27ms)
				AfterProcessingInitializeOnLoad (2ms)
				EditorAssembliesLoaded (0ms)
			ExecutionOrderSort2 (0ms)
			AwakeInstancesAfterBackupRestoration (4ms)
Platform modules already initialized, skipping
Shader 'IL3DN/Terrain First-Pass': dependency 'BaseMapShader' shader 'ASESampleShaders/SimpleTerrainBase' not found
Refreshing native plugins compatible for Editor in 1.78 ms, found 3 plugins.
Preloading 0 native plugins for Editor in 0.00 ms.
Unloading 3396 Unused Serialized files (Serialized files now loaded: 0)
Unloading 18 unused Assets / (24.6 KB). Loaded Objects now: 3962.
Memory consumption went from 147.2 MB to 147.2 MB.
Total: 3.779300 ms (FindLiveObjects: 0.344900 ms CreateObjectMapping: 0.352600 ms MarkObjects: 3.044100 ms  DeleteObjects: 0.036700 ms)

AssetImportParameters requested are different than current active one (requested -> active):
  custom:video-decoder-ogg-theora: a1e56fd34408186e4bbccfd4996cb3dc -> 
  custom:container-muxer-webm: aa71ff27fc2769a1b78a27578f13a17b -> 
  custom:container-demuxer-webm: 4f35f7cbe854078d1ac9338744f61a02 -> 
  custom:video-encoder-webm-vp8: eb34c28f22e8b96e1ab97ce403110664 -> 
  custom:video-codec-MediaFoundation-h265: 746d11721c4dcdbdad8f713fa42b33f4 -> 
  custom:audio-encoder-webm-vorbis: bf7c407c2cedff20999df2af8eb42d56 -> 
  custom:framework-win-MediaFoundation: 216162199b28c13a410421893ffa2e32 -> 
  custom:container-demuxer-ogg: 62fdf1f143b41e24485cea50d1cbac27 -> 
  custom:video-decoder-webm-vp8: 9c59270c3fd7afecdb556c50c9e8de78 -> 
  custom:audio-decoder-ogg-vorbis: bf7c407c2cedff20999df2af8eb42d56 -> 
========================================================================
Received Import Request.
  Time since last request: 6710.408205 seconds.
  path: Assets/皇陵地宫雕塑兵马俑3D模型 3DMAX场景建筑游戏美术建模参_爱给网_aigei_com/2284.皇陵场景
  artifactKey: Guid(5adc1a6fac113ad4e82031036a340e20) Importer(815301076,1909f56bfc062723c751e8b465ee728b)
Start importing Assets/皇陵地宫雕塑兵马俑3D模型 3DMAX场景建筑游戏美术建模参_爱给网_aigei_com/2284.皇陵场景 using Guid(5adc1a6fac113ad4e82031036a340e20) Importer(815301076,1909f56bfc062723c751e8b465ee728b)  -> (artifact id: 'e720586b4134e7c418f7d961ca2a4d56') in 0.013498 seconds 
========================================================================
Received Import Request.
  Time since last request: 0.029224 seconds.
  path: Assets/皇陵地宫雕塑兵马俑3D模型 3DMAX场景建筑游戏美术建模参_爱给网_aigei_com/2284.皇陵场景/皇陵.psd
  artifactKey: Guid(966af682241fb724a96c4de0c137253f) Importer(815301076,1909f56bfc062723c751e8b465ee728b)
Start importing Assets/皇陵地宫雕塑兵马俑3D模型 3DMAX场景建筑游戏美术建模参_爱给网_aigei_com/2284.皇陵场景/皇陵.psd using Guid(966af682241fb724a96c4de0c137253f) Importer(815301076,1909f56bfc062723c751e8b465ee728b)  -> (artifact id: 'a95e5b51c9cffec8a76f36bd309d0420') in 0.042875 seconds 
========================================================================
Received Import Request.
  Time since last request: 18.356242 seconds.
  path: Assets/皇陵地宫雕塑兵马俑3D模型 3DMAX场景建筑游戏美术建模参_爱给网_aigei_com/2284.皇陵场景/辟邪石兽_更
  artifactKey: Guid(edeeb9064afb5a2449bff8a669a597e4) Importer(815301076,1909f56bfc062723c751e8b465ee728b)
Start importing Assets/皇陵地宫雕塑兵马俑3D模型 3DMAX场景建筑游戏美术建模参_爱给网_aigei_com/2284.皇陵场景/辟邪石兽_更 using Guid(edeeb9064afb5a2449bff8a669a597e4) Importer(815301076,1909f56bfc062723c751e8b465ee728b)  -> (artifact id: 'b9ad1a85cb4f148cf4d857dba552fd73') in 0.004160 seconds 
========================================================================
Received Import Request.
  Time since last request: 0.127405 seconds.
  path: Assets/皇陵地宫雕塑兵马俑3D模型 3DMAX场景建筑游戏美术建模参_爱给网_aigei_com/2284.皇陵场景/辟邪石兽_更/辟邪石兽1.tga
  artifactKey: Guid(6a446222f6024e648a7b7759ab116289) Importer(815301076,1909f56bfc062723c751e8b465ee728b)
Start importing Assets/皇陵地宫雕塑兵马俑3D模型 3DMAX场景建筑游戏美术建模参_爱给网_aigei_com/2284.皇陵场景/辟邪石兽_更/辟邪石兽1.tga using Guid(6a446222f6024e648a7b7759ab116289) Importer(815301076,1909f56bfc062723c751e8b465ee728b)  -> (artifact id: '3d89eda300dba08a23b5a0473b445f9b') in 0.015658 seconds 
========================================================================
Received Import Request.
  Time since last request: 0.000025 seconds.
  path: Assets/皇陵地宫雕塑兵马俑3D模型 3DMAX场景建筑游戏美术建模参_爱给网_aigei_com/2284.皇陵场景/辟邪石兽_更/辟邪石兽2.tga
  artifactKey: Guid(8a39516bd9167a648826985b550c2aa3) Importer(815301076,1909f56bfc062723c751e8b465ee728b)
Start importing Assets/皇陵地宫雕塑兵马俑3D模型 3DMAX场景建筑游戏美术建模参_爱给网_aigei_com/2284.皇陵场景/辟邪石兽_更/辟邪石兽2.tga using Guid(8a39516bd9167a648826985b550c2aa3) Importer(815301076,1909f56bfc062723c751e8b465ee728b)  -> (artifact id: '98f55ba75e046d8f08df37ad1dc5d129') in 0.016560 seconds 
========================================================================
Received Import Request.
  Time since last request: 0.000020 seconds.
  path: Assets/皇陵地宫雕塑兵马俑3D模型 3DMAX场景建筑游戏美术建模参_爱给网_aigei_com/2284.皇陵场景/辟邪石兽_更/辟邪石兽2_阴影.tga
  artifactKey: Guid(74d856f01979ca34884fed8e56e01974) Importer(815301076,1909f56bfc062723c751e8b465ee728b)
Start importing Assets/皇陵地宫雕塑兵马俑3D模型 3DMAX场景建筑游戏美术建模参_爱给网_aigei_com/2284.皇陵场景/辟邪石兽_更/辟邪石兽2_阴影.tga using Guid(74d856f01979ca34884fed8e56e01974) Importer(815301076,1909f56bfc062723c751e8b465ee728b)  -> (artifact id: '719b68d14c5af004a05b20b814d83556') in 0.021047 seconds 
========================================================================
Received Import Request.
  Time since last request: 22.190514 seconds.
  path: Assets/皇陵地宫雕塑兵马俑3D模型 3DMAX场景建筑游戏美术建模参_爱给网_aigei_com/2284.皇陵场景/辟邪石兽_明
  artifactKey: Guid(d0ec7068577886c4ca584e9aafb3a844) Importer(815301076,1909f56bfc062723c751e8b465ee728b)
Start importing Assets/皇陵地宫雕塑兵马俑3D模型 3DMAX场景建筑游戏美术建模参_爱给网_aigei_com/2284.皇陵场景/辟邪石兽_明 using Guid(d0ec7068577886c4ca584e9aafb3a844) Importer(815301076,1909f56bfc062723c751e8b465ee728b)  -> (artifact id: 'a15ae4950f2f2462c13e4a4a4dd2b134') in 0.004226 seconds 
========================================================================
Received Import Request.
  Time since last request: 0.075921 seconds.
  path: Assets/皇陵地宫雕塑兵马俑3D模型 3DMAX场景建筑游戏美术建模参_爱给网_aigei_com/2284.皇陵场景/辟邪石兽_明/辟邪石兽.tga
  artifactKey: Guid(e9bab146a0034844f8de60e8e583639d) Importer(815301076,1909f56bfc062723c751e8b465ee728b)
Start importing Assets/皇陵地宫雕塑兵马俑3D模型 3DMAX场景建筑游戏美术建模参_爱给网_aigei_com/2284.皇陵场景/辟邪石兽_明/辟邪石兽.tga using Guid(e9bab146a0034844f8de60e8e583639d) Importer(815301076,1909f56bfc062723c751e8b465ee728b)  -> (artifact id: '604e0b4665142826138f47c84c7791a8') in 0.019383 seconds 
========================================================================
Received Import Request.
  Time since last request: 4.872525 seconds.
  path: Assets/皇陵地宫雕塑兵马俑3D模型 3DMAX场景建筑游戏美术建模参_爱给网_aigei_com/2284.皇陵场景/辟邪石兽_明/辟邪石兽
  artifactKey: Guid(2f759a548bde4b649ae61a9af93eb7f4) Importer(815301076,1909f56bfc062723c751e8b465ee728b)
Start importing Assets/皇陵地宫雕塑兵马俑3D模型 3DMAX场景建筑游戏美术建模参_爱给网_aigei_com/2284.皇陵场景/辟邪石兽_明/辟邪石兽 using Guid(2f759a548bde4b649ae61a9af93eb7f4) Importer(815301076,1909f56bfc062723c751e8b465ee728b)  -> (artifact id: 'f6fa7b4932c87e211d9d52739685e957') in 0.001388 seconds 
========================================================================
Received Import Request.
  Time since last request: 3.399120 seconds.
  path: Assets/皇陵地宫雕塑兵马俑3D模型 3DMAX场景建筑游戏美术建模参_爱给网_aigei_com/2284.皇陵场景/辟邪石兽_明/辟邪石兽/Documents and Settings
  artifactKey: Guid(76351065a98963b4dbf1b96a9f551b95) Importer(815301076,1909f56bfc062723c751e8b465ee728b)
Start importing Assets/皇陵地宫雕塑兵马俑3D模型 3DMAX场景建筑游戏美术建模参_爱给网_aigei_com/2284.皇陵场景/辟邪石兽_明/辟邪石兽/Documents and Settings using Guid(76351065a98963b4dbf1b96a9f551b95) Importer(815301076,1909f56bfc062723c751e8b465ee728b)  -> (artifact id: '5ed4928f8fe277d2af2adc73adcfa2a7') in 0.005226 seconds 
========================================================================
Received Import Request.
  Time since last request: 0.857134 seconds.
  path: Assets/皇陵地宫雕塑兵马俑3D模型 3DMAX场景建筑游戏美术建模参_爱给网_aigei_com/2284.皇陵场景/辟邪石兽_明/辟邪石兽/Documents and Settings/Administrator
  artifactKey: Guid(0eae1883d0fabfa43b2da3c49b7b760b) Importer(815301076,1909f56bfc062723c751e8b465ee728b)
Start importing Assets/皇陵地宫雕塑兵马俑3D模型 3DMAX场景建筑游戏美术建模参_爱给网_aigei_com/2284.皇陵场景/辟邪石兽_明/辟邪石兽/Documents and Settings/Administrator using Guid(0eae1883d0fabfa43b2da3c49b7b760b) Importer(815301076,1909f56bfc062723c751e8b465ee728b)  -> (artifact id: 'a065bca8eba4d11c4ffe2b75b77a2393') in 0.004441 seconds 
========================================================================
Received Import Request.
  Time since last request: 0.601349 seconds.
  path: Assets/皇陵地宫雕塑兵马俑3D模型 3DMAX场景建筑游戏美术建模参_爱给网_aigei_com/2284.皇陵场景/辟邪石兽_明/辟邪石兽/Documents and Settings/Administrator/My Documents
  artifactKey: Guid(a0a72bd7c4bda464bbe6758fd7bef34b) Importer(815301076,1909f56bfc062723c751e8b465ee728b)
Start importing Assets/皇陵地宫雕塑兵马俑3D模型 3DMAX场景建筑游戏美术建模参_爱给网_aigei_com/2284.皇陵场景/辟邪石兽_明/辟邪石兽/Documents and Settings/Administrator/My Documents using Guid(a0a72bd7c4bda464bbe6758fd7bef34b) Importer(815301076,1909f56bfc062723c751e8b465ee728b)  -> (artifact id: 'c0eb20989cca121c8b75b3f690df2df2') in 0.004106 seconds 
========================================================================
Received Import Request.
  Time since last request: 10.363295 seconds.
  path: Assets/01_AssetStore
  artifactKey: Guid(8d4374ca56fad664ca460045c9c90a62) Importer(815301076,1909f56bfc062723c751e8b465ee728b)
Start importing Assets/01_AssetStore using Guid(8d4374ca56fad664ca460045c9c90a62) Importer(815301076,1909f56bfc062723c751e8b465ee728b)  -> (artifact id: '43cea09e8afbeac288757acae19d7edf') in 0.003924 seconds 
========================================================================
Received Import Request.
  Time since last request: 9.033100 seconds.
  path: Assets/皇陵地宫雕塑兵马俑3D模型 3DMAX场景建筑游戏美术建模参_爱给网_aigei_com/2284.皇陵场景/皇陵龙柱_程
  artifactKey: Guid(4bbb9fa15ddb7f646a64c37deaf19200) Importer(815301076,1909f56bfc062723c751e8b465ee728b)
Start importing Assets/皇陵地宫雕塑兵马俑3D模型 3DMAX场景建筑游戏美术建模参_爱给网_aigei_com/2284.皇陵场景/皇陵龙柱_程 using Guid(4bbb9fa15ddb7f646a64c37deaf19200) Importer(815301076,1909f56bfc062723c751e8b465ee728b)  -> (artifact id: 'e2bb315c5d39a0a0a20de48e49d9b4fa') in 0.005258 seconds 
========================================================================
Received Import Request.
  Time since last request: 11.174292 seconds.
  path: Assets/皇陵地宫雕塑兵马俑3D模型 3DMAX场景建筑游戏美术建模参_爱给网_aigei_com/2284.皇陵场景/辟邪石兽_明/辟邪石兽/工作文件
  artifactKey: Guid(1b8b94476ecaed449b077d741d09b28d) Importer(815301076,1909f56bfc062723c751e8b465ee728b)
Start importing Assets/皇陵地宫雕塑兵马俑3D模型 3DMAX场景建筑游戏美术建模参_爱给网_aigei_com/2284.皇陵场景/辟邪石兽_明/辟邪石兽/工作文件 using Guid(1b8b94476ecaed449b077d741d09b28d) Importer(815301076,1909f56bfc062723c751e8b465ee728b)  -> (artifact id: 'f6a8637158ea559dd8452d7d7392c377') in 0.005617 seconds 
========================================================================
Received Import Request.
  Time since last request: 0.724305 seconds.
  path: Assets/皇陵地宫雕塑兵马俑3D模型 3DMAX场景建筑游戏美术建模参_爱给网_aigei_com/2284.皇陵场景/辟邪石兽_明/辟邪石兽/工作文件/天元
  artifactKey: Guid(73d3095c8c753aa4598af1d0cca63aa5) Importer(815301076,1909f56bfc062723c751e8b465ee728b)
Start importing Assets/皇陵地宫雕塑兵马俑3D模型 3DMAX场景建筑游戏美术建模参_爱给网_aigei_com/2284.皇陵场景/辟邪石兽_明/辟邪石兽/工作文件/天元 using Guid(73d3095c8c753aa4598af1d0cca63aa5) Importer(815301076,1909f56bfc062723c751e8b465ee728b)  -> (artifact id: '0a95adbd6dd5e675743bb396a09eb6a4') in 0.004320 seconds 
========================================================================
Received Import Request.
  Time since last request: 0.560088 seconds.
  path: Assets/皇陵地宫雕塑兵马俑3D模型 3DMAX场景建筑游戏美术建模参_爱给网_aigei_com/2284.皇陵场景/辟邪石兽_明/辟邪石兽/工作文件/天元/古墓
  artifactKey: Guid(d85b4ac2cf24c4443b149f920d8cc2d7) Importer(815301076,1909f56bfc062723c751e8b465ee728b)
Start importing Assets/皇陵地宫雕塑兵马俑3D模型 3DMAX场景建筑游戏美术建模参_爱给网_aigei_com/2284.皇陵场景/辟邪石兽_明/辟邪石兽/工作文件/天元/古墓 using Guid(d85b4ac2cf24c4443b149f920d8cc2d7) Importer(815301076,1909f56bfc062723c751e8b465ee728b)  -> (artifact id: 'c5635f327f9a6151d0abe099a8cf24cd') in 0.003996 seconds 
========================================================================
Received Import Request.
  Time since last request: 1.207033 seconds.
  path: Assets/皇陵地宫雕塑兵马俑3D模型 3DMAX场景建筑游戏美术建模参_爱给网_aigei_com/2284.皇陵场景/辟邪石兽_明/辟邪石兽/工作文件/天元/古墓/参考图片
  artifactKey: Guid(f6866499bbbaedc4c910283c8a114cc7) Importer(815301076,1909f56bfc062723c751e8b465ee728b)
Start importing Assets/皇陵地宫雕塑兵马俑3D模型 3DMAX场景建筑游戏美术建模参_爱给网_aigei_com/2284.皇陵场景/辟邪石兽_明/辟邪石兽/工作文件/天元/古墓/参考图片 using Guid(f6866499bbbaedc4c910283c8a114cc7) Importer(815301076,1909f56bfc062723c751e8b465ee728b)  -> (artifact id: '8b0da80a6b3aba791af9bf6adf4b9972') in 0.004190 seconds 
========================================================================
Received Import Request.
  Time since last request: 0.295696 seconds.
  path: Assets/皇陵地宫雕塑兵马俑3D模型 3DMAX场景建筑游戏美术建模参_爱给网_aigei_com/2284.皇陵场景/辟邪石兽_明/辟邪石兽/工作文件/天元/古墓/maps
  artifactKey: Guid(ca13011a7940d6840ae763ee22ffefd6) Importer(815301076,1909f56bfc062723c751e8b465ee728b)
Start importing Assets/皇陵地宫雕塑兵马俑3D模型 3DMAX场景建筑游戏美术建模参_爱给网_aigei_com/2284.皇陵场景/辟邪石兽_明/辟邪石兽/工作文件/天元/古墓/maps using Guid(ca13011a7940d6840ae763ee22ffefd6) Importer(815301076,1909f56bfc062723c751e8b465ee728b)  -> (artifact id: '6b5e1d67b126d9de457956b0ca372595') in 0.004092 seconds 
========================================================================
Received Import Request.
  Time since last request: 0.060385 seconds.
  path: Assets/皇陵地宫雕塑兵马俑3D模型 3DMAX场景建筑游戏美术建模参_爱给网_aigei_com/2284.皇陵场景/辟邪石兽_明/辟邪石兽/工作文件/天元/古墓/maps/t_un_terrain_rock_03_d.tga
  artifactKey: Guid(475976ecf26b37d41b78fb4e9c8cba7c) Importer(815301076,1909f56bfc062723c751e8b465ee728b)
Start importing Assets/皇陵地宫雕塑兵马俑3D模型 3DMAX场景建筑游戏美术建模参_爱给网_aigei_com/2284.皇陵场景/辟邪石兽_明/辟邪石兽/工作文件/天元/古墓/maps/t_un_terrain_rock_03_d.tga using Guid(475976ecf26b37d41b78fb4e9c8cba7c) Importer(815301076,1909f56bfc062723c751e8b465ee728b)  -> (artifact id: 'd7c683780cdc7df540704b92478c1f35') in 0.016302 seconds 
========================================================================
Received Import Request.
  Time since last request: 0.021499 seconds.
  path: Assets/皇陵地宫雕塑兵马俑3D模型 3DMAX场景建筑游戏美术建模参_爱给网_aigei_com/2284.皇陵场景/辟邪石兽_明/辟邪石兽/工作文件/天元/古墓/maps/tile02heavy014.jpg
  artifactKey: Guid(251349da6bc45e64ba8924e723c8f89b) Importer(815301076,1909f56bfc062723c751e8b465ee728b)
Start importing Assets/皇陵地宫雕塑兵马俑3D模型 3DMAX场景建筑游戏美术建模参_爱给网_aigei_com/2284.皇陵场景/辟邪石兽_明/辟邪石兽/工作文件/天元/古墓/maps/tile02heavy014.jpg using Guid(251349da6bc45e64ba8924e723c8f89b) Importer(815301076,1909f56bfc062723c751e8b465ee728b)  -> (artifact id: 'd7d43b8866bfa6c31afa48fe37055e19') in 0.015336 seconds 
========================================================================
Received Import Request.
  Time since last request: 0.000019 seconds.
  path: Assets/皇陵地宫雕塑兵马俑3D模型 3DMAX场景建筑游戏美术建模参_爱给网_aigei_com/2284.皇陵场景/辟邪石兽_明/辟邪石兽/工作文件/天元/古墓/maps/T_UN_Terrain_Rock_08_N.jpg
  artifactKey: Guid(5affcbf3c615ca44784066f3501f1a68) Importer(815301076,1909f56bfc062723c751e8b465ee728b)
Start importing Assets/皇陵地宫雕塑兵马俑3D模型 3DMAX场景建筑游戏美术建模参_爱给网_aigei_com/2284.皇陵场景/辟邪石兽_明/辟邪石兽/工作文件/天元/古墓/maps/T_UN_Terrain_Rock_08_N.jpg using Guid(5affcbf3c615ca44784066f3501f1a68) Importer(815301076,1909f56bfc062723c751e8b465ee728b)  -> (artifact id: '3e4dfe51a4a280974fb1621d12d967ff') in 0.018797 seconds 
========================================================================
Received Import Request.
  Time since last request: 0.000026 seconds.
  path: Assets/皇陵地宫雕塑兵马俑3D模型 3DMAX场景建筑游戏美术建模参_爱给网_aigei_com/2284.皇陵场景/辟邪石兽_明/辟邪石兽/工作文件/天元/古墓/maps/墙03 副本5678.jpg
  artifactKey: Guid(6eda7d49ee5e2084b8c06f2517e058a6) Importer(815301076,1909f56bfc062723c751e8b465ee728b)
Start importing Assets/皇陵地宫雕塑兵马俑3D模型 3DMAX场景建筑游戏美术建模参_爱给网_aigei_com/2284.皇陵场景/辟邪石兽_明/辟邪石兽/工作文件/天元/古墓/maps/墙03 副本5678.jpg using Guid(6eda7d49ee5e2084b8c06f2517e058a6) Importer(815301076,1909f56bfc062723c751e8b465ee728b)  -> (artifact id: '7dc767168413e23d297bfd686169612c') in 0.015923 seconds 
Editor requested this worker to shutdown with reason: Scaling down because of idle timeout
AssetImportWorker is now disconnected from the server
Process exiting
Exiting without the bug reporter. Application will terminate with return code 0