Using pre-set license
Built from '2021.3/staging' branch; Version is '2021.3.10f1 (1c7d0df0160b) revision 1867021'; Using compiler version '192829333'; Build Type 'Release'
OS: 'Windows 11  (10.0.22000) 64bit Core' Language: 'zh' Physical Memory: 32429 MB
BatchMode: 1, IsHumanControllingUs: 0, StartBugReporterOnCrash: 0, Is64bit: 1, IsPro: 1

COMMAND LINE ARGUMENTS:
D:\2021.3.10f1\Editor\Unity.exe
-adb2
-batchMode
-noUpm
-name
AssetImportWorker11
-projectPath
D:/unity/My project (9)
-logFile
Logs/AssetImportWorker11.log
-srvPort
62299
Successfully changed project path to: D:/unity/My project (9)
D:/unity/My project (9)
[UnityMemory] Configuration Parameters - Can be set up in boot.config
    "memorysetup-bucket-allocator-granularity=16"
    "memorysetup-bucket-allocator-bucket-count=8"
    "memorysetup-bucket-allocator-block-size=33554432"
    "memorysetup-bucket-allocator-block-count=8"
    "memorysetup-main-allocator-block-size=16777216"
    "memorysetup-thread-allocator-block-size=16777216"
    "memorysetup-gfx-main-allocator-block-size=16777216"
    "memorysetup-gfx-thread-allocator-block-size=16777216"
    "memorysetup-cache-allocator-block-size=4194304"
    "memorysetup-typetree-allocator-block-size=2097152"
    "memorysetup-profiler-bucket-allocator-granularity=16"
    "memorysetup-profiler-bucket-allocator-bucket-count=8"
    "memorysetup-profiler-bucket-allocator-block-size=33554432"
    "memorysetup-profiler-bucket-allocator-block-count=8"
    "memorysetup-profiler-allocator-block-size=16777216"
    "memorysetup-profiler-editor-allocator-block-size=1048576"
    "memorysetup-temp-allocator-size-main=16777216"
    "memorysetup-job-temp-allocator-block-size=2097152"
    "memorysetup-job-temp-allocator-block-size-background=1048576"
    "memorysetup-job-temp-allocator-reduction-small-platforms=262144"
    "memorysetup-temp-allocator-size-background-worker=32768"
    "memorysetup-temp-allocator-size-job-worker=262144"
    "memorysetup-temp-allocator-size-preload-manager=33554432"
    "memorysetup-temp-allocator-size-nav-mesh-worker=65536"
    "memorysetup-temp-allocator-size-audio-worker=65536"
    "memorysetup-temp-allocator-size-cloud-worker=32768"
    "memorysetup-temp-allocator-size-gi-baking-worker=262144"
    "memorysetup-temp-allocator-size-gfx=262144"
Refreshing native plugins compatible for Editor in 90.88 ms, found 3 plugins.
Preloading 0 native plugins for Editor in 0.00 ms.
Initialize engine version: 2021.3.10f1 (1c7d0df0160b)
[Subsystems] Discovering subsystems at path D:/2021.3.10f1/Editor/Data/Resources/UnitySubsystems
[Subsystems] Discovering subsystems at path D:/unity/My project (9)/Assets
GfxDevice: creating device client; threaded=0; jobified=0
Direct3D:
    Version:  Direct3D 11.0 [level 11.1]
    Renderer: NVIDIA GeForce RTX 3080 Laptop GPU (ID=0x24dc)
    Vendor:   NVIDIA
    VRAM:     16202 MB
    Driver:   31.0.15.1659
Shader 'IL3DN/Terrain First-Pass': dependency 'BaseMapShader' shader 'ASESampleShaders/SimpleTerrainBase' not found
Initialize mono
Mono path[0] = 'D:/2021.3.10f1/Editor/Data/Managed'
Mono path[1] = 'D:/2021.3.10f1/Editor/Data/MonoBleedingEdge/lib/mono/unityjit-win32'
Mono config path = 'D:/2021.3.10f1/Editor/Data/MonoBleedingEdge/etc'
Using monoOptions --debugger-agent=transport=dt_socket,embedding=1,server=y,suspend=n,address=127.0.0.1:56816
Begin MonoManager ReloadAssembly
Registering precompiled unity dll's ...
Register platform support module: D:/2021.3.10f1/Editor/Data/PlaybackEngines/WebGLSupport/UnityEditor.WebGL.Extensions.dll
Register platform support module: D:/2021.3.10f1/Editor/Data/PlaybackEngines/AndroidPlayer/UnityEditor.Android.Extensions.dll
Register platform support module: D:/2021.3.10f1/Editor/Data/PlaybackEngines/WindowsStandaloneSupport/UnityEditor.WindowsStandalone.Extensions.dll
Registered in 0.001086 seconds.
Native extension for WindowsStandalone target not found
Native extension for Android target not found
Native extension for WebGL target not found
Refreshing native plugins compatible for Editor in 68.36 ms, found 3 plugins.
Preloading 0 native plugins for Editor in 0.00 ms.
Mono: successfully reloaded assembly
- Completed reload, in  0.494 seconds
Domain Reload Profiling:
	ReloadAssembly (495ms)
		BeginReloadAssembly (48ms)
			ExecutionOrderSort (0ms)
			DisableScriptedObjects (0ms)
			BackupInstance (0ms)
			ReleaseScriptingObjects (0ms)
			CreateAndSetChildDomain (0ms)
		EndReloadAssembly (371ms)
			LoadAssemblies (47ms)
			RebuildTransferFunctionScriptingTraits (0ms)
			SetupTypeCache (86ms)
			ReleaseScriptCaches (0ms)
			RebuildScriptCaches (22ms)
			SetupLoadedEditorAssemblies (226ms)
				LogAssemblyErrors (0ms)
				InitializePlatformSupportModulesInManaged (46ms)
				SetLoadedEditorAssemblies (0ms)
				RefreshPlugins (68ms)
				BeforeProcessingInitializeOnLoad (1ms)
				ProcessInitializeOnLoadAttributes (77ms)
				ProcessInitializeOnLoadMethodAttributes (33ms)
				AfterProcessingInitializeOnLoad (0ms)
				EditorAssembliesLoaded (0ms)
			ExecutionOrderSort2 (0ms)
			AwakeInstancesAfterBackupRestoration (0ms)
Platform modules already initialized, skipping
Registering precompiled user dll's ...
Registered in 0.002251 seconds.
Begin MonoManager ReloadAssembly
Symbol file LoadedFromMemory doesn't match image D:\unity\My project (9)\Library\PackageCache\com.unity.visualscripting@1.7.8\Editor\VisualScripting.Core\Dependencies\YamlDotNet\Unity.VisualScripting.YamlDotNet.dll
Symbol file LoadedFromMemory doesn't match image D:\unity\My project (9)\Library\PackageCache\com.unity.visualscripting@1.7.8\Editor\VisualScripting.Core\Dependencies\DotNetZip\Unity.VisualScripting.IonicZip.dll
Native extension for WindowsStandalone target not found
Native extension for Android target not found
Native extension for WebGL target not found
Refreshing native plugins compatible for Editor in 0.70 ms, found 3 plugins.
Preloading 0 native plugins for Editor in 0.00 ms.
Mono: successfully reloaded assembly
- Completed reload, in  0.906 seconds
Domain Reload Profiling:
	ReloadAssembly (907ms)
		BeginReloadAssembly (189ms)
			ExecutionOrderSort (0ms)
			DisableScriptedObjects (5ms)
			BackupInstance (0ms)
			ReleaseScriptingObjects (0ms)
			CreateAndSetChildDomain (120ms)
		EndReloadAssembly (633ms)
			LoadAssemblies (54ms)
			RebuildTransferFunctionScriptingTraits (0ms)
			SetupTypeCache (224ms)
			ReleaseScriptCaches (1ms)
			RebuildScriptCaches (45ms)
			SetupLoadedEditorAssemblies (279ms)
				LogAssemblyErrors (0ms)
				InitializePlatformSupportModulesInManaged (11ms)
				SetLoadedEditorAssemblies (0ms)
				RefreshPlugins (1ms)
				BeforeProcessingInitializeOnLoad (60ms)
				ProcessInitializeOnLoadAttributes (185ms)
				ProcessInitializeOnLoadMethodAttributes (21ms)
				AfterProcessingInitializeOnLoad (2ms)
				EditorAssembliesLoaded (0ms)
			ExecutionOrderSort2 (0ms)
			AwakeInstancesAfterBackupRestoration (4ms)
Platform modules already initialized, skipping
========================================================================
Worker process is ready to serve import requests
Shader 'IL3DN/Terrain First-Pass': dependency 'BaseMapShader' shader 'ASESampleShaders/SimpleTerrainBase' not found
Launched and connected shader compiler UnityShaderCompiler.exe after 0.03 seconds
Refreshing native plugins compatible for Editor in 0.70 ms, found 3 plugins.
Preloading 0 native plugins for Editor in 0.00 ms.
Unloading 3427 Unused Serialized files (Serialized files now loaded: 0)
Unloading 25 unused Assets / (59.1 KB). Loaded Objects now: 3913.
Memory consumption went from 144.9 MB to 144.8 MB.
Total: 2.912800 ms (FindLiveObjects: 0.278000 ms CreateObjectMapping: 0.112200 ms MarkObjects: 2.353500 ms  DeleteObjects: 0.168400 ms)

AssetImportParameters requested are different than current active one (requested -> active):
  custom:video-decoder-ogg-theora: a1e56fd34408186e4bbccfd4996cb3dc -> 
  custom:container-muxer-webm: aa71ff27fc2769a1b78a27578f13a17b -> 
  custom:container-demuxer-webm: 4f35f7cbe854078d1ac9338744f61a02 -> 
  custom:video-encoder-webm-vp8: eb34c28f22e8b96e1ab97ce403110664 -> 
  custom:video-codec-MediaFoundation-h265: 746d11721c4dcdbdad8f713fa42b33f4 -> 
  custom:audio-encoder-webm-vorbis: bf7c407c2cedff20999df2af8eb42d56 -> 
  custom:framework-win-MediaFoundation: 216162199b28c13a410421893ffa2e32 -> 
  custom:container-demuxer-ogg: 62fdf1f143b41e24485cea50d1cbac27 -> 
  custom:video-decoder-webm-vp8: 9c59270c3fd7afecdb556c50c9e8de78 -> 
  custom:audio-decoder-ogg-vorbis: bf7c407c2cedff20999df2af8eb42d56 -> 
========================================================================
Received Import Request.
  Time since last request: 95137.164505 seconds.
  path: Assets/MagicArsenal/Effects/Models/aura_flat.FBX
  artifactKey: Guid(364eab5adac0b444380f64060123d5bc) Importer(815301076,1909f56bfc062723c751e8b465ee728b)
Start importing Assets/MagicArsenal/Effects/Models/aura_flat.FBX using Guid(364eab5adac0b444380f64060123d5bc) Importer(815301076,1909f56bfc062723c751e8b465ee728b)  -> (artifact id: '15b6169facb32910e93224b9b464c030') in 0.157845 seconds 
========================================================================
Received Import Request.
  Time since last request: 7.357559 seconds.
  path: Assets/MagicArsenal/Effects/Materials/arcanebeam.mat
  artifactKey: Guid(6b27fba9c4dfa454caf8f3aa92c28a87) Importer(815301076,1909f56bfc062723c751e8b465ee728b)
Start importing Assets/MagicArsenal/Effects/Materials/arcanebeam.mat using Guid(6b27fba9c4dfa454caf8f3aa92c28a87) Importer(815301076,1909f56bfc062723c751e8b465ee728b)  -> (artifact id: '3ead00856dce20df1213ac3c5521b142') in 0.032254 seconds 
========================================================================
Received Import Request.
  Time since last request: 0.000023 seconds.
  path: Assets/MagicArsenal/Effects/Materials/ShieldModularStars.mat
  artifactKey: Guid(95b382d5ccb3c1d4c9a3b50f56d0e3f7) Importer(815301076,1909f56bfc062723c751e8b465ee728b)
Start importing Assets/MagicArsenal/Effects/Materials/ShieldModularStars.mat using Guid(95b382d5ccb3c1d4c9a3b50f56d0e3f7) Importer(815301076,1909f56bfc062723c751e8b465ee728b)  -> (artifact id: '51cb06053c1f6269d2a4ea675766ef7e') in 0.011861 seconds 
========================================================================
Received Import Request.
  Time since last request: 0.000025 seconds.
  path: Assets/MagicArsenal/Effects/Materials/ShieldStorm01.mat
  artifactKey: Guid(3cd22dbdd80145f48a5296eeeb0ec805) Importer(815301076,1909f56bfc062723c751e8b465ee728b)
Start importing Assets/MagicArsenal/Effects/Materials/ShieldStorm01.mat using Guid(3cd22dbdd80145f48a5296eeeb0ec805) Importer(815301076,1909f56bfc062723c751e8b465ee728b)  -> (artifact id: 'a059aec762540b6779016c409f9437bd') in 0.015430 seconds 
========================================================================
Received Import Request.
  Time since last request: 0.000019 seconds.
  path: Assets/MagicArsenal/Effects/Materials/lightbeam.mat
  artifactKey: Guid(4f81f03597d6fe348a09a37677e9ed7c) Importer(815301076,1909f56bfc062723c751e8b465ee728b)
Start importing Assets/MagicArsenal/Effects/Materials/lightbeam.mat using Guid(4f81f03597d6fe348a09a37677e9ed7c) Importer(815301076,1909f56bfc062723c751e8b465ee728b)  -> (artifact id: 'a7b239af803948461f0716fcb2bc7283') in 0.019482 seconds 
========================================================================
Received Import Request.
  Time since last request: 0.000023 seconds.
  path: Assets/MagicArsenal/Effects/Materials/ShieldWater.mat
  artifactKey: Guid(6b5758e6e2aad5241b6f90b765f20636) Importer(815301076,1909f56bfc062723c751e8b465ee728b)
Start importing Assets/MagicArsenal/Effects/Materials/ShieldWater.mat using Guid(6b5758e6e2aad5241b6f90b765f20636) Importer(815301076,1909f56bfc062723c751e8b465ee728b)  -> (artifact id: '66ef0abbc48e47551fb19bad9c76bce2') in 0.015026 seconds 
========================================================================
Received Import Request.
  Time since last request: 0.000025 seconds.
  path: Assets/MagicArsenal/Effects/Materials/modular_aura06_dark.mat
  artifactKey: Guid(3e467c9561bf266458547cf8d23c8ac1) Importer(815301076,1909f56bfc062723c751e8b465ee728b)
Start importing Assets/MagicArsenal/Effects/Materials/modular_aura06_dark.mat using Guid(3e467c9561bf266458547cf8d23c8ac1) Importer(815301076,1909f56bfc062723c751e8b465ee728b)  -> (artifact id: '96962050bcc29ee46d5ff25b9ffd0a23') in 0.012991 seconds 
========================================================================
Received Import Request.
  Time since last request: 0.000025 seconds.
  path: Assets/MagicArsenal/Effects/Materials/magicslash_dark_spritesheet.mat
  artifactKey: Guid(07919d6195cb0df4a91568f54887afd7) Importer(815301076,1909f56bfc062723c751e8b465ee728b)
Start importing Assets/MagicArsenal/Effects/Materials/magicslash_dark_spritesheet.mat using Guid(07919d6195cb0df4a91568f54887afd7) Importer(815301076,1909f56bfc062723c751e8b465ee728b)  -> (artifact id: 'cdf9d4161c28135067f51980a94e3f92') in 0.030160 seconds 
========================================================================
Received Import Request.
  Time since last request: 0.000027 seconds.
  path: Assets/MagicArsenal/Effects/Materials/GroundLight02.mat
  artifactKey: Guid(0cb851612739d96429c0da8794839a76) Importer(815301076,1909f56bfc062723c751e8b465ee728b)
Start importing Assets/MagicArsenal/Effects/Materials/GroundLight02.mat using Guid(0cb851612739d96429c0da8794839a76) Importer(815301076,1909f56bfc062723c751e8b465ee728b)  -> (artifact id: 'bc02a77dda965a20d2e7ee50b2c7c065') in 0.015387 seconds 
========================================================================
Received Import Request.
  Time since last request: 0.000021 seconds.
  path: Assets/MagicArsenal/Effects/Materials/GroundFire02.mat
  artifactKey: Guid(65f47b8759ca3e247b987627d526543b) Importer(815301076,1909f56bfc062723c751e8b465ee728b)
Start importing Assets/MagicArsenal/Effects/Materials/GroundFire02.mat using Guid(65f47b8759ca3e247b987627d526543b) Importer(815301076,1909f56bfc062723c751e8b465ee728b)  -> (artifact id: '88670c196a1084bd746d5822ed8eb810') in 0.012704 seconds 
========================================================================
Received Import Request.
  Time since last request: 0.000020 seconds.
  path: Assets/MagicArsenal/Effects/Materials/modular_aura05.mat
  artifactKey: Guid(7a5dd6381706f82459d67cbb23fc8978) Importer(815301076,1909f56bfc062723c751e8b465ee728b)
Start importing Assets/MagicArsenal/Effects/Materials/modular_aura05.mat using Guid(7a5dd6381706f82459d67cbb23fc8978) Importer(815301076,1909f56bfc062723c751e8b465ee728b)  -> (artifact id: '609957e57ac9676de03b72255d56e126') in 0.012720 seconds 
========================================================================
Received Import Request.
  Time since last request: 0.000018 seconds.
  path: Assets/MagicArsenal/Effects/Materials/GroundStorm.mat
  artifactKey: Guid(4efab6738deed614dac218c8cfc35c95) Importer(815301076,1909f56bfc062723c751e8b465ee728b)
Start importing Assets/MagicArsenal/Effects/Materials/GroundStorm.mat using Guid(4efab6738deed614dac218c8cfc35c95) Importer(815301076,1909f56bfc062723c751e8b465ee728b)  -> (artifact id: '9665ad50845c87916651f7ead48da284') in 0.012943 seconds 
========================================================================
Received Import Request.
  Time since last request: 0.000024 seconds.
  path: Assets/MagicArsenal/Effects/Materials/cleave_light.mat
  artifactKey: Guid(1ae0f5f2147b3a145bfdd1f561f55835) Importer(815301076,1909f56bfc062723c751e8b465ee728b)
Start importing Assets/MagicArsenal/Effects/Materials/cleave_light.mat using Guid(1ae0f5f2147b3a145bfdd1f561f55835) Importer(815301076,1909f56bfc062723c751e8b465ee728b)  -> (artifact id: '08c68504f6c9b856243ede517446fa7a') in 0.013451 seconds 
========================================================================
Received Import Request.
  Time since last request: 0.000021 seconds.
  path: Assets/MagicArsenal/Effects/Materials/VerticalGlow02.mat
  artifactKey: Guid(b560558ec0de33649825b36eab504838) Importer(815301076,1909f56bfc062723c751e8b465ee728b)
Start importing Assets/MagicArsenal/Effects/Materials/VerticalGlow02.mat using Guid(b560558ec0de33649825b36eab504838) Importer(815301076,1909f56bfc062723c751e8b465ee728b)  -> (artifact id: '667b23a1b196d6bff96f62b0997c2b88') in 0.011576 seconds 
========================================================================
Received Import Request.
  Time since last request: 0.000034 seconds.
  path: Assets/MagicArsenal/Effects/Materials/dirtbeam.mat
  artifactKey: Guid(3fd1ba4d9316fac47972f6350ea9ea8a) Importer(815301076,1909f56bfc062723c751e8b465ee728b)
Start importing Assets/MagicArsenal/Effects/Materials/dirtbeam.mat using Guid(3fd1ba4d9316fac47972f6350ea9ea8a) Importer(815301076,1909f56bfc062723c751e8b465ee728b)  -> (artifact id: 'f51458457144e6889a34b390a296df0a') in 0.015149 seconds 
========================================================================
Received Import Request.
  Time since last request: 0.000019 seconds.
  path: Assets/MagicArsenal/Effects/Materials/shadowbeam.mat
  artifactKey: Guid(d8df91933aac9fa49bf4be1232218b68) Importer(815301076,1909f56bfc062723c751e8b465ee728b)
Start importing Assets/MagicArsenal/Effects/Materials/shadowbeam.mat using Guid(d8df91933aac9fa49bf4be1232218b68) Importer(815301076,1909f56bfc062723c751e8b465ee728b)  -> (artifact id: 'cdb76858ebf606382f8a53fd1e9af771') in 0.009284 seconds 
========================================================================
Received Prepare
Registering precompiled user dll's ...
Registered in 0.001956 seconds.
Begin MonoManager ReloadAssembly
Symbol file LoadedFromMemory doesn't match image D:\unity\My project (9)\Library\PackageCache\com.unity.visualscripting@1.7.8\Editor\VisualScripting.Core\Dependencies\YamlDotNet\Unity.VisualScripting.YamlDotNet.dll
Symbol file LoadedFromMemory doesn't match image D:\unity\My project (9)\Library\PackageCache\com.unity.visualscripting@1.7.8\Editor\VisualScripting.Core\Dependencies\DotNetZip\Unity.VisualScripting.IonicZip.dll
Native extension for WindowsStandalone target not found
Native extension for Android target not found
Native extension for WebGL target not found
Refreshing native plugins compatible for Editor in 0.76 ms, found 3 plugins.
Preloading 0 native plugins for Editor in 0.00 ms.
Mono: successfully reloaded assembly
- Completed reload, in  0.887 seconds
Domain Reload Profiling:
	ReloadAssembly (887ms)
		BeginReloadAssembly (114ms)
			ExecutionOrderSort (0ms)
			DisableScriptedObjects (3ms)
			BackupInstance (0ms)
			ReleaseScriptingObjects (0ms)
			CreateAndSetChildDomain (40ms)
		EndReloadAssembly (698ms)
			LoadAssemblies (62ms)
			RebuildTransferFunctionScriptingTraits (0ms)
			SetupTypeCache (290ms)
			ReleaseScriptCaches (1ms)
			RebuildScriptCaches (39ms)
			SetupLoadedEditorAssemblies (268ms)
				LogAssemblyErrors (0ms)
				InitializePlatformSupportModulesInManaged (19ms)
				SetLoadedEditorAssemblies (1ms)
				RefreshPlugins (1ms)
				BeforeProcessingInitializeOnLoad (52ms)
				ProcessInitializeOnLoadAttributes (170ms)
				ProcessInitializeOnLoadMethodAttributes (23ms)
				AfterProcessingInitializeOnLoad (2ms)
				EditorAssembliesLoaded (0ms)
			ExecutionOrderSort2 (0ms)
			AwakeInstancesAfterBackupRestoration (4ms)
Platform modules already initialized, skipping
Shader 'IL3DN/Terrain First-Pass': dependency 'BaseMapShader' shader 'ASESampleShaders/SimpleTerrainBase' not found
Refreshing native plugins compatible for Editor in 1.26 ms, found 3 plugins.
Preloading 0 native plugins for Editor in 0.00 ms.
Unloading 3399 Unused Serialized files (Serialized files now loaded: 0)
Unloading 24 unused Assets / (24.7 KB). Loaded Objects now: 3958.
Memory consumption went from 148.1 MB to 148.0 MB.
Total: 2.148600 ms (FindLiveObjects: 0.197900 ms CreateObjectMapping: 0.070100 ms MarkObjects: 1.860200 ms  DeleteObjects: 0.019800 ms)

AssetImportParameters requested are different than current active one (requested -> active):
  custom:video-decoder-ogg-theora: a1e56fd34408186e4bbccfd4996cb3dc -> 
  custom:container-muxer-webm: aa71ff27fc2769a1b78a27578f13a17b -> 
  custom:container-demuxer-webm: 4f35f7cbe854078d1ac9338744f61a02 -> 
  custom:video-encoder-webm-vp8: eb34c28f22e8b96e1ab97ce403110664 -> 
  custom:video-codec-MediaFoundation-h265: 746d11721c4dcdbdad8f713fa42b33f4 -> 
  custom:audio-encoder-webm-vorbis: bf7c407c2cedff20999df2af8eb42d56 -> 
  custom:framework-win-MediaFoundation: 216162199b28c13a410421893ffa2e32 -> 
  custom:container-demuxer-ogg: 62fdf1f143b41e24485cea50d1cbac27 -> 
  custom:video-decoder-webm-vp8: 9c59270c3fd7afecdb556c50c9e8de78 -> 
  custom:audio-decoder-ogg-vorbis: bf7c407c2cedff20999df2af8eb42d56 -> 
========================================================================
Received Import Request.
  Time since last request: 14.382661 seconds.
  path: Assets/MagicArsenal/Effects/Icons/Materials
  artifactKey: Guid(c37061009699d374e8e4ee96cfdad82b) Importer(815301076,1909f56bfc062723c751e8b465ee728b)
Start importing Assets/MagicArsenal/Effects/Icons/Materials using Guid(c37061009699d374e8e4ee96cfdad82b) Importer(815301076,1909f56bfc062723c751e8b465ee728b)  -> (artifact id: '438e0753618d0701ba927e1128377f64') in 0.009583 seconds 
========================================================================
Received Import Request.
  Time since last request: 0.010096 seconds.
  path: Assets/MagicArsenal/Effects/Icons/Materials/Arcane.mat
  artifactKey: Guid(10b455210db723848a196212d012e361) Importer(815301076,1909f56bfc062723c751e8b465ee728b)
Start importing Assets/MagicArsenal/Effects/Icons/Materials/Arcane.mat using Guid(10b455210db723848a196212d012e361) Importer(815301076,1909f56bfc062723c751e8b465ee728b)  -> (artifact id: '51da2d087dcd926f0b166f468a7adb3b') in 0.052075 seconds 
========================================================================
Received Import Request.
  Time since last request: 0.000019 seconds.
  path: Assets/MagicArsenal/Effects/Icons/Materials/Life.mat
  artifactKey: Guid(635feddaf5496e84d996b758349e0780) Importer(815301076,1909f56bfc062723c751e8b465ee728b)
Start importing Assets/MagicArsenal/Effects/Icons/Materials/Life.mat using Guid(635feddaf5496e84d996b758349e0780) Importer(815301076,1909f56bfc062723c751e8b465ee728b)  -> (artifact id: '3ab4794c971dcee955942060555e878e') in 0.010930 seconds 
========================================================================
Received Import Request.
  Time since last request: 0.000033 seconds.
  path: Assets/MagicArsenal/Effects/Icons/Materials/Light.mat
  artifactKey: Guid(f46d5b496fe1f8f4fa9fed60b854200e) Importer(815301076,1909f56bfc062723c751e8b465ee728b)
Start importing Assets/MagicArsenal/Effects/Icons/Materials/Light.mat using Guid(f46d5b496fe1f8f4fa9fed60b854200e) Importer(815301076,1909f56bfc062723c751e8b465ee728b)  -> (artifact id: '1d893210f63a3bbae027fad838056b0f') in 0.011549 seconds 
========================================================================
Received Import Request.
  Time since last request: 2.434341 seconds.
  path: Assets/MagicArsenal/Effects/Icons/Textures/arcane.png
  artifactKey: Guid(59f654c034abb334a8ba4591c79f4464) Importer(815301076,1909f56bfc062723c751e8b465ee728b)
Start importing Assets/MagicArsenal/Effects/Icons/Textures/arcane.png using Guid(59f654c034abb334a8ba4591c79f4464) Importer(815301076,1909f56bfc062723c751e8b465ee728b)  -> (artifact id: '7337a99138988cfba3a0cf0db6fe5b3d') in 0.019372 seconds 
========================================================================
Received Import Request.
  Time since last request: 0.000024 seconds.
  path: Assets/MagicArsenal/Effects/Icons/Textures/shadow.png
  artifactKey: Guid(26881b190a837d54fa86390e7720b3d8) Importer(815301076,1909f56bfc062723c751e8b465ee728b)
Start importing Assets/MagicArsenal/Effects/Icons/Textures/shadow.png using Guid(26881b190a837d54fa86390e7720b3d8) Importer(815301076,1909f56bfc062723c751e8b465ee728b)  -> (artifact id: '9ff1b1738bbb8e817d67b01f24baf9ea') in 0.017467 seconds 
========================================================================
Received Import Request.
  Time since last request: 12.885418 seconds.
  path: Assets/MagicArsenal/Effects/Prefabs/Muzzleflash
  artifactKey: Guid(eadd15d5b29c2d64d9836aff970ce5dc) Importer(815301076,1909f56bfc062723c751e8b465ee728b)
Start importing Assets/MagicArsenal/Effects/Prefabs/Muzzleflash using Guid(eadd15d5b29c2d64d9836aff970ce5dc) Importer(815301076,1909f56bfc062723c751e8b465ee728b)  -> (artifact id: '6f2db5d58d0d44e60885e7acd59f5cc6') in 0.004733 seconds 
========================================================================
Received Import Request.
  Time since last request: 1.764471 seconds.
  path: Assets/MagicArsenal/Effects/Prefabs/Muzzleflash/Normal
  artifactKey: Guid(f99f4976a26f7464fa962a4cc1e12f8b) Importer(815301076,1909f56bfc062723c751e8b465ee728b)
Start importing Assets/MagicArsenal/Effects/Prefabs/Muzzleflash/Normal using Guid(f99f4976a26f7464fa962a4cc1e12f8b) Importer(815301076,1909f56bfc062723c751e8b465ee728b)  -> (artifact id: 'f122f0eef92d0b038c0c01d5f00bea12') in 0.005074 seconds 
========================================================================
Received Import Request.
  Time since last request: 0.025706 seconds.
  path: Assets/MagicArsenal/Effects/Prefabs/Muzzleflash/Normal/ArcaneMuzzleNormal.prefab
  artifactKey: Guid(e50c699406fc10a4783f72816b25468f) Importer(815301076,1909f56bfc062723c751e8b465ee728b)
Start importing Assets/MagicArsenal/Effects/Prefabs/Muzzleflash/Normal/ArcaneMuzzleNormal.prefab using Guid(e50c699406fc10a4783f72816b25468f) Importer(815301076,1909f56bfc062723c751e8b465ee728b)  -> (artifact id: '75c4f9c3143d20e4de8c8c0c3fdbd232') in 0.024635 seconds 
========================================================================
Received Import Request.
  Time since last request: 0.000016 seconds.
  path: Assets/MagicArsenal/Effects/Prefabs/Muzzleflash/Normal/ShadowMuzzleNormal.prefab
  artifactKey: Guid(2d9cc1d70d3f2e2429eafbc069fa3777) Importer(815301076,1909f56bfc062723c751e8b465ee728b)
Start importing Assets/MagicArsenal/Effects/Prefabs/Muzzleflash/Normal/ShadowMuzzleNormal.prefab using Guid(2d9cc1d70d3f2e2429eafbc069fa3777) Importer(815301076,1909f56bfc062723c751e8b465ee728b)  -> (artifact id: '83719e83c524eec70adee75bf6478d30') in 0.027015 seconds 
========================================================================
Received Import Request.
  Time since last request: 1.975012 seconds.
  path: Assets/MagicArsenal/Effects/Materials/Modular/glow01.mat
  artifactKey: Guid(01e0386bc3c5b2f45b5b2735939daa3f) Importer(815301076,1909f56bfc062723c751e8b465ee728b)
Start importing Assets/MagicArsenal/Effects/Materials/Modular/glow01.mat using Guid(01e0386bc3c5b2f45b5b2735939daa3f) Importer(815301076,1909f56bfc062723c751e8b465ee728b)  -> (artifact id: 'bc678706f4a218184d49e69de7dc3e6e') in 0.009929 seconds 
========================================================================
Received Import Request.
  Time since last request: 14.038946 seconds.
  path: Assets/MagicArsenal/Effects/Prefabs/Charge/ArcaneCharge.prefab
  artifactKey: Guid(0d9b0e27a2944614abe85db3c25b3d74) Importer(815301076,1909f56bfc062723c751e8b465ee728b)
Start importing Assets/MagicArsenal/Effects/Prefabs/Charge/ArcaneCharge.prefab using Guid(0d9b0e27a2944614abe85db3c25b3d74) Importer(815301076,1909f56bfc062723c751e8b465ee728b)  -> (artifact id: '4d027b4f0f81eec46216c24c50832ec2') in 0.017885 seconds 
========================================================================
Received Import Request.
  Time since last request: 0.000015 seconds.
  path: Assets/MagicArsenal/Effects/Prefabs/Charge/ShadowCharge.prefab
  artifactKey: Guid(a862ba583d75a834da6fe74054b4328b) Importer(815301076,1909f56bfc062723c751e8b465ee728b)
Start importing Assets/MagicArsenal/Effects/Prefabs/Charge/ShadowCharge.prefab using Guid(a862ba583d75a834da6fe74054b4328b) Importer(815301076,1909f56bfc062723c751e8b465ee728b)  -> (artifact id: '94ecf3a6cf7ad17ea8277e1dd7ea2584') in 0.027484 seconds 
========================================================================
Received Import Request.
  Time since last request: 1.269764 seconds.
  path: Assets/MagicArsenal/Effects/Prefabs/Cleave/ArcaneCleave.prefab
  artifactKey: Guid(55eb5c86fc25872498803bffe237d32c) Importer(815301076,1909f56bfc062723c751e8b465ee728b)
Start importing Assets/MagicArsenal/Effects/Prefabs/Cleave/ArcaneCleave.prefab using Guid(55eb5c86fc25872498803bffe237d32c) Importer(815301076,1909f56bfc062723c751e8b465ee728b)  -> (artifact id: 'e5831ba0680995ce8dfaeb447e61140f') in 0.017381 seconds 
========================================================================
Received Import Request.
  Time since last request: 0.000016 seconds.
  path: Assets/MagicArsenal/Effects/Prefabs/Cleave/LightCleave.prefab
  artifactKey: Guid(6568ce2818682d840b0cf583a00c5c99) Importer(815301076,1909f56bfc062723c751e8b465ee728b)
Start importing Assets/MagicArsenal/Effects/Prefabs/Cleave/LightCleave.prefab using Guid(6568ce2818682d840b0cf583a00c5c99) Importer(815301076,1909f56bfc062723c751e8b465ee728b)  -> (artifact id: '55fc1f1142d6f4c4caf5fdf0448b9a18') in 0.019978 seconds 
========================================================================
Received Import Request.
  Time since last request: 0.000041 seconds.
  path: Assets/MagicArsenal/Effects/Prefabs/Cleave/WaterCleave.prefab
  artifactKey: Guid(cf2e81d16facbf64e85287ae1201dbf7) Importer(815301076,1909f56bfc062723c751e8b465ee728b)
Start importing Assets/MagicArsenal/Effects/Prefabs/Cleave/WaterCleave.prefab using Guid(cf2e81d16facbf64e85287ae1201dbf7) Importer(815301076,1909f56bfc062723c751e8b465ee728b)  -> (artifact id: 'be1a2533be5004d2983b0b572b169f8c') in 0.013177 seconds 
========================================================================
Received Import Request.
  Time since last request: 35.554631 seconds.
  path: Assets/MagicArsenal/Effects/Prefabs/Enchant
  artifactKey: Guid(524bdb24f36d40d488246f15da583a07) Importer(815301076,1909f56bfc062723c751e8b465ee728b)
Start importing Assets/MagicArsenal/Effects/Prefabs/Enchant using Guid(524bdb24f36d40d488246f15da583a07) Importer(815301076,1909f56bfc062723c751e8b465ee728b)  -> (artifact id: '6551a1b7d83b0f310db5dd5acf27f27a') in 0.004491 seconds 
========================================================================
Received Import Request.
  Time since last request: 0.022821 seconds.
  path: Assets/MagicArsenal/Effects/Prefabs/Enchant/ArcaneEnchant.prefab
  artifactKey: Guid(165414722706add4fa2ac35a47c471ff) Importer(815301076,1909f56bfc062723c751e8b465ee728b)
Start importing Assets/MagicArsenal/Effects/Prefabs/Enchant/ArcaneEnchant.prefab using Guid(165414722706add4fa2ac35a47c471ff) Importer(815301076,1909f56bfc062723c751e8b465ee728b)  -> (artifact id: '79caf76ec9ff1a0c200c49308a4c0d28') in 0.022173 seconds 
========================================================================
Received Import Request.
  Time since last request: 0.000018 seconds.
  path: Assets/MagicArsenal/Effects/Prefabs/Enchant/LifeEnchant.prefab
  artifactKey: Guid(e4a4dd0be891ef542a95aef4b72806c4) Importer(815301076,1909f56bfc062723c751e8b465ee728b)
Start importing Assets/MagicArsenal/Effects/Prefabs/Enchant/LifeEnchant.prefab using Guid(e4a4dd0be891ef542a95aef4b72806c4) Importer(815301076,1909f56bfc062723c751e8b465ee728b)  -> (artifact id: 'd502adf9dd18bbef19999f91af900d01') in 0.012652 seconds 
========================================================================
Received Import Request.
  Time since last request: 0.000017 seconds.
  path: Assets/MagicArsenal/Effects/Prefabs/Enchant/StormEnchant.prefab
  artifactKey: Guid(6be67a1028ae2f94bb43c8e6bf33e08f) Importer(815301076,1909f56bfc062723c751e8b465ee728b)
Start importing Assets/MagicArsenal/Effects/Prefabs/Enchant/StormEnchant.prefab using Guid(6be67a1028ae2f94bb43c8e6bf33e08f) Importer(815301076,1909f56bfc062723c751e8b465ee728b)  -> (artifact id: '9623c7e77bad0286baf5f1d49aee1e3c') in 0.014342 seconds 
========================================================================
Received Import Request.
  Time since last request: 6.789241 seconds.
  path: Assets/MagicArsenal/Effects/Prefabs/MeshGlow/ArcaneMeshGlow.prefab
  artifactKey: Guid(f2c7cd139e83ae14e9911fec989558e4) Importer(815301076,1909f56bfc062723c751e8b465ee728b)
Start importing Assets/MagicArsenal/Effects/Prefabs/MeshGlow/ArcaneMeshGlow.prefab using Guid(f2c7cd139e83ae14e9911fec989558e4) Importer(815301076,1909f56bfc062723c751e8b465ee728b)  -> (artifact id: 'fcb453eff605c78aaf50e3123a073d80') in 0.014091 seconds 
========================================================================
Received Import Request.
  Time since last request: 0.000017 seconds.
  path: Assets/MagicArsenal/Effects/Prefabs/MeshGlow/LifeMeshGlow.prefab
  artifactKey: Guid(9fefbb1bf1d2e434099987dc47d3914a) Importer(815301076,1909f56bfc062723c751e8b465ee728b)
Start importing Assets/MagicArsenal/Effects/Prefabs/MeshGlow/LifeMeshGlow.prefab using Guid(9fefbb1bf1d2e434099987dc47d3914a) Importer(815301076,1909f56bfc062723c751e8b465ee728b)  -> (artifact id: '693c949e704e2ffe99040a86a5d9a1a0') in 0.012264 seconds 
========================================================================
Received Import Request.
  Time since last request: 0.000017 seconds.
  path: Assets/MagicArsenal/Effects/Prefabs/MeshGlow/StormMeshGlow.prefab
  artifactKey: Guid(27473e69d852d494bb7c45e672447eb5) Importer(815301076,1909f56bfc062723c751e8b465ee728b)
Start importing Assets/MagicArsenal/Effects/Prefabs/MeshGlow/StormMeshGlow.prefab using Guid(27473e69d852d494bb7c45e672447eb5) Importer(815301076,1909f56bfc062723c751e8b465ee728b)  -> (artifact id: 'c80c8b2fb4520453c0fb7a6366549ded') in 0.014068 seconds 
========================================================================
Received Import Request.
  Time since last request: 17.700819 seconds.
  path: Assets/MagicArsenal/Effects/Prefabs/Beams/Beam
  artifactKey: Guid(554a6e0ccb2fb4c4b9de72bda134acea) Importer(815301076,1909f56bfc062723c751e8b465ee728b)
Start importing Assets/MagicArsenal/Effects/Prefabs/Beams/Beam using Guid(554a6e0ccb2fb4c4b9de72bda134acea) Importer(815301076,1909f56bfc062723c751e8b465ee728b)  -> (artifact id: '8b9ee07cbbc18f3a45b6d4953f38a02c') in 0.005210 seconds 
========================================================================
Received Import Request.
  Time since last request: 0.066815 seconds.
  path: Assets/MagicArsenal/Effects/Prefabs/Beams/Beam/Arcane Beam.prefab
  artifactKey: Guid(1f7452042ec77d94ea7cece5cc4816fc) Importer(815301076,1909f56bfc062723c751e8b465ee728b)
Start importing Assets/MagicArsenal/Effects/Prefabs/Beams/Beam/Arcane Beam.prefab using Guid(1f7452042ec77d94ea7cece5cc4816fc) Importer(815301076,1909f56bfc062723c751e8b465ee728b)  -> (artifact id: '32b23e41387d5a31469ece739032e6a2') in 0.017222 seconds 
========================================================================
Received Import Request.
  Time since last request: 0.000017 seconds.
  path: Assets/MagicArsenal/Effects/Prefabs/Beams/Beam/Life Beam.prefab
  artifactKey: Guid(13d778ebbfff82149bdc5ed15fbda9c9) Importer(815301076,1909f56bfc062723c751e8b465ee728b)
Start importing Assets/MagicArsenal/Effects/Prefabs/Beams/Beam/Life Beam.prefab using Guid(13d778ebbfff82149bdc5ed15fbda9c9) Importer(815301076,1909f56bfc062723c751e8b465ee728b)  -> (artifact id: '84358686eae3619b4b6599311e0d55d0') in 0.024526 seconds 
========================================================================
Received Prepare
Registering precompiled user dll's ...
Registered in 0.002406 seconds.
Begin MonoManager ReloadAssembly
Symbol file LoadedFromMemory doesn't match image D:\unity\My project (9)\Library\PackageCache\com.unity.visualscripting@1.7.8\Editor\VisualScripting.Core\Dependencies\YamlDotNet\Unity.VisualScripting.YamlDotNet.dll
Symbol file LoadedFromMemory doesn't match image D:\unity\My project (9)\Library\PackageCache\com.unity.visualscripting@1.7.8\Editor\VisualScripting.Core\Dependencies\DotNetZip\Unity.VisualScripting.IonicZip.dll
Native extension for WindowsStandalone target not found
Native extension for Android target not found
Native extension for WebGL target not found
Refreshing native plugins compatible for Editor in 1.00 ms, found 3 plugins.
Preloading 0 native plugins for Editor in 0.00 ms.
Mono: successfully reloaded assembly
- Completed reload, in  0.880 seconds
Domain Reload Profiling:
	ReloadAssembly (881ms)
		BeginReloadAssembly (105ms)
			ExecutionOrderSort (0ms)
			DisableScriptedObjects (3ms)
			BackupInstance (0ms)
			ReleaseScriptingObjects (0ms)
			CreateAndSetChildDomain (32ms)
		EndReloadAssembly (704ms)
			LoadAssemblies (58ms)
			RebuildTransferFunctionScriptingTraits (0ms)
			SetupTypeCache (264ms)
			ReleaseScriptCaches (1ms)
			RebuildScriptCaches (32ms)
			SetupLoadedEditorAssemblies (303ms)
				LogAssemblyErrors (0ms)
				InitializePlatformSupportModulesInManaged (20ms)
				SetLoadedEditorAssemblies (0ms)
				RefreshPlugins (1ms)
				BeforeProcessingInitializeOnLoad (54ms)
				ProcessInitializeOnLoadAttributes (198ms)
				ProcessInitializeOnLoadMethodAttributes (27ms)
				AfterProcessingInitializeOnLoad (1ms)
				EditorAssembliesLoaded (0ms)
			ExecutionOrderSort2 (0ms)
			AwakeInstancesAfterBackupRestoration (5ms)
Platform modules already initialized, skipping
Shader 'IL3DN/Terrain First-Pass': dependency 'BaseMapShader' shader 'ASESampleShaders/SimpleTerrainBase' not found
Refreshing native plugins compatible for Editor in 2.04 ms, found 3 plugins.
Preloading 0 native plugins for Editor in 0.00 ms.
Unloading 3399 Unused Serialized files (Serialized files now loaded: 0)
Unloading 21 unused Assets / (55.2 KB). Loaded Objects now: 3963.
Memory consumption went from 148.2 MB to 148.2 MB.
Total: 3.160500 ms (FindLiveObjects: 0.280600 ms CreateObjectMapping: 0.244300 ms MarkObjects: 2.494200 ms  DeleteObjects: 0.140700 ms)

AssetImportParameters requested are different than current active one (requested -> active):
  custom:video-decoder-ogg-theora: a1e56fd34408186e4bbccfd4996cb3dc -> 
  custom:container-muxer-webm: aa71ff27fc2769a1b78a27578f13a17b -> 
  custom:container-demuxer-webm: 4f35f7cbe854078d1ac9338744f61a02 -> 
  custom:video-encoder-webm-vp8: eb34c28f22e8b96e1ab97ce403110664 -> 
  custom:video-codec-MediaFoundation-h265: 746d11721c4dcdbdad8f713fa42b33f4 -> 
  custom:audio-encoder-webm-vorbis: bf7c407c2cedff20999df2af8eb42d56 -> 
  custom:framework-win-MediaFoundation: 216162199b28c13a410421893ffa2e32 -> 
  custom:container-demuxer-ogg: 62fdf1f143b41e24485cea50d1cbac27 -> 
  custom:video-decoder-webm-vp8: 9c59270c3fd7afecdb556c50c9e8de78 -> 
  custom:audio-decoder-ogg-vorbis: bf7c407c2cedff20999df2af8eb42d56 -> 
========================================================================
Received Prepare
Registering precompiled user dll's ...
Registered in 0.002201 seconds.
Begin MonoManager ReloadAssembly
Symbol file LoadedFromMemory doesn't match image D:\unity\My project (9)\Library\PackageCache\com.unity.visualscripting@1.7.8\Editor\VisualScripting.Core\Dependencies\YamlDotNet\Unity.VisualScripting.YamlDotNet.dll
Symbol file LoadedFromMemory doesn't match image D:\unity\My project (9)\Library\PackageCache\com.unity.visualscripting@1.7.8\Editor\VisualScripting.Core\Dependencies\DotNetZip\Unity.VisualScripting.IonicZip.dll
Native extension for WindowsStandalone target not found
Native extension for Android target not found
Native extension for WebGL target not found
Refreshing native plugins compatible for Editor in 0.92 ms, found 3 plugins.
Preloading 0 native plugins for Editor in 0.00 ms.
Mono: successfully reloaded assembly
- Completed reload, in  0.816 seconds
Domain Reload Profiling:
	ReloadAssembly (816ms)
		BeginReloadAssembly (101ms)
			ExecutionOrderSort (0ms)
			DisableScriptedObjects (5ms)
			BackupInstance (0ms)
			ReleaseScriptingObjects (0ms)
			CreateAndSetChildDomain (33ms)
		EndReloadAssembly (645ms)
			LoadAssemblies (54ms)
			RebuildTransferFunctionScriptingTraits (0ms)
			SetupTypeCache (221ms)
			ReleaseScriptCaches (1ms)
			RebuildScriptCaches (36ms)
			SetupLoadedEditorAssemblies (290ms)
				LogAssemblyErrors (0ms)
				InitializePlatformSupportModulesInManaged (19ms)
				SetLoadedEditorAssemblies (1ms)
				RefreshPlugins (1ms)
				BeforeProcessingInitializeOnLoad (43ms)
				ProcessInitializeOnLoadAttributes (197ms)
				ProcessInitializeOnLoadMethodAttributes (27ms)
				AfterProcessingInitializeOnLoad (2ms)
				EditorAssembliesLoaded (0ms)
			ExecutionOrderSort2 (0ms)
			AwakeInstancesAfterBackupRestoration (5ms)
Platform modules already initialized, skipping
Shader 'IL3DN/Terrain First-Pass': dependency 'BaseMapShader' shader 'ASESampleShaders/SimpleTerrainBase' not found
Refreshing native plugins compatible for Editor in 2.27 ms, found 3 plugins.
Preloading 0 native plugins for Editor in 0.00 ms.
Unloading 3399 Unused Serialized files (Serialized files now loaded: 0)
Unloading 18 unused Assets / (24.7 KB). Loaded Objects now: 3966.
Memory consumption went from 148.2 MB to 148.2 MB.
Total: 3.000500 ms (FindLiveObjects: 0.298200 ms CreateObjectMapping: 0.098000 ms MarkObjects: 2.581100 ms  DeleteObjects: 0.022300 ms)

AssetImportParameters requested are different than current active one (requested -> active):
  custom:video-decoder-ogg-theora: a1e56fd34408186e4bbccfd4996cb3dc -> 
  custom:container-muxer-webm: aa71ff27fc2769a1b78a27578f13a17b -> 
  custom:container-demuxer-webm: 4f35f7cbe854078d1ac9338744f61a02 -> 
  custom:video-encoder-webm-vp8: eb34c28f22e8b96e1ab97ce403110664 -> 
  custom:video-codec-MediaFoundation-h265: 746d11721c4dcdbdad8f713fa42b33f4 -> 
  custom:audio-encoder-webm-vorbis: bf7c407c2cedff20999df2af8eb42d56 -> 
  custom:framework-win-MediaFoundation: 216162199b28c13a410421893ffa2e32 -> 
  custom:container-demuxer-ogg: 62fdf1f143b41e24485cea50d1cbac27 -> 
  custom:video-decoder-webm-vp8: 9c59270c3fd7afecdb556c50c9e8de78 -> 
  custom:audio-decoder-ogg-vorbis: bf7c407c2cedff20999df2af8eb42d56 -> 
========================================================================
Received Import Request.
  Time since last request: 42.788570 seconds.
  path: Assets/MagicArsenal/Effects/Prefabs/Modular/ElegantSparks 1.prefab
  artifactKey: Guid(b1d940abe974b0848a3dd228024185ec) Importer(815301076,1909f56bfc062723c751e8b465ee728b)
Start importing Assets/MagicArsenal/Effects/Prefabs/Modular/ElegantSparks 1.prefab using Guid(b1d940abe974b0848a3dd228024185ec) Importer(815301076,1909f56bfc062723c751e8b465ee728b)  -> (artifact id: '8f210c008a8faed7990ed34318897120') in 0.068822 seconds 
========================================================================
Received Import Request.
  Time since last request: 0.000021 seconds.
  path: Assets/MagicArsenal/Effects/Prefabs/Modular/TwirlyPlasmaCloud.prefab
  artifactKey: Guid(ec40b9b3f4cc4c2429fe5feb0a2d2d80) Importer(815301076,1909f56bfc062723c751e8b465ee728b)
Start importing Assets/MagicArsenal/Effects/Prefabs/Modular/TwirlyPlasmaCloud.prefab using Guid(ec40b9b3f4cc4c2429fe5feb0a2d2d80) Importer(815301076,1909f56bfc062723c751e8b465ee728b)  -> (artifact id: '378f650f2e168f40d48c89e9311157fb') in 0.013855 seconds 
========================================================================
Received Import Request.
  Time since last request: 0.000023 seconds.
  path: Assets/MagicArsenal/Effects/Prefabs/Modular/SpikySparks.prefab
  artifactKey: Guid(e8bfa324a8b1cc6469dd4d28cf77176f) Importer(815301076,1909f56bfc062723c751e8b465ee728b)
Start importing Assets/MagicArsenal/Effects/Prefabs/Modular/SpikySparks.prefab using Guid(e8bfa324a8b1cc6469dd4d28cf77176f) Importer(815301076,1909f56bfc062723c751e8b465ee728b)  -> (artifact id: 'e8bf5ac1c3d0a3f15779bc780cdf1fb3') in 0.032626 seconds 
========================================================================
Received Import Request.
  Time since last request: 2.240234 seconds.
  path: Assets/MagicArsenal/Effects/Materials/Modular/lightning_new_glow.mat
  artifactKey: Guid(4c1cdcf1d599b204c8ed02483a89434d) Importer(815301076,1909f56bfc062723c751e8b465ee728b)
Start importing Assets/MagicArsenal/Effects/Materials/Modular/lightning_new_glow.mat using Guid(4c1cdcf1d599b204c8ed02483a89434d) Importer(815301076,1909f56bfc062723c751e8b465ee728b)  -> (artifact id: '9a54f6362732fa5cdf3b879b1292fcdc') in 0.021361 seconds 
========================================================================
Received Import Request.
  Time since last request: 7.666761 seconds.
  path: Assets/MagicArsenal/Effects/Prefabs/Pillar Blast/ArcanePillarBlast.prefab
  artifactKey: Guid(4b88f603ede9aae44bf7f959101d5331) Importer(815301076,1909f56bfc062723c751e8b465ee728b)
Start importing Assets/MagicArsenal/Effects/Prefabs/Pillar Blast/ArcanePillarBlast.prefab using Guid(4b88f603ede9aae44bf7f959101d5331) Importer(815301076,1909f56bfc062723c751e8b465ee728b)  -> (artifact id: 'c7b07e0ad9d460299995f652a23a41a9') in 0.015985 seconds 
========================================================================
Received Import Request.
  Time since last request: 0.000019 seconds.
  path: Assets/MagicArsenal/Effects/Prefabs/Pillar Blast/LightPillarBlast.prefab
  artifactKey: Guid(557a7e3cafb257e4186fb8129433a303) Importer(815301076,1909f56bfc062723c751e8b465ee728b)
Start importing Assets/MagicArsenal/Effects/Prefabs/Pillar Blast/LightPillarBlast.prefab using Guid(557a7e3cafb257e4186fb8129433a303) Importer(815301076,1909f56bfc062723c751e8b465ee728b)  -> (artifact id: '082ef00ea7a62f01ac444cbc6e195517') in 0.023571 seconds 
========================================================================
Received Import Request.
  Time since last request: 0.000030 seconds.
  path: Assets/MagicArsenal/Effects/Prefabs/Pillar Blast/LightningPillarBlast.prefab
  artifactKey: Guid(645eae06276896e4887a669cbc08cb22) Importer(815301076,1909f56bfc062723c751e8b465ee728b)
Start importing Assets/MagicArsenal/Effects/Prefabs/Pillar Blast/LightningPillarBlast.prefab using Guid(645eae06276896e4887a669cbc08cb22) Importer(815301076,1909f56bfc062723c751e8b465ee728b)  -> (artifact id: '6e711303d85542eb8bdb5918e3b75dd6') in 0.017418 seconds 
========================================================================
Received Import Request.
  Time since last request: 6.057008 seconds.
  path: Assets/MagicArsenal/Effects/Prefabs/Slash/ArcaneSlash.prefab
  artifactKey: Guid(c631ee4cfc195df48bd60432f0a1949a) Importer(815301076,1909f56bfc062723c751e8b465ee728b)
Start importing Assets/MagicArsenal/Effects/Prefabs/Slash/ArcaneSlash.prefab using Guid(c631ee4cfc195df48bd60432f0a1949a) Importer(815301076,1909f56bfc062723c751e8b465ee728b)  -> (artifact id: '2d92634a3e8134b33ad3220e65a18086') in 0.019638 seconds 
========================================================================
Received Import Request.
  Time since last request: 0.000018 seconds.
  path: Assets/MagicArsenal/Effects/Prefabs/Slash/WaterSlash.prefab
  artifactKey: Guid(e156790911efcce4c8eb965b94c15f1f) Importer(815301076,1909f56bfc062723c751e8b465ee728b)
Start importing Assets/MagicArsenal/Effects/Prefabs/Slash/WaterSlash.prefab using Guid(e156790911efcce4c8eb965b94c15f1f) Importer(815301076,1909f56bfc062723c751e8b465ee728b)  -> (artifact id: '342756151309e28c356ef1a4568d799e') in 0.021887 seconds 
========================================================================
Received Import Request.
  Time since last request: 0.000020 seconds.
  path: Assets/MagicArsenal/Effects/Prefabs/Slash/StormSlash.prefab
  artifactKey: Guid(f27b91ed5152a5745a77f092b78aa6a8) Importer(815301076,1909f56bfc062723c751e8b465ee728b)
Start importing Assets/MagicArsenal/Effects/Prefabs/Slash/StormSlash.prefab using Guid(f27b91ed5152a5745a77f092b78aa6a8) Importer(815301076,1909f56bfc062723c751e8b465ee728b)  -> (artifact id: 'a712370239fb44a74785e174718a895f') in 0.033610 seconds 
========================================================================
Received Import Request.
  Time since last request: 4.487191 seconds.
  path: Assets/MagicArsenal/Effects/Prefabs/Walls/Circular Wall
  artifactKey: Guid(469fdb4a001b36c45bdf52bac43f8762) Importer(815301076,1909f56bfc062723c751e8b465ee728b)
Start importing Assets/MagicArsenal/Effects/Prefabs/Walls/Circular Wall using Guid(469fdb4a001b36c45bdf52bac43f8762) Importer(815301076,1909f56bfc062723c751e8b465ee728b)  -> (artifact id: '728382a8d268c27a38414d114363a5cc') in 0.005062 seconds 
========================================================================
Received Import Request.
  Time since last request: 0.897850 seconds.
  path: Assets/MagicArsenal/Effects/Prefabs/Walls/Circular Wall/ArcaneWallCircle.prefab
  artifactKey: Guid(d012fbe8542f89b4eb619529cdec2808) Importer(815301076,1909f56bfc062723c751e8b465ee728b)
Start importing Assets/MagicArsenal/Effects/Prefabs/Walls/Circular Wall/ArcaneWallCircle.prefab using Guid(d012fbe8542f89b4eb619529cdec2808) Importer(815301076,1909f56bfc062723c751e8b465ee728b)  -> (artifact id: 'add4ebdfdc3cb4c75267e2a6a0b9d3d0') in 0.015627 seconds 
========================================================================
Received Import Request.
  Time since last request: 0.000019 seconds.
  path: Assets/MagicArsenal/Effects/Prefabs/Walls/Circular Wall/LightningWallCircle.prefab
  artifactKey: Guid(2bac504b1465b6b4d8c3abff57fc3248) Importer(815301076,1909f56bfc062723c751e8b465ee728b)
Start importing Assets/MagicArsenal/Effects/Prefabs/Walls/Circular Wall/LightningWallCircle.prefab using Guid(2bac504b1465b6b4d8c3abff57fc3248) Importer(815301076,1909f56bfc062723c751e8b465ee728b)  -> (artifact id: 'f7003559fcc377cc575d1ddd513e80ca') in 0.018773 seconds 
========================================================================
Received Import Request.
  Time since last request: 0.000030 seconds.
  path: Assets/MagicArsenal/Effects/Prefabs/Walls/Circular Wall/ShadowWallCircle.prefab
  artifactKey: Guid(2c40b4d69be226542915bc29b4699416) Importer(815301076,1909f56bfc062723c751e8b465ee728b)
Start importing Assets/MagicArsenal/Effects/Prefabs/Walls/Circular Wall/ShadowWallCircle.prefab using Guid(2c40b4d69be226542915bc29b4699416) Importer(815301076,1909f56bfc062723c751e8b465ee728b)  -> (artifact id: '659a293b342f654bf40ed5017fd4122c') in 0.013680 seconds 
========================================================================
Received Import Request.
  Time since last request: 1.375808 seconds.
  path: Assets/MagicArsenal/Effects/Materials/Projectiles/Arcane/ArcaneSphere.mat
  artifactKey: Guid(958f8c2fa0a6293479194fe50a889381) Importer(815301076,1909f56bfc062723c751e8b465ee728b)
Start importing Assets/MagicArsenal/Effects/Materials/Projectiles/Arcane/ArcaneSphere.mat using Guid(958f8c2fa0a6293479194fe50a889381) Importer(815301076,1909f56bfc062723c751e8b465ee728b)  -> (artifact id: 'a2cc53464eb4ac34f802b4e7e74a6be4') in 0.011186 seconds 
========================================================================
Received Prepare
Registering precompiled user dll's ...
Registered in 0.003041 seconds.
Begin MonoManager ReloadAssembly
Symbol file LoadedFromMemory doesn't match image D:\unity\My project (9)\Library\PackageCache\com.unity.visualscripting@1.7.8\Editor\VisualScripting.Core\Dependencies\YamlDotNet\Unity.VisualScripting.YamlDotNet.dll
Symbol file LoadedFromMemory doesn't match image D:\unity\My project (9)\Library\PackageCache\com.unity.visualscripting@1.7.8\Editor\VisualScripting.Core\Dependencies\DotNetZip\Unity.VisualScripting.IonicZip.dll
Native extension for WindowsStandalone target not found
Native extension for Android target not found
Native extension for WebGL target not found
Refreshing native plugins compatible for Editor in 0.60 ms, found 3 plugins.
Preloading 0 native plugins for Editor in 0.00 ms.
Mono: successfully reloaded assembly
- Completed reload, in  0.817 seconds
Domain Reload Profiling:
	ReloadAssembly (818ms)
		BeginReloadAssembly (106ms)
			ExecutionOrderSort (0ms)
			DisableScriptedObjects (3ms)
			BackupInstance (0ms)
			ReleaseScriptingObjects (0ms)
			CreateAndSetChildDomain (35ms)
		EndReloadAssembly (640ms)
			LoadAssemblies (61ms)
			RebuildTransferFunctionScriptingTraits (0ms)
			SetupTypeCache (222ms)
			ReleaseScriptCaches (2ms)
			RebuildScriptCaches (33ms)
			SetupLoadedEditorAssemblies (284ms)
				LogAssemblyErrors (0ms)
				InitializePlatformSupportModulesInManaged (15ms)
				SetLoadedEditorAssemblies (0ms)
				RefreshPlugins (1ms)
				BeforeProcessingInitializeOnLoad (51ms)
				ProcessInitializeOnLoadAttributes (190ms)
				ProcessInitializeOnLoadMethodAttributes (24ms)
				AfterProcessingInitializeOnLoad (2ms)
				EditorAssembliesLoaded (0ms)
			ExecutionOrderSort2 (0ms)
			AwakeInstancesAfterBackupRestoration (5ms)
Platform modules already initialized, skipping
Shader 'IL3DN/Terrain First-Pass': dependency 'BaseMapShader' shader 'ASESampleShaders/SimpleTerrainBase' not found
Refreshing native plugins compatible for Editor in 1.57 ms, found 3 plugins.
Preloading 0 native plugins for Editor in 0.00 ms.
Unloading 3399 Unused Serialized files (Serialized files now loaded: 0)
Unloading 18 unused Assets / (24.8 KB). Loaded Objects now: 3970.
Memory consumption went from 148.2 MB to 148.2 MB.
Total: 2.669500 ms (FindLiveObjects: 0.247300 ms CreateObjectMapping: 0.096300 ms MarkObjects: 2.302200 ms  DeleteObjects: 0.023300 ms)

AssetImportParameters requested are different than current active one (requested -> active):
  custom:video-decoder-ogg-theora: a1e56fd34408186e4bbccfd4996cb3dc -> 
  custom:container-muxer-webm: aa71ff27fc2769a1b78a27578f13a17b -> 
  custom:container-demuxer-webm: 4f35f7cbe854078d1ac9338744f61a02 -> 
  custom:video-encoder-webm-vp8: eb34c28f22e8b96e1ab97ce403110664 -> 
  custom:video-codec-MediaFoundation-h265: 746d11721c4dcdbdad8f713fa42b33f4 -> 
  custom:audio-encoder-webm-vorbis: bf7c407c2cedff20999df2af8eb42d56 -> 
  custom:framework-win-MediaFoundation: 216162199b28c13a410421893ffa2e32 -> 
  custom:container-demuxer-ogg: 62fdf1f143b41e24485cea50d1cbac27 -> 
  custom:video-decoder-webm-vp8: 9c59270c3fd7afecdb556c50c9e8de78 -> 
  custom:audio-decoder-ogg-vorbis: bf7c407c2cedff20999df2af8eb42d56 -> 
========================================================================
Received Import Request.
  Time since last request: 63.314567 seconds.
  path: Assets/MagicArsenal/Effects/Materials/Projectiles/Lightning/LightningBallNew.mat
  artifactKey: Guid(776a939b6f835cf4db6390f59965a8af) Importer(815301076,1909f56bfc062723c751e8b465ee728b)
Start importing Assets/MagicArsenal/Effects/Materials/Projectiles/Lightning/LightningBallNew.mat using Guid(776a939b6f835cf4db6390f59965a8af) Importer(815301076,1909f56bfc062723c751e8b465ee728b)  -> (artifact id: '888712008b6d2a99da208c59cb3350c3') in 0.058049 seconds 
========================================================================
Received Import Request.
  Time since last request: 6.329158 seconds.
  path: Assets/MagicArsenal/Effects/Materials/Projectiles/Light/LightParticle.mat
  artifactKey: Guid(64c774a016e044548b7752ac7e5d088c) Importer(815301076,1909f56bfc062723c751e8b465ee728b)
Start importing Assets/MagicArsenal/Effects/Materials/Projectiles/Light/LightParticle.mat using Guid(64c774a016e044548b7752ac7e5d088c) Importer(815301076,1909f56bfc062723c751e8b465ee728b)  -> (artifact id: '7f7f24322437744dd0b6e441fba9427c') in 0.010192 seconds 
========================================================================
Received Import Request.
  Time since last request: 5.758260 seconds.
  path: Assets/MagicArsenal/Effects/Materials/Projectiles/Shadow/ShadowMothball.mat
  artifactKey: Guid(c390ef9547ec0ce479a2c9f1130dbb1d) Importer(815301076,1909f56bfc062723c751e8b465ee728b)
Start importing Assets/MagicArsenal/Effects/Materials/Projectiles/Shadow/ShadowMothball.mat using Guid(c390ef9547ec0ce479a2c9f1130dbb1d) Importer(815301076,1909f56bfc062723c751e8b465ee728b)  -> (artifact id: 'ca0950ecbf08d2125d5fc1bc01d50ade') in 0.009278 seconds 
========================================================================
Received Prepare
Registering precompiled user dll's ...
Registered in 0.001871 seconds.
Begin MonoManager ReloadAssembly
Symbol file LoadedFromMemory doesn't match image D:\unity\My project (9)\Library\PackageCache\com.unity.visualscripting@1.7.8\Editor\VisualScripting.Core\Dependencies\YamlDotNet\Unity.VisualScripting.YamlDotNet.dll
Symbol file LoadedFromMemory doesn't match image D:\unity\My project (9)\Library\PackageCache\com.unity.visualscripting@1.7.8\Editor\VisualScripting.Core\Dependencies\DotNetZip\Unity.VisualScripting.IonicZip.dll
Native extension for WindowsStandalone target not found
Native extension for Android target not found
Native extension for WebGL target not found
Refreshing native plugins compatible for Editor in 0.70 ms, found 3 plugins.
Preloading 0 native plugins for Editor in 0.00 ms.
Mono: successfully reloaded assembly
- Completed reload, in  0.736 seconds
Domain Reload Profiling:
	ReloadAssembly (737ms)
		BeginReloadAssembly (98ms)
			ExecutionOrderSort (0ms)
			DisableScriptedObjects (3ms)
			BackupInstance (0ms)
			ReleaseScriptingObjects (0ms)
			CreateAndSetChildDomain (32ms)
		EndReloadAssembly (567ms)
			LoadAssemblies (52ms)
			RebuildTransferFunctionScriptingTraits (0ms)
			SetupTypeCache (194ms)
			ReleaseScriptCaches (1ms)
			RebuildScriptCaches (32ms)
			SetupLoadedEditorAssemblies (252ms)
				LogAssemblyErrors (0ms)
				InitializePlatformSupportModulesInManaged (16ms)
				SetLoadedEditorAssemblies (0ms)
				RefreshPlugins (1ms)
				BeforeProcessingInitializeOnLoad (42ms)
				ProcessInitializeOnLoadAttributes (170ms)
				ProcessInitializeOnLoadMethodAttributes (23ms)
				AfterProcessingInitializeOnLoad (1ms)
				EditorAssembliesLoaded (0ms)
			ExecutionOrderSort2 (0ms)
			AwakeInstancesAfterBackupRestoration (4ms)
Platform modules already initialized, skipping
Shader 'IL3DN/Terrain First-Pass': dependency 'BaseMapShader' shader 'ASESampleShaders/SimpleTerrainBase' not found
Refreshing native plugins compatible for Editor in 1.76 ms, found 3 plugins.
Preloading 0 native plugins for Editor in 0.00 ms.
Unloading 3399 Unused Serialized files (Serialized files now loaded: 0)
Unloading 18 unused Assets / (24.6 KB). Loaded Objects now: 3973.
Memory consumption went from 148.2 MB to 148.1 MB.
Total: 2.562700 ms (FindLiveObjects: 0.237900 ms CreateObjectMapping: 0.077300 ms MarkObjects: 2.224800 ms  DeleteObjects: 0.021300 ms)

AssetImportParameters requested are different than current active one (requested -> active):
  custom:video-decoder-ogg-theora: a1e56fd34408186e4bbccfd4996cb3dc -> 
  custom:container-muxer-webm: aa71ff27fc2769a1b78a27578f13a17b -> 
  custom:container-demuxer-webm: 4f35f7cbe854078d1ac9338744f61a02 -> 
  custom:video-encoder-webm-vp8: eb34c28f22e8b96e1ab97ce403110664 -> 
  custom:video-codec-MediaFoundation-h265: 746d11721c4dcdbdad8f713fa42b33f4 -> 
  custom:audio-encoder-webm-vorbis: bf7c407c2cedff20999df2af8eb42d56 -> 
  custom:framework-win-MediaFoundation: 216162199b28c13a410421893ffa2e32 -> 
  custom:container-demuxer-ogg: 62fdf1f143b41e24485cea50d1cbac27 -> 
  custom:video-decoder-webm-vp8: 9c59270c3fd7afecdb556c50c9e8de78 -> 
  custom:audio-decoder-ogg-vorbis: bf7c407c2cedff20999df2af8eb42d56 -> 
========================================================================
Received Import Request.
  Time since last request: 87.252809 seconds.
  path: Assets/MagicArsenal/Effects/Prefabs/Sprays/ArcaneSpray.prefab
  artifactKey: Guid(8a675b5b52196c748abb1ae97c2d0f55) Importer(815301076,1909f56bfc062723c751e8b465ee728b)
Start importing Assets/MagicArsenal/Effects/Prefabs/Sprays/ArcaneSpray.prefab using Guid(8a675b5b52196c748abb1ae97c2d0f55) Importer(815301076,1909f56bfc062723c751e8b465ee728b)  -> (artifact id: '2a6967058ce7ca68506ec6ea291307d3') in 0.077256 seconds 
========================================================================
Received Import Request.
  Time since last request: 0.000029 seconds.
  path: Assets/MagicArsenal/Effects/Prefabs/Sprays/WaterSpray.prefab
  artifactKey: Guid(bd44023c0e2ceae4e9b4ac2412bd4d9f) Importer(815301076,1909f56bfc062723c751e8b465ee728b)
Start importing Assets/MagicArsenal/Effects/Prefabs/Sprays/WaterSpray.prefab using Guid(bd44023c0e2ceae4e9b4ac2412bd4d9f) Importer(815301076,1909f56bfc062723c751e8b465ee728b)  -> (artifact id: '99df9044d63acf2cff6b51e30b6365fc') in 0.018017 seconds 
========================================================================
Received Import Request.
  Time since last request: 0.000034 seconds.
  path: Assets/MagicArsenal/Effects/Prefabs/Sprays/FrostSpray.prefab
  artifactKey: Guid(1b1ef023459b0d548bf9b970a9ec0559) Importer(815301076,1909f56bfc062723c751e8b465ee728b)
Start importing Assets/MagicArsenal/Effects/Prefabs/Sprays/FrostSpray.prefab using Guid(1b1ef023459b0d548bf9b970a9ec0559) Importer(815301076,1909f56bfc062723c751e8b465ee728b)  -> (artifact id: 'e9dcf826a52b79f30f740996077556b2') in 0.018461 seconds 
========================================================================
Received Import Request.
  Time since last request: 0.000035 seconds.
  path: Assets/MagicArsenal/Effects/Prefabs/Sprays/LightningSprayNew.prefab
  artifactKey: Guid(661fccf75b4fb6b46bbb67fe443d907c) Importer(815301076,1909f56bfc062723c751e8b465ee728b)
Start importing Assets/MagicArsenal/Effects/Prefabs/Sprays/LightningSprayNew.prefab using Guid(661fccf75b4fb6b46bbb67fe443d907c) Importer(815301076,1909f56bfc062723c751e8b465ee728b)  -> (artifact id: '7dce7081236632c10bd889234c882092') in 0.021709 seconds 
========================================================================
Received Import Request.
  Time since last request: 0.000021 seconds.
  path: Assets/MagicArsenal/Effects/Prefabs/Sprays/LifeSpray.prefab
  artifactKey: Guid(e5f52a32e2c2f9e4891e04bcfa5e94f2) Importer(815301076,1909f56bfc062723c751e8b465ee728b)
Start importing Assets/MagicArsenal/Effects/Prefabs/Sprays/LifeSpray.prefab using Guid(e5f52a32e2c2f9e4891e04bcfa5e94f2) Importer(815301076,1909f56bfc062723c751e8b465ee728b)  -> (artifact id: 'ce5af1a64bc699eb15808990571b12f3') in 0.018386 seconds 
========================================================================
Received Import Request.
  Time since last request: 0.000027 seconds.
  path: Assets/MagicArsenal/Effects/Prefabs/Sprays/LightSpray.prefab
  artifactKey: Guid(55c8c75e4878c3b459dd3f7e4a875a00) Importer(815301076,1909f56bfc062723c751e8b465ee728b)
Start importing Assets/MagicArsenal/Effects/Prefabs/Sprays/LightSpray.prefab using Guid(55c8c75e4878c3b459dd3f7e4a875a00) Importer(815301076,1909f56bfc062723c751e8b465ee728b)  -> (artifact id: '1c4e755fe6758704666a1c15cf8b241c') in 0.014404 seconds 
========================================================================
Received Import Request.
  Time since last request: 22.663620 seconds.
  path: Assets/MagicArsenal/Effects/Prefabs/DamageOverTime/DamageOverTimeArcane.prefab
  artifactKey: Guid(1e43cd275d966934cbcec6fe045de7ab) Importer(815301076,1909f56bfc062723c751e8b465ee728b)
Start importing Assets/MagicArsenal/Effects/Prefabs/DamageOverTime/DamageOverTimeArcane.prefab using Guid(1e43cd275d966934cbcec6fe045de7ab) Importer(815301076,1909f56bfc062723c751e8b465ee728b)  -> (artifact id: '30552dccc3b240d44769627e409c4b2a') in 0.015582 seconds 
========================================================================
Received Import Request.
  Time since last request: 0.000020 seconds.
  path: Assets/MagicArsenal/Effects/Prefabs/DamageOverTime/DamageOverTimeLightning.prefab
  artifactKey: Guid(0087c880e41642647b2fff5bf12b3c32) Importer(815301076,1909f56bfc062723c751e8b465ee728b)
Start importing Assets/MagicArsenal/Effects/Prefabs/DamageOverTime/DamageOverTimeLightning.prefab using Guid(0087c880e41642647b2fff5bf12b3c32) Importer(815301076,1909f56bfc062723c751e8b465ee728b)  -> (artifact id: 'f0ea92e00a9711e6f0fa34070f9b776d') in 0.018411 seconds 
========================================================================
Received Import Request.
  Time since last request: 0.000017 seconds.
  path: Assets/MagicArsenal/Effects/Prefabs/DamageOverTime/DamageOverTimeLight.prefab
  artifactKey: Guid(d8a1bb8689785ed48ac856fe608550f3) Importer(815301076,1909f56bfc062723c751e8b465ee728b)
Start importing Assets/MagicArsenal/Effects/Prefabs/DamageOverTime/DamageOverTimeLight.prefab using Guid(d8a1bb8689785ed48ac856fe608550f3) Importer(815301076,1909f56bfc062723c751e8b465ee728b)  -> (artifact id: '12c13f541763c5f636b5f39ce9a28725') in 0.020277 seconds 
========================================================================
Received Import Request.
  Time since last request: 0.000028 seconds.
  path: Assets/MagicArsenal/Effects/Prefabs/DamageOverTime/VariantDamageOverTimeFire.prefab
  artifactKey: Guid(6927934dca422e7499139e641500bf24) Importer(815301076,1909f56bfc062723c751e8b465ee728b)
Start importing Assets/MagicArsenal/Effects/Prefabs/DamageOverTime/VariantDamageOverTimeFire.prefab using Guid(6927934dca422e7499139e641500bf24) Importer(815301076,1909f56bfc062723c751e8b465ee728b)  -> (artifact id: '731b19fc5c96b4dad9e90bbaa74d6cb2') in 0.019196 seconds 
========================================================================
Received Import Request.
  Time since last request: 0.000035 seconds.
  path: Assets/MagicArsenal/Effects/Prefabs/DamageOverTime/DamageOverTimeLife.prefab
  artifactKey: Guid(41bdb11fe6d778b4c82f45b5787c050e) Importer(815301076,1909f56bfc062723c751e8b465ee728b)
Start importing Assets/MagicArsenal/Effects/Prefabs/DamageOverTime/DamageOverTimeLife.prefab using Guid(41bdb11fe6d778b4c82f45b5787c050e) Importer(815301076,1909f56bfc062723c751e8b465ee728b)  -> (artifact id: '7424d24f9b75ceb7ed36b31c5d37a234') in 0.015036 seconds 
========================================================================
Received Import Request.
  Time since last request: 28.269565 seconds.
  path: Assets/MagicArsenal/Effects/Textures/arcane_glow.png
  artifactKey: Guid(63f4792c6c50b4e49bec66a8bad914c5) Importer(815301076,1909f56bfc062723c751e8b465ee728b)
Start importing Assets/MagicArsenal/Effects/Textures/arcane_glow.png using Guid(63f4792c6c50b4e49bec66a8bad914c5) Importer(815301076,1909f56bfc062723c751e8b465ee728b)  -> (artifact id: 'ee26defafc7adce0d5af630f0f084231') in 0.018120 seconds 
========================================================================
Received Import Request.
  Time since last request: 0.000020 seconds.
  path: Assets/MagicArsenal/Effects/Textures/arcanebeam.png
  artifactKey: Guid(01a1acd935a40d445b2fe1af6e60cfd8) Importer(815301076,1909f56bfc062723c751e8b465ee728b)
Start importing Assets/MagicArsenal/Effects/Textures/arcanebeam.png using Guid(01a1acd935a40d445b2fe1af6e60cfd8) Importer(815301076,1909f56bfc062723c751e8b465ee728b)  -> (artifact id: 'afd2b7065d675259585c0027e2afb6f0') in 0.013156 seconds 
========================================================================
Received Import Request.
  Time since last request: 0.000024 seconds.
  path: Assets/MagicArsenal/Effects/Textures/aura_dot2.png
  artifactKey: Guid(23421f0bc51ca164a9f7b6d25d078253) Importer(815301076,1909f56bfc062723c751e8b465ee728b)
Start importing Assets/MagicArsenal/Effects/Textures/aura_dot2.png using Guid(23421f0bc51ca164a9f7b6d25d078253) Importer(815301076,1909f56bfc062723c751e8b465ee728b)  -> (artifact id: 'ed4ab6253456b6aec5dd24cf76b4f955') in 0.013248 seconds 
========================================================================
Received Import Request.
  Time since last request: 0.000022 seconds.
  path: Assets/MagicArsenal/Effects/Textures/cleave_shadow.png
  artifactKey: Guid(f078febb79977244aa0445f7fb9882b4) Importer(815301076,1909f56bfc062723c751e8b465ee728b)
Start importing Assets/MagicArsenal/Effects/Textures/cleave_shadow.png using Guid(f078febb79977244aa0445f7fb9882b4) Importer(815301076,1909f56bfc062723c751e8b465ee728b)  -> (artifact id: 'd132c89ea81ee75ecf35e61a20c86a20') in 0.011156 seconds 
========================================================================
Received Import Request.
  Time since last request: 0.000040 seconds.
  path: Assets/MagicArsenal/Effects/Textures/aura06.png
  artifactKey: Guid(0ce2f05dd05fa0d468d864f5a1034dfc) Importer(815301076,1909f56bfc062723c751e8b465ee728b)
Start importing Assets/MagicArsenal/Effects/Textures/aura06.png using Guid(0ce2f05dd05fa0d468d864f5a1034dfc) Importer(815301076,1909f56bfc062723c751e8b465ee728b)  -> (artifact id: '44ff4b87a064f5f2e3bafba469e52e07') in 0.016240 seconds 
========================================================================
Received Import Request.
  Time since last request: 0.000019 seconds.
  path: Assets/MagicArsenal/Effects/Textures/aura_earth.png
  artifactKey: Guid(17da886dd1bc3a7469aa53175d53ee3d) Importer(815301076,1909f56bfc062723c751e8b465ee728b)
Start importing Assets/MagicArsenal/Effects/Textures/aura_earth.png using Guid(17da886dd1bc3a7469aa53175d53ee3d) Importer(815301076,1909f56bfc062723c751e8b465ee728b)  -> (artifact id: 'd141dfeb92fddff29d823cb44e8cddf1') in 0.013794 seconds 
========================================================================
Received Import Request.
  Time since last request: 0.000017 seconds.
  path: Assets/MagicArsenal/Effects/Textures/frost_snowflake.png
  artifactKey: Guid(48dc9d78da3e6cb4b808df198ca1e152) Importer(815301076,1909f56bfc062723c751e8b465ee728b)
Start importing Assets/MagicArsenal/Effects/Textures/frost_snowflake.png using Guid(48dc9d78da3e6cb4b808df198ca1e152) Importer(815301076,1909f56bfc062723c751e8b465ee728b)  -> (artifact id: '55c4d1db3ea1f42aab5c95e9c8c2f420') in 0.011513 seconds 
========================================================================
Received Import Request.
  Time since last request: 0.000019 seconds.
  path: Assets/MagicArsenal/Effects/Textures/firebeam.png
  artifactKey: Guid(886713ad5c584284599659b7c3519c83) Importer(815301076,1909f56bfc062723c751e8b465ee728b)
Start importing Assets/MagicArsenal/Effects/Textures/firebeam.png using Guid(886713ad5c584284599659b7c3519c83) Importer(815301076,1909f56bfc062723c751e8b465ee728b)  -> (artifact id: '8cea81c9c558ea74ca01a15ab8c0614e') in 0.013388 seconds 
========================================================================
Received Import Request.
  Time since last request: 0.000070 seconds.
  path: Assets/MagicArsenal/Effects/Textures/aura_fire.png
  artifactKey: Guid(bf11cf6f6a8a2ee459759197bfa7f57d) Importer(815301076,1909f56bfc062723c751e8b465ee728b)
Start importing Assets/MagicArsenal/Effects/Textures/aura_fire.png using Guid(bf11cf6f6a8a2ee459759197bfa7f57d) Importer(815301076,1909f56bfc062723c751e8b465ee728b)  -> (artifact id: 'c12a32c17fd2493885f03e9aa0066ace') in 0.013880 seconds 
========================================================================
Received Import Request.
  Time since last request: 0.000024 seconds.
  path: Assets/MagicArsenal/Effects/Textures/aura_shadow.png
  artifactKey: Guid(89a941a5b495cc44db013b80364b9d55) Importer(815301076,1909f56bfc062723c751e8b465ee728b)
Start importing Assets/MagicArsenal/Effects/Textures/aura_shadow.png using Guid(89a941a5b495cc44db013b80364b9d55) Importer(815301076,1909f56bfc062723c751e8b465ee728b)  -> (artifact id: 'aec7ddeb58e281a3462ea3b43e786797') in 0.012103 seconds 
========================================================================
Received Import Request.
  Time since last request: 0.000026 seconds.
  path: Assets/MagicArsenal/Effects/Textures/cleave_frost.png
  artifactKey: Guid(1b0721450d02bad48a7c097cc6bdd92b) Importer(815301076,1909f56bfc062723c751e8b465ee728b)
Start importing Assets/MagicArsenal/Effects/Textures/cleave_frost.png using Guid(1b0721450d02bad48a7c097cc6bdd92b) Importer(815301076,1909f56bfc062723c751e8b465ee728b)  -> (artifact id: '2c35aa3c1130f9d12b61ecf84fb52389') in 0.014855 seconds 
========================================================================
Received Import Request.
  Time since last request: 0.000024 seconds.
  path: Assets/MagicArsenal/Effects/Textures/earth_bigrock_clear.png
  artifactKey: Guid(f329a19b494945e4095451ea594dc3ec) Importer(815301076,1909f56bfc062723c751e8b465ee728b)
Start importing Assets/MagicArsenal/Effects/Textures/earth_bigrock_clear.png using Guid(f329a19b494945e4095451ea594dc3ec) Importer(815301076,1909f56bfc062723c751e8b465ee728b)  -> (artifact id: 'a8774785ac38c266d07de72f354267f0') in 0.011655 seconds 
========================================================================
Received Import Request.
  Time since last request: 0.000026 seconds.
  path: Assets/MagicArsenal/Effects/Textures/earth_spray.png
  artifactKey: Guid(ca42af6c7a556244b89bb71f5e7f5276) Importer(815301076,1909f56bfc062723c751e8b465ee728b)
Start importing Assets/MagicArsenal/Effects/Textures/earth_spray.png using Guid(ca42af6c7a556244b89bb71f5e7f5276) Importer(815301076,1909f56bfc062723c751e8b465ee728b)  -> (artifact id: 'fbab68906b3c026dc6c75dbcc2202f6e') in 0.012731 seconds 
========================================================================
Received Import Request.
  Time since last request: 0.000020 seconds.
  path: Assets/MagicArsenal/Effects/Textures/ground_fire.png
  artifactKey: Guid(62f392ea932fe8f46b8a77700069726d) Importer(815301076,1909f56bfc062723c751e8b465ee728b)
Start importing Assets/MagicArsenal/Effects/Textures/ground_fire.png using Guid(62f392ea932fe8f46b8a77700069726d) Importer(815301076,1909f56bfc062723c751e8b465ee728b)  -> (artifact id: '1930d73e2b913648c3b581deb57a37aa') in 0.011576 seconds 
========================================================================
Received Import Request.
  Time since last request: 0.000044 seconds.
  path: Assets/MagicArsenal/Effects/Textures/aura_water.png
  artifactKey: Guid(0b1524679f85f8b449458f1f3330af5a) Importer(815301076,1909f56bfc062723c751e8b465ee728b)
Start importing Assets/MagicArsenal/Effects/Textures/aura_water.png using Guid(0b1524679f85f8b449458f1f3330af5a) Importer(815301076,1909f56bfc062723c751e8b465ee728b)  -> (artifact id: 'a217ef21890b901ccd5257e36b2931f0') in 0.010112 seconds 
========================================================================
Received Import Request.
  Time since last request: 0.000026 seconds.
  path: Assets/MagicArsenal/Effects/Textures/fire_smoke.png
  artifactKey: Guid(4bd275e4ad9668c428c4f816c7bfc338) Importer(815301076,1909f56bfc062723c751e8b465ee728b)
Start importing Assets/MagicArsenal/Effects/Textures/fire_smoke.png using Guid(4bd275e4ad9668c428c4f816c7bfc338) Importer(815301076,1909f56bfc062723c751e8b465ee728b)  -> (artifact id: '7ca4c78f6113c20a87c2af68583057af') in 0.010875 seconds 
========================================================================
Received Import Request.
  Time since last request: 4.661659 seconds.
  path: Assets/MagicArsenal/Effects/Sound/Loops
  artifactKey: Guid(787983e6c947f264d8488014e93f09d8) Importer(815301076,1909f56bfc062723c751e8b465ee728b)
Start importing Assets/MagicArsenal/Effects/Sound/Loops using Guid(787983e6c947f264d8488014e93f09d8) Importer(815301076,1909f56bfc062723c751e8b465ee728b)  -> (artifact id: '9ba03278f1d448bee1aba72884ec9baf') in 0.004973 seconds 
========================================================================
Received Import Request.
  Time since last request: 0.034392 seconds.
  path: Assets/MagicArsenal/Effects/Sound/Loops/arcaneloop.wav
  artifactKey: Guid(83ee4d080dcdaa245b2e4fb753af0c5f) Importer(815301076,1909f56bfc062723c751e8b465ee728b)
Start importing Assets/MagicArsenal/Effects/Sound/Loops/arcaneloop.wav using Guid(83ee4d080dcdaa245b2e4fb753af0c5f) Importer(815301076,1909f56bfc062723c751e8b465ee728b)  -> (artifact id: 'da7f57e4bf06c0b1ae8f59411de95bbe') in 0.052624 seconds 
========================================================================
Received Import Request.
  Time since last request: 0.000027 seconds.
  path: Assets/MagicArsenal/Effects/Sound/Loops/waterloop.wav
  artifactKey: Guid(2d10343cc91e75941b38400937a73b4b) Importer(815301076,1909f56bfc062723c751e8b465ee728b)
Start importing Assets/MagicArsenal/Effects/Sound/Loops/waterloop.wav using Guid(2d10343cc91e75941b38400937a73b4b) Importer(815301076,1909f56bfc062723c751e8b465ee728b)  -> (artifact id: 'a2c5aea91f635757b8470db9f25b90a0') in 0.021514 seconds 
========================================================================
Received Import Request.
  Time since last request: 0.000017 seconds.
  path: Assets/MagicArsenal/Effects/Sound/Loops/windloop.wav
  artifactKey: Guid(b300ba4af5864f44d8803467574c811f) Importer(815301076,1909f56bfc062723c751e8b465ee728b)
Start importing Assets/MagicArsenal/Effects/Sound/Loops/windloop.wav using Guid(b300ba4af5864f44d8803467574c811f) Importer(815301076,1909f56bfc062723c751e8b465ee728b)  -> (artifact id: '46ad6f3e898d4f4b9990aab37be93ec6') in 0.012105 seconds 
========================================================================
Received Import Request.
  Time since last request: 0.000035 seconds.
  path: Assets/MagicArsenal/Effects/Sound/Loops/shadowloop.wav
  artifactKey: Guid(3e745e6fd479c33499fc189d05f624bc) Importer(815301076,1909f56bfc062723c751e8b465ee728b)
Start importing Assets/MagicArsenal/Effects/Sound/Loops/shadowloop.wav using Guid(3e745e6fd479c33499fc189d05f624bc) Importer(815301076,1909f56bfc062723c751e8b465ee728b)  -> (artifact id: '0660fd60fe04b75dda44a98d5bba93bc') in 0.011329 seconds 
========================================================================
Received Prepare
Registering precompiled user dll's ...
Registered in 0.003771 seconds.
Begin MonoManager ReloadAssembly
Symbol file LoadedFromMemory doesn't match image D:\unity\My project (9)\Library\PackageCache\com.unity.visualscripting@1.7.8\Editor\VisualScripting.Core\Dependencies\YamlDotNet\Unity.VisualScripting.YamlDotNet.dll
Symbol file LoadedFromMemory doesn't match image D:\unity\My project (9)\Library\PackageCache\com.unity.visualscripting@1.7.8\Editor\VisualScripting.Core\Dependencies\DotNetZip\Unity.VisualScripting.IonicZip.dll
Native extension for WindowsStandalone target not found
Native extension for Android target not found
Native extension for WebGL target not found
Refreshing native plugins compatible for Editor in 0.67 ms, found 3 plugins.
Preloading 0 native plugins for Editor in 0.00 ms.
Mono: successfully reloaded assembly
- Completed reload, in  0.842 seconds
Domain Reload Profiling:
	ReloadAssembly (842ms)
		BeginReloadAssembly (107ms)
			ExecutionOrderSort (0ms)
			DisableScriptedObjects (3ms)
			BackupInstance (0ms)
			ReleaseScriptingObjects (0ms)
			CreateAndSetChildDomain (39ms)
		EndReloadAssembly (661ms)
			LoadAssemblies (56ms)
			RebuildTransferFunctionScriptingTraits (0ms)
			SetupTypeCache (230ms)
			ReleaseScriptCaches (1ms)
			RebuildScriptCaches (52ms)
			SetupLoadedEditorAssemblies (271ms)
				LogAssemblyErrors (0ms)
				InitializePlatformSupportModulesInManaged (19ms)
				SetLoadedEditorAssemblies (0ms)
				RefreshPlugins (1ms)
				BeforeProcessingInitializeOnLoad (50ms)
				ProcessInitializeOnLoadAttributes (177ms)
				ProcessInitializeOnLoadMethodAttributes (22ms)
				AfterProcessingInitializeOnLoad (2ms)
				EditorAssembliesLoaded (0ms)
			ExecutionOrderSort2 (0ms)
			AwakeInstancesAfterBackupRestoration (5ms)
Platform modules already initialized, skipping
Shader 'IL3DN/Terrain First-Pass': dependency 'BaseMapShader' shader 'ASESampleShaders/SimpleTerrainBase' not found
Refreshing native plugins compatible for Editor in 1.33 ms, found 3 plugins.
Preloading 0 native plugins for Editor in 0.00 ms.
Unloading 3399 Unused Serialized files (Serialized files now loaded: 0)
Unloading 18 unused Assets / (24.7 KB). Loaded Objects now: 3979.
Memory consumption went from 148.4 MB to 148.4 MB.
Total: 2.399400 ms (FindLiveObjects: 0.200900 ms CreateObjectMapping: 0.072700 ms MarkObjects: 2.086400 ms  DeleteObjects: 0.038700 ms)

AssetImportParameters requested are different than current active one (requested -> active):
  custom:video-decoder-ogg-theora: a1e56fd34408186e4bbccfd4996cb3dc -> 
  custom:container-muxer-webm: aa71ff27fc2769a1b78a27578f13a17b -> 
  custom:container-demuxer-webm: 4f35f7cbe854078d1ac9338744f61a02 -> 
  custom:video-encoder-webm-vp8: eb34c28f22e8b96e1ab97ce403110664 -> 
  custom:video-codec-MediaFoundation-h265: 746d11721c4dcdbdad8f713fa42b33f4 -> 
  custom:audio-encoder-webm-vorbis: bf7c407c2cedff20999df2af8eb42d56 -> 
  custom:framework-win-MediaFoundation: 216162199b28c13a410421893ffa2e32 -> 
  custom:container-demuxer-ogg: 62fdf1f143b41e24485cea50d1cbac27 -> 
  custom:video-decoder-webm-vp8: 9c59270c3fd7afecdb556c50c9e8de78 -> 
  custom:audio-decoder-ogg-vorbis: bf7c407c2cedff20999df2af8eb42d56 -> 
========================================================================
Received Prepare
Registering precompiled user dll's ...
Registered in 0.002064 seconds.
Begin MonoManager ReloadAssembly
Symbol file LoadedFromMemory doesn't match image D:\unity\My project (9)\Library\PackageCache\com.unity.visualscripting@1.7.8\Editor\VisualScripting.Core\Dependencies\YamlDotNet\Unity.VisualScripting.YamlDotNet.dll
Symbol file LoadedFromMemory doesn't match image D:\unity\My project (9)\Library\PackageCache\com.unity.visualscripting@1.7.8\Editor\VisualScripting.Core\Dependencies\DotNetZip\Unity.VisualScripting.IonicZip.dll
Native extension for WindowsStandalone target not found
Native extension for Android target not found
Native extension for WebGL target not found
Refreshing native plugins compatible for Editor in 0.72 ms, found 3 plugins.
Preloading 0 native plugins for Editor in 0.00 ms.
Mono: successfully reloaded assembly
- Completed reload, in  0.814 seconds
Domain Reload Profiling:
	ReloadAssembly (815ms)
		BeginReloadAssembly (104ms)
			ExecutionOrderSort (0ms)
			DisableScriptedObjects (5ms)
			BackupInstance (0ms)
			ReleaseScriptingObjects (0ms)
			CreateAndSetChildDomain (35ms)
		EndReloadAssembly (642ms)
			LoadAssemblies (54ms)
			RebuildTransferFunctionScriptingTraits (0ms)
			SetupTypeCache (203ms)
			ReleaseScriptCaches (1ms)
			RebuildScriptCaches (37ms)
			SetupLoadedEditorAssemblies (303ms)
				LogAssemblyErrors (0ms)
				InitializePlatformSupportModulesInManaged (20ms)
				SetLoadedEditorAssemblies (0ms)
				RefreshPlugins (1ms)
				BeforeProcessingInitializeOnLoad (54ms)
				ProcessInitializeOnLoadAttributes (196ms)
				ProcessInitializeOnLoadMethodAttributes (29ms)
				AfterProcessingInitializeOnLoad (2ms)
				EditorAssembliesLoaded (0ms)
			ExecutionOrderSort2 (0ms)
			AwakeInstancesAfterBackupRestoration (6ms)
Platform modules already initialized, skipping
Shader 'IL3DN/Terrain First-Pass': dependency 'BaseMapShader' shader 'ASESampleShaders/SimpleTerrainBase' not found
Refreshing native plugins compatible for Editor in 1.73 ms, found 3 plugins.
Preloading 0 native plugins for Editor in 0.00 ms.
Unloading 3399 Unused Serialized files (Serialized files now loaded: 0)
Unloading 18 unused Assets / (24.7 KB). Loaded Objects now: 3982.
Memory consumption went from 148.4 MB to 148.4 MB.
Total: 3.380100 ms (FindLiveObjects: 0.272500 ms CreateObjectMapping: 0.092400 ms MarkObjects: 2.988300 ms  DeleteObjects: 0.025900 ms)

AssetImportParameters requested are different than current active one (requested -> active):
  custom:video-decoder-ogg-theora: a1e56fd34408186e4bbccfd4996cb3dc -> 
  custom:container-muxer-webm: aa71ff27fc2769a1b78a27578f13a17b -> 
  custom:container-demuxer-webm: 4f35f7cbe854078d1ac9338744f61a02 -> 
  custom:video-encoder-webm-vp8: eb34c28f22e8b96e1ab97ce403110664 -> 
  custom:video-codec-MediaFoundation-h265: 746d11721c4dcdbdad8f713fa42b33f4 -> 
  custom:audio-encoder-webm-vorbis: bf7c407c2cedff20999df2af8eb42d56 -> 
  custom:framework-win-MediaFoundation: 216162199b28c13a410421893ffa2e32 -> 
  custom:container-demuxer-ogg: 62fdf1f143b41e24485cea50d1cbac27 -> 
  custom:video-decoder-webm-vp8: 9c59270c3fd7afecdb556c50c9e8de78 -> 
  custom:audio-decoder-ogg-vorbis: bf7c407c2cedff20999df2af8eb42d56 -> 
========================================================================
Received Prepare
Registering precompiled user dll's ...
Registered in 0.002155 seconds.
Begin MonoManager ReloadAssembly
Symbol file LoadedFromMemory doesn't match image D:\unity\My project (9)\Library\PackageCache\com.unity.visualscripting@1.7.8\Editor\VisualScripting.Core\Dependencies\YamlDotNet\Unity.VisualScripting.YamlDotNet.dll
Symbol file LoadedFromMemory doesn't match image D:\unity\My project (9)\Library\PackageCache\com.unity.visualscripting@1.7.8\Editor\VisualScripting.Core\Dependencies\DotNetZip\Unity.VisualScripting.IonicZip.dll
Native extension for WindowsStandalone target not found
Native extension for Android target not found
Native extension for WebGL target not found
Refreshing native plugins compatible for Editor in 0.65 ms, found 3 plugins.
Preloading 0 native plugins for Editor in 0.00 ms.
Mono: successfully reloaded assembly
- Completed reload, in  0.713 seconds
Domain Reload Profiling:
	ReloadAssembly (714ms)
		BeginReloadAssembly (95ms)
			ExecutionOrderSort (0ms)
			DisableScriptedObjects (4ms)
			BackupInstance (0ms)
			ReleaseScriptingObjects (0ms)
			CreateAndSetChildDomain (27ms)
		EndReloadAssembly (555ms)
			LoadAssemblies (52ms)
			RebuildTransferFunctionScriptingTraits (0ms)
			SetupTypeCache (184ms)
			ReleaseScriptCaches (1ms)
			RebuildScriptCaches (30ms)
			SetupLoadedEditorAssemblies (253ms)
				LogAssemblyErrors (0ms)
				InitializePlatformSupportModulesInManaged (14ms)
				SetLoadedEditorAssemblies (0ms)
				RefreshPlugins (1ms)
				BeforeProcessingInitializeOnLoad (46ms)
				ProcessInitializeOnLoadAttributes (167ms)
				ProcessInitializeOnLoadMethodAttributes (23ms)
				AfterProcessingInitializeOnLoad (1ms)
				EditorAssembliesLoaded (0ms)
			ExecutionOrderSort2 (0ms)
			AwakeInstancesAfterBackupRestoration (5ms)
Platform modules already initialized, skipping
Shader 'IL3DN/Terrain First-Pass': dependency 'BaseMapShader' shader 'ASESampleShaders/SimpleTerrainBase' not found
Refreshing native plugins compatible for Editor in 1.87 ms, found 3 plugins.
Preloading 0 native plugins for Editor in 0.00 ms.
Unloading 3399 Unused Serialized files (Serialized files now loaded: 0)
Unloading 18 unused Assets / (24.7 KB). Loaded Objects now: 3985.
Memory consumption went from 148.3 MB to 148.3 MB.
Total: 3.014300 ms (FindLiveObjects: 0.308000 ms CreateObjectMapping: 0.090300 ms MarkObjects: 2.592900 ms  DeleteObjects: 0.022300 ms)

AssetImportParameters requested are different than current active one (requested -> active):
  custom:video-decoder-ogg-theora: a1e56fd34408186e4bbccfd4996cb3dc -> 
  custom:container-muxer-webm: aa71ff27fc2769a1b78a27578f13a17b -> 
  custom:container-demuxer-webm: 4f35f7cbe854078d1ac9338744f61a02 -> 
  custom:video-encoder-webm-vp8: eb34c28f22e8b96e1ab97ce403110664 -> 
  custom:video-codec-MediaFoundation-h265: 746d11721c4dcdbdad8f713fa42b33f4 -> 
  custom:audio-encoder-webm-vorbis: bf7c407c2cedff20999df2af8eb42d56 -> 
  custom:framework-win-MediaFoundation: 216162199b28c13a410421893ffa2e32 -> 
  custom:container-demuxer-ogg: 62fdf1f143b41e24485cea50d1cbac27 -> 
  custom:video-decoder-webm-vp8: 9c59270c3fd7afecdb556c50c9e8de78 -> 
  custom:audio-decoder-ogg-vorbis: bf7c407c2cedff20999df2af8eb42d56 -> 
========================================================================
Received Prepare
Registering precompiled user dll's ...
Registered in 0.002750 seconds.
Begin MonoManager ReloadAssembly
Symbol file LoadedFromMemory doesn't match image D:\unity\My project (9)\Library\PackageCache\com.unity.visualscripting@1.7.8\Editor\VisualScripting.Core\Dependencies\YamlDotNet\Unity.VisualScripting.YamlDotNet.dll
Symbol file LoadedFromMemory doesn't match image D:\unity\My project (9)\Library\PackageCache\com.unity.visualscripting@1.7.8\Editor\VisualScripting.Core\Dependencies\DotNetZip\Unity.VisualScripting.IonicZip.dll
Native extension for WindowsStandalone target not found
Native extension for Android target not found
Native extension for WebGL target not found
Refreshing native plugins compatible for Editor in 0.64 ms, found 3 plugins.
Preloading 0 native plugins for Editor in 0.00 ms.
Mono: successfully reloaded assembly
- Completed reload, in  0.756 seconds
Domain Reload Profiling:
	ReloadAssembly (757ms)
		BeginReloadAssembly (93ms)
			ExecutionOrderSort (0ms)
			DisableScriptedObjects (4ms)
			BackupInstance (0ms)
			ReleaseScriptingObjects (0ms)
			CreateAndSetChildDomain (27ms)
		EndReloadAssembly (593ms)
			LoadAssemblies (50ms)
			RebuildTransferFunctionScriptingTraits (0ms)
			SetupTypeCache (205ms)
			ReleaseScriptCaches (1ms)
			RebuildScriptCaches (30ms)
			SetupLoadedEditorAssemblies (270ms)
				LogAssemblyErrors (0ms)
				InitializePlatformSupportModulesInManaged (15ms)
				SetLoadedEditorAssemblies (0ms)
				RefreshPlugins (1ms)
				BeforeProcessingInitializeOnLoad (44ms)
				ProcessInitializeOnLoadAttributes (184ms)
				ProcessInitializeOnLoadMethodAttributes (25ms)
				AfterProcessingInitializeOnLoad (2ms)
				EditorAssembliesLoaded (0ms)
			ExecutionOrderSort2 (0ms)
			AwakeInstancesAfterBackupRestoration (5ms)
Platform modules already initialized, skipping
Shader 'IL3DN/Terrain First-Pass': dependency 'BaseMapShader' shader 'ASESampleShaders/SimpleTerrainBase' not found
Refreshing native plugins compatible for Editor in 1.89 ms, found 3 plugins.
Preloading 0 native plugins for Editor in 0.00 ms.
Unloading 3399 Unused Serialized files (Serialized files now loaded: 0)
Unloading 18 unused Assets / (24.8 KB). Loaded Objects now: 3988.
Memory consumption went from 148.4 MB to 148.4 MB.
Total: 3.048500 ms (FindLiveObjects: 0.290100 ms CreateObjectMapping: 0.091300 ms MarkObjects: 2.638600 ms  DeleteObjects: 0.026600 ms)

AssetImportParameters requested are different than current active one (requested -> active):
  custom:video-decoder-ogg-theora: a1e56fd34408186e4bbccfd4996cb3dc -> 
  custom:container-muxer-webm: aa71ff27fc2769a1b78a27578f13a17b -> 
  custom:container-demuxer-webm: 4f35f7cbe854078d1ac9338744f61a02 -> 
  custom:video-encoder-webm-vp8: eb34c28f22e8b96e1ab97ce403110664 -> 
  custom:video-codec-MediaFoundation-h265: 746d11721c4dcdbdad8f713fa42b33f4 -> 
  custom:audio-encoder-webm-vorbis: bf7c407c2cedff20999df2af8eb42d56 -> 
  custom:framework-win-MediaFoundation: 216162199b28c13a410421893ffa2e32 -> 
  custom:container-demuxer-ogg: 62fdf1f143b41e24485cea50d1cbac27 -> 
  custom:video-decoder-webm-vp8: 9c59270c3fd7afecdb556c50c9e8de78 -> 
  custom:audio-decoder-ogg-vorbis: bf7c407c2cedff20999df2af8eb42d56 -> 
