Using pre-set license
Built from '2021.3/staging' branch; Version is '2021.3.10f1 (1c7d0df0160b) revision 1867021'; Using compiler version '192829333'; Build Type 'Release'
OS: 'Windows 11  (10.0.22000) 64bit Core' Language: 'zh' Physical Memory: 32429 MB
BatchMode: 1, IsHumanControllingUs: 0, StartBugReporterOnCrash: 0, Is64bit: 1, IsPro: 1

COMMAND LINE ARGUMENTS:
D:\2021.3.10f1\Editor\Unity.exe
-adb2
-batchMode
-noUpm
-name
AssetImportWorker10
-projectPath
D:/unity/My project (9)
-logFile
Logs/AssetImportWorker10.log
-srvPort
62299
Successfully changed project path to: D:/unity/My project (9)
D:/unity/My project (9)
[UnityMemory] Configuration Parameters - Can be set up in boot.config
    "memorysetup-bucket-allocator-granularity=16"
    "memorysetup-bucket-allocator-bucket-count=8"
    "memorysetup-bucket-allocator-block-size=33554432"
    "memorysetup-bucket-allocator-block-count=8"
    "memorysetup-main-allocator-block-size=16777216"
    "memorysetup-thread-allocator-block-size=16777216"
    "memorysetup-gfx-main-allocator-block-size=16777216"
    "memorysetup-gfx-thread-allocator-block-size=16777216"
    "memorysetup-cache-allocator-block-size=4194304"
    "memorysetup-typetree-allocator-block-size=2097152"
    "memorysetup-profiler-bucket-allocator-granularity=16"
    "memorysetup-profiler-bucket-allocator-bucket-count=8"
    "memorysetup-profiler-bucket-allocator-block-size=33554432"
    "memorysetup-profiler-bucket-allocator-block-count=8"
    "memorysetup-profiler-allocator-block-size=16777216"
    "memorysetup-profiler-editor-allocator-block-size=1048576"
    "memorysetup-temp-allocator-size-main=16777216"
    "memorysetup-job-temp-allocator-block-size=2097152"
    "memorysetup-job-temp-allocator-block-size-background=1048576"
    "memorysetup-job-temp-allocator-reduction-small-platforms=262144"
    "memorysetup-temp-allocator-size-background-worker=32768"
    "memorysetup-temp-allocator-size-job-worker=262144"
    "memorysetup-temp-allocator-size-preload-manager=33554432"
    "memorysetup-temp-allocator-size-nav-mesh-worker=65536"
    "memorysetup-temp-allocator-size-audio-worker=65536"
    "memorysetup-temp-allocator-size-cloud-worker=32768"
    "memorysetup-temp-allocator-size-gi-baking-worker=262144"
    "memorysetup-temp-allocator-size-gfx=262144"
Refreshing native plugins compatible for Editor in 86.51 ms, found 3 plugins.
Preloading 0 native plugins for Editor in 0.00 ms.
Initialize engine version: 2021.3.10f1 (1c7d0df0160b)
[Subsystems] Discovering subsystems at path D:/2021.3.10f1/Editor/Data/Resources/UnitySubsystems
[Subsystems] Discovering subsystems at path D:/unity/My project (9)/Assets
GfxDevice: creating device client; threaded=0; jobified=0
Direct3D:
    Version:  Direct3D 11.0 [level 11.1]
    Renderer: NVIDIA GeForce RTX 3080 Laptop GPU (ID=0x24dc)
    Vendor:   NVIDIA
    VRAM:     16202 MB
    Driver:   31.0.15.1659
Shader 'IL3DN/Terrain First-Pass': dependency 'BaseMapShader' shader 'ASESampleShaders/SimpleTerrainBase' not found
Initialize mono
Mono path[0] = 'D:/2021.3.10f1/Editor/Data/Managed'
Mono path[1] = 'D:/2021.3.10f1/Editor/Data/MonoBleedingEdge/lib/mono/unityjit-win32'
Mono config path = 'D:/2021.3.10f1/Editor/Data/MonoBleedingEdge/etc'
Using monoOptions --debugger-agent=transport=dt_socket,embedding=1,server=y,suspend=n,address=127.0.0.1:56216
Begin MonoManager ReloadAssembly
Registering precompiled unity dll's ...
Register platform support module: D:/2021.3.10f1/Editor/Data/PlaybackEngines/WebGLSupport/UnityEditor.WebGL.Extensions.dll
Register platform support module: D:/2021.3.10f1/Editor/Data/PlaybackEngines/AndroidPlayer/UnityEditor.Android.Extensions.dll
Register platform support module: D:/2021.3.10f1/Editor/Data/PlaybackEngines/WindowsStandaloneSupport/UnityEditor.WindowsStandalone.Extensions.dll
Registered in 0.001219 seconds.
Native extension for WindowsStandalone target not found
Native extension for Android target not found
Native extension for WebGL target not found
Refreshing native plugins compatible for Editor in 67.25 ms, found 3 plugins.
Preloading 0 native plugins for Editor in 0.00 ms.
Mono: successfully reloaded assembly
- Completed reload, in  0.503 seconds
Domain Reload Profiling:
	ReloadAssembly (504ms)
		BeginReloadAssembly (49ms)
			ExecutionOrderSort (0ms)
			DisableScriptedObjects (0ms)
			BackupInstance (0ms)
			ReleaseScriptingObjects (0ms)
			CreateAndSetChildDomain (1ms)
		EndReloadAssembly (379ms)
			LoadAssemblies (49ms)
			RebuildTransferFunctionScriptingTraits (0ms)
			SetupTypeCache (87ms)
			ReleaseScriptCaches (0ms)
			RebuildScriptCaches (29ms)
			SetupLoadedEditorAssemblies (225ms)
				LogAssemblyErrors (0ms)
				InitializePlatformSupportModulesInManaged (45ms)
				SetLoadedEditorAssemblies (0ms)
				RefreshPlugins (67ms)
				BeforeProcessingInitializeOnLoad (1ms)
				ProcessInitializeOnLoadAttributes (78ms)
				ProcessInitializeOnLoadMethodAttributes (33ms)
				AfterProcessingInitializeOnLoad (0ms)
				EditorAssembliesLoaded (0ms)
			ExecutionOrderSort2 (0ms)
			AwakeInstancesAfterBackupRestoration (0ms)
Platform modules already initialized, skipping
Registering precompiled user dll's ...
Registered in 0.002197 seconds.
Begin MonoManager ReloadAssembly
Symbol file LoadedFromMemory doesn't match image D:\unity\My project (9)\Library\PackageCache\com.unity.visualscripting@1.7.8\Editor\VisualScripting.Core\Dependencies\YamlDotNet\Unity.VisualScripting.YamlDotNet.dll
Symbol file LoadedFromMemory doesn't match image D:\unity\My project (9)\Library\PackageCache\com.unity.visualscripting@1.7.8\Editor\VisualScripting.Core\Dependencies\DotNetZip\Unity.VisualScripting.IonicZip.dll
Native extension for WindowsStandalone target not found
Native extension for Android target not found
Native extension for WebGL target not found
Refreshing native plugins compatible for Editor in 0.61 ms, found 3 plugins.
Preloading 0 native plugins for Editor in 0.00 ms.
Mono: successfully reloaded assembly
- Completed reload, in  0.907 seconds
Domain Reload Profiling:
	ReloadAssembly (908ms)
		BeginReloadAssembly (206ms)
			ExecutionOrderSort (0ms)
			DisableScriptedObjects (4ms)
			BackupInstance (0ms)
			ReleaseScriptingObjects (0ms)
			CreateAndSetChildDomain (122ms)
		EndReloadAssembly (619ms)
			LoadAssemblies (55ms)
			RebuildTransferFunctionScriptingTraits (0ms)
			SetupTypeCache (210ms)
			ReleaseScriptCaches (1ms)
			RebuildScriptCaches (45ms)
			SetupLoadedEditorAssemblies (278ms)
				LogAssemblyErrors (0ms)
				InitializePlatformSupportModulesInManaged (11ms)
				SetLoadedEditorAssemblies (0ms)
				RefreshPlugins (1ms)
				BeforeProcessingInitializeOnLoad (60ms)
				ProcessInitializeOnLoadAttributes (184ms)
				ProcessInitializeOnLoadMethodAttributes (21ms)
				AfterProcessingInitializeOnLoad (2ms)
				EditorAssembliesLoaded (0ms)
			ExecutionOrderSort2 (0ms)
			AwakeInstancesAfterBackupRestoration (4ms)
Platform modules already initialized, skipping
========================================================================
Worker process is ready to serve import requests
Shader 'IL3DN/Terrain First-Pass': dependency 'BaseMapShader' shader 'ASESampleShaders/SimpleTerrainBase' not found
Launched and connected shader compiler UnityShaderCompiler.exe after 0.03 seconds
Refreshing native plugins compatible for Editor in 0.86 ms, found 3 plugins.
Preloading 0 native plugins for Editor in 0.00 ms.
Unloading 3427 Unused Serialized files (Serialized files now loaded: 0)
Unloading 25 unused Assets / (59.1 KB). Loaded Objects now: 3913.
Memory consumption went from 144.9 MB to 144.8 MB.
Total: 3.041300 ms (FindLiveObjects: 0.299000 ms CreateObjectMapping: 0.135500 ms MarkObjects: 2.457200 ms  DeleteObjects: 0.147100 ms)

AssetImportParameters requested are different than current active one (requested -> active):
  custom:video-decoder-ogg-theora: a1e56fd34408186e4bbccfd4996cb3dc -> 
  custom:container-muxer-webm: aa71ff27fc2769a1b78a27578f13a17b -> 
  custom:container-demuxer-webm: 4f35f7cbe854078d1ac9338744f61a02 -> 
  custom:video-encoder-webm-vp8: eb34c28f22e8b96e1ab97ce403110664 -> 
  custom:video-codec-MediaFoundation-h265: 746d11721c4dcdbdad8f713fa42b33f4 -> 
  custom:audio-encoder-webm-vorbis: bf7c407c2cedff20999df2af8eb42d56 -> 
  custom:framework-win-MediaFoundation: 216162199b28c13a410421893ffa2e32 -> 
  custom:container-demuxer-ogg: 62fdf1f143b41e24485cea50d1cbac27 -> 
  custom:video-decoder-webm-vp8: 9c59270c3fd7afecdb556c50c9e8de78 -> 
  custom:audio-decoder-ogg-vorbis: bf7c407c2cedff20999df2af8eb42d56 -> 
========================================================================
Received Import Request.
  Time since last request: 95137.165527 seconds.
  path: Assets/MagicArsenal/Effects/Models/mp_plane.FBX
  artifactKey: Guid(cffd22707eee67548aae595eca29342b) Importer(815301076,1909f56bfc062723c751e8b465ee728b)
Start importing Assets/MagicArsenal/Effects/Models/mp_plane.FBX using Guid(cffd22707eee67548aae595eca29342b) Importer(815301076,1909f56bfc062723c751e8b465ee728b)  -> (artifact id: '26ef5e47889a2cf024b2ba842c9a73dd') in 0.141324 seconds 
========================================================================
Received Import Request.
  Time since last request: 7.374025 seconds.
  path: Assets/MagicArsenal/Effects/Materials/cleave_frost.mat
  artifactKey: Guid(96723158895624c4785f6ee445bb715e) Importer(815301076,1909f56bfc062723c751e8b465ee728b)
Start importing Assets/MagicArsenal/Effects/Materials/cleave_frost.mat using Guid(96723158895624c4785f6ee445bb715e) Importer(815301076,1909f56bfc062723c751e8b465ee728b)  -> (artifact id: '713bfdd578cba409e51c8970a5253be5') in 0.029567 seconds 
========================================================================
Received Import Request.
  Time since last request: 0.000020 seconds.
  path: Assets/MagicArsenal/Effects/Materials/GroundLife.mat
  artifactKey: Guid(65e670328bbdabd4a8d8234995dc0e48) Importer(815301076,1909f56bfc062723c751e8b465ee728b)
Start importing Assets/MagicArsenal/Effects/Materials/GroundLife.mat using Guid(65e670328bbdabd4a8d8234995dc0e48) Importer(815301076,1909f56bfc062723c751e8b465ee728b)  -> (artifact id: '2426622fb5de221e0a4a4329a3023244') in 0.011100 seconds 
========================================================================
Received Import Request.
  Time since last request: 0.000026 seconds.
  path: Assets/MagicArsenal/Effects/Materials/magicslash_glow_spritesheet.mat
  artifactKey: Guid(d1a8b20e50417f44098c78bdbb02d4b2) Importer(815301076,1909f56bfc062723c751e8b465ee728b)
Start importing Assets/MagicArsenal/Effects/Materials/magicslash_glow_spritesheet.mat using Guid(d1a8b20e50417f44098c78bdbb02d4b2) Importer(815301076,1909f56bfc062723c751e8b465ee728b)  -> (artifact id: '2cfaa3b1f115dac24ee820584586d722') in 0.028814 seconds 
========================================================================
Received Import Request.
  Time since last request: 0.000020 seconds.
  path: Assets/MagicArsenal/Effects/Materials/ShieldFire01.mat
  artifactKey: Guid(be7f41a6b53e14d49b61b286f874907c) Importer(815301076,1909f56bfc062723c751e8b465ee728b)
Start importing Assets/MagicArsenal/Effects/Materials/ShieldFire01.mat using Guid(be7f41a6b53e14d49b61b286f874907c) Importer(815301076,1909f56bfc062723c751e8b465ee728b)  -> (artifact id: '8e870020698bc4fb601775f3c254508e') in 0.014223 seconds 
========================================================================
Received Import Request.
  Time since last request: 0.000021 seconds.
  path: Assets/MagicArsenal/Effects/Materials/lightningbeam2x2.mat
  artifactKey: Guid(813a8d05920598547843f628f3229f54) Importer(815301076,1909f56bfc062723c751e8b465ee728b)
Start importing Assets/MagicArsenal/Effects/Materials/lightningbeam2x2.mat using Guid(813a8d05920598547843f628f3229f54) Importer(815301076,1909f56bfc062723c751e8b465ee728b)  -> (artifact id: '3d2965768361aebc856adeaca01f9cdd') in 0.013040 seconds 
========================================================================
Received Import Request.
  Time since last request: 0.000028 seconds.
  path: Assets/MagicArsenal/Effects/Materials/GroundEarthDark.mat
  artifactKey: Guid(267cbb77a24030e4da7a7cd5727aa6be) Importer(815301076,1909f56bfc062723c751e8b465ee728b)
Start importing Assets/MagicArsenal/Effects/Materials/GroundEarthDark.mat using Guid(267cbb77a24030e4da7a7cd5727aa6be) Importer(815301076,1909f56bfc062723c751e8b465ee728b)  -> (artifact id: '1756f9ff56e42a0a8fab1e93913e8600') in 0.013876 seconds 
========================================================================
Received Import Request.
  Time since last request: 0.000022 seconds.
  path: Assets/MagicArsenal/Effects/Materials/frostbeam.mat
  artifactKey: Guid(4d1544f55d43c3c46b513cc64b5433c5) Importer(815301076,1909f56bfc062723c751e8b465ee728b)
Start importing Assets/MagicArsenal/Effects/Materials/frostbeam.mat using Guid(4d1544f55d43c3c46b513cc64b5433c5) Importer(815301076,1909f56bfc062723c751e8b465ee728b)  -> (artifact id: 'fa182f99e46edb1d07f630a8b96d6ce7') in 0.013988 seconds 
========================================================================
Received Import Request.
  Time since last request: 0.000020 seconds.
  path: Assets/MagicArsenal/Effects/Materials/ShieldModularSmooth.mat
  artifactKey: Guid(9142b6491e4113a46b3a0ebdb7db07f0) Importer(815301076,1909f56bfc062723c751e8b465ee728b)
Start importing Assets/MagicArsenal/Effects/Materials/ShieldModularSmooth.mat using Guid(9142b6491e4113a46b3a0ebdb7db07f0) Importer(815301076,1909f56bfc062723c751e8b465ee728b)  -> (artifact id: 'd021d0786e90ba2959555e8304b2da73') in 0.013625 seconds 
========================================================================
Received Import Request.
  Time since last request: 0.000029 seconds.
  path: Assets/MagicArsenal/Effects/Materials/ShieldLife.mat
  artifactKey: Guid(df5358bc628291140a3d9737afa44c3d) Importer(815301076,1909f56bfc062723c751e8b465ee728b)
Start importing Assets/MagicArsenal/Effects/Materials/ShieldLife.mat using Guid(df5358bc628291140a3d9737afa44c3d) Importer(815301076,1909f56bfc062723c751e8b465ee728b)  -> (artifact id: 'bb3d4a81b287ed32a5f92d7d14566d0f') in 0.014007 seconds 
========================================================================
Received Import Request.
  Time since last request: 0.000031 seconds.
  path: Assets/MagicArsenal/Effects/Materials/ShieldArcane2.mat
  artifactKey: Guid(02be956f5fd2e6d4db962d532b9416bb) Importer(815301076,1909f56bfc062723c751e8b465ee728b)
Start importing Assets/MagicArsenal/Effects/Materials/ShieldArcane2.mat using Guid(02be956f5fd2e6d4db962d532b9416bb) Importer(815301076,1909f56bfc062723c751e8b465ee728b)  -> (artifact id: '6209da1d5e53ce165c7bec59886194ee') in 0.016029 seconds 
========================================================================
Received Import Request.
  Time since last request: 0.000023 seconds.
  path: Assets/MagicArsenal/Effects/Materials/ShieldFrost.mat
  artifactKey: Guid(e6f3e5235fc3b1d418e22d65d2221161) Importer(815301076,1909f56bfc062723c751e8b465ee728b)
Start importing Assets/MagicArsenal/Effects/Materials/ShieldFrost.mat using Guid(e6f3e5235fc3b1d418e22d65d2221161) Importer(815301076,1909f56bfc062723c751e8b465ee728b)  -> (artifact id: '89c3d1998f4e2c13ca1595283cc23d11') in 0.012120 seconds 
========================================================================
Received Import Request.
  Time since last request: 0.000023 seconds.
  path: Assets/MagicArsenal/Effects/Materials/GroundFire01.mat
  artifactKey: Guid(1e631213522bacc4b8020947338b15ec) Importer(815301076,1909f56bfc062723c751e8b465ee728b)
Start importing Assets/MagicArsenal/Effects/Materials/GroundFire01.mat using Guid(1e631213522bacc4b8020947338b15ec) Importer(815301076,1909f56bfc062723c751e8b465ee728b)  -> (artifact id: '3083af80c251651c82a6175ac316cdf5') in 0.012052 seconds 
========================================================================
Received Import Request.
  Time since last request: 0.000021 seconds.
  path: Assets/MagicArsenal/Effects/Materials/GroundWater.mat
  artifactKey: Guid(0fe9fa4d3f4c60346aa7cabf4b2b1ad0) Importer(815301076,1909f56bfc062723c751e8b465ee728b)
Start importing Assets/MagicArsenal/Effects/Materials/GroundWater.mat using Guid(0fe9fa4d3f4c60346aa7cabf4b2b1ad0) Importer(815301076,1909f56bfc062723c751e8b465ee728b)  -> (artifact id: '2bf3ccfd41fa0d27dc30247707d81583') in 0.011403 seconds 
========================================================================
Received Import Request.
  Time since last request: 0.000023 seconds.
  path: Assets/MagicArsenal/Effects/Materials/GroundArcane.mat
  artifactKey: Guid(477185c24aaadbf49804b8bcc55f5a50) Importer(815301076,1909f56bfc062723c751e8b465ee728b)
Start importing Assets/MagicArsenal/Effects/Materials/GroundArcane.mat using Guid(477185c24aaadbf49804b8bcc55f5a50) Importer(815301076,1909f56bfc062723c751e8b465ee728b)  -> (artifact id: '1e6f268a93bca1acd6e977e621f0077c') in 0.010594 seconds 
========================================================================
Received Import Request.
  Time since last request: 0.000044 seconds.
  path: Assets/MagicArsenal/Effects/Materials/magicslash_afterglow_spritesheet.mat
  artifactKey: Guid(71bdcbf0be60ccf40bfd64e9f3448e0c) Importer(815301076,1909f56bfc062723c751e8b465ee728b)
Start importing Assets/MagicArsenal/Effects/Materials/magicslash_afterglow_spritesheet.mat using Guid(71bdcbf0be60ccf40bfd64e9f3448e0c) Importer(815301076,1909f56bfc062723c751e8b465ee728b)  -> (artifact id: '30604e22f70fcd2d0c4a4714e1ae0438') in 0.012262 seconds 
========================================================================
Received Prepare
Registering precompiled user dll's ...
Registered in 0.002033 seconds.
Begin MonoManager ReloadAssembly
Symbol file LoadedFromMemory doesn't match image D:\unity\My project (9)\Library\PackageCache\com.unity.visualscripting@1.7.8\Editor\VisualScripting.Core\Dependencies\YamlDotNet\Unity.VisualScripting.YamlDotNet.dll
Symbol file LoadedFromMemory doesn't match image D:\unity\My project (9)\Library\PackageCache\com.unity.visualscripting@1.7.8\Editor\VisualScripting.Core\Dependencies\DotNetZip\Unity.VisualScripting.IonicZip.dll
Native extension for WindowsStandalone target not found
Native extension for Android target not found
Native extension for WebGL target not found
Refreshing native plugins compatible for Editor in 0.77 ms, found 3 plugins.
Preloading 0 native plugins for Editor in 0.00 ms.
Mono: successfully reloaded assembly
- Completed reload, in  0.860 seconds
Domain Reload Profiling:
	ReloadAssembly (861ms)
		BeginReloadAssembly (105ms)
			ExecutionOrderSort (0ms)
			DisableScriptedObjects (3ms)
			BackupInstance (0ms)
			ReleaseScriptingObjects (0ms)
			CreateAndSetChildDomain (36ms)
		EndReloadAssembly (677ms)
			LoadAssemblies (63ms)
			RebuildTransferFunctionScriptingTraits (0ms)
			SetupTypeCache (291ms)
			ReleaseScriptCaches (2ms)
			RebuildScriptCaches (35ms)
			SetupLoadedEditorAssemblies (250ms)
				LogAssemblyErrors (0ms)
				InitializePlatformSupportModulesInManaged (19ms)
				SetLoadedEditorAssemblies (0ms)
				RefreshPlugins (1ms)
				BeforeProcessingInitializeOnLoad (52ms)
				ProcessInitializeOnLoadAttributes (155ms)
				ProcessInitializeOnLoadMethodAttributes (22ms)
				AfterProcessingInitializeOnLoad (1ms)
				EditorAssembliesLoaded (0ms)
			ExecutionOrderSort2 (0ms)
			AwakeInstancesAfterBackupRestoration (4ms)
Platform modules already initialized, skipping
Shader 'IL3DN/Terrain First-Pass': dependency 'BaseMapShader' shader 'ASESampleShaders/SimpleTerrainBase' not found
Refreshing native plugins compatible for Editor in 1.94 ms, found 3 plugins.
Preloading 0 native plugins for Editor in 0.00 ms.
Unloading 3399 Unused Serialized files (Serialized files now loaded: 0)
Unloading 24 unused Assets / (24.7 KB). Loaded Objects now: 3956.
Memory consumption went from 148.0 MB to 148.0 MB.
Total: 2.206500 ms (FindLiveObjects: 0.212700 ms CreateObjectMapping: 0.095300 ms MarkObjects: 1.875800 ms  DeleteObjects: 0.022000 ms)

AssetImportParameters requested are different than current active one (requested -> active):
  custom:video-decoder-ogg-theora: a1e56fd34408186e4bbccfd4996cb3dc -> 
  custom:container-muxer-webm: aa71ff27fc2769a1b78a27578f13a17b -> 
  custom:container-demuxer-webm: 4f35f7cbe854078d1ac9338744f61a02 -> 
  custom:video-encoder-webm-vp8: eb34c28f22e8b96e1ab97ce403110664 -> 
  custom:video-codec-MediaFoundation-h265: 746d11721c4dcdbdad8f713fa42b33f4 -> 
  custom:audio-encoder-webm-vorbis: bf7c407c2cedff20999df2af8eb42d56 -> 
  custom:framework-win-MediaFoundation: 216162199b28c13a410421893ffa2e32 -> 
  custom:container-demuxer-ogg: 62fdf1f143b41e24485cea50d1cbac27 -> 
  custom:video-decoder-webm-vp8: 9c59270c3fd7afecdb556c50c9e8de78 -> 
  custom:audio-decoder-ogg-vorbis: bf7c407c2cedff20999df2af8eb42d56 -> 
========================================================================
Received Import Request.
  Time since last request: 14.421916 seconds.
  path: Assets/MagicArsenal/Effects/Icons/Materials/Frost.mat
  artifactKey: Guid(064f47f883c107c42be538404a57bafe) Importer(815301076,1909f56bfc062723c751e8b465ee728b)
Start importing Assets/MagicArsenal/Effects/Icons/Materials/Frost.mat using Guid(064f47f883c107c42be538404a57bafe) Importer(815301076,1909f56bfc062723c751e8b465ee728b)  -> (artifact id: '16bdc061fe9a778b865a34552608b561') in 0.060927 seconds 
========================================================================
Received Import Request.
  Time since last request: 0.000027 seconds.
  path: Assets/MagicArsenal/Effects/Icons/Materials/Shadow.mat
  artifactKey: Guid(262d66c73c8ea3a448c60ab9d2c88d6b) Importer(815301076,1909f56bfc062723c751e8b465ee728b)
Start importing Assets/MagicArsenal/Effects/Icons/Materials/Shadow.mat using Guid(262d66c73c8ea3a448c60ab9d2c88d6b) Importer(815301076,1909f56bfc062723c751e8b465ee728b)  -> (artifact id: '79e0bacfe0a9120382c726a740b24b26') in 0.012460 seconds 
========================================================================
Received Import Request.
  Time since last request: 2.438681 seconds.
  path: Assets/MagicArsenal/Effects/Icons/Textures/frost.png
  artifactKey: Guid(89d6fcf1b6e03be45b794182ea1e0de7) Importer(815301076,1909f56bfc062723c751e8b465ee728b)
Start importing Assets/MagicArsenal/Effects/Icons/Textures/frost.png using Guid(89d6fcf1b6e03be45b794182ea1e0de7) Importer(815301076,1909f56bfc062723c751e8b465ee728b)  -> (artifact id: 'f444b94bf10c145b25623b0f60ac95d5') in 0.018254 seconds 
========================================================================
Received Import Request.
  Time since last request: 0.000029 seconds.
  path: Assets/MagicArsenal/Effects/Icons/Textures/water.png
  artifactKey: Guid(5ecfa50029f1a9e48a93de1ad0cfa578) Importer(815301076,1909f56bfc062723c751e8b465ee728b)
Start importing Assets/MagicArsenal/Effects/Icons/Textures/water.png using Guid(5ecfa50029f1a9e48a93de1ad0cfa578) Importer(815301076,1909f56bfc062723c751e8b465ee728b)  -> (artifact id: 'a41dcdc8177ae3d93dbca36473b4a0ad') in 0.015948 seconds 
========================================================================
Received Import Request.
  Time since last request: 0.000042 seconds.
  path: Assets/MagicArsenal/Effects/Icons/Textures/light.png
  artifactKey: Guid(960db7ff93607b041a7962fe746523ca) Importer(815301076,1909f56bfc062723c751e8b465ee728b)
Start importing Assets/MagicArsenal/Effects/Icons/Textures/light.png using Guid(960db7ff93607b041a7962fe746523ca) Importer(815301076,1909f56bfc062723c751e8b465ee728b)  -> (artifact id: 'afacc2e7995a368465c1350afc756387') in 0.009348 seconds 
========================================================================
Received Import Request.
  Time since last request: 14.683274 seconds.
  path: Assets/MagicArsenal/Effects/Prefabs/Muzzleflash/Normal/FrostMuzzleNormal.prefab
  artifactKey: Guid(e5d376577e02c0049bdbb2457d586eba) Importer(815301076,1909f56bfc062723c751e8b465ee728b)
Start importing Assets/MagicArsenal/Effects/Prefabs/Muzzleflash/Normal/FrostMuzzleNormal.prefab using Guid(e5d376577e02c0049bdbb2457d586eba) Importer(815301076,1909f56bfc062723c751e8b465ee728b)  -> (artifact id: 'b415fefe460ca6354e49becb15342fdc') in 0.024826 seconds 
========================================================================
Received Import Request.
  Time since last request: 0.000016 seconds.
  path: Assets/MagicArsenal/Effects/Prefabs/Muzzleflash/Normal/StormMuzzleNormal.prefab
  artifactKey: Guid(4f01e09274ab093448d46ac4916288cf) Importer(815301076,1909f56bfc062723c751e8b465ee728b)
Start importing Assets/MagicArsenal/Effects/Prefabs/Muzzleflash/Normal/StormMuzzleNormal.prefab using Guid(4f01e09274ab093448d46ac4916288cf) Importer(815301076,1909f56bfc062723c751e8b465ee728b)  -> (artifact id: '7df108cf0e615d94776dfb7f49959d9b') in 0.016717 seconds 
========================================================================
Received Import Request.
  Time since last request: 0.000026 seconds.
  path: Assets/MagicArsenal/Effects/Prefabs/Muzzleflash/Normal/WaterMuzzleNormal.prefab
  artifactKey: Guid(83d536e3587348e4488d6efe25a95894) Importer(815301076,1909f56bfc062723c751e8b465ee728b)
Start importing Assets/MagicArsenal/Effects/Prefabs/Muzzleflash/Normal/WaterMuzzleNormal.prefab using Guid(83d536e3587348e4488d6efe25a95894) Importer(815301076,1909f56bfc062723c751e8b465ee728b)  -> (artifact id: 'b61b615d4393dfa2061c027ecc3a7b7c') in 0.016141 seconds 
========================================================================
Received Import Request.
  Time since last request: 16.017498 seconds.
  path: Assets/MagicArsenal/Effects/Prefabs/Charge/FrostCharge.prefab
  artifactKey: Guid(4016dcb540ea2da469c212ee1f27f43a) Importer(815301076,1909f56bfc062723c751e8b465ee728b)
Start importing Assets/MagicArsenal/Effects/Prefabs/Charge/FrostCharge.prefab using Guid(4016dcb540ea2da469c212ee1f27f43a) Importer(815301076,1909f56bfc062723c751e8b465ee728b)  -> (artifact id: '9735050cba69a2281773c7a5e982d43b') in 0.014969 seconds 
========================================================================
Received Import Request.
  Time since last request: 0.000018 seconds.
  path: Assets/MagicArsenal/Effects/Prefabs/Charge/LifeCharge.prefab
  artifactKey: Guid(3b7d09dab04c5884f8ee529f25a298fe) Importer(815301076,1909f56bfc062723c751e8b465ee728b)
Start importing Assets/MagicArsenal/Effects/Prefabs/Charge/LifeCharge.prefab using Guid(3b7d09dab04c5884f8ee529f25a298fe) Importer(815301076,1909f56bfc062723c751e8b465ee728b)  -> (artifact id: '0c40d6a82bd6bea7a0d140cba528e065') in 0.013768 seconds 
========================================================================
Received Import Request.
  Time since last request: 0.000016 seconds.
  path: Assets/MagicArsenal/Effects/Prefabs/Charge/LightCharge.prefab
  artifactKey: Guid(220a4e71c5c7a7a42a7fd23e246bff14) Importer(815301076,1909f56bfc062723c751e8b465ee728b)
Start importing Assets/MagicArsenal/Effects/Prefabs/Charge/LightCharge.prefab using Guid(220a4e71c5c7a7a42a7fd23e246bff14) Importer(815301076,1909f56bfc062723c751e8b465ee728b)  -> (artifact id: 'cb3bfdfbf3d855b530390e29446b471a') in 0.017571 seconds 
========================================================================
Received Import Request.
  Time since last request: 1.263377 seconds.
  path: Assets/MagicArsenal/Effects/Prefabs/Cleave/FrostCleave.prefab
  artifactKey: Guid(1ac0c12c0c24262419eedd1aad6c59b3) Importer(815301076,1909f56bfc062723c751e8b465ee728b)
Start importing Assets/MagicArsenal/Effects/Prefabs/Cleave/FrostCleave.prefab using Guid(1ac0c12c0c24262419eedd1aad6c59b3) Importer(815301076,1909f56bfc062723c751e8b465ee728b)  -> (artifact id: 'b738fe2daf1021eeabeaaaebb62dcc48') in 0.015432 seconds 
========================================================================
Received Import Request.
  Time since last request: 0.000017 seconds.
  path: Assets/MagicArsenal/Effects/Prefabs/Cleave/LifeCleave.prefab
  artifactKey: Guid(549f01a9010410d4192b042025390d7b) Importer(815301076,1909f56bfc062723c751e8b465ee728b)
Start importing Assets/MagicArsenal/Effects/Prefabs/Cleave/LifeCleave.prefab using Guid(549f01a9010410d4192b042025390d7b) Importer(815301076,1909f56bfc062723c751e8b465ee728b)  -> (artifact id: '3b1d28c7e5572a27241ad2a819f7029f') in 0.019870 seconds 
========================================================================
Received Import Request.
  Time since last request: 0.000045 seconds.
  path: Assets/MagicArsenal/Effects/Prefabs/Cleave/ShadowCleave.prefab
  artifactKey: Guid(a3986e25e8c22164ab6dee4098eee2b5) Importer(815301076,1909f56bfc062723c751e8b465ee728b)
Start importing Assets/MagicArsenal/Effects/Prefabs/Cleave/ShadowCleave.prefab using Guid(a3986e25e8c22164ab6dee4098eee2b5) Importer(815301076,1909f56bfc062723c751e8b465ee728b)  -> (artifact id: 'b6688332086eb9a433e07b6a7f3a884d') in 0.031233 seconds 
========================================================================
Received Import Request.
  Time since last request: 35.571585 seconds.
  path: Assets/MagicArsenal/Effects/Prefabs/Enchant/FrostEnchant.prefab
  artifactKey: Guid(c70cded20eb22b54b85e9004073a5073) Importer(815301076,1909f56bfc062723c751e8b465ee728b)
Start importing Assets/MagicArsenal/Effects/Prefabs/Enchant/FrostEnchant.prefab using Guid(c70cded20eb22b54b85e9004073a5073) Importer(815301076,1909f56bfc062723c751e8b465ee728b)  -> (artifact id: 'c1b348e6baa99bc1eeb878456fbcc654') in 0.024003 seconds 
========================================================================
Received Import Request.
  Time since last request: 0.000016 seconds.
  path: Assets/MagicArsenal/Effects/Prefabs/Enchant/LightningEnchant.prefab
  artifactKey: Guid(3d8e23e737958714c8d34ef2e2e02f89) Importer(815301076,1909f56bfc062723c751e8b465ee728b)
Start importing Assets/MagicArsenal/Effects/Prefabs/Enchant/LightningEnchant.prefab using Guid(3d8e23e737958714c8d34ef2e2e02f89) Importer(815301076,1909f56bfc062723c751e8b465ee728b)  -> (artifact id: '39fde7364fb886111c4ffd54d99fa0ef') in 0.016885 seconds 
========================================================================
Received Import Request.
  Time since last request: 0.000017 seconds.
  path: Assets/MagicArsenal/Effects/Prefabs/Enchant/ShadowEnchant.prefab
  artifactKey: Guid(7431a2dacefbbb44a84e4f8b585a4e0d) Importer(815301076,1909f56bfc062723c751e8b465ee728b)
Start importing Assets/MagicArsenal/Effects/Prefabs/Enchant/ShadowEnchant.prefab using Guid(7431a2dacefbbb44a84e4f8b585a4e0d) Importer(815301076,1909f56bfc062723c751e8b465ee728b)  -> (artifact id: '7f3cd5cf2ec3013b488aa28741e6de7c') in 0.012792 seconds 
========================================================================
Received Import Request.
  Time since last request: 6.785402 seconds.
  path: Assets/MagicArsenal/Effects/Prefabs/MeshGlow/FrostMeshGlow.prefab
  artifactKey: Guid(b5d2c6943dc31e645aecf1502e55eadd) Importer(815301076,1909f56bfc062723c751e8b465ee728b)
Start importing Assets/MagicArsenal/Effects/Prefabs/MeshGlow/FrostMeshGlow.prefab using Guid(b5d2c6943dc31e645aecf1502e55eadd) Importer(815301076,1909f56bfc062723c751e8b465ee728b)  -> (artifact id: '5354a9574808dd6ca1e0f9aee50b5b33') in 0.014830 seconds 
========================================================================
Received Import Request.
  Time since last request: 0.000014 seconds.
  path: Assets/MagicArsenal/Effects/Prefabs/MeshGlow/SphereGlowArcane.prefab
  artifactKey: Guid(8b195ec44a587fa4f8c4522b0c09750f) Importer(815301076,1909f56bfc062723c751e8b465ee728b)
Start importing Assets/MagicArsenal/Effects/Prefabs/MeshGlow/SphereGlowArcane.prefab using Guid(8b195ec44a587fa4f8c4522b0c09750f) Importer(815301076,1909f56bfc062723c751e8b465ee728b)  -> (artifact id: '406bd3a3ca689150d225c16b02a2b2fc') in 0.026042 seconds 
========================================================================
Received Import Request.
  Time since last request: 17.781959 seconds.
  path: Assets/MagicArsenal/Effects/Prefabs/Beams/Beam/Frost Beam.prefab
  artifactKey: Guid(dde30d1733e55b941ada7e3a234bb74c) Importer(815301076,1909f56bfc062723c751e8b465ee728b)
Start importing Assets/MagicArsenal/Effects/Prefabs/Beams/Beam/Frost Beam.prefab using Guid(dde30d1733e55b941ada7e3a234bb74c) Importer(815301076,1909f56bfc062723c751e8b465ee728b)  -> (artifact id: '0d4b16ccb508ee4c94f89eee59a19868') in 0.017221 seconds 
========================================================================
Received Import Request.
  Time since last request: 0.000042 seconds.
  path: Assets/MagicArsenal/Effects/Prefabs/Beams/Beam/Water Beam.prefab
  artifactKey: Guid(cc9af0e16354a3c4aaa2860db34ca4a0) Importer(815301076,1909f56bfc062723c751e8b465ee728b)
Start importing Assets/MagicArsenal/Effects/Prefabs/Beams/Beam/Water Beam.prefab using Guid(cc9af0e16354a3c4aaa2860db34ca4a0) Importer(815301076,1909f56bfc062723c751e8b465ee728b)  -> (artifact id: 'c237c5a349d44863da4bc6dc2ff4de87') in 0.020906 seconds 
========================================================================
Received Import Request.
  Time since last request: 0.000022 seconds.
  path: Assets/MagicArsenal/Effects/Prefabs/Beams/Beam/Storm Beam.prefab
  artifactKey: Guid(d22930b63c5f91049b1539535ad958cd) Importer(815301076,1909f56bfc062723c751e8b465ee728b)
Start importing Assets/MagicArsenal/Effects/Prefabs/Beams/Beam/Storm Beam.prefab using Guid(d22930b63c5f91049b1539535ad958cd) Importer(815301076,1909f56bfc062723c751e8b465ee728b)  -> (artifact id: '2ac6dbfd2c0c5f5c9d31b3effd45139f') in 0.012312 seconds 
========================================================================
Received Prepare
Registering precompiled user dll's ...
Registered in 0.003359 seconds.
Begin MonoManager ReloadAssembly
Symbol file LoadedFromMemory doesn't match image D:\unity\My project (9)\Library\PackageCache\com.unity.visualscripting@1.7.8\Editor\VisualScripting.Core\Dependencies\YamlDotNet\Unity.VisualScripting.YamlDotNet.dll
Symbol file LoadedFromMemory doesn't match image D:\unity\My project (9)\Library\PackageCache\com.unity.visualscripting@1.7.8\Editor\VisualScripting.Core\Dependencies\DotNetZip\Unity.VisualScripting.IonicZip.dll
Native extension for WindowsStandalone target not found
Native extension for Android target not found
Native extension for WebGL target not found
Refreshing native plugins compatible for Editor in 0.69 ms, found 3 plugins.
Preloading 0 native plugins for Editor in 0.00 ms.
Mono: successfully reloaded assembly
- Completed reload, in  0.831 seconds
Domain Reload Profiling:
	ReloadAssembly (832ms)
		BeginReloadAssembly (112ms)
			ExecutionOrderSort (0ms)
			DisableScriptedObjects (3ms)
			BackupInstance (0ms)
			ReleaseScriptingObjects (0ms)
			CreateAndSetChildDomain (36ms)
		EndReloadAssembly (640ms)
			LoadAssemblies (63ms)
			RebuildTransferFunctionScriptingTraits (0ms)
			SetupTypeCache (221ms)
			ReleaseScriptCaches (1ms)
			RebuildScriptCaches (32ms)
			SetupLoadedEditorAssemblies (294ms)
				LogAssemblyErrors (0ms)
				InitializePlatformSupportModulesInManaged (17ms)
				SetLoadedEditorAssemblies (0ms)
				RefreshPlugins (1ms)
				BeforeProcessingInitializeOnLoad (47ms)
				ProcessInitializeOnLoadAttributes (200ms)
				ProcessInitializeOnLoadMethodAttributes (26ms)
				AfterProcessingInitializeOnLoad (2ms)
				EditorAssembliesLoaded (0ms)
			ExecutionOrderSort2 (0ms)
			AwakeInstancesAfterBackupRestoration (6ms)
Platform modules already initialized, skipping
Shader 'IL3DN/Terrain First-Pass': dependency 'BaseMapShader' shader 'ASESampleShaders/SimpleTerrainBase' not found
Refreshing native plugins compatible for Editor in 1.90 ms, found 3 plugins.
Preloading 0 native plugins for Editor in 0.00 ms.
Unloading 3399 Unused Serialized files (Serialized files now loaded: 0)
Unloading 21 unused Assets / (55.3 KB). Loaded Objects now: 3961.
Memory consumption went from 148.1 MB to 148.1 MB.
Total: 3.828900 ms (FindLiveObjects: 0.317100 ms CreateObjectMapping: 0.268900 ms MarkObjects: 3.049400 ms  DeleteObjects: 0.191800 ms)

AssetImportParameters requested are different than current active one (requested -> active):
  custom:video-decoder-ogg-theora: a1e56fd34408186e4bbccfd4996cb3dc -> 
  custom:container-muxer-webm: aa71ff27fc2769a1b78a27578f13a17b -> 
  custom:container-demuxer-webm: 4f35f7cbe854078d1ac9338744f61a02 -> 
  custom:video-encoder-webm-vp8: eb34c28f22e8b96e1ab97ce403110664 -> 
  custom:video-codec-MediaFoundation-h265: 746d11721c4dcdbdad8f713fa42b33f4 -> 
  custom:audio-encoder-webm-vorbis: bf7c407c2cedff20999df2af8eb42d56 -> 
  custom:framework-win-MediaFoundation: 216162199b28c13a410421893ffa2e32 -> 
  custom:container-demuxer-ogg: 62fdf1f143b41e24485cea50d1cbac27 -> 
  custom:video-decoder-webm-vp8: 9c59270c3fd7afecdb556c50c9e8de78 -> 
  custom:audio-decoder-ogg-vorbis: bf7c407c2cedff20999df2af8eb42d56 -> 
========================================================================
Received Prepare
Registering precompiled user dll's ...
Registered in 0.002134 seconds.
Begin MonoManager ReloadAssembly
Symbol file LoadedFromMemory doesn't match image D:\unity\My project (9)\Library\PackageCache\com.unity.visualscripting@1.7.8\Editor\VisualScripting.Core\Dependencies\YamlDotNet\Unity.VisualScripting.YamlDotNet.dll
Symbol file LoadedFromMemory doesn't match image D:\unity\My project (9)\Library\PackageCache\com.unity.visualscripting@1.7.8\Editor\VisualScripting.Core\Dependencies\DotNetZip\Unity.VisualScripting.IonicZip.dll
Native extension for WindowsStandalone target not found
Native extension for Android target not found
Native extension for WebGL target not found
Refreshing native plugins compatible for Editor in 0.84 ms, found 3 plugins.
Preloading 0 native plugins for Editor in 0.00 ms.
Mono: successfully reloaded assembly
- Completed reload, in  0.832 seconds
Domain Reload Profiling:
	ReloadAssembly (833ms)
		BeginReloadAssembly (107ms)
			ExecutionOrderSort (0ms)
			DisableScriptedObjects (6ms)
			BackupInstance (0ms)
			ReleaseScriptingObjects (0ms)
			CreateAndSetChildDomain (34ms)
		EndReloadAssembly (655ms)
			LoadAssemblies (56ms)
			RebuildTransferFunctionScriptingTraits (0ms)
			SetupTypeCache (227ms)
			ReleaseScriptCaches (2ms)
			RebuildScriptCaches (33ms)
			SetupLoadedEditorAssemblies (293ms)
				LogAssemblyErrors (0ms)
				InitializePlatformSupportModulesInManaged (20ms)
				SetLoadedEditorAssemblies (1ms)
				RefreshPlugins (1ms)
				BeforeProcessingInitializeOnLoad (52ms)
				ProcessInitializeOnLoadAttributes (191ms)
				ProcessInitializeOnLoadMethodAttributes (26ms)
				AfterProcessingInitializeOnLoad (2ms)
				EditorAssembliesLoaded (0ms)
			ExecutionOrderSort2 (0ms)
			AwakeInstancesAfterBackupRestoration (6ms)
Platform modules already initialized, skipping
Shader 'IL3DN/Terrain First-Pass': dependency 'BaseMapShader' shader 'ASESampleShaders/SimpleTerrainBase' not found
Refreshing native plugins compatible for Editor in 1.84 ms, found 3 plugins.
Preloading 0 native plugins for Editor in 0.00 ms.
Unloading 3399 Unused Serialized files (Serialized files now loaded: 0)
Unloading 18 unused Assets / (24.7 KB). Loaded Objects now: 3964.
Memory consumption went from 148.1 MB to 148.1 MB.
Total: 2.585200 ms (FindLiveObjects: 0.226600 ms CreateObjectMapping: 0.133100 ms MarkObjects: 2.202100 ms  DeleteObjects: 0.022600 ms)

AssetImportParameters requested are different than current active one (requested -> active):
  custom:video-decoder-ogg-theora: a1e56fd34408186e4bbccfd4996cb3dc -> 
  custom:container-muxer-webm: aa71ff27fc2769a1b78a27578f13a17b -> 
  custom:container-demuxer-webm: 4f35f7cbe854078d1ac9338744f61a02 -> 
  custom:video-encoder-webm-vp8: eb34c28f22e8b96e1ab97ce403110664 -> 
  custom:video-codec-MediaFoundation-h265: 746d11721c4dcdbdad8f713fa42b33f4 -> 
  custom:audio-encoder-webm-vorbis: bf7c407c2cedff20999df2af8eb42d56 -> 
  custom:framework-win-MediaFoundation: 216162199b28c13a410421893ffa2e32 -> 
  custom:container-demuxer-ogg: 62fdf1f143b41e24485cea50d1cbac27 -> 
  custom:video-decoder-webm-vp8: 9c59270c3fd7afecdb556c50c9e8de78 -> 
  custom:audio-decoder-ogg-vorbis: bf7c407c2cedff20999df2af8eb42d56 -> 
========================================================================
Received Import Request.
  Time since last request: 42.774063 seconds.
  path: Assets/MagicArsenal/Effects/Prefabs/Modular/GlowExplosion.prefab
  artifactKey: Guid(29e5068dbc6c9e447af795605c10096f) Importer(815301076,1909f56bfc062723c751e8b465ee728b)
Start importing Assets/MagicArsenal/Effects/Prefabs/Modular/GlowExplosion.prefab using Guid(29e5068dbc6c9e447af795605c10096f) Importer(815301076,1909f56bfc062723c751e8b465ee728b)  -> (artifact id: '2b41ad42ab53a8c181ee8d8dfb0fc85e') in 0.065412 seconds 
========================================================================
Received Import Request.
  Time since last request: 0.000028 seconds.
  path: Assets/MagicArsenal/Effects/Prefabs/Modular/SparklyFade.prefab
  artifactKey: Guid(b7c0eff989ed3a145b6bebe4889d6243) Importer(815301076,1909f56bfc062723c751e8b465ee728b)
Start importing Assets/MagicArsenal/Effects/Prefabs/Modular/SparklyFade.prefab using Guid(b7c0eff989ed3a145b6bebe4889d6243) Importer(815301076,1909f56bfc062723c751e8b465ee728b)  -> (artifact id: '5b517dcbf2be01a8388bfd2fd8d6c13f') in 0.012082 seconds 
========================================================================
Received Import Request.
  Time since last request: 0.000029 seconds.
  path: Assets/MagicArsenal/Effects/Prefabs/Modular/SnowSmoke.prefab
  artifactKey: Guid(166fbb0185b2f314da24abdda997cbe9) Importer(815301076,1909f56bfc062723c751e8b465ee728b)
Start importing Assets/MagicArsenal/Effects/Prefabs/Modular/SnowSmoke.prefab using Guid(166fbb0185b2f314da24abdda997cbe9) Importer(815301076,1909f56bfc062723c751e8b465ee728b)  -> (artifact id: '634d905dc09f26801968c6b77dea06a8') in 0.015057 seconds 
========================================================================
Received Import Request.
  Time since last request: 0.000021 seconds.
  path: Assets/MagicArsenal/Effects/Prefabs/Modular/GoldLightning.prefab
  artifactKey: Guid(cd3606c0ec575a5418dcf8c7bb119926) Importer(815301076,1909f56bfc062723c751e8b465ee728b)
Start importing Assets/MagicArsenal/Effects/Prefabs/Modular/GoldLightning.prefab using Guid(cd3606c0ec575a5418dcf8c7bb119926) Importer(815301076,1909f56bfc062723c751e8b465ee728b)  -> (artifact id: '6d9d02e98a3f5cb0c7533cc1a87b269c') in 0.011297 seconds 
========================================================================
Received Import Request.
  Time since last request: 9.936803 seconds.
  path: Assets/MagicArsenal/Effects/Prefabs/Pillar Blast/FrostPillarBlast.prefab
  artifactKey: Guid(3f4fcc6fc33bb6c4e9f8c7f9b5322581) Importer(815301076,1909f56bfc062723c751e8b465ee728b)
Start importing Assets/MagicArsenal/Effects/Prefabs/Pillar Blast/FrostPillarBlast.prefab using Guid(3f4fcc6fc33bb6c4e9f8c7f9b5322581) Importer(815301076,1909f56bfc062723c751e8b465ee728b)  -> (artifact id: 'b8d6341c715897a041436c2bc6a0b321') in 0.014861 seconds 
========================================================================
Received Import Request.
  Time since last request: 0.000037 seconds.
  path: Assets/MagicArsenal/Effects/Prefabs/Pillar Blast/ShadowPillarBlast.prefab
  artifactKey: Guid(1ededa2e5f5650d48978cca088b4e47b) Importer(815301076,1909f56bfc062723c751e8b465ee728b)
Start importing Assets/MagicArsenal/Effects/Prefabs/Pillar Blast/ShadowPillarBlast.prefab using Guid(1ededa2e5f5650d48978cca088b4e47b) Importer(815301076,1909f56bfc062723c751e8b465ee728b)  -> (artifact id: 'd3f7113e9f1f1e1b8280804d7ca1490d') in 0.024918 seconds 
========================================================================
Received Import Request.
  Time since last request: 6.078013 seconds.
  path: Assets/MagicArsenal/Effects/Prefabs/Slash/FrostSlash.prefab
  artifactKey: Guid(1a149275422f99147b666b345e5aa38e) Importer(815301076,1909f56bfc062723c751e8b465ee728b)
Start importing Assets/MagicArsenal/Effects/Prefabs/Slash/FrostSlash.prefab using Guid(1a149275422f99147b666b345e5aa38e) Importer(815301076,1909f56bfc062723c751e8b465ee728b)  -> (artifact id: '922fef727066f57546ecdffeb19cce2b') in 0.018031 seconds 
========================================================================
Received Import Request.
  Time since last request: 0.000017 seconds.
  path: Assets/MagicArsenal/Effects/Prefabs/Slash/LifeSlash.prefab
  artifactKey: Guid(2d0cd94d059eef845ae29a110a1d0b95) Importer(815301076,1909f56bfc062723c751e8b465ee728b)
Start importing Assets/MagicArsenal/Effects/Prefabs/Slash/LifeSlash.prefab using Guid(2d0cd94d059eef845ae29a110a1d0b95) Importer(815301076,1909f56bfc062723c751e8b465ee728b)  -> (artifact id: 'cf29414a4bf096e02ffadf76c668bafb') in 0.020400 seconds 
========================================================================
Received Import Request.
  Time since last request: 0.000018 seconds.
  path: Assets/MagicArsenal/Effects/Prefabs/Slash/LightSlash.prefab
  artifactKey: Guid(8d9859a5da5e950449d29952e2d12360) Importer(815301076,1909f56bfc062723c751e8b465ee728b)
Start importing Assets/MagicArsenal/Effects/Prefabs/Slash/LightSlash.prefab using Guid(8d9859a5da5e950449d29952e2d12360) Importer(815301076,1909f56bfc062723c751e8b465ee728b)  -> (artifact id: '7f4584508b3dce65f1494002a9d13e49') in 0.026143 seconds 
========================================================================
Received Import Request.
  Time since last request: 5.405905 seconds.
  path: Assets/MagicArsenal/Effects/Prefabs/Walls/Circular Wall/FrostWallCircle.prefab
  artifactKey: Guid(12a0a5be982a0b345b402b19e512ffde) Importer(815301076,1909f56bfc062723c751e8b465ee728b)
Start importing Assets/MagicArsenal/Effects/Prefabs/Walls/Circular Wall/FrostWallCircle.prefab using Guid(12a0a5be982a0b345b402b19e512ffde) Importer(815301076,1909f56bfc062723c751e8b465ee728b)  -> (artifact id: '5ce3f8144564342541674f6a34804e80') in 0.021651 seconds 
========================================================================
Received Import Request.
  Time since last request: 0.000018 seconds.
  path: Assets/MagicArsenal/Effects/Prefabs/Walls/Circular Wall/WaterWallCircle.prefab
  artifactKey: Guid(e4c8210590d6e3f47b5c7265958561b3) Importer(815301076,1909f56bfc062723c751e8b465ee728b)
Start importing Assets/MagicArsenal/Effects/Prefabs/Walls/Circular Wall/WaterWallCircle.prefab using Guid(e4c8210590d6e3f47b5c7265958561b3) Importer(815301076,1909f56bfc062723c751e8b465ee728b)  -> (artifact id: '773db7b434537cbd2266a9e12ef3d15f') in 0.016926 seconds 
========================================================================
Received Import Request.
  Time since last request: 0.000020 seconds.
  path: Assets/MagicArsenal/Effects/Prefabs/Walls/Circular Wall/LightWallCircle.prefab
  artifactKey: Guid(ba7c3dc22466b0243b87bba4d557dcd0) Importer(815301076,1909f56bfc062723c751e8b465ee728b)
Start importing Assets/MagicArsenal/Effects/Prefabs/Walls/Circular Wall/LightWallCircle.prefab using Guid(ba7c3dc22466b0243b87bba4d557dcd0) Importer(815301076,1909f56bfc062723c751e8b465ee728b)  -> (artifact id: '31d189e68c2cf91c5df898e05b958f5e') in 0.015879 seconds 
========================================================================
Received Prepare
Registering precompiled user dll's ...
Registered in 0.001975 seconds.
Begin MonoManager ReloadAssembly
Symbol file LoadedFromMemory doesn't match image D:\unity\My project (9)\Library\PackageCache\com.unity.visualscripting@1.7.8\Editor\VisualScripting.Core\Dependencies\YamlDotNet\Unity.VisualScripting.YamlDotNet.dll
Symbol file LoadedFromMemory doesn't match image D:\unity\My project (9)\Library\PackageCache\com.unity.visualscripting@1.7.8\Editor\VisualScripting.Core\Dependencies\DotNetZip\Unity.VisualScripting.IonicZip.dll
Native extension for WindowsStandalone target not found
Native extension for Android target not found
Native extension for WebGL target not found
Refreshing native plugins compatible for Editor in 0.96 ms, found 3 plugins.
Preloading 0 native plugins for Editor in 0.00 ms.
Mono: successfully reloaded assembly
- Completed reload, in  0.784 seconds
Domain Reload Profiling:
	ReloadAssembly (785ms)
		BeginReloadAssembly (109ms)
			ExecutionOrderSort (0ms)
			DisableScriptedObjects (4ms)
			BackupInstance (0ms)
			ReleaseScriptingObjects (0ms)
			CreateAndSetChildDomain (35ms)
		EndReloadAssembly (604ms)
			LoadAssemblies (62ms)
			RebuildTransferFunctionScriptingTraits (0ms)
			SetupTypeCache (204ms)
			ReleaseScriptCaches (1ms)
			RebuildScriptCaches (30ms)
			SetupLoadedEditorAssemblies (273ms)
				LogAssemblyErrors (0ms)
				InitializePlatformSupportModulesInManaged (14ms)
				SetLoadedEditorAssemblies (0ms)
				RefreshPlugins (1ms)
				BeforeProcessingInitializeOnLoad (41ms)
				ProcessInitializeOnLoadAttributes (191ms)
				ProcessInitializeOnLoadMethodAttributes (23ms)
				AfterProcessingInitializeOnLoad (2ms)
				EditorAssembliesLoaded (0ms)
			ExecutionOrderSort2 (0ms)
			AwakeInstancesAfterBackupRestoration (6ms)
Platform modules already initialized, skipping
Shader 'IL3DN/Terrain First-Pass': dependency 'BaseMapShader' shader 'ASESampleShaders/SimpleTerrainBase' not found
Refreshing native plugins compatible for Editor in 1.71 ms, found 3 plugins.
Preloading 0 native plugins for Editor in 0.00 ms.
Unloading 3399 Unused Serialized files (Serialized files now loaded: 0)
Unloading 18 unused Assets / (24.7 KB). Loaded Objects now: 3967.
Memory consumption went from 148.1 MB to 148.1 MB.
Total: 2.914200 ms (FindLiveObjects: 0.252100 ms CreateObjectMapping: 0.089800 ms MarkObjects: 2.543200 ms  DeleteObjects: 0.028000 ms)

AssetImportParameters requested are different than current active one (requested -> active):
  custom:video-decoder-ogg-theora: a1e56fd34408186e4bbccfd4996cb3dc -> 
  custom:container-muxer-webm: aa71ff27fc2769a1b78a27578f13a17b -> 
  custom:container-demuxer-webm: 4f35f7cbe854078d1ac9338744f61a02 -> 
  custom:video-encoder-webm-vp8: eb34c28f22e8b96e1ab97ce403110664 -> 
  custom:video-codec-MediaFoundation-h265: 746d11721c4dcdbdad8f713fa42b33f4 -> 
  custom:audio-encoder-webm-vorbis: bf7c407c2cedff20999df2af8eb42d56 -> 
  custom:framework-win-MediaFoundation: 216162199b28c13a410421893ffa2e32 -> 
  custom:container-demuxer-ogg: 62fdf1f143b41e24485cea50d1cbac27 -> 
  custom:video-decoder-webm-vp8: 9c59270c3fd7afecdb556c50c9e8de78 -> 
  custom:audio-decoder-ogg-vorbis: bf7c407c2cedff20999df2af8eb42d56 -> 
========================================================================
Received Prepare
Registering precompiled user dll's ...
Registered in 0.001869 seconds.
Begin MonoManager ReloadAssembly
Symbol file LoadedFromMemory doesn't match image D:\unity\My project (9)\Library\PackageCache\com.unity.visualscripting@1.7.8\Editor\VisualScripting.Core\Dependencies\YamlDotNet\Unity.VisualScripting.YamlDotNet.dll
Symbol file LoadedFromMemory doesn't match image D:\unity\My project (9)\Library\PackageCache\com.unity.visualscripting@1.7.8\Editor\VisualScripting.Core\Dependencies\DotNetZip\Unity.VisualScripting.IonicZip.dll
Native extension for WindowsStandalone target not found
Native extension for Android target not found
Native extension for WebGL target not found
Refreshing native plugins compatible for Editor in 0.70 ms, found 3 plugins.
Preloading 0 native plugins for Editor in 0.00 ms.
Mono: successfully reloaded assembly
- Completed reload, in  0.726 seconds
Domain Reload Profiling:
	ReloadAssembly (726ms)
		BeginReloadAssembly (100ms)
			ExecutionOrderSort (0ms)
			DisableScriptedObjects (4ms)
			BackupInstance (0ms)
			ReleaseScriptingObjects (0ms)
			CreateAndSetChildDomain (34ms)
		EndReloadAssembly (560ms)
			LoadAssemblies (52ms)
			RebuildTransferFunctionScriptingTraits (0ms)
			SetupTypeCache (189ms)
			ReleaseScriptCaches (1ms)
			RebuildScriptCaches (31ms)
			SetupLoadedEditorAssemblies (251ms)
				LogAssemblyErrors (0ms)
				InitializePlatformSupportModulesInManaged (15ms)
				SetLoadedEditorAssemblies (0ms)
				RefreshPlugins (1ms)
				BeforeProcessingInitializeOnLoad (43ms)
				ProcessInitializeOnLoadAttributes (168ms)
				ProcessInitializeOnLoadMethodAttributes (22ms)
				AfterProcessingInitializeOnLoad (2ms)
				EditorAssembliesLoaded (0ms)
			ExecutionOrderSort2 (0ms)
			AwakeInstancesAfterBackupRestoration (4ms)
Platform modules already initialized, skipping
Shader 'IL3DN/Terrain First-Pass': dependency 'BaseMapShader' shader 'ASESampleShaders/SimpleTerrainBase' not found
Refreshing native plugins compatible for Editor in 1.69 ms, found 3 plugins.
Preloading 0 native plugins for Editor in 0.00 ms.
Unloading 3399 Unused Serialized files (Serialized files now loaded: 0)
Unloading 18 unused Assets / (24.6 KB). Loaded Objects now: 3970.
Memory consumption went from 148.0 MB to 148.0 MB.
Total: 2.474100 ms (FindLiveObjects: 0.251000 ms CreateObjectMapping: 0.152700 ms MarkObjects: 2.046300 ms  DeleteObjects: 0.023500 ms)

AssetImportParameters requested are different than current active one (requested -> active):
  custom:video-decoder-ogg-theora: a1e56fd34408186e4bbccfd4996cb3dc -> 
  custom:container-muxer-webm: aa71ff27fc2769a1b78a27578f13a17b -> 
  custom:container-demuxer-webm: 4f35f7cbe854078d1ac9338744f61a02 -> 
  custom:video-encoder-webm-vp8: eb34c28f22e8b96e1ab97ce403110664 -> 
  custom:video-codec-MediaFoundation-h265: 746d11721c4dcdbdad8f713fa42b33f4 -> 
  custom:audio-encoder-webm-vorbis: bf7c407c2cedff20999df2af8eb42d56 -> 
  custom:framework-win-MediaFoundation: 216162199b28c13a410421893ffa2e32 -> 
  custom:container-demuxer-ogg: 62fdf1f143b41e24485cea50d1cbac27 -> 
  custom:video-decoder-webm-vp8: 9c59270c3fd7afecdb556c50c9e8de78 -> 
  custom:audio-decoder-ogg-vorbis: bf7c407c2cedff20999df2af8eb42d56 -> 
========================================================================
Received Import Request.
  Time since last request: 164.133371 seconds.
  path: Assets/MagicArsenal/Effects/Prefabs/Sprays/EarthSpray.prefab
  artifactKey: Guid(d3ff761b4627ac2488d09516e46d6fcf) Importer(815301076,1909f56bfc062723c751e8b465ee728b)
Start importing Assets/MagicArsenal/Effects/Prefabs/Sprays/EarthSpray.prefab using Guid(d3ff761b4627ac2488d09516e46d6fcf) Importer(815301076,1909f56bfc062723c751e8b465ee728b)  -> (artifact id: 'b1353af916a50596b13fc349b7dc9c4b') in 0.091562 seconds 
========================================================================
Received Import Request.
  Time since last request: 0.000070 seconds.
  path: Assets/MagicArsenal/Effects/Prefabs/Sprays/ShadowSpray.prefab
  artifactKey: Guid(daae9487101e4b34390b5ba6a948bb66) Importer(815301076,1909f56bfc062723c751e8b465ee728b)
Start importing Assets/MagicArsenal/Effects/Prefabs/Sprays/ShadowSpray.prefab using Guid(daae9487101e4b34390b5ba6a948bb66) Importer(815301076,1909f56bfc062723c751e8b465ee728b)  -> (artifact id: 'daaf678817b863f6a040f4788dd1d30b') in 0.018821 seconds 
========================================================================
Received Import Request.
  Time since last request: 0.000040 seconds.
  path: Assets/MagicArsenal/Effects/Prefabs/Sprays/LightningSpray.prefab
  artifactKey: Guid(f5e2468f940a90d4b8c09c3dbaa19007) Importer(815301076,1909f56bfc062723c751e8b465ee728b)
Start importing Assets/MagicArsenal/Effects/Prefabs/Sprays/LightningSpray.prefab using Guid(f5e2468f940a90d4b8c09c3dbaa19007) Importer(815301076,1909f56bfc062723c751e8b465ee728b)  -> (artifact id: 'af8be721a9bd18fdb8990ed81f1c4ba6') in 0.024517 seconds 
========================================================================
Received Import Request.
  Time since last request: 0.000028 seconds.
  path: Assets/MagicArsenal/Effects/Prefabs/Sprays/StormSpray.prefab
  artifactKey: Guid(7f1b241ecefb2374fbb0e4ead91522e6) Importer(815301076,1909f56bfc062723c751e8b465ee728b)
Start importing Assets/MagicArsenal/Effects/Prefabs/Sprays/StormSpray.prefab using Guid(7f1b241ecefb2374fbb0e4ead91522e6) Importer(815301076,1909f56bfc062723c751e8b465ee728b)  -> (artifact id: 'acbfa60b1bfec41696893f053ac21464') in 0.019346 seconds 
========================================================================
Received Import Request.
  Time since last request: 0.000044 seconds.
  path: Assets/MagicArsenal/Effects/Prefabs/Sprays/FireSpray.prefab
  artifactKey: Guid(0e4c3e38b39f63b418ffcf6ff0ea10fc) Importer(815301076,1909f56bfc062723c751e8b465ee728b)
Start importing Assets/MagicArsenal/Effects/Prefabs/Sprays/FireSpray.prefab using Guid(0e4c3e38b39f63b418ffcf6ff0ea10fc) Importer(815301076,1909f56bfc062723c751e8b465ee728b)  -> (artifact id: '0dcf785a5324a36b4aea4e756f98e459') in 0.016477 seconds 
========================================================================
Received Import Request.
  Time since last request: 22.668264 seconds.
  path: Assets/MagicArsenal/Effects/Prefabs/DamageOverTime/DamageOverTimeFire.prefab
  artifactKey: Guid(7484de48c7f720b449b0afaf518695f1) Importer(815301076,1909f56bfc062723c751e8b465ee728b)
Start importing Assets/MagicArsenal/Effects/Prefabs/DamageOverTime/DamageOverTimeFire.prefab using Guid(7484de48c7f720b449b0afaf518695f1) Importer(815301076,1909f56bfc062723c751e8b465ee728b)  -> (artifact id: 'd2d00b8fcd25eb1a90f97c3b1e77748a') in 0.014534 seconds 
========================================================================
Received Import Request.
  Time since last request: 0.000019 seconds.
  path: Assets/MagicArsenal/Effects/Prefabs/DamageOverTime/DamageOverTimeStorm.prefab
  artifactKey: Guid(414401ea9ab6fc24da96ecfc78f1c786) Importer(815301076,1909f56bfc062723c751e8b465ee728b)
Start importing Assets/MagicArsenal/Effects/Prefabs/DamageOverTime/DamageOverTimeStorm.prefab using Guid(414401ea9ab6fc24da96ecfc78f1c786) Importer(815301076,1909f56bfc062723c751e8b465ee728b)  -> (artifact id: 'f3d6df45d121b1f1170c668a5a665494') in 0.018760 seconds 
========================================================================
Received Import Request.
  Time since last request: 0.000018 seconds.
  path: Assets/MagicArsenal/Effects/Prefabs/DamageOverTime/DamageOverTimeWater.prefab
  artifactKey: Guid(fe20e3dac810aa949a17bc49e33db6e6) Importer(815301076,1909f56bfc062723c751e8b465ee728b)
Start importing Assets/MagicArsenal/Effects/Prefabs/DamageOverTime/DamageOverTimeWater.prefab using Guid(fe20e3dac810aa949a17bc49e33db6e6) Importer(815301076,1909f56bfc062723c751e8b465ee728b)  -> (artifact id: '9ace0430bd7b6d0ddf0a984b1e9a98a1') in 0.024599 seconds 
========================================================================
Received Import Request.
  Time since last request: 0.000029 seconds.
  path: Assets/MagicArsenal/Effects/Prefabs/DamageOverTime/DamageOverTimeShadow.prefab
  artifactKey: Guid(2f31a376e85fc7f4aa0d3b9832076a4b) Importer(815301076,1909f56bfc062723c751e8b465ee728b)
Start importing Assets/MagicArsenal/Effects/Prefabs/DamageOverTime/DamageOverTimeShadow.prefab using Guid(2f31a376e85fc7f4aa0d3b9832076a4b) Importer(815301076,1909f56bfc062723c751e8b465ee728b)  -> (artifact id: 'd2418178739f4c867b6d559ac1baa584') in 0.028411 seconds 
========================================================================
Received Import Request.
  Time since last request: 28.275200 seconds.
  path: Assets/MagicArsenal/Effects/Textures/arcane_spark_offcenter.png
  artifactKey: Guid(5ccd241cba9e188478c5bed9feea9bb1) Importer(815301076,1909f56bfc062723c751e8b465ee728b)
Start importing Assets/MagicArsenal/Effects/Textures/arcane_spark_offcenter.png using Guid(5ccd241cba9e188478c5bed9feea9bb1) Importer(815301076,1909f56bfc062723c751e8b465ee728b)  -> (artifact id: 'ff15603757a478c1501543d70edf7110') in 0.025105 seconds 
========================================================================
Received Import Request.
  Time since last request: 0.000020 seconds.
  path: Assets/MagicArsenal/Effects/Textures/aura04.png
  artifactKey: Guid(b7a93718fb053ff45985c9f9229681d3) Importer(815301076,1909f56bfc062723c751e8b465ee728b)
Start importing Assets/MagicArsenal/Effects/Textures/aura04.png using Guid(b7a93718fb053ff45985c9f9229681d3) Importer(815301076,1909f56bfc062723c751e8b465ee728b)  -> (artifact id: '262334dd5b5cb2cd4aa948f1f640e631') in 0.021678 seconds 
========================================================================
Received Import Request.
  Time since last request: 0.000032 seconds.
  path: Assets/MagicArsenal/Effects/Textures/aura_arcane.png
  artifactKey: Guid(2da2e258b57480f4d966539011ac9532) Importer(815301076,1909f56bfc062723c751e8b465ee728b)
Start importing Assets/MagicArsenal/Effects/Textures/aura_arcane.png using Guid(2da2e258b57480f4d966539011ac9532) Importer(815301076,1909f56bfc062723c751e8b465ee728b)  -> (artifact id: '7046dd53b0613bf97811d8750eb2550c') in 0.012005 seconds 
========================================================================
Received Import Request.
  Time since last request: 0.000032 seconds.
  path: Assets/MagicArsenal/Effects/Textures/aura02.png
  artifactKey: Guid(315bf8c90802c494495b510a507b9e30) Importer(815301076,1909f56bfc062723c751e8b465ee728b)
Start importing Assets/MagicArsenal/Effects/Textures/aura02.png using Guid(315bf8c90802c494495b510a507b9e30) Importer(815301076,1909f56bfc062723c751e8b465ee728b)  -> (artifact id: '61485056f2a384ad07d5de8431618f6b') in 0.014401 seconds 
========================================================================
Received Import Request.
  Time since last request: 0.000023 seconds.
  path: Assets/MagicArsenal/Effects/Textures/cleave_fire.png
  artifactKey: Guid(f8fe44df8d7e09c4185e0369265d3917) Importer(815301076,1909f56bfc062723c751e8b465ee728b)
Start importing Assets/MagicArsenal/Effects/Textures/cleave_fire.png using Guid(f8fe44df8d7e09c4185e0369265d3917) Importer(815301076,1909f56bfc062723c751e8b465ee728b)  -> (artifact id: '74f034f18bf54a2186a6147c0b9e5b36') in 0.013723 seconds 
========================================================================
Received Import Request.
  Time since last request: 0.000020 seconds.
  path: Assets/MagicArsenal/Effects/Textures/fire_star2.png
  artifactKey: Guid(a3b81f33c38144e488f463459bca28d1) Importer(815301076,1909f56bfc062723c751e8b465ee728b)
Start importing Assets/MagicArsenal/Effects/Textures/fire_star2.png using Guid(a3b81f33c38144e488f463459bca28d1) Importer(815301076,1909f56bfc062723c751e8b465ee728b)  -> (artifact id: '0e757744f4ace83d639615377b58a5a4') in 0.011725 seconds 
========================================================================
Received Import Request.
  Time since last request: 0.000031 seconds.
  path: Assets/MagicArsenal/Effects/Textures/aura_frost.png
  artifactKey: Guid(a17533b42a15e3a4693f5efc50fd37ba) Importer(815301076,1909f56bfc062723c751e8b465ee728b)
Start importing Assets/MagicArsenal/Effects/Textures/aura_frost.png using Guid(a17533b42a15e3a4693f5efc50fd37ba) Importer(815301076,1909f56bfc062723c751e8b465ee728b)  -> (artifact id: '8e58444c0e3b5a3ee1580ecc7511d393') in 0.014877 seconds 
========================================================================
Received Import Request.
  Time since last request: 0.000025 seconds.
  path: Assets/MagicArsenal/Effects/Textures/ground_earth.png
  artifactKey: Guid(4394cbf298588dc47b2a5af299a47b4e) Importer(815301076,1909f56bfc062723c751e8b465ee728b)
Start importing Assets/MagicArsenal/Effects/Textures/ground_earth.png using Guid(4394cbf298588dc47b2a5af299a47b4e) Importer(815301076,1909f56bfc062723c751e8b465ee728b)  -> (artifact id: '75394ff43557258ced6fdc282db8656a') in 0.012826 seconds 
========================================================================
Received Import Request.
  Time since last request: 0.000020 seconds.
  path: Assets/MagicArsenal/Effects/Textures/frost_cloud.png
  artifactKey: Guid(0a8a860975bcc4945be9a82edad7ebb3) Importer(815301076,1909f56bfc062723c751e8b465ee728b)
Start importing Assets/MagicArsenal/Effects/Textures/frost_cloud.png using Guid(0a8a860975bcc4945be9a82edad7ebb3) Importer(815301076,1909f56bfc062723c751e8b465ee728b)  -> (artifact id: 'e13fc6f1d84d0e0469c39746dbccf7c6') in 0.013079 seconds 
========================================================================
Received Import Request.
  Time since last request: 0.000040 seconds.
  path: Assets/MagicArsenal/Effects/Textures/aura_light.png
  artifactKey: Guid(f81d952dde31d474da664e64bbcf179f) Importer(815301076,1909f56bfc062723c751e8b465ee728b)
Start importing Assets/MagicArsenal/Effects/Textures/aura_light.png using Guid(f81d952dde31d474da664e64bbcf179f) Importer(815301076,1909f56bfc062723c751e8b465ee728b)  -> (artifact id: '55479e6dedd4e47b301126c2e0bc9ecb') in 0.014987 seconds 
========================================================================
Received Import Request.
  Time since last request: 0.000023 seconds.
  path: Assets/MagicArsenal/Effects/Textures/fire_flame.png
  artifactKey: Guid(eb66493ac5c39e94ab7c4d7a0773dc1f) Importer(815301076,1909f56bfc062723c751e8b465ee728b)
Start importing Assets/MagicArsenal/Effects/Textures/fire_flame.png using Guid(eb66493ac5c39e94ab7c4d7a0773dc1f) Importer(815301076,1909f56bfc062723c751e8b465ee728b)  -> (artifact id: '24aa0c9bcee547f6b8ae1fe61ce1f4ad') in 0.012300 seconds 
========================================================================
Received Import Request.
  Time since last request: 0.000024 seconds.
  path: Assets/MagicArsenal/Effects/Textures/fire_ring.png
  artifactKey: Guid(7203fed567fe20343b5ca1cb3357cd90) Importer(815301076,1909f56bfc062723c751e8b465ee728b)
Start importing Assets/MagicArsenal/Effects/Textures/fire_ring.png using Guid(7203fed567fe20343b5ca1cb3357cd90) Importer(815301076,1909f56bfc062723c751e8b465ee728b)  -> (artifact id: '17e3253962ca69ab6de242fe35c286fd') in 0.010639 seconds 
========================================================================
Received Import Request.
  Time since last request: 0.000020 seconds.
  path: Assets/MagicArsenal/Effects/Textures/arcane_twirl_noise.png
  artifactKey: Guid(e0828ff73d15b244e81c40ef3ace1e9d) Importer(815301076,1909f56bfc062723c751e8b465ee728b)
Start importing Assets/MagicArsenal/Effects/Textures/arcane_twirl_noise.png using Guid(e0828ff73d15b244e81c40ef3ace1e9d) Importer(815301076,1909f56bfc062723c751e8b465ee728b)  -> (artifact id: '9959a9732a3caf03ff0a19cef9f05b4d') in 0.010614 seconds 
========================================================================
Received Import Request.
  Time since last request: 0.000019 seconds.
  path: Assets/MagicArsenal/Effects/Textures/arcane_vertical.png
  artifactKey: Guid(5ea46535538b609499ebb77826b19f6b) Importer(815301076,1909f56bfc062723c751e8b465ee728b)
Start importing Assets/MagicArsenal/Effects/Textures/arcane_vertical.png using Guid(5ea46535538b609499ebb77826b19f6b) Importer(815301076,1909f56bfc062723c751e8b465ee728b)  -> (artifact id: '23baaf579fd98f3ad2c4e28ef1ae097f') in 0.010316 seconds 
========================================================================
Received Import Request.
  Time since last request: 0.000020 seconds.
  path: Assets/MagicArsenal/Effects/Textures/ground_earth03.png
  artifactKey: Guid(9f1fb639c4855a549bcc41cda7f7af92) Importer(815301076,1909f56bfc062723c751e8b465ee728b)
Start importing Assets/MagicArsenal/Effects/Textures/ground_earth03.png using Guid(9f1fb639c4855a549bcc41cda7f7af92) Importer(815301076,1909f56bfc062723c751e8b465ee728b)  -> (artifact id: 'ed8afbf8aa1765bd0079c3f94a5b8407') in 0.011426 seconds 
========================================================================
Received Import Request.
  Time since last request: 4.705298 seconds.
  path: Assets/MagicArsenal/Effects/Sound/Loops/earthloop.wav
  artifactKey: Guid(8ebaac8916ca330499de297670a684cf) Importer(815301076,1909f56bfc062723c751e8b465ee728b)
Start importing Assets/MagicArsenal/Effects/Sound/Loops/earthloop.wav using Guid(8ebaac8916ca330499de297670a684cf) Importer(815301076,1909f56bfc062723c751e8b465ee728b)  -> (artifact id: '70fbd0a6cfc64b133200fc1372a30f2b') in 0.052069 seconds 
========================================================================
Received Import Request.
  Time since last request: 0.000017 seconds.
  path: Assets/MagicArsenal/Effects/Sound/Loops/stormloop.wav
  artifactKey: Guid(0d9e183303a855347ba49f44a00b2519) Importer(815301076,1909f56bfc062723c751e8b465ee728b)
Start importing Assets/MagicArsenal/Effects/Sound/Loops/stormloop.wav using Guid(0d9e183303a855347ba49f44a00b2519) Importer(815301076,1909f56bfc062723c751e8b465ee728b)  -> (artifact id: 'd09428896f58b803cb6e062a6c1c0b6e') in 0.032939 seconds 
========================================================================
Received Import Request.
  Time since last request: 0.000020 seconds.
  path: Assets/MagicArsenal/Effects/Sound/Loops/lightningloop.wav
  artifactKey: Guid(9bf8fa89a91b31d4cac3f8b585f2ed89) Importer(815301076,1909f56bfc062723c751e8b465ee728b)
Start importing Assets/MagicArsenal/Effects/Sound/Loops/lightningloop.wav using Guid(9bf8fa89a91b31d4cac3f8b585f2ed89) Importer(815301076,1909f56bfc062723c751e8b465ee728b)  -> (artifact id: '5e6048f50302fb7546206f16d4d9a61c') in 0.014310 seconds 
========================================================================
Received Prepare
Registering precompiled user dll's ...
Registered in 0.003474 seconds.
Begin MonoManager ReloadAssembly
Symbol file LoadedFromMemory doesn't match image D:\unity\My project (9)\Library\PackageCache\com.unity.visualscripting@1.7.8\Editor\VisualScripting.Core\Dependencies\YamlDotNet\Unity.VisualScripting.YamlDotNet.dll
Symbol file LoadedFromMemory doesn't match image D:\unity\My project (9)\Library\PackageCache\com.unity.visualscripting@1.7.8\Editor\VisualScripting.Core\Dependencies\DotNetZip\Unity.VisualScripting.IonicZip.dll
Native extension for WindowsStandalone target not found
Native extension for Android target not found
Native extension for WebGL target not found
Refreshing native plugins compatible for Editor in 1.00 ms, found 3 plugins.
Preloading 0 native plugins for Editor in 0.00 ms.
Mono: successfully reloaded assembly
- Completed reload, in  0.814 seconds
Domain Reload Profiling:
	ReloadAssembly (815ms)
		BeginReloadAssembly (107ms)
			ExecutionOrderSort (0ms)
			DisableScriptedObjects (3ms)
			BackupInstance (0ms)
			ReleaseScriptingObjects (0ms)
			CreateAndSetChildDomain (35ms)
		EndReloadAssembly (636ms)
			LoadAssemblies (61ms)
			RebuildTransferFunctionScriptingTraits (0ms)
			SetupTypeCache (232ms)
			ReleaseScriptCaches (1ms)
			RebuildScriptCaches (36ms)
			SetupLoadedEditorAssemblies (275ms)
				LogAssemblyErrors (0ms)
				InitializePlatformSupportModulesInManaged (19ms)
				SetLoadedEditorAssemblies (1ms)
				RefreshPlugins (1ms)
				BeforeProcessingInitializeOnLoad (48ms)
				ProcessInitializeOnLoadAttributes (182ms)
				ProcessInitializeOnLoadMethodAttributes (23ms)
				AfterProcessingInitializeOnLoad (2ms)
				EditorAssembliesLoaded (0ms)
			ExecutionOrderSort2 (0ms)
			AwakeInstancesAfterBackupRestoration (4ms)
Platform modules already initialized, skipping
Shader 'IL3DN/Terrain First-Pass': dependency 'BaseMapShader' shader 'ASESampleShaders/SimpleTerrainBase' not found
Refreshing native plugins compatible for Editor in 2.06 ms, found 3 plugins.
Preloading 0 native plugins for Editor in 0.00 ms.
Unloading 3399 Unused Serialized files (Serialized files now loaded: 0)
Unloading 18 unused Assets / (24.6 KB). Loaded Objects now: 3978.
Memory consumption went from 148.3 MB to 148.3 MB.
Total: 2.398000 ms (FindLiveObjects: 0.230100 ms CreateObjectMapping: 0.079200 ms MarkObjects: 2.064300 ms  DeleteObjects: 0.023400 ms)

AssetImportParameters requested are different than current active one (requested -> active):
  custom:video-decoder-ogg-theora: a1e56fd34408186e4bbccfd4996cb3dc -> 
  custom:container-muxer-webm: aa71ff27fc2769a1b78a27578f13a17b -> 
  custom:container-demuxer-webm: 4f35f7cbe854078d1ac9338744f61a02 -> 
  custom:video-encoder-webm-vp8: eb34c28f22e8b96e1ab97ce403110664 -> 
  custom:video-codec-MediaFoundation-h265: 746d11721c4dcdbdad8f713fa42b33f4 -> 
  custom:audio-encoder-webm-vorbis: bf7c407c2cedff20999df2af8eb42d56 -> 
  custom:framework-win-MediaFoundation: 216162199b28c13a410421893ffa2e32 -> 
  custom:container-demuxer-ogg: 62fdf1f143b41e24485cea50d1cbac27 -> 
  custom:video-decoder-webm-vp8: 9c59270c3fd7afecdb556c50c9e8de78 -> 
  custom:audio-decoder-ogg-vorbis: bf7c407c2cedff20999df2af8eb42d56 -> 
========================================================================
Received Prepare
Registering precompiled user dll's ...
Registered in 0.003099 seconds.
Begin MonoManager ReloadAssembly
Symbol file LoadedFromMemory doesn't match image D:\unity\My project (9)\Library\PackageCache\com.unity.visualscripting@1.7.8\Editor\VisualScripting.Core\Dependencies\YamlDotNet\Unity.VisualScripting.YamlDotNet.dll
Symbol file LoadedFromMemory doesn't match image D:\unity\My project (9)\Library\PackageCache\com.unity.visualscripting@1.7.8\Editor\VisualScripting.Core\Dependencies\DotNetZip\Unity.VisualScripting.IonicZip.dll
Native extension for WindowsStandalone target not found
Native extension for Android target not found
Native extension for WebGL target not found
Refreshing native plugins compatible for Editor in 0.72 ms, found 3 plugins.
Preloading 0 native plugins for Editor in 0.00 ms.
Mono: successfully reloaded assembly
- Completed reload, in  0.870 seconds
Domain Reload Profiling:
	ReloadAssembly (870ms)
		BeginReloadAssembly (106ms)
			ExecutionOrderSort (0ms)
			DisableScriptedObjects (7ms)
			BackupInstance (0ms)
			ReleaseScriptingObjects (0ms)
			CreateAndSetChildDomain (31ms)
		EndReloadAssembly (695ms)
			LoadAssemblies (58ms)
			RebuildTransferFunctionScriptingTraits (0ms)
			SetupTypeCache (220ms)
			ReleaseScriptCaches (1ms)
			RebuildScriptCaches (45ms)
			SetupLoadedEditorAssemblies (309ms)
				LogAssemblyErrors (0ms)
				InitializePlatformSupportModulesInManaged (20ms)
				SetLoadedEditorAssemblies (1ms)
				RefreshPlugins (1ms)
				BeforeProcessingInitializeOnLoad (49ms)
				ProcessInitializeOnLoadAttributes (207ms)
				ProcessInitializeOnLoadMethodAttributes (29ms)
				AfterProcessingInitializeOnLoad (2ms)
				EditorAssembliesLoaded (0ms)
			ExecutionOrderSort2 (0ms)
			AwakeInstancesAfterBackupRestoration (6ms)
Platform modules already initialized, skipping
Shader 'IL3DN/Terrain First-Pass': dependency 'BaseMapShader' shader 'ASESampleShaders/SimpleTerrainBase' not found
Refreshing native plugins compatible for Editor in 1.81 ms, found 3 plugins.
Preloading 0 native plugins for Editor in 0.00 ms.
Unloading 3399 Unused Serialized files (Serialized files now loaded: 0)
Unloading 18 unused Assets / (24.7 KB). Loaded Objects now: 3981.
Memory consumption went from 148.3 MB to 148.3 MB.
Total: 2.592200 ms (FindLiveObjects: 0.261700 ms CreateObjectMapping: 0.084500 ms MarkObjects: 2.219400 ms  DeleteObjects: 0.025500 ms)

AssetImportParameters requested are different than current active one (requested -> active):
  custom:video-decoder-ogg-theora: a1e56fd34408186e4bbccfd4996cb3dc -> 
  custom:container-muxer-webm: aa71ff27fc2769a1b78a27578f13a17b -> 
  custom:container-demuxer-webm: 4f35f7cbe854078d1ac9338744f61a02 -> 
  custom:video-encoder-webm-vp8: eb34c28f22e8b96e1ab97ce403110664 -> 
  custom:video-codec-MediaFoundation-h265: 746d11721c4dcdbdad8f713fa42b33f4 -> 
  custom:audio-encoder-webm-vorbis: bf7c407c2cedff20999df2af8eb42d56 -> 
  custom:framework-win-MediaFoundation: 216162199b28c13a410421893ffa2e32 -> 
  custom:container-demuxer-ogg: 62fdf1f143b41e24485cea50d1cbac27 -> 
  custom:video-decoder-webm-vp8: 9c59270c3fd7afecdb556c50c9e8de78 -> 
  custom:audio-decoder-ogg-vorbis: bf7c407c2cedff20999df2af8eb42d56 -> 
Editor requested this worker to shutdown with reason: Scaling down because of idle timeout
AssetImportWorker is now disconnected from the server
Process exiting
Exiting without the bug reporter. Application will terminate with return code 0